[0.011s] Invoking command in '/home/astra/Ti5_controller/build/Ti5_hardware_interface': CMAKE_PREFIX_PATH=${CMAKE_PREFIX_PATH}:/opt/ros/humble /usr/bin/cmake --build /home/astra/Ti5_controller/build/Ti5_hardware_interface -- -j24 -l24
[0.039s] [35m[1mConsolidate compiler generated dependencies of target Ti5_hardware_interface[0m
[0.049s] [ 22%] Built target gmock_main
[0.053s] [ 55%] Built target gmock
[0.054s] [ 66%] [32mBuilding CXX object CMakeFiles/Ti5_hardware_interface.dir/src/hardware.cpp.o[0m
[0.069s] [ 88%] Built target test_hardware
[1.668s] [01m[K/home/astra/Ti5_controller/src/Ti5_hardware_interface/src/hardware.cpp:[m[K In member function ‘[01m[Kvirtual std::vector<hardware_interface::StateInterface> Ti5_hardware_interface::hardware::export_state_interfaces()[m[K’:
[1.668s] [01m[K/home/astra/Ti5_controller/src/Ti5_hardware_interface/src/hardware.cpp:77:5:[m[K [01;31m[Kerror: [m[Kexpected ‘[01m[K;[m[K’ before ‘[01m[Kstate_interfaces[m[K’
[1.668s]    77 |     [01;31m[Kstate_interfaces[m[K.emplace_back(info_.joints[i].name, "position", &joint_data_[i].pos_);
[1.668s]       |     [01;31m[K^~~~~~~~~~~~~~~~[m[K
[1.672s] [01m[K/home/astra/Ti5_controller/src/Ti5_hardware_interface/src/hardware.cpp:[m[K In member function ‘[01m[Kvirtual hardware_interface::return_type Ti5_hardware_interface::hardware::write(const rclcpp::Time&, const rclcpp::Duration&)[m[K’:
[1.672s] [01m[K/home/astra/Ti5_controller/src/Ti5_hardware_interface/src/hardware.cpp:136:17:[m[K [01;31m[Kerror: [m[Ktoo few arguments to function ‘[01m[Kvoid sendCanCommand(uint8_t, uint8_t*, uint8_t*, uint32_t*, int)[m[K’
[1.672s]   136 |   [01;31m[KsendCanCommand()[m[K;
[1.672s]       |   [01;31m[K~~~~~~~~~~~~~~^~[m[K
[1.672s] In file included from [01m[K/home/astra/Ti5_controller/src/Ti5_hardware_interface/include/Ti5_hardware_interface/hardware.hpp:32[m[K,
[1.672s]                  from [01m[K/home/astra/Ti5_controller/src/Ti5_hardware_interface/src/hardware.cpp:18[m[K:
[1.672s] [01m[K/home/astra/Ti5_controller/src/Ti5_hardware_interface/can_control/include/can_hw.h:22:6:[m[K [01;36m[Knote: [m[Kdeclared here
[1.672s]    22 | void [01;36m[KsendCanCommand[m[K(uint8_t numOfActuator, uint8_t *canIdList, uint8_t *commandList, uint32_t *parameterList,int CANInd);
[1.672s]       |      [01;36m[K^~~~~~~~~~~~~~[m[K
[2.424s] gmake[2]: *** [CMakeFiles/Ti5_hardware_interface.dir/build.make:76：CMakeFiles/Ti5_hardware_interface.dir/src/hardware.cpp.o] 错误 1
[2.424s] gmake[1]: *** [CMakeFiles/Makefile2:176：CMakeFiles/Ti5_hardware_interface.dir/all] 错误 2
[2.424s] gmake: *** [Makefile:146：all] 错误 2
[2.425s] Invoked command in '/home/astra/Ti5_controller/build/Ti5_hardware_interface' returned '2': CMAKE_PREFIX_PATH=${CMAKE_PREFIX_PATH}:/opt/ros/humble /usr/bin/cmake --build /home/astra/Ti5_controller/build/Ti5_hardware_interface -- -j24 -l24
