[0.012s] Invoking command in '/home/astra/Ti5_controller/build/Ti5_arms_controller': CMAKE_PREFIX_PATH=${CMAKE_PREFIX_PATH}:/opt/ros/humble /usr/bin/cmake --build /home/astra/Ti5_controller/build/Ti5_arms_controller -- -j24 -l24
[0.029s] -- Found ament_cmake: 1.3.10 (/opt/ros/humble/share/ament_cmake/cmake)
[0.104s] -- Override CMake install command with custom implementation using symlinks instead of copying resources
[0.108s] -- Found generate_parameter_library: 0.3.9 (/opt/ros/humble/share/generate_parameter_library/cmake)
[0.109s] -- Found parameter_traits: 0.3.9 (/opt/ros/humble/share/parameter_traits/cmake)
[0.127s] -- Found rosidl_generator_c: 3.1.5 (/opt/ros/humble/share/rosidl_generator_c/cmake)
[0.129s] -- Found rosidl_adapter: 3.1.5 (/opt/ros/humble/share/rosidl_adapter/cmake)
[0.132s] -- Found rosidl_generator_cpp: 3.1.5 (/opt/ros/humble/share/rosidl_generator_cpp/cmake)
[0.138s] -- Using all available rosidl_typesupport_c: rosidl_typesupport_fastrtps_c;rosidl_typesupport_introspection_c
[0.145s] -- Using all available rosidl_typesupport_cpp: rosidl_typesupport_fastrtps_cpp;rosidl_typesupport_introspection_cpp
[0.165s] -- Found rmw_implementation_cmake: 6.1.2 (/opt/ros/humble/share/rmw_implementation_cmake/cmake)
[0.166s] -- Found rmw_cyclonedds_cpp: 1.3.4 (/opt/ros/humble/share/rmw_cyclonedds_cpp/cmake)
[0.176s] -- Using RMW implementation 'rmw_cyclonedds_cpp' as default
[0.210s] -- Found rclcpp_lifecycle: 16.0.10 (/opt/ros/humble/share/rclcpp_lifecycle/cmake)
[0.220s] -- Found ament_cmake_gmock: 1.3.10 (/opt/ros/humble/share/ament_cmake_gmock/cmake)
[0.220s] -- Found controller_manager: 2.43.1 (/opt/ros/humble/share/controller_manager/cmake)
[0.309s] -- Found ros2_control_test_assets: 2.43.1 (/opt/ros/humble/share/ros2_control_test_assets/cmake)
[0.310s] -- Found std_srvs: 4.2.4 (/opt/ros/humble/share/std_srvs/cmake)
[0.323s] -- Found ament_lint_auto: 0.12.11 (/opt/ros/humble/share/ament_lint_auto/cmake)
[0.356s] WARNING: Package name "Ti5_arms_controller" does not follow the naming conventions. It should start with a lower case letter and only contain lower case letters, digits, underscores, and dashes.
[0.364s] -- Configuring done
[0.378s] -- Generating done
[0.379s] -- Build files have been written to: /home/astra/Ti5_controller/build/Ti5_arms_controller
[0.412s] [ 50%] Built target Ti5_arms_controller_parameters
[0.427s] [35m[1mConsolidate compiler generated dependencies of target Ti5_arms_controller[0m
[0.451s] [ 75%] [32m[1mLinking CXX shared library libTi5_arms_controller.so[0m
[0.556s] [100%] Built target Ti5_arms_controller
[0.564s] Invoked command in '/home/astra/Ti5_controller/build/Ti5_arms_controller' returned '0': CMAKE_PREFIX_PATH=${CMAKE_PREFIX_PATH}:/opt/ros/humble /usr/bin/cmake --build /home/astra/Ti5_controller/build/Ti5_arms_controller -- -j24 -l24
[0.582s] Invoking command in '/home/astra/Ti5_controller/build/Ti5_arms_controller': CMAKE_PREFIX_PATH=${CMAKE_PREFIX_PATH}:/opt/ros/humble /usr/bin/cmake --install /home/astra/Ti5_controller/build/Ti5_arms_controller
[0.588s] -- Install configuration: "RelWithDebInfo"
[0.589s] -- Execute custom install script
[0.589s] -- Symlinking: /home/astra/Ti5_controller/install/Ti5_arms_controller/include/Ti5_arms_controller_parameters/Ti5_arms_controller_parameters.hpp
[0.595s] -- Symlinking: /home/astra/Ti5_controller/install/Ti5_arms_controller/include/Ti5_arms_controller_parameters/validate_Ti5_arms_controller_parameters.hpp
[0.601s] -- Symlinking: /home/astra/Ti5_controller/install/Ti5_arms_controller/share/Ti5_arms_controller//Ti5_arms_controller.xml
[0.606s] -- Symlinking: /home/astra/Ti5_controller/install/Ti5_arms_controller/include/Ti5_arms_controller/Ti5_arms_controller/Ti5_arms_controller.hpp
[0.613s] -- Symlinking: /home/astra/Ti5_controller/install/Ti5_arms_controller/include/Ti5_arms_controller/Ti5_arms_controller/validate_Ti5_arms_controller_parameters.hpp
[0.618s] -- Symlinking: /home/astra/Ti5_controller/install/Ti5_arms_controller/include/Ti5_arms_controller/Ti5_arms_controller/visibility_control.h
[0.624s] -- Symlinking: /home/astra/Ti5_controller/install/Ti5_arms_controller/share/Ti5_arms_controller/environment/library_path.sh
[0.629s] -- Symlinking: /home/astra/Ti5_controller/install/Ti5_arms_controller/share/Ti5_arms_controller/environment/library_path.dsv
[0.634s] -- Symlinking: /home/astra/Ti5_controller/install/Ti5_arms_controller/share/ament_index/resource_index/package_run_dependencies/Ti5_arms_controller
[0.640s] -- Symlinking: /home/astra/Ti5_controller/install/Ti5_arms_controller/share/ament_index/resource_index/parent_prefix_path/Ti5_arms_controller
[0.649s] -- Symlinking: /home/astra/Ti5_controller/install/Ti5_arms_controller/share/Ti5_arms_controller/environment/ament_prefix_path.sh
[0.659s] -- Symlinking: /home/astra/Ti5_controller/install/Ti5_arms_controller/share/Ti5_arms_controller/environment/ament_prefix_path.dsv
[0.670s] -- Symlinking: /home/astra/Ti5_controller/install/Ti5_arms_controller/share/Ti5_arms_controller/environment/path.sh
[0.682s] -- Symlinking: /home/astra/Ti5_controller/install/Ti5_arms_controller/share/Ti5_arms_controller/environment/path.dsv
[0.694s] -- Symlinking: /home/astra/Ti5_controller/install/Ti5_arms_controller/share/Ti5_arms_controller/local_setup.bash
[0.704s] -- Symlinking: /home/astra/Ti5_controller/install/Ti5_arms_controller/share/Ti5_arms_controller/local_setup.sh
[0.716s] -- Symlinking: /home/astra/Ti5_controller/install/Ti5_arms_controller/share/Ti5_arms_controller/local_setup.zsh
[0.726s] -- Symlinking: /home/astra/Ti5_controller/install/Ti5_arms_controller/share/Ti5_arms_controller/local_setup.dsv
[0.739s] -- Symlinking: /home/astra/Ti5_controller/install/Ti5_arms_controller/share/Ti5_arms_controller/package.dsv
[0.747s] -- Symlinking: /home/astra/Ti5_controller/install/Ti5_arms_controller/share/ament_index/resource_index/packages/Ti5_arms_controller
[0.755s] -- Symlinking: /home/astra/Ti5_controller/install/Ti5_arms_controller/share/ament_index/resource_index/controller_interface__pluginlib__plugin/Ti5_arms_controller
[0.767s] -- Symlinking: /home/astra/Ti5_controller/install/Ti5_arms_controller/share/Ti5_arms_controller/cmake/ament_cmake_export_include_directories-extras.cmake
[0.778s] -- Symlinking: /home/astra/Ti5_controller/install/Ti5_arms_controller/share/Ti5_arms_controller/cmake/ament_cmake_export_dependencies-extras.cmake
[0.787s] -- Symlinking: /home/astra/Ti5_controller/install/Ti5_arms_controller/share/Ti5_arms_controller/cmake/ament_cmake_export_libraries-extras.cmake
[0.798s] -- Symlinking: /home/astra/Ti5_controller/install/Ti5_arms_controller/share/Ti5_arms_controller/cmake/Ti5_arms_controllerConfig.cmake
[0.812s] -- Symlinking: /home/astra/Ti5_controller/install/Ti5_arms_controller/share/Ti5_arms_controller/cmake/Ti5_arms_controllerConfig-version.cmake
[0.823s] -- Symlinking: /home/astra/Ti5_controller/install/Ti5_arms_controller/share/Ti5_arms_controller/package.xml
[0.837s] -- Installing: /home/astra/Ti5_controller/install/Ti5_arms_controller/lib/libTi5_arms_controller.so
[0.839s] -- Set runtime path of "/home/astra/Ti5_controller/install/Ti5_arms_controller/lib/libTi5_arms_controller.so" to ""
[0.843s] Invoked command in '/home/astra/Ti5_controller/build/Ti5_arms_controller' returned '0': CMAKE_PREFIX_PATH=${CMAKE_PREFIX_PATH}:/opt/ros/humble /usr/bin/cmake --install /home/astra/Ti5_controller/build/Ti5_arms_controller
