[35m[1mConsolidate compiler generated dependencies of target Ti5_hardware_interface[0m
[ 33%] Built target gmock
[ 55%] Built target gmock_main
[ 66%] [32mBuilding CXX object CMakeFiles/Ti5_hardware_interface.dir/src/hardware.cpp.o[0m
[ 88%] Built target test_hardware
[01m[K/home/astra/Ti5_controller/src/Ti5_hardware_interface/src/hardware.cpp:[m[K In member function ‘[01m[Kvirtual hardware_interface::CallbackReturn Ti5_hardware_interface::hardware::on_init(const hardware_interface::HardwareInfo&)[m[K’:
[01m[K/home/astra/Ti5_controller/src/Ti5_hardware_interface/src/hardware.cpp:39:80:[m[K [01;31m[Kerror: [m[Kno matching function for call to ‘[01m[Krclcpp::Node::create_subscription<std_msgs::msg::Float64MultiArray>(const char [24], int)[m[K’
   39 |   motor_pos_sub_ = [01;31m[Knode_->create_subscription<std_msgs::msg::Float64MultiArray>("data_analysis/motor_pos",1)[m[K;
      |                    [01;31m[K~~~~~~~~~~~~~~~~~~~~~~~~~~~~~~~~~~~~~~~~~~~~~~~~~~~~~~~~~~~~^~~~~~~~~~~~~~~~~~~~~~~~~~~~~[m[K
In file included from [01m[K/opt/ros/humble/include/rclcpp/rclcpp/executors/single_threaded_executor.hpp:28[m[K,
                 from [01m[K/opt/ros/humble/include/rclcpp/rclcpp/executors.hpp:22[m[K,
                 from [01m[K/opt/ros/humble/include/rclcpp/rclcpp/rclcpp.hpp:155[m[K,
                 from [01m[K/home/astra/Ti5_controller/src/Ti5_hardware_interface/include/Ti5_hardware_interface/hardware.hpp:30[m[K,
                 from [01m[K/home/astra/Ti5_controller/src/Ti5_hardware_interface/src/hardware.cpp:18[m[K:
[01m[K/opt/ros/humble/include/rclcpp/rclcpp/node.hpp:219:3:[m[K [01;36m[Knote: [m[Kcandidate: ‘[01m[Ktemplate<class MessageT, class CallbackT, class AllocatorT, class SubscriptionT, class MessageMemoryStrategyT> std::shared_ptr<ROSMessageT> rclcpp::Node::create_subscription(const string&, const rclcpp::QoS&, CallbackT&&, const rclcpp::SubscriptionOptionsWithAllocator<AllocatorT>&, typename MessageMemoryStrategyT::SharedPtr)[m[K’
  219 |   [01;36m[Kcreate_subscription[m[K(
      |   [01;36m[K^~~~~~~~~~~~~~~~~~~[m[K
[01m[K/opt/ros/humble/include/rclcpp/rclcpp/node.hpp:219:3:[m[K [01;36m[Knote: [m[K  template argument deduction/substitution failed:
[01m[K/home/astra/Ti5_controller/src/Ti5_hardware_interface/src/hardware.cpp:39:80:[m[K [01;36m[Knote: [m[K  candidate expects 5 arguments, 2 provided
   39 |   motor_pos_sub_ = [01;36m[Knode_->create_subscription<std_msgs::msg::Float64MultiArray>("data_analysis/motor_pos",1)[m[K;
      |                    [01;36m[K~~~~~~~~~~~~~~~~~~~~~~~~~~~~~~~~~~~~~~~~~~~~~~~~~~~~~~~~~~~~^~~~~~~~~~~~~~~~~~~~~~~~~~~~~[m[K
[01m[K/home/astra/Ti5_controller/src/Ti5_hardware_interface/src/hardware.cpp:40:80:[m[K [01;31m[Kerror: [m[Kno matching function for call to ‘[01m[Krclcpp::Node::create_subscription<std_msgs::msg::Float64MultiArray>(const char [24], int)[m[K’
   40 |   motor_vel_sub_ = [01;31m[Knode_->create_subscription<std_msgs::msg::Float64MultiArray>("data_analysis/motor_vel",1)[m[K;
      |                    [01;31m[K~~~~~~~~~~~~~~~~~~~~~~~~~~~~~~~~~~~~~~~~~~~~~~~~~~~~~~~~~~~~^~~~~~~~~~~~~~~~~~~~~~~~~~~~~[m[K
In file included from [01m[K/opt/ros/humble/include/rclcpp/rclcpp/executors/single_threaded_executor.hpp:28[m[K,
                 from [01m[K/opt/ros/humble/include/rclcpp/rclcpp/executors.hpp:22[m[K,
                 from [01m[K/opt/ros/humble/include/rclcpp/rclcpp/rclcpp.hpp:155[m[K,
                 from [01m[K/home/astra/Ti5_controller/src/Ti5_hardware_interface/include/Ti5_hardware_interface/hardware.hpp:30[m[K,
                 from [01m[K/home/astra/Ti5_controller/src/Ti5_hardware_interface/src/hardware.cpp:18[m[K:
[01m[K/opt/ros/humble/include/rclcpp/rclcpp/node.hpp:219:3:[m[K [01;36m[Knote: [m[Kcandidate: ‘[01m[Ktemplate<class MessageT, class CallbackT, class AllocatorT, class SubscriptionT, class MessageMemoryStrategyT> std::shared_ptr<ROSMessageT> rclcpp::Node::create_subscription(const string&, const rclcpp::QoS&, CallbackT&&, const rclcpp::SubscriptionOptionsWithAllocator<AllocatorT>&, typename MessageMemoryStrategyT::SharedPtr)[m[K’
  219 |   [01;36m[Kcreate_subscription[m[K(
      |   [01;36m[K^~~~~~~~~~~~~~~~~~~[m[K
[01m[K/opt/ros/humble/include/rclcpp/rclcpp/node.hpp:219:3:[m[K [01;36m[Knote: [m[K  template argument deduction/substitution failed:
[01m[K/home/astra/Ti5_controller/src/Ti5_hardware_interface/src/hardware.cpp:40:80:[m[K [01;36m[Knote: [m[K  candidate expects 5 arguments, 2 provided
   40 |   motor_vel_sub_ = [01;36m[Knode_->create_subscription<std_msgs::msg::Float64MultiArray>("data_analysis/motor_vel",1)[m[K;
      |                    [01;36m[K~~~~~~~~~~~~~~~~~~~~~~~~~~~~~~~~~~~~~~~~~~~~~~~~~~~~~~~~~~~~^~~~~~~~~~~~~~~~~~~~~~~~~~~~~[m[K
[01m[K/home/astra/Ti5_controller/src/Ti5_hardware_interface/src/hardware.cpp:41:83:[m[K [01;31m[Kerror: [m[Kno matching function for call to ‘[01m[Krclcpp::Node::create_subscription<std_msgs::msg::Float64MultiArray>(const char [27], int)[m[K’
   41 |   motor_torque_sub_ = [01;31m[Knode_->create_subscription<std_msgs::msg::Float64MultiArray>("data_analysis/motor_torque",1)[m[K;
      |                       [01;31m[K~~~~~~~~~~~~~~~~~~~~~~~~~~~~~~~~~~~~~~~~~~~~~~~~~~~~~~~~~~~~^~~~~~~~~~~~~~~~~~~~~~~~~~~~~~~~[m[K
In file included from [01m[K/opt/ros/humble/include/rclcpp/rclcpp/executors/single_threaded_executor.hpp:28[m[K,
                 from [01m[K/opt/ros/humble/include/rclcpp/rclcpp/executors.hpp:22[m[K,
                 from [01m[K/opt/ros/humble/include/rclcpp/rclcpp/rclcpp.hpp:155[m[K,
                 from [01m[K/home/astra/Ti5_controller/src/Ti5_hardware_interface/include/Ti5_hardware_interface/hardware.hpp:30[m[K,
                 from [01m[K/home/astra/Ti5_controller/src/Ti5_hardware_interface/src/hardware.cpp:18[m[K:
[01m[K/opt/ros/humble/include/rclcpp/rclcpp/node.hpp:219:3:[m[K [01;36m[Knote: [m[Kcandidate: ‘[01m[Ktemplate<class MessageT, class CallbackT, class AllocatorT, class SubscriptionT, class MessageMemoryStrategyT> std::shared_ptr<ROSMessageT> rclcpp::Node::create_subscription(const string&, const rclcpp::QoS&, CallbackT&&, const rclcpp::SubscriptionOptionsWithAllocator<AllocatorT>&, typename MessageMemoryStrategyT::SharedPtr)[m[K’
  219 |   [01;36m[Kcreate_subscription[m[K(
      |   [01;36m[K^~~~~~~~~~~~~~~~~~~[m[K
[01m[K/opt/ros/humble/include/rclcpp/rclcpp/node.hpp:219:3:[m[K [01;36m[Knote: [m[K  template argument deduction/substitution failed:
[01m[K/home/astra/Ti5_controller/src/Ti5_hardware_interface/src/hardware.cpp:41:83:[m[K [01;36m[Knote: [m[K  candidate expects 5 arguments, 2 provided
   41 |   motor_torque_sub_ = [01;36m[Knode_->create_subscription<std_msgs::msg::Float64MultiArray>("data_analysis/motor_torque",1)[m[K;
      |                       [01;36m[K~~~~~~~~~~~~~~~~~~~~~~~~~~~~~~~~~~~~~~~~~~~~~~~~~~~~~~~~~~~~^~~~~~~~~~~~~~~~~~~~~~~~~~~~~~~~[m[K
[01m[K/home/astra/Ti5_controller/src/Ti5_hardware_interface/src/hardware.cpp:[m[K In member function ‘[01m[Kvirtual std::vector<hardware_interface::StateInterface> Ti5_hardware_interface::hardware::export_state_interfaces()[m[K’:
[01m[K/home/astra/Ti5_controller/src/Ti5_hardware_interface/src/hardware.cpp:77:5:[m[K [01;31m[Kerror: [m[Kexpected ‘[01m[K;[m[K’ before ‘[01m[Kstate_interfaces[m[K’
   77 |     [01;31m[Kstate_interfaces[m[K.emplace_back(info_.joints[i].name, "position", &joint_data_[i].pos_);
      |     [01;31m[K^~~~~~~~~~~~~~~~[m[K
[01m[K/home/astra/Ti5_controller/src/Ti5_hardware_interface/src/hardware.cpp:[m[K In member function ‘[01m[Kvirtual hardware_interface::return_type Ti5_hardware_interface::hardware::write(const rclcpp::Time&, const rclcpp::Duration&)[m[K’:
[01m[K/home/astra/Ti5_controller/src/Ti5_hardware_interface/src/hardware.cpp:136:17:[m[K [01;31m[Kerror: [m[Ktoo few arguments to function ‘[01m[Kvoid sendCanCommand(uint8_t, uint8_t*, uint8_t*, uint32_t*, int)[m[K’
  136 |   [01;31m[KsendCanCommand()[m[K;
      |   [01;31m[K~~~~~~~~~~~~~~^~[m[K
In file included from [01m[K/home/astra/Ti5_controller/src/Ti5_hardware_interface/include/Ti5_hardware_interface/hardware.hpp:32[m[K,
                 from [01m[K/home/astra/Ti5_controller/src/Ti5_hardware_interface/src/hardware.cpp:18[m[K:
[01m[K/home/astra/Ti5_controller/src/Ti5_hardware_interface/can_control/include/can_hw.h:22:6:[m[K [01;36m[Knote: [m[Kdeclared here
   22 | void [01;36m[KsendCanCommand[m[K(uint8_t numOfActuator, uint8_t *canIdList, uint8_t *commandList, uint32_t *parameterList,int CANInd);
      |      [01;36m[K^~~~~~~~~~~~~~[m[K
gmake[2]: *** [CMakeFiles/Ti5_hardware_interface.dir/build.make:76：CMakeFiles/Ti5_hardware_interface.dir/src/hardware.cpp.o] 错误 1
gmake[1]: *** [CMakeFiles/Makefile2:176：CMakeFiles/Ti5_hardware_interface.dir/all] 错误 2
gmake: *** [Makefile:146：all] 错误 2
