[0.068s] DEBUG:colcon:Command line arguments: ['/usr/bin/colcon', 'build']
[0.068s] DEBUG:colcon:Parsed command line arguments: Namespace(log_base=None, log_level=None, verb_name='build', build_base='build', install_base='install', merge_install=False, symlink_install=False, test_result_base=None, continue_on_error=False, executor='parallel', parallel_workers=24, event_handlers=None, ignore_user_meta=False, metas=['./colcon.meta'], base_paths=['.'], packages_ignore=None, packages_ignore_regex=None, paths=None, packages_up_to=None, packages_up_to_regex=None, packages_above=None, packages_above_and_dependencies=None, packages_above_depth=None, packages_select_by_dep=None, packages_skip_by_dep=None, packages_skip_up_to=None, packages_select_build_failed=False, packages_skip_build_finished=False, packages_select_test_failures=False, packages_skip_test_passed=False, packages_select=None, packages_skip=None, packages_select_regex=None, packages_skip_regex=None, packages_start=None, packages_end=None, allow_overriding=[], cmake_args=None, cmake_target=None, cmake_target_skip_unavailable=False, cmake_clean_cache=False, cmake_clean_first=False, cmake_force_configure=False, ament_cmake_args=None, catkin_cmake_args=None, catkin_skip_building_tests=False, mixin_files=None, mixin=None, verb_parser=<colcon_mixin.mixin.mixin_argument.MixinArgumentDecorator object at 0x7794330358d0>, verb_extension=<colcon_core.verb.build.BuildVerb object at 0x7794330353f0>, main=<bound method BuildVerb.main of <colcon_core.verb.build.BuildVerb object at 0x7794330353f0>>, mixin_verb=('build',))
[0.156s] Level 1:colcon.colcon_core.package_discovery:discover_packages(colcon_meta) check parameters
[0.156s] Level 1:colcon.colcon_core.package_discovery:discover_packages(recursive) check parameters
[0.156s] Level 1:colcon.colcon_core.package_discovery:discover_packages(ignore) check parameters
[0.156s] Level 1:colcon.colcon_core.package_discovery:discover_packages(path) check parameters
[0.156s] Level 1:colcon.colcon_core.package_discovery:discover_packages(colcon_meta) discover
[0.156s] Level 1:colcon.colcon_core.package_discovery:discover_packages(recursive) discover
[0.156s] INFO:colcon.colcon_core.package_discovery:Crawling recursively for packages in '/home/astra/Ti5_controller'
[0.156s] Level 1:colcon.colcon_core.package_identification:_identify(.) by extensions ['ignore', 'ignore_ament_install']
[0.156s] Level 1:colcon.colcon_core.package_identification:_identify(.) by extension 'ignore'
[0.156s] Level 1:colcon.colcon_core.package_identification:_identify(.) by extension 'ignore_ament_install'
[0.156s] Level 1:colcon.colcon_core.package_identification:_identify(.) by extensions ['colcon_pkg']
[0.156s] Level 1:colcon.colcon_core.package_identification:_identify(.) by extension 'colcon_pkg'
[0.157s] Level 1:colcon.colcon_core.package_identification:_identify(.) by extensions ['colcon_meta']
[0.157s] Level 1:colcon.colcon_core.package_identification:_identify(.) by extension 'colcon_meta'
[0.157s] Level 1:colcon.colcon_core.package_identification:_identify(.) by extensions ['ros']
[0.157s] Level 1:colcon.colcon_core.package_identification:_identify(.) by extension 'ros'
[0.163s] Level 1:colcon.colcon_core.package_identification:_identify(.) by extensions ['cmake', 'python']
[0.163s] Level 1:colcon.colcon_core.package_identification:_identify(.) by extension 'cmake'
[0.164s] Level 1:colcon.colcon_core.package_identification:_identify(.) by extension 'python'
[0.164s] Level 1:colcon.colcon_core.package_identification:_identify(.) by extensions ['python_setup_py']
[0.164s] Level 1:colcon.colcon_core.package_identification:_identify(.) by extension 'python_setup_py'
[0.164s] Level 1:colcon.colcon_core.package_identification:_identify(build) by extensions ['ignore', 'ignore_ament_install']
[0.164s] Level 1:colcon.colcon_core.package_identification:_identify(build) by extension 'ignore'
[0.164s] Level 1:colcon.colcon_core.package_identification:_identify(build) ignored
[0.164s] Level 1:colcon.colcon_core.package_identification:_identify(install) by extensions ['ignore', 'ignore_ament_install']
[0.164s] Level 1:colcon.colcon_core.package_identification:_identify(install) by extension 'ignore'
[0.164s] Level 1:colcon.colcon_core.package_identification:_identify(install) ignored
[0.164s] Level 1:colcon.colcon_core.package_identification:_identify(log) by extensions ['ignore', 'ignore_ament_install']
[0.164s] Level 1:colcon.colcon_core.package_identification:_identify(log) by extension 'ignore'
[0.164s] Level 1:colcon.colcon_core.package_identification:_identify(log) ignored
[0.164s] Level 1:colcon.colcon_core.package_identification:_identify(src) by extensions ['ignore', 'ignore_ament_install']
[0.164s] Level 1:colcon.colcon_core.package_identification:_identify(src) by extension 'ignore'
[0.164s] Level 1:colcon.colcon_core.package_identification:_identify(src) by extension 'ignore_ament_install'
[0.164s] Level 1:colcon.colcon_core.package_identification:_identify(src) by extensions ['colcon_pkg']
[0.164s] Level 1:colcon.colcon_core.package_identification:_identify(src) by extension 'colcon_pkg'
[0.164s] Level 1:colcon.colcon_core.package_identification:_identify(src) by extensions ['colcon_meta']
[0.164s] Level 1:colcon.colcon_core.package_identification:_identify(src) by extension 'colcon_meta'
[0.164s] Level 1:colcon.colcon_core.package_identification:_identify(src) by extensions ['ros']
[0.164s] Level 1:colcon.colcon_core.package_identification:_identify(src) by extension 'ros'
[0.164s] Level 1:colcon.colcon_core.package_identification:_identify(src) by extensions ['cmake', 'python']
[0.164s] Level 1:colcon.colcon_core.package_identification:_identify(src) by extension 'cmake'
[0.164s] Level 1:colcon.colcon_core.package_identification:_identify(src) by extension 'python'
[0.164s] Level 1:colcon.colcon_core.package_identification:_identify(src) by extensions ['python_setup_py']
[0.164s] Level 1:colcon.colcon_core.package_identification:_identify(src) by extension 'python_setup_py'
[0.164s] Level 1:colcon.colcon_core.package_identification:_identify(src/Ti5_hardware_interface) by extensions ['ignore', 'ignore_ament_install']
[0.164s] Level 1:colcon.colcon_core.package_identification:_identify(src/Ti5_hardware_interface) by extension 'ignore'
[0.164s] Level 1:colcon.colcon_core.package_identification:_identify(src/Ti5_hardware_interface) by extension 'ignore_ament_install'
[0.165s] Level 1:colcon.colcon_core.package_identification:_identify(src/Ti5_hardware_interface) by extensions ['colcon_pkg']
[0.165s] Level 1:colcon.colcon_core.package_identification:_identify(src/Ti5_hardware_interface) by extension 'colcon_pkg'
[0.165s] Level 1:colcon.colcon_core.package_identification:_identify(src/Ti5_hardware_interface) by extensions ['colcon_meta']
[0.165s] Level 1:colcon.colcon_core.package_identification:_identify(src/Ti5_hardware_interface) by extension 'colcon_meta'
[0.165s] Level 1:colcon.colcon_core.package_identification:_identify(src/Ti5_hardware_interface) by extensions ['ros']
[0.165s] Level 1:colcon.colcon_core.package_identification:_identify(src/Ti5_hardware_interface) by extension 'ros'
[0.166s] DEBUG:colcon.colcon_core.package_identification:Package 'src/Ti5_hardware_interface' with type 'ros.ament_cmake' and name 'Ti5_hardware_interface'
[0.166s] Level 1:colcon.colcon_core.package_identification:_identify(src/arms_description) by extensions ['ignore', 'ignore_ament_install']
[0.166s] Level 1:colcon.colcon_core.package_identification:_identify(src/arms_description) by extension 'ignore'
[0.166s] Level 1:colcon.colcon_core.package_identification:_identify(src/arms_description) by extension 'ignore_ament_install'
[0.166s] Level 1:colcon.colcon_core.package_identification:_identify(src/arms_description) by extensions ['colcon_pkg']
[0.166s] Level 1:colcon.colcon_core.package_identification:_identify(src/arms_description) by extension 'colcon_pkg'
[0.166s] Level 1:colcon.colcon_core.package_identification:_identify(src/arms_description) by extensions ['colcon_meta']
[0.166s] Level 1:colcon.colcon_core.package_identification:_identify(src/arms_description) by extension 'colcon_meta'
[0.167s] Level 1:colcon.colcon_core.package_identification:_identify(src/arms_description) by extensions ['ros']
[0.167s] Level 1:colcon.colcon_core.package_identification:_identify(src/arms_description) by extension 'ros'
[0.167s] DEBUG:colcon.colcon_core.package_identification:Package 'src/arms_description' with type 'ros.ament_cmake' and name 'arms_description'
[0.167s] Level 1:colcon.colcon_core.package_identification:_identify(src/bringup) by extensions ['ignore', 'ignore_ament_install']
[0.167s] Level 1:colcon.colcon_core.package_identification:_identify(src/bringup) by extension 'ignore'
[0.167s] Level 1:colcon.colcon_core.package_identification:_identify(src/bringup) by extension 'ignore_ament_install'
[0.167s] Level 1:colcon.colcon_core.package_identification:_identify(src/bringup) by extensions ['colcon_pkg']
[0.167s] Level 1:colcon.colcon_core.package_identification:_identify(src/bringup) by extension 'colcon_pkg'
[0.167s] Level 1:colcon.colcon_core.package_identification:_identify(src/bringup) by extensions ['colcon_meta']
[0.167s] Level 1:colcon.colcon_core.package_identification:_identify(src/bringup) by extension 'colcon_meta'
[0.167s] Level 1:colcon.colcon_core.package_identification:_identify(src/bringup) by extensions ['ros']
[0.167s] Level 1:colcon.colcon_core.package_identification:_identify(src/bringup) by extension 'ros'
[0.168s] DEBUG:colcon.colcon_core.package_identification:Package 'src/bringup' with type 'ros.ament_cmake' and name 'bringup'
[0.168s] Level 1:colcon.colcon_core.package_discovery:discover_packages(recursive) using defaults
[0.168s] Level 1:colcon.colcon_core.package_discovery:discover_packages(ignore) discover
[0.168s] Level 1:colcon.colcon_core.package_discovery:discover_packages(ignore) using defaults
[0.168s] Level 1:colcon.colcon_core.package_discovery:discover_packages(path) discover
[0.168s] Level 1:colcon.colcon_core.package_discovery:discover_packages(path) using defaults
[0.185s] Level 1:colcon.colcon_core.package_discovery:discover_packages(prefix_path) check parameters
[0.185s] Level 1:colcon.colcon_core.package_discovery:discover_packages(prefix_path) discover
[0.186s] DEBUG:colcon.colcon_installed_package_information.package_discovery:Found 3 installed packages in /home/astra/Ti5_controller/install
[0.187s] DEBUG:colcon.colcon_installed_package_information.package_discovery:Found 376 installed packages in /opt/ros/humble
[0.188s] Level 1:colcon.colcon_core.package_discovery:discover_packages(prefix_path) using defaults
[0.214s] Level 5:colcon.colcon_core.verb:set package 'Ti5_hardware_interface' build argument 'cmake_args' from command line to 'None'
[0.214s] Level 5:colcon.colcon_core.verb:set package 'Ti5_hardware_interface' build argument 'cmake_target' from command line to 'None'
[0.214s] Level 5:colcon.colcon_core.verb:set package 'Ti5_hardware_interface' build argument 'cmake_target_skip_unavailable' from command line to 'False'
[0.214s] Level 5:colcon.colcon_core.verb:set package 'Ti5_hardware_interface' build argument 'cmake_clean_cache' from command line to 'False'
[0.214s] Level 5:colcon.colcon_core.verb:set package 'Ti5_hardware_interface' build argument 'cmake_clean_first' from command line to 'False'
[0.214s] Level 5:colcon.colcon_core.verb:set package 'Ti5_hardware_interface' build argument 'cmake_force_configure' from command line to 'False'
[0.214s] Level 5:colcon.colcon_core.verb:set package 'Ti5_hardware_interface' build argument 'ament_cmake_args' from command line to 'None'
[0.214s] Level 5:colcon.colcon_core.verb:set package 'Ti5_hardware_interface' build argument 'catkin_cmake_args' from command line to 'None'
[0.214s] Level 5:colcon.colcon_core.verb:set package 'Ti5_hardware_interface' build argument 'catkin_skip_building_tests' from command line to 'False'
[0.214s] DEBUG:colcon.colcon_core.verb:Building package 'Ti5_hardware_interface' with the following arguments: {'ament_cmake_args': None, 'build_base': '/home/astra/Ti5_controller/build/Ti5_hardware_interface', 'catkin_cmake_args': None, 'catkin_skip_building_tests': False, 'cmake_args': None, 'cmake_clean_cache': False, 'cmake_clean_first': False, 'cmake_force_configure': False, 'cmake_target': None, 'cmake_target_skip_unavailable': False, 'install_base': '/home/astra/Ti5_controller/install/Ti5_hardware_interface', 'merge_install': False, 'path': '/home/astra/Ti5_controller/src/Ti5_hardware_interface', 'symlink_install': False, 'test_result_base': None}
[0.214s] Level 5:colcon.colcon_core.verb:set package 'arms_description' build argument 'cmake_args' from command line to 'None'
[0.214s] Level 5:colcon.colcon_core.verb:set package 'arms_description' build argument 'cmake_target' from command line to 'None'
[0.214s] Level 5:colcon.colcon_core.verb:set package 'arms_description' build argument 'cmake_target_skip_unavailable' from command line to 'False'
[0.214s] Level 5:colcon.colcon_core.verb:set package 'arms_description' build argument 'cmake_clean_cache' from command line to 'False'
[0.214s] Level 5:colcon.colcon_core.verb:set package 'arms_description' build argument 'cmake_clean_first' from command line to 'False'
[0.214s] Level 5:colcon.colcon_core.verb:set package 'arms_description' build argument 'cmake_force_configure' from command line to 'False'
[0.214s] Level 5:colcon.colcon_core.verb:set package 'arms_description' build argument 'ament_cmake_args' from command line to 'None'
[0.214s] Level 5:colcon.colcon_core.verb:set package 'arms_description' build argument 'catkin_cmake_args' from command line to 'None'
[0.214s] Level 5:colcon.colcon_core.verb:set package 'arms_description' build argument 'catkin_skip_building_tests' from command line to 'False'
[0.214s] DEBUG:colcon.colcon_core.verb:Building package 'arms_description' with the following arguments: {'ament_cmake_args': None, 'build_base': '/home/astra/Ti5_controller/build/arms_description', 'catkin_cmake_args': None, 'catkin_skip_building_tests': False, 'cmake_args': None, 'cmake_clean_cache': False, 'cmake_clean_first': False, 'cmake_force_configure': False, 'cmake_target': None, 'cmake_target_skip_unavailable': False, 'install_base': '/home/astra/Ti5_controller/install/arms_description', 'merge_install': False, 'path': '/home/astra/Ti5_controller/src/arms_description', 'symlink_install': False, 'test_result_base': None}
[0.214s] Level 5:colcon.colcon_core.verb:set package 'bringup' build argument 'cmake_args' from command line to 'None'
[0.214s] Level 5:colcon.colcon_core.verb:set package 'bringup' build argument 'cmake_target' from command line to 'None'
[0.214s] Level 5:colcon.colcon_core.verb:set package 'bringup' build argument 'cmake_target_skip_unavailable' from command line to 'False'
[0.214s] Level 5:colcon.colcon_core.verb:set package 'bringup' build argument 'cmake_clean_cache' from command line to 'False'
[0.214s] Level 5:colcon.colcon_core.verb:set package 'bringup' build argument 'cmake_clean_first' from command line to 'False'
[0.214s] Level 5:colcon.colcon_core.verb:set package 'bringup' build argument 'cmake_force_configure' from command line to 'False'
[0.214s] Level 5:colcon.colcon_core.verb:set package 'bringup' build argument 'ament_cmake_args' from command line to 'None'
[0.214s] Level 5:colcon.colcon_core.verb:set package 'bringup' build argument 'catkin_cmake_args' from command line to 'None'
[0.214s] Level 5:colcon.colcon_core.verb:set package 'bringup' build argument 'catkin_skip_building_tests' from command line to 'False'
[0.214s] DEBUG:colcon.colcon_core.verb:Building package 'bringup' with the following arguments: {'ament_cmake_args': None, 'build_base': '/home/astra/Ti5_controller/build/bringup', 'catkin_cmake_args': None, 'catkin_skip_building_tests': False, 'cmake_args': None, 'cmake_clean_cache': False, 'cmake_clean_first': False, 'cmake_force_configure': False, 'cmake_target': None, 'cmake_target_skip_unavailable': False, 'install_base': '/home/astra/Ti5_controller/install/bringup', 'merge_install': False, 'path': '/home/astra/Ti5_controller/src/bringup', 'symlink_install': False, 'test_result_base': None}
[0.215s] INFO:colcon.colcon_core.executor:Executing jobs using 'parallel' executor
[0.215s] DEBUG:colcon.colcon_parallel_executor.executor.parallel:run_until_complete
[0.215s] INFO:colcon.colcon_ros.task.ament_cmake.build:Building ROS package in '/home/astra/Ti5_controller/src/Ti5_hardware_interface' with build type 'ament_cmake'
[0.215s] INFO:colcon.colcon_cmake.task.cmake.build:Building CMake package in '/home/astra/Ti5_controller/src/Ti5_hardware_interface'
[0.216s] INFO:colcon.colcon_core.plugin_system:Skipping extension 'colcon_core.shell.bat': Not used on non-Windows systems
[0.217s] INFO:colcon.colcon_core.shell:Skip shell extension 'powershell' for command environment: Not usable outside of PowerShell
[0.217s] DEBUG:colcon.colcon_core.shell:Skip shell extension 'dsv' for command environment
[0.219s] INFO:colcon.colcon_ros.task.ament_cmake.build:Building ROS package in '/home/astra/Ti5_controller/src/arms_description' with build type 'ament_cmake'
[0.219s] INFO:colcon.colcon_cmake.task.cmake.build:Building CMake package in '/home/astra/Ti5_controller/src/arms_description'
[0.219s] INFO:colcon.colcon_core.shell:Skip shell extension 'powershell' for command environment: Not usable outside of PowerShell
[0.219s] DEBUG:colcon.colcon_core.shell:Skip shell extension 'dsv' for command environment
[0.221s] INFO:colcon.colcon_ros.task.ament_cmake.build:Building ROS package in '/home/astra/Ti5_controller/src/bringup' with build type 'ament_cmake'
[0.221s] INFO:colcon.colcon_cmake.task.cmake.build:Building CMake package in '/home/astra/Ti5_controller/src/bringup'
[0.221s] INFO:colcon.colcon_core.shell:Skip shell extension 'powershell' for command environment: Not usable outside of PowerShell
[0.221s] DEBUG:colcon.colcon_core.shell:Skip shell extension 'dsv' for command environment
[0.226s] DEBUG:colcon.colcon_core.event_handler.log_command:Invoking command in '/home/astra/Ti5_controller/build/Ti5_hardware_interface': CMAKE_PREFIX_PATH=${CMAKE_PREFIX_PATH}:/opt/ros/humble /usr/bin/cmake --build /home/astra/Ti5_controller/build/Ti5_hardware_interface -- -j24 -l24
[0.229s] DEBUG:colcon.colcon_core.event_handler.log_command:Invoking command in '/home/astra/Ti5_controller/build/arms_description': CMAKE_PREFIX_PATH=${CMAKE_PREFIX_PATH}:/opt/ros/humble /usr/bin/cmake --build /home/astra/Ti5_controller/build/arms_description -- -j24 -l24
[0.230s] DEBUG:colcon.colcon_core.event_handler.log_command:Invoking command in '/home/astra/Ti5_controller/build/bringup': CMAKE_PREFIX_PATH=${CMAKE_PREFIX_PATH}:/opt/ros/humble /usr/bin/cmake --build /home/astra/Ti5_controller/build/bringup -- -j24 -l24
[0.252s] DEBUG:colcon.colcon_core.event_handler.log_command:Invoked command in '/home/astra/Ti5_controller/build/arms_description' returned '0': CMAKE_PREFIX_PATH=${CMAKE_PREFIX_PATH}:/opt/ros/humble /usr/bin/cmake --build /home/astra/Ti5_controller/build/arms_description -- -j24 -l24
[0.255s] DEBUG:colcon.colcon_core.event_handler.log_command:Invoked command in '/home/astra/Ti5_controller/build/bringup' returned '0': CMAKE_PREFIX_PATH=${CMAKE_PREFIX_PATH}:/opt/ros/humble /usr/bin/cmake --build /home/astra/Ti5_controller/build/bringup -- -j24 -l24
[0.272s] DEBUG:colcon.colcon_core.event_handler.log_command:Invoking command in '/home/astra/Ti5_controller/build/arms_description': CMAKE_PREFIX_PATH=${CMAKE_PREFIX_PATH}:/opt/ros/humble /usr/bin/cmake --install /home/astra/Ti5_controller/build/arms_description
[0.274s] DEBUG:colcon.colcon_core.event_handler.log_command:Invoking command in '/home/astra/Ti5_controller/build/bringup': CMAKE_PREFIX_PATH=${CMAKE_PREFIX_PATH}:/opt/ros/humble /usr/bin/cmake --install /home/astra/Ti5_controller/build/bringup
[0.279s] Level 1:colcon.colcon_core.environment:create_environment_scripts_only(bringup)
[0.283s] DEBUG:colcon.colcon_core.event_handler.log_command:Invoked command in '/home/astra/Ti5_controller/build/bringup' returned '0': CMAKE_PREFIX_PATH=${CMAKE_PREFIX_PATH}:/opt/ros/humble /usr/bin/cmake --install /home/astra/Ti5_controller/build/bringup
[0.283s] Level 1:colcon.colcon_core.environment:checking '/home/astra/Ti5_controller/install/bringup' for CMake module files
[0.284s] Level 1:colcon.colcon_core.environment:checking '/home/astra/Ti5_controller/install/bringup' for CMake config files
[0.284s] Level 1:colcon.colcon_core.shell:create_environment_hook('bringup', 'cmake_prefix_path')
[0.284s] INFO:colcon.colcon_core.shell:Creating environment hook '/home/astra/Ti5_controller/install/bringup/share/bringup/hook/cmake_prefix_path.ps1'
[0.285s] INFO:colcon.colcon_core.shell:Creating environment descriptor '/home/astra/Ti5_controller/install/bringup/share/bringup/hook/cmake_prefix_path.dsv'
[0.285s] INFO:colcon.colcon_core.shell:Creating environment hook '/home/astra/Ti5_controller/install/bringup/share/bringup/hook/cmake_prefix_path.sh'
[0.285s] Level 1:colcon.colcon_core.environment:checking '/home/astra/Ti5_controller/install/bringup/bin'
[0.285s] Level 1:colcon.colcon_core.environment:checking '/home/astra/Ti5_controller/install/bringup/lib/pkgconfig/bringup.pc'
[0.285s] Level 1:colcon.colcon_core.environment:checking '/home/astra/Ti5_controller/install/bringup/lib/python3.10/site-packages'
[0.286s] Level 1:colcon.colcon_core.environment:checking '/home/astra/Ti5_controller/install/bringup/bin'
[0.286s] INFO:colcon.colcon_core.shell:Creating package script '/home/astra/Ti5_controller/install/bringup/share/bringup/package.ps1'
[0.286s] INFO:colcon.colcon_core.shell:Creating package descriptor '/home/astra/Ti5_controller/install/bringup/share/bringup/package.dsv'
[0.287s] INFO:colcon.colcon_core.shell:Creating package script '/home/astra/Ti5_controller/install/bringup/share/bringup/package.sh'
[0.287s] INFO:colcon.colcon_core.shell:Creating package script '/home/astra/Ti5_controller/install/bringup/share/bringup/package.bash'
[0.287s] INFO:colcon.colcon_core.shell:Creating package script '/home/astra/Ti5_controller/install/bringup/share/bringup/package.zsh'
[0.288s] Level 1:colcon.colcon_core.environment:create_file_with_runtime_dependencies(/home/astra/Ti5_controller/install/bringup/share/colcon-core/packages/bringup)
[0.289s] Level 1:colcon.colcon_core.environment:create_environment_scripts_only(arms_description)
[0.289s] Level 1:colcon.colcon_core.environment:checking '/home/astra/Ti5_controller/install/arms_description' for CMake module files
[0.289s] DEBUG:colcon.colcon_core.event_handler.log_command:Invoked command in '/home/astra/Ti5_controller/build/arms_description' returned '0': CMAKE_PREFIX_PATH=${CMAKE_PREFIX_PATH}:/opt/ros/humble /usr/bin/cmake --install /home/astra/Ti5_controller/build/arms_description
[0.289s] Level 1:colcon.colcon_core.environment:checking '/home/astra/Ti5_controller/install/arms_description' for CMake config files
[0.289s] Level 1:colcon.colcon_core.shell:create_environment_hook('arms_description', 'cmake_prefix_path')
[0.290s] INFO:colcon.colcon_core.shell:Creating environment hook '/home/astra/Ti5_controller/install/arms_description/share/arms_description/hook/cmake_prefix_path.ps1'
[0.290s] INFO:colcon.colcon_core.shell:Creating environment descriptor '/home/astra/Ti5_controller/install/arms_description/share/arms_description/hook/cmake_prefix_path.dsv'
[0.290s] INFO:colcon.colcon_core.shell:Creating environment hook '/home/astra/Ti5_controller/install/arms_description/share/arms_description/hook/cmake_prefix_path.sh'
[0.290s] Level 1:colcon.colcon_core.environment:checking '/home/astra/Ti5_controller/install/arms_description/bin'
[0.290s] Level 1:colcon.colcon_core.environment:checking '/home/astra/Ti5_controller/install/arms_description/lib/pkgconfig/arms_description.pc'
[0.290s] Level 1:colcon.colcon_core.environment:checking '/home/astra/Ti5_controller/install/arms_description/lib/python3.10/site-packages'
[0.291s] Level 1:colcon.colcon_core.environment:checking '/home/astra/Ti5_controller/install/arms_description/bin'
[0.291s] INFO:colcon.colcon_core.shell:Creating package script '/home/astra/Ti5_controller/install/arms_description/share/arms_description/package.ps1'
[0.291s] INFO:colcon.colcon_core.shell:Creating package descriptor '/home/astra/Ti5_controller/install/arms_description/share/arms_description/package.dsv'
[0.291s] INFO:colcon.colcon_core.shell:Creating package script '/home/astra/Ti5_controller/install/arms_description/share/arms_description/package.sh'
[0.291s] INFO:colcon.colcon_core.shell:Creating package script '/home/astra/Ti5_controller/install/arms_description/share/arms_description/package.bash'
[0.292s] INFO:colcon.colcon_core.shell:Creating package script '/home/astra/Ti5_controller/install/arms_description/share/arms_description/package.zsh'
[0.292s] Level 1:colcon.colcon_core.environment:create_file_with_runtime_dependencies(/home/astra/Ti5_controller/install/arms_description/share/colcon-core/packages/arms_description)
[0.302s] Level 1:colcon.colcon_core.environment:create_environment_scripts_only(bringup)
[0.302s] Level 1:colcon.colcon_core.environment:checking '/home/astra/Ti5_controller/install/bringup' for CMake module files
[0.302s] Level 1:colcon.colcon_core.environment:checking '/home/astra/Ti5_controller/install/bringup' for CMake config files
[0.303s] Level 1:colcon.colcon_core.shell:create_environment_hook('bringup', 'cmake_prefix_path')
[0.303s] INFO:colcon.colcon_core.shell:Creating environment hook '/home/astra/Ti5_controller/install/bringup/share/bringup/hook/cmake_prefix_path.ps1'
[0.303s] INFO:colcon.colcon_core.shell:Creating environment descriptor '/home/astra/Ti5_controller/install/bringup/share/bringup/hook/cmake_prefix_path.dsv'
[0.304s] INFO:colcon.colcon_core.shell:Creating environment hook '/home/astra/Ti5_controller/install/bringup/share/bringup/hook/cmake_prefix_path.sh'
[0.304s] Level 1:colcon.colcon_core.environment:checking '/home/astra/Ti5_controller/install/bringup/bin'
[0.304s] Level 1:colcon.colcon_core.environment:checking '/home/astra/Ti5_controller/install/bringup/lib/pkgconfig/bringup.pc'
[0.304s] Level 1:colcon.colcon_core.environment:checking '/home/astra/Ti5_controller/install/bringup/lib/python3.10/site-packages'
[0.304s] Level 1:colcon.colcon_core.environment:checking '/home/astra/Ti5_controller/install/bringup/bin'
[0.305s] INFO:colcon.colcon_core.shell:Creating package script '/home/astra/Ti5_controller/install/bringup/share/bringup/package.ps1'
[0.305s] INFO:colcon.colcon_core.shell:Creating package descriptor '/home/astra/Ti5_controller/install/bringup/share/bringup/package.dsv'
[0.305s] INFO:colcon.colcon_core.shell:Creating package script '/home/astra/Ti5_controller/install/bringup/share/bringup/package.sh'
[0.306s] INFO:colcon.colcon_core.shell:Creating package script '/home/astra/Ti5_controller/install/bringup/share/bringup/package.bash'
[0.306s] INFO:colcon.colcon_core.shell:Creating package script '/home/astra/Ti5_controller/install/bringup/share/bringup/package.zsh'
[0.306s] Level 1:colcon.colcon_core.environment:create_file_with_runtime_dependencies(/home/astra/Ti5_controller/install/bringup/share/colcon-core/packages/bringup)
[0.307s] Level 1:colcon.colcon_core.environment:create_environment_scripts_only(arms_description)
[0.307s] Level 1:colcon.colcon_core.environment:checking '/home/astra/Ti5_controller/install/arms_description' for CMake module files
[0.307s] Level 1:colcon.colcon_core.environment:checking '/home/astra/Ti5_controller/install/arms_description' for CMake config files
[0.307s] Level 1:colcon.colcon_core.shell:create_environment_hook('arms_description', 'cmake_prefix_path')
[0.307s] INFO:colcon.colcon_core.shell:Creating environment hook '/home/astra/Ti5_controller/install/arms_description/share/arms_description/hook/cmake_prefix_path.ps1'
[0.308s] INFO:colcon.colcon_core.shell:Creating environment descriptor '/home/astra/Ti5_controller/install/arms_description/share/arms_description/hook/cmake_prefix_path.dsv'
[0.308s] INFO:colcon.colcon_core.shell:Creating environment hook '/home/astra/Ti5_controller/install/arms_description/share/arms_description/hook/cmake_prefix_path.sh'
[0.308s] Level 1:colcon.colcon_core.environment:checking '/home/astra/Ti5_controller/install/arms_description/bin'
[0.308s] Level 1:colcon.colcon_core.environment:checking '/home/astra/Ti5_controller/install/arms_description/lib/pkgconfig/arms_description.pc'
[0.308s] Level 1:colcon.colcon_core.environment:checking '/home/astra/Ti5_controller/install/arms_description/lib/python3.10/site-packages'
[0.308s] Level 1:colcon.colcon_core.environment:checking '/home/astra/Ti5_controller/install/arms_description/bin'
[0.308s] INFO:colcon.colcon_core.shell:Creating package script '/home/astra/Ti5_controller/install/arms_description/share/arms_description/package.ps1'
[0.309s] INFO:colcon.colcon_core.shell:Creating package descriptor '/home/astra/Ti5_controller/install/arms_description/share/arms_description/package.dsv'
[0.309s] INFO:colcon.colcon_core.shell:Creating package script '/home/astra/Ti5_controller/install/arms_description/share/arms_description/package.sh'
[0.309s] INFO:colcon.colcon_core.shell:Creating package script '/home/astra/Ti5_controller/install/arms_description/share/arms_description/package.bash'
[0.309s] INFO:colcon.colcon_core.shell:Creating package script '/home/astra/Ti5_controller/install/arms_description/share/arms_description/package.zsh'
[0.310s] Level 1:colcon.colcon_core.environment:create_file_with_runtime_dependencies(/home/astra/Ti5_controller/install/arms_description/share/colcon-core/packages/arms_description)
[2.457s] DEBUG:colcon.colcon_core.event_handler.log_command:Invoked command in '/home/astra/Ti5_controller/build/Ti5_hardware_interface' returned '2': CMAKE_PREFIX_PATH=${CMAKE_PREFIX_PATH}:/opt/ros/humble /usr/bin/cmake --build /home/astra/Ti5_controller/build/Ti5_hardware_interface -- -j24 -l24
[2.478s] Level 1:colcon.colcon_core.environment:create_environment_scripts_only(Ti5_hardware_interface)
[2.478s] Level 1:colcon.colcon_core.environment:checking '/home/astra/Ti5_controller/install/Ti5_hardware_interface' for CMake module files
[2.479s] Level 1:colcon.colcon_core.environment:checking '/home/astra/Ti5_controller/install/Ti5_hardware_interface' for CMake config files
[2.479s] Level 1:colcon.colcon_core.environment:checking '/home/astra/Ti5_controller/install/Ti5_hardware_interface/bin'
[2.479s] Level 1:colcon.colcon_core.environment:checking '/home/astra/Ti5_controller/install/Ti5_hardware_interface/lib/pkgconfig/Ti5_hardware_interface.pc'
[2.479s] Level 1:colcon.colcon_core.environment:checking '/home/astra/Ti5_controller/install/Ti5_hardware_interface/lib/python3.10/site-packages'
[2.479s] Level 1:colcon.colcon_core.environment:checking '/home/astra/Ti5_controller/install/Ti5_hardware_interface/bin'
[2.479s] INFO:colcon.colcon_core.shell:Creating package script '/home/astra/Ti5_controller/install/Ti5_hardware_interface/share/Ti5_hardware_interface/package.ps1'
[2.479s] INFO:colcon.colcon_core.shell:Creating package descriptor '/home/astra/Ti5_controller/install/Ti5_hardware_interface/share/Ti5_hardware_interface/package.dsv'
[2.480s] INFO:colcon.colcon_core.shell:Creating package script '/home/astra/Ti5_controller/install/Ti5_hardware_interface/share/Ti5_hardware_interface/package.sh'
[2.480s] INFO:colcon.colcon_core.shell:Creating package script '/home/astra/Ti5_controller/install/Ti5_hardware_interface/share/Ti5_hardware_interface/package.bash'
[2.480s] INFO:colcon.colcon_core.shell:Creating package script '/home/astra/Ti5_controller/install/Ti5_hardware_interface/share/Ti5_hardware_interface/package.zsh'
[2.480s] Level 1:colcon.colcon_core.environment:create_file_with_runtime_dependencies(/home/astra/Ti5_controller/install/Ti5_hardware_interface/share/colcon-core/packages/Ti5_hardware_interface)
[2.491s] DEBUG:colcon.colcon_parallel_executor.executor.parallel:closing loop
[2.491s] DEBUG:colcon.colcon_parallel_executor.executor.parallel:loop closed
[2.491s] DEBUG:colcon.colcon_parallel_executor.executor.parallel:run_until_complete finished with '2'
[2.491s] DEBUG:colcon.colcon_core.event_reactor:joining thread
[2.498s] INFO:colcon.colcon_core.plugin_system:Skipping extension 'colcon_notification.desktop_notification.terminal_notifier': Not used on non-Darwin systems
[2.499s] INFO:colcon.colcon_core.plugin_system:Skipping extension 'colcon_notification.desktop_notification.win32': Not used on non-Windows systems
[2.499s] INFO:colcon.colcon_notification.desktop_notification:Sending desktop notification using 'notify2'
[2.513s] DEBUG:colcon.colcon_core.event_reactor:joined thread
[2.514s] INFO:colcon.colcon_core.shell:Creating prefix script '/home/astra/Ti5_controller/install/local_setup.ps1'
[2.515s] INFO:colcon.colcon_core.shell:Creating prefix util module '/home/astra/Ti5_controller/install/_local_setup_util_ps1.py'
[2.516s] INFO:colcon.colcon_core.shell:Creating prefix chain script '/home/astra/Ti5_controller/install/setup.ps1'
[2.517s] INFO:colcon.colcon_core.shell:Creating prefix script '/home/astra/Ti5_controller/install/local_setup.sh'
[2.518s] INFO:colcon.colcon_core.shell:Creating prefix util module '/home/astra/Ti5_controller/install/_local_setup_util_sh.py'
[2.519s] INFO:colcon.colcon_core.shell:Creating prefix chain script '/home/astra/Ti5_controller/install/setup.sh'
[2.520s] INFO:colcon.colcon_core.shell:Creating prefix script '/home/astra/Ti5_controller/install/local_setup.bash'
[2.521s] INFO:colcon.colcon_core.shell:Creating prefix chain script '/home/astra/Ti5_controller/install/setup.bash'
[2.522s] INFO:colcon.colcon_core.shell:Creating prefix script '/home/astra/Ti5_controller/install/local_setup.zsh'
[2.523s] INFO:colcon.colcon_core.shell:Creating prefix chain script '/home/astra/Ti5_controller/install/setup.zsh'
