[ 50%] Built target Ti5_arms_controller_parameters
[35m[1mConsolidate compiler generated dependencies of target Ti5_arms_controller[0m
[100%] Built target Ti5_arms_controller
-- Install configuration: ""
-- Up-to-date: /home/astra/Ti5_controller/install/Ti5_arms_controller/include/Ti5_arms_controller_parameters
-- Up-to-date: /home/astra/Ti5_controller/install/Ti5_arms_controller/include/Ti5_arms_controller_parameters/validate_Ti5_arms_controller_parameters.hpp
-- Up-to-date: /home/astra/Ti5_controller/install/Ti5_arms_controller/include/Ti5_arms_controller_parameters/Ti5_arms_controller_parameters.hpp
-- Up-to-date: /home/astra/Ti5_controller/install/Ti5_arms_controller/share/Ti5_arms_controller/Ti5_arms_controller.xml
-- Up-to-date: /home/astra/Ti5_controller/install/Ti5_arms_controller/lib/libTi5_arms_controller.so
-- Up-to-date: /home/astra/Ti5_controller/install/Ti5_arms_controller/include/Ti5_arms_controller
-- Up-to-date: /home/astra/Ti5_controller/install/Ti5_arms_controller/include/Ti5_arms_controller/Ti5_arms_controller
-- Up-to-date: /home/astra/Ti5_controller/install/Ti5_arms_controller/include/Ti5_arms_controller/Ti5_arms_controller/validate_Ti5_arms_controller_parameters.hpp
-- Up-to-date: /home/astra/Ti5_controller/install/Ti5_arms_controller/include/Ti5_arms_controller/Ti5_arms_controller/Ti5_arms_controller.hpp
-- Up-to-date: /home/astra/Ti5_controller/install/Ti5_arms_controller/include/Ti5_arms_controller/Ti5_arms_controller/visibility_control.h
-- Up-to-date: /home/astra/Ti5_controller/install/Ti5_arms_controller/share/Ti5_arms_controller/config/Ti5_controller.yaml
-- Up-to-date: /home/astra/Ti5_controller/install/Ti5_arms_controller/share/Ti5_arms_controller/environment/library_path.sh
-- Up-to-date: /home/astra/Ti5_controller/install/Ti5_arms_controller/share/Ti5_arms_controller/environment/library_path.dsv
-- Up-to-date: /home/astra/Ti5_controller/install/Ti5_arms_controller/share/ament_index/resource_index/package_run_dependencies/Ti5_arms_controller
-- Up-to-date: /home/astra/Ti5_controller/install/Ti5_arms_controller/share/ament_index/resource_index/parent_prefix_path/Ti5_arms_controller
-- Up-to-date: /home/astra/Ti5_controller/install/Ti5_arms_controller/share/Ti5_arms_controller/environment/ament_prefix_path.sh
-- Up-to-date: /home/astra/Ti5_controller/install/Ti5_arms_controller/share/Ti5_arms_controller/environment/ament_prefix_path.dsv
-- Up-to-date: /home/astra/Ti5_controller/install/Ti5_arms_controller/share/Ti5_arms_controller/environment/path.sh
-- Up-to-date: /home/astra/Ti5_controller/install/Ti5_arms_controller/share/Ti5_arms_controller/environment/path.dsv
-- Up-to-date: /home/astra/Ti5_controller/install/Ti5_arms_controller/share/Ti5_arms_controller/local_setup.bash
-- Up-to-date: /home/astra/Ti5_controller/install/Ti5_arms_controller/share/Ti5_arms_controller/local_setup.sh
-- Up-to-date: /home/astra/Ti5_controller/install/Ti5_arms_controller/share/Ti5_arms_controller/local_setup.zsh
-- Up-to-date: /home/astra/Ti5_controller/install/Ti5_arms_controller/share/Ti5_arms_controller/local_setup.dsv
-- Installing: /home/astra/Ti5_controller/install/Ti5_arms_controller/share/Ti5_arms_controller/package.dsv
-- Up-to-date: /home/astra/Ti5_controller/install/Ti5_arms_controller/share/ament_index/resource_index/packages/Ti5_arms_controller
-- Up-to-date: /home/astra/Ti5_controller/install/Ti5_arms_controller/share/ament_index/resource_index/controller_interface__pluginlib__plugin/Ti5_arms_controller
-- Up-to-date: /home/astra/Ti5_controller/install/Ti5_arms_controller/share/Ti5_arms_controller/cmake/ament_cmake_export_include_directories-extras.cmake
-- Up-to-date: /home/astra/Ti5_controller/install/Ti5_arms_controller/share/Ti5_arms_controller/cmake/ament_cmake_export_dependencies-extras.cmake
-- Up-to-date: /home/astra/Ti5_controller/install/Ti5_arms_controller/share/Ti5_arms_controller/cmake/ament_cmake_export_libraries-extras.cmake
-- Up-to-date: /home/astra/Ti5_controller/install/Ti5_arms_controller/share/Ti5_arms_controller/cmake/Ti5_arms_controllerConfig.cmake
-- Up-to-date: /home/astra/Ti5_controller/install/Ti5_arms_controller/share/Ti5_arms_controller/cmake/Ti5_arms_controllerConfig-version.cmake
-- Up-to-date: /home/astra/Ti5_controller/install/Ti5_arms_controller/share/Ti5_arms_controller/package.xml
