[0.007s] Invoking command in '/home/astra/Ti5_controller/build/bringup': CMAKE_PREFIX_PATH=${CMAKE_PREFIX_PATH}:/opt/ros/humble /usr/bin/cmake /home/astra/Ti5_controller/src/bringup -DCMAKE_INSTALL_PREFIX=/home/astra/Ti5_controller/install/bringup
[0.048s] -- The C compiler identification is GNU 11.4.0
[0.085s] -- The CXX compiler identification is GNU 11.4.0
[0.090s] -- Detecting C compiler ABI info
[0.149s] -- Detecting C compiler ABI info - done
[0.155s] -- Check for working C compiler: /usr/bin/cc - skipped
[0.155s] -- Detecting C compile features
[0.155s] -- Detecting C compile features - done
[0.157s] -- Detecting CXX compiler ABI info
[0.212s] -- Detecting CXX compiler ABI info - done
[0.217s] -- Check for working CXX compiler: /usr/bin/c++ - skipped
[0.217s] -- Detecting CXX compile features
[0.217s] -- Detecting CXX compile features - done
[0.219s] -- Found ament_cmake: 1.3.10 (/opt/ros/humble/share/ament_cmake/cmake)
[0.318s] -- Found Python3: /usr/bin/python3 (found version "3.10.12") found components: Interpreter 
[0.373s] -- Found ament_lint_auto: 0.12.11 (/opt/ros/humble/share/ament_lint_auto/cmake)
[0.420s] -- Added test 'flake8' to check Python code syntax and style conventions
[0.421s] -- Added test 'lint_cmake' to check CMake code style
[0.421s] -- Added test 'pep257' to check Python code against some of the docstring style conventions in PEP 257
[0.422s] -- Added test 'xmllint' to check XML markup files
[0.422s] -- Configuring done
[0.423s] -- Generating done
[0.424s] -- Build files have been written to: /home/astra/Ti5_controller/build/bringup
[0.426s] Invoked command in '/home/astra/Ti5_controller/build/bringup' returned '0': CMAKE_PREFIX_PATH=${CMAKE_PREFIX_PATH}:/opt/ros/humble /usr/bin/cmake /home/astra/Ti5_controller/src/bringup -DCMAKE_INSTALL_PREFIX=/home/astra/Ti5_controller/install/bringup
[0.428s] Invoking command in '/home/astra/Ti5_controller/build/bringup': CMAKE_PREFIX_PATH=${CMAKE_PREFIX_PATH}:/opt/ros/humble /usr/bin/cmake --build /home/astra/Ti5_controller/build/bringup -- -j24 -l24
[0.452s] Invoked command in '/home/astra/Ti5_controller/build/bringup' returned '0': CMAKE_PREFIX_PATH=${CMAKE_PREFIX_PATH}:/opt/ros/humble /usr/bin/cmake --build /home/astra/Ti5_controller/build/bringup -- -j24 -l24
[0.472s] Invoking command in '/home/astra/Ti5_controller/build/bringup': CMAKE_PREFIX_PATH=${CMAKE_PREFIX_PATH}:/opt/ros/humble /usr/bin/cmake --install /home/astra/Ti5_controller/build/bringup
[0.477s] -- Install configuration: ""
[0.477s] -- Installing: /home/astra/Ti5_controller/install/bringup/share/bringup/launch
[0.477s] -- Installing: /home/astra/Ti5_controller/install/bringup/share/bringup/launch/Ti5.launch.py
[0.477s] -- Installing: /home/astra/Ti5_controller/install/bringup/share/bringup/config
[0.477s] -- Installing: /home/astra/Ti5_controller/install/bringup/share/bringup/config/Ti5_controller.yaml
[0.477s] -- Installing: /home/astra/Ti5_controller/install/bringup/share/ament_index/resource_index/package_run_dependencies/bringup
[0.477s] -- Installing: /home/astra/Ti5_controller/install/bringup/share/ament_index/resource_index/parent_prefix_path/bringup
[0.477s] -- Installing: /home/astra/Ti5_controller/install/bringup/share/bringup/environment/ament_prefix_path.sh
[0.477s] -- Installing: /home/astra/Ti5_controller/install/bringup/share/bringup/environment/ament_prefix_path.dsv
[0.477s] -- Installing: /home/astra/Ti5_controller/install/bringup/share/bringup/environment/path.sh
[0.477s] -- Installing: /home/astra/Ti5_controller/install/bringup/share/bringup/environment/path.dsv
[0.477s] -- Installing: /home/astra/Ti5_controller/install/bringup/share/bringup/local_setup.bash
[0.477s] -- Installing: /home/astra/Ti5_controller/install/bringup/share/bringup/local_setup.sh
[0.477s] -- Installing: /home/astra/Ti5_controller/install/bringup/share/bringup/local_setup.zsh
[0.477s] -- Installing: /home/astra/Ti5_controller/install/bringup/share/bringup/local_setup.dsv
[0.477s] -- Installing: /home/astra/Ti5_controller/install/bringup/share/bringup/package.dsv
[0.477s] -- Installing: /home/astra/Ti5_controller/install/bringup/share/ament_index/resource_index/packages/bringup
[0.477s] -- Installing: /home/astra/Ti5_controller/install/bringup/share/bringup/cmake/bringupConfig.cmake
[0.478s] -- Installing: /home/astra/Ti5_controller/install/bringup/share/bringup/cmake/bringupConfig-version.cmake
[0.478s] -- Installing: /home/astra/Ti5_controller/install/bringup/share/bringup/package.xml
[0.479s] Invoked command in '/home/astra/Ti5_controller/build/bringup' returned '0': CMAKE_PREFIX_PATH=${CMAKE_PREFIX_PATH}:/opt/ros/humble /usr/bin/cmake --install /home/astra/Ti5_controller/build/bringup
