-- Found ament_cmake: 1.3.10 (/opt/ros/humble/share/ament_cmake/cmake)
-- Override CMake install command with custom implementation using symlinks instead of copying resources
-- Found generate_parameter_library: 0.3.9 (/opt/ros/humble/share/generate_parameter_library/cmake)
-- Found parameter_traits: 0.3.9 (/opt/ros/humble/share/parameter_traits/cmake)
-- Found rosidl_generator_c: 3.1.5 (/opt/ros/humble/share/rosidl_generator_c/cmake)
-- Found rosidl_adapter: 3.1.5 (/opt/ros/humble/share/rosidl_adapter/cmake)
-- Found rosidl_generator_cpp: 3.1.5 (/opt/ros/humble/share/rosidl_generator_cpp/cmake)
-- Using all available rosidl_typesupport_c: rosidl_typesupport_fastrtps_c;rosidl_typesupport_introspection_c
-- Using all available rosidl_typesupport_cpp: rosidl_typesupport_fastrtps_cpp;rosidl_typesupport_introspection_cpp
-- Found rmw_implementation_cmake: 6.1.2 (/opt/ros/humble/share/rmw_implementation_cmake/cmake)
-- Found rmw_cyclonedds_cpp: 1.3.4 (/opt/ros/humble/share/rmw_cyclonedds_cpp/cmake)
-- Using RMW implementation 'rmw_cyclonedds_cpp' as default
-- Found rclcpp_lifecycle: 16.0.10 (/opt/ros/humble/share/rclcpp_lifecycle/cmake)
-- Found ament_cmake_gmock: 1.3.10 (/opt/ros/humble/share/ament_cmake_gmock/cmake)
-- Found controller_manager: 2.43.1 (/opt/ros/humble/share/controller_manager/cmake)
-- Found ros2_control_test_assets: 2.43.1 (/opt/ros/humble/share/ros2_control_test_assets/cmake)
-- Found std_srvs: 4.2.4 (/opt/ros/humble/share/std_srvs/cmake)
-- Found ament_lint_auto: 0.12.11 (/opt/ros/humble/share/ament_lint_auto/cmake)
[31mCMake Error at /opt/ros/humble/share/ament_cmake_target_dependencies/cmake/ament_target_dependencies.cmake:42 (message):
  ament_target_dependencies() the first argument must be a valid target name
Call Stack (most recent call first):
  CMakeLists.txt:75 (ament_target_dependencies)

[0m
-- Configuring incomplete, errors occurred!
See also "/home/astra/Ti5_controller/build/Ti5_arms_controller/CMakeFiles/CMakeOutput.log".
gmake: *** [Makefile:460：cmake_check_build_system] 错误 1
