[0.018s] Invoking command in '/home/astra/Ti5_controller/build/bringup': CMAKE_PREFIX_PATH=${CMAKE_PREFIX_PATH}:/opt/ros/humble /usr/bin/cmake --build /home/astra/Ti5_controller/build/bringup -- -j24 -l24
[0.041s] Invoked command in '/home/astra/Ti5_controller/build/bringup' returned '0': CMAKE_PREFIX_PATH=${CMAKE_PREFIX_PATH}:/opt/ros/humble /usr/bin/cmake --build /home/astra/Ti5_controller/build/bringup -- -j24 -l24
[0.058s] Invoking command in '/home/astra/Ti5_controller/build/bringup': CMAKE_PREFIX_PATH=${CMAKE_PREFIX_PATH}:/opt/ros/humble /usr/bin/cmake --install /home/astra/Ti5_controller/build/bringup
[0.064s] -- Install configuration: ""
[0.064s] -- Up-to-date: /home/astra/Ti5_controller/install/bringup/share/bringup/launch
[0.065s] -- Up-to-date: /home/astra/Ti5_controller/install/bringup/share/bringup/launch/Ti5.launch.py
[0.065s] -- Up-to-date: /home/astra/Ti5_controller/install/bringup/share/bringup/config
[0.065s] -- Up-to-date: /home/astra/Ti5_controller/install/bringup/share/bringup/config/Ti5_controller.yaml
[0.065s] -- Up-to-date: /home/astra/Ti5_controller/install/bringup/share/ament_index/resource_index/package_run_dependencies/bringup
[0.065s] -- Up-to-date: /home/astra/Ti5_controller/install/bringup/share/ament_index/resource_index/parent_prefix_path/bringup
[0.065s] -- Up-to-date: /home/astra/Ti5_controller/install/bringup/share/bringup/environment/ament_prefix_path.sh
[0.065s] -- Up-to-date: /home/astra/Ti5_controller/install/bringup/share/bringup/environment/ament_prefix_path.dsv
[0.065s] -- Up-to-date: /home/astra/Ti5_controller/install/bringup/share/bringup/environment/path.sh
[0.066s] -- Up-to-date: /home/astra/Ti5_controller/install/bringup/share/bringup/environment/path.dsv
[0.066s] -- Up-to-date: /home/astra/Ti5_controller/install/bringup/share/bringup/local_setup.bash
[0.066s] -- Up-to-date: /home/astra/Ti5_controller/install/bringup/share/bringup/local_setup.sh
[0.066s] -- Up-to-date: /home/astra/Ti5_controller/install/bringup/share/bringup/local_setup.zsh
[0.066s] -- Up-to-date: /home/astra/Ti5_controller/install/bringup/share/bringup/local_setup.dsv
[0.066s] -- Installing: /home/astra/Ti5_controller/install/bringup/share/bringup/package.dsv
[0.066s] -- Up-to-date: /home/astra/Ti5_controller/install/bringup/share/ament_index/resource_index/packages/bringup
[0.066s] -- Up-to-date: /home/astra/Ti5_controller/install/bringup/share/bringup/cmake/bringupConfig.cmake
[0.066s] -- Up-to-date: /home/astra/Ti5_controller/install/bringup/share/bringup/cmake/bringupConfig-version.cmake
[0.067s] -- Up-to-date: /home/astra/Ti5_controller/install/bringup/share/bringup/package.xml
[0.073s] Invoked command in '/home/astra/Ti5_controller/build/bringup' returned '0': CMAKE_PREFIX_PATH=${CMAKE_PREFIX_PATH}:/opt/ros/humble /usr/bin/cmake --install /home/astra/Ti5_controller/build/bringup
