[0.010s] Invoking command in '/home/astra/Ti5_controller/build/Ti5_hardware_interface': CMAKE_PREFIX_PATH=${CMAKE_PREFIX_PATH}:/opt/ros/humble /usr/bin/cmake --build /home/astra/Ti5_controller/build/Ti5_hardware_interface -- -j24 -l24
[0.038s] [35m[1mConsolidate compiler generated dependencies of target Ti5_hardware_interface[0m
[0.044s] [ 22%] Built target gmock_main
[0.045s] [ 55%] Built target gmock
[0.050s] [ 66%] [32mBuilding CXX object CMakeFiles/Ti5_hardware_interface.dir/src/hardware.cpp.o[0m
[0.061s] [ 88%] Built target test_hardware
[3.309s] [100%] [32m[1mLinking CXX shared library libTi5_hardware_interface.so[0m
[3.473s] [100%] Built target Ti5_hardware_interface
[3.479s] Invoked command in '/home/astra/Ti5_controller/build/Ti5_hardware_interface' returned '0': CMAKE_PREFIX_PATH=${CMAKE_PREFIX_PATH}:/opt/ros/humble /usr/bin/cmake --build /home/astra/Ti5_controller/build/Ti5_hardware_interface -- -j24 -l24
[3.517s] Invoking command in '/home/astra/Ti5_controller/build/Ti5_hardware_interface': CMAKE_PREFIX_PATH=${CMAKE_PREFIX_PATH}:/opt/ros/humble /usr/bin/cmake --install /home/astra/Ti5_controller/build/Ti5_hardware_interface
[3.527s] -- Install configuration: ""
[3.527s] -- Installing: /home/astra/Ti5_controller/install/Ti5_hardware_interface/share/Ti5_hardware_interface/Ti5_hardware_interface.xml
[3.528s] -- Installing: /home/astra/Ti5_controller/install/Ti5_hardware_interface/lib/libTi5_hardware_interface.so
[3.531s] -- Set runtime path of "/home/astra/Ti5_controller/install/Ti5_hardware_interface/lib/libTi5_hardware_interface.so" to ""
[3.531s] -- Installing: /home/astra/Ti5_controller/install/Ti5_hardware_interface/include
[3.532s] -- Installing: /home/astra/Ti5_controller/install/Ti5_hardware_interface/include/Ti5_hardware_interface
[3.532s] -- Installing: /home/astra/Ti5_controller/install/Ti5_hardware_interface/include/Ti5_hardware_interface/hardware.hpp
[3.532s] -- Installing: /home/astra/Ti5_controller/install/Ti5_hardware_interface/include/Ti5_hardware_interface/visibility_control.h
[3.532s] -- Installing: /home/astra/Ti5_controller/install/Ti5_hardware_interface/share/Ti5_hardware_interface/environment/library_path.sh
[3.532s] -- Installing: /home/astra/Ti5_controller/install/Ti5_hardware_interface/share/Ti5_hardware_interface/environment/library_path.dsv
[3.532s] -- Installing: /home/astra/Ti5_controller/install/Ti5_hardware_interface/share/ament_index/resource_index/package_run_dependencies/Ti5_hardware_interface
[3.533s] -- Installing: /home/astra/Ti5_controller/install/Ti5_hardware_interface/share/ament_index/resource_index/parent_prefix_path/Ti5_hardware_interface
[3.533s] -- Installing: /home/astra/Ti5_controller/install/Ti5_hardware_interface/share/Ti5_hardware_interface/environment/ament_prefix_path.sh
[3.533s] -- Installing: /home/astra/Ti5_controller/install/Ti5_hardware_interface/share/Ti5_hardware_interface/environment/ament_prefix_path.dsv
[3.533s] -- Installing: /home/astra/Ti5_controller/install/Ti5_hardware_interface/share/Ti5_hardware_interface/environment/path.sh
[3.533s] -- Installing: /home/astra/Ti5_controller/install/Ti5_hardware_interface/share/Ti5_hardware_interface/environment/path.dsv
[3.533s] -- Installing: /home/astra/Ti5_controller/install/Ti5_hardware_interface/share/Ti5_hardware_interface/local_setup.bash
[3.533s] -- Installing: /home/astra/Ti5_controller/install/Ti5_hardware_interface/share/Ti5_hardware_interface/local_setup.sh
[3.533s] -- Installing: /home/astra/Ti5_controller/install/Ti5_hardware_interface/share/Ti5_hardware_interface/local_setup.zsh
[3.533s] -- Installing: /home/astra/Ti5_controller/install/Ti5_hardware_interface/share/Ti5_hardware_interface/local_setup.dsv
[3.533s] -- Installing: /home/astra/Ti5_controller/install/Ti5_hardware_interface/share/Ti5_hardware_interface/package.dsv
[3.534s] -- Installing: /home/astra/Ti5_controller/install/Ti5_hardware_interface/share/ament_index/resource_index/packages/Ti5_hardware_interface
[3.534s] -- Installing: /home/astra/Ti5_controller/install/Ti5_hardware_interface/share/ament_index/resource_index/hardware_interface__pluginlib__plugin/Ti5_hardware_interface
[3.534s] -- Installing: /home/astra/Ti5_controller/install/Ti5_hardware_interface/share/Ti5_hardware_interface/cmake/ament_cmake_export_include_directories-extras.cmake
[3.534s] -- Installing: /home/astra/Ti5_controller/install/Ti5_hardware_interface/share/Ti5_hardware_interface/cmake/ament_cmake_export_libraries-extras.cmake
[3.534s] -- Installing: /home/astra/Ti5_controller/install/Ti5_hardware_interface/share/Ti5_hardware_interface/cmake/ament_cmake_export_dependencies-extras.cmake
[3.534s] -- Installing: /home/astra/Ti5_controller/install/Ti5_hardware_interface/share/Ti5_hardware_interface/cmake/Ti5_hardware_interfaceConfig.cmake
[3.534s] -- Installing: /home/astra/Ti5_controller/install/Ti5_hardware_interface/share/Ti5_hardware_interface/cmake/Ti5_hardware_interfaceConfig-version.cmake
[3.534s] -- Installing: /home/astra/Ti5_controller/install/Ti5_hardware_interface/share/Ti5_hardware_interface/package.xml
[3.537s] Invoked command in '/home/astra/Ti5_controller/build/Ti5_hardware_interface' returned '0': CMAKE_PREFIX_PATH=${CMAKE_PREFIX_PATH}:/opt/ros/humble /usr/bin/cmake --install /home/astra/Ti5_controller/build/Ti5_hardware_interface
