[0.008s] Invoking command in '/home/astra/Ti5_controller/build/Ti5_hardware_interface': CMAKE_PREFIX_PATH=${CMAKE_PREFIX_PATH}:/opt/ros/humble /usr/bin/cmake /home/astra/Ti5_controller/src/Ti5_hardware_interface -DCMAKE_INSTALL_PREFIX=/home/astra/Ti5_controller/install/Ti5_hardware_interface
[0.044s] -- The C compiler identification is GNU 11.4.0
[0.086s] -- The CXX compiler identification is GNU 11.4.0
[0.091s] -- Detecting C compiler ABI info
[0.145s] -- Detecting C compiler ABI info - done
[0.150s] -- Check for working C compiler: /usr/bin/cc - skipped
[0.150s] -- Detecting C compile features
[0.150s] -- Detecting C compile features - done
[0.152s] -- Detecting CXX compiler ABI info
[0.205s] -- Detecting CXX compiler ABI info - done
[0.211s] -- Check for working CXX compiler: /usr/bin/c++ - skipped
[0.211s] -- Detecting CXX compile features
[0.212s] -- Detecting CXX compile features - done
[0.213s] -- Found ament_cmake: 1.3.11 (/opt/ros/humble/share/ament_cmake/cmake)
[0.309s] -- Found Python3: /usr/bin/python3 (found version "3.10.12") found components: Interpreter 
[0.366s] -- Found hardware_interface: 2.51.0 (/opt/ros/humble/share/hardware_interface/cmake)
[0.389s] -- Found rosidl_generator_c: 3.1.6 (/opt/ros/humble/share/rosidl_generator_c/cmake)
[0.392s] -- Found rosidl_adapter: 3.1.6 (/opt/ros/humble/share/rosidl_adapter/cmake)
[0.397s] -- Found rosidl_generator_cpp: 3.1.6 (/opt/ros/humble/share/rosidl_generator_cpp/cmake)
[0.404s] -- Using all available rosidl_typesupport_c: rosidl_typesupport_fastrtps_c;rosidl_typesupport_introspection_c
[0.414s] -- Using all available rosidl_typesupport_cpp: rosidl_typesupport_fastrtps_cpp;rosidl_typesupport_introspection_cpp
[0.535s] -- Found rmw_implementation_cmake: 6.1.2 (/opt/ros/humble/share/rmw_implementation_cmake/cmake)
[0.537s] -- Found rmw_cyclonedds_cpp: 1.3.4 (/opt/ros/humble/share/rmw_cyclonedds_cpp/cmake)
[0.549s] -- Using RMW implementation 'rmw_cyclonedds_cpp' as default
[0.554s] -- Looking for pthread.h
[0.599s] -- Looking for pthread.h - found
[0.599s] -- Performing Test CMAKE_HAVE_LIBC_PTHREAD
[0.648s] -- Performing Test CMAKE_HAVE_LIBC_PTHREAD - Success
[0.648s] -- Found Threads: TRUE  
[0.718s] WARNING: Package name "Ti5_hardware_interface" does not follow the naming conventions. It should start with a lower case letter and only contain lower case letters, digits, underscores, and dashes.
[0.726s] -- Configuring done
[0.738s] -- Generating done
[0.739s] -- Build files have been written to: /home/astra/Ti5_controller/build/Ti5_hardware_interface
[0.744s] Invoked command in '/home/astra/Ti5_controller/build/Ti5_hardware_interface' returned '0': CMAKE_PREFIX_PATH=${CMAKE_PREFIX_PATH}:/opt/ros/humble /usr/bin/cmake /home/astra/Ti5_controller/src/Ti5_hardware_interface -DCMAKE_INSTALL_PREFIX=/home/astra/Ti5_controller/install/Ti5_hardware_interface
[0.746s] Invoking command in '/home/astra/Ti5_controller/build/Ti5_hardware_interface': CMAKE_PREFIX_PATH=${CMAKE_PREFIX_PATH}:/opt/ros/humble /usr/bin/cmake --build /home/astra/Ti5_controller/build/Ti5_hardware_interface -- -j24 -l24
[0.778s] [ 33%] [32mBuilding CXX object CMakeFiles/Ti5_hardware_interface.dir/src/hardware.cpp.o[0m
[0.779s] [ 66%] [32mBuilding CXX object CMakeFiles/Ti5_hardware_interface.dir/can_control/src/can_hw.cpp.o[0m
[0.943s] [01m[K/home/astra/Ti5_controller/src/Ti5_hardware_interface/can_control/src/can_hw.cpp:[m[K In member function ‘[01m[Kvoid CANMotorInterface::sendCanCommand(uint8_t, uint8_t, float)[m[K’:
[0.943s] [01m[K/home/astra/Ti5_controller/src/Ti5_hardware_interface/can_control/src/can_hw.cpp:126:26:[m[K [01;35m[Kwarning: [m[Kunused variable ‘[01m[Kreclen[m[K’ [[01;35m[K]8;;https://gcc.gnu.org/onlinedocs/gcc/Warning-Options.html#index-Wunused-variable-Wunused-variable]8;;[m[K]
[0.943s]   126 |     int res[4], cnt = 2, [01;35m[Kreclen[m[K = 0;
[0.943s]       |                          [01;35m[K^~~~~~[m[K
[2.750s] [100%] [32m[1mLinking CXX shared library libTi5_hardware_interface.so[0m
[2.856s] [100%] Built target Ti5_hardware_interface
[2.862s] Invoked command in '/home/astra/Ti5_controller/build/Ti5_hardware_interface' returned '0': CMAKE_PREFIX_PATH=${CMAKE_PREFIX_PATH}:/opt/ros/humble /usr/bin/cmake --build /home/astra/Ti5_controller/build/Ti5_hardware_interface -- -j24 -l24
[2.879s] Invoking command in '/home/astra/Ti5_controller/build/Ti5_hardware_interface': CMAKE_PREFIX_PATH=${CMAKE_PREFIX_PATH}:/opt/ros/humble /usr/bin/cmake --install /home/astra/Ti5_controller/build/Ti5_hardware_interface
[2.884s] -- Install configuration: ""
[2.884s] -- Installing: /home/astra/Ti5_controller/install/Ti5_hardware_interface/share/Ti5_hardware_interface/Ti5_hardware_interface.xml
[2.884s] -- Installing: /home/astra/Ti5_controller/install/Ti5_hardware_interface/lib/libTi5_hardware_interface.so
[2.885s] -- Set runtime path of "/home/astra/Ti5_controller/install/Ti5_hardware_interface/lib/libTi5_hardware_interface.so" to ""
[2.885s] -- Installing: /home/astra/Ti5_controller/install/Ti5_hardware_interface/include
[2.885s] -- Installing: /home/astra/Ti5_controller/install/Ti5_hardware_interface/include/Ti5_hardware_interface
[2.885s] -- Installing: /home/astra/Ti5_controller/install/Ti5_hardware_interface/include/Ti5_hardware_interface/hardware.hpp
[2.885s] -- Installing: /home/astra/Ti5_controller/install/Ti5_hardware_interface/include/Ti5_hardware_interface/visibility_control.h
[2.885s] -- Up-to-date: /home/astra/Ti5_controller/install/Ti5_hardware_interface/share/Ti5_hardware_interface/Ti5_hardware_interface.xml
[2.885s] -- Installing: /home/astra/Ti5_controller/install/Ti5_hardware_interface/share/Ti5_hardware_interface/environment/library_path.sh
[2.885s] -- Installing: /home/astra/Ti5_controller/install/Ti5_hardware_interface/share/Ti5_hardware_interface/environment/library_path.dsv
[2.885s] -- Installing: /home/astra/Ti5_controller/install/Ti5_hardware_interface/share/ament_index/resource_index/package_run_dependencies/Ti5_hardware_interface
[2.885s] -- Installing: /home/astra/Ti5_controller/install/Ti5_hardware_interface/share/ament_index/resource_index/parent_prefix_path/Ti5_hardware_interface
[2.885s] -- Installing: /home/astra/Ti5_controller/install/Ti5_hardware_interface/share/Ti5_hardware_interface/environment/ament_prefix_path.sh
[2.885s] -- Installing: /home/astra/Ti5_controller/install/Ti5_hardware_interface/share/Ti5_hardware_interface/environment/ament_prefix_path.dsv
[2.885s] -- Installing: /home/astra/Ti5_controller/install/Ti5_hardware_interface/share/Ti5_hardware_interface/environment/path.sh
[2.885s] -- Installing: /home/astra/Ti5_controller/install/Ti5_hardware_interface/share/Ti5_hardware_interface/environment/path.dsv
[2.886s] -- Installing: /home/astra/Ti5_controller/install/Ti5_hardware_interface/share/Ti5_hardware_interface/local_setup.bash
[2.886s] -- Installing: /home/astra/Ti5_controller/install/Ti5_hardware_interface/share/Ti5_hardware_interface/local_setup.sh
[2.886s] -- Installing: /home/astra/Ti5_controller/install/Ti5_hardware_interface/share/Ti5_hardware_interface/local_setup.zsh
[2.886s] -- Installing: /home/astra/Ti5_controller/install/Ti5_hardware_interface/share/Ti5_hardware_interface/local_setup.dsv
[2.886s] -- Installing: /home/astra/Ti5_controller/install/Ti5_hardware_interface/share/Ti5_hardware_interface/package.dsv
[2.886s] -- Installing: /home/astra/Ti5_controller/install/Ti5_hardware_interface/share/ament_index/resource_index/packages/Ti5_hardware_interface
[2.886s] -- Installing: /home/astra/Ti5_controller/install/Ti5_hardware_interface/share/ament_index/resource_index/hardware_interface__pluginlib__plugin/Ti5_hardware_interface
[2.886s] -- Installing: /home/astra/Ti5_controller/install/Ti5_hardware_interface/share/Ti5_hardware_interface/cmake/ament_cmake_export_dependencies-extras.cmake
[2.886s] -- Installing: /home/astra/Ti5_controller/install/Ti5_hardware_interface/share/Ti5_hardware_interface/cmake/ament_cmake_export_include_directories-extras.cmake
[2.886s] -- Installing: /home/astra/Ti5_controller/install/Ti5_hardware_interface/share/Ti5_hardware_interface/cmake/ament_cmake_export_libraries-extras.cmake
[2.886s] -- Installing: /home/astra/Ti5_controller/install/Ti5_hardware_interface/share/Ti5_hardware_interface/cmake/Ti5_hardware_interfaceConfig.cmake
[2.886s] -- Installing: /home/astra/Ti5_controller/install/Ti5_hardware_interface/share/Ti5_hardware_interface/cmake/Ti5_hardware_interfaceConfig-version.cmake
[2.886s] -- Installing: /home/astra/Ti5_controller/install/Ti5_hardware_interface/share/Ti5_hardware_interface/package.xml
[2.887s] Invoked command in '/home/astra/Ti5_controller/build/Ti5_hardware_interface' returned '0': CMAKE_PREFIX_PATH=${CMAKE_PREFIX_PATH}:/opt/ros/humble /usr/bin/cmake --install /home/astra/Ti5_controller/build/Ti5_hardware_interface
