[0.068s] DEBUG:colcon:Command line arguments: ['/usr/bin/colcon', 'build']
[0.068s] DEBUG:colcon:Parsed command line arguments: Namespace(log_base=None, log_level=None, verb_name='build', build_base='build', install_base='install', merge_install=False, symlink_install=False, test_result_base=None, continue_on_error=False, executor='parallel', parallel_workers=24, event_handlers=None, ignore_user_meta=False, metas=['./colcon.meta'], base_paths=['.'], packages_ignore=None, packages_ignore_regex=None, paths=None, packages_up_to=None, packages_up_to_regex=None, packages_above=None, packages_above_and_dependencies=None, packages_above_depth=None, packages_select_by_dep=None, packages_skip_by_dep=None, packages_skip_up_to=None, packages_select_build_failed=False, packages_skip_build_finished=False, packages_select_test_failures=False, packages_skip_test_passed=False, packages_select=None, packages_skip=None, packages_select_regex=None, packages_skip_regex=None, packages_start=None, packages_end=None, allow_overriding=[], cmake_args=None, cmake_target=None, cmake_target_skip_unavailable=False, cmake_clean_cache=False, cmake_clean_first=False, cmake_force_configure=False, ament_cmake_args=None, catkin_cmake_args=None, catkin_skip_building_tests=False, mixin_files=None, mixin=None, verb_parser=<colcon_mixin.mixin.mixin_argument.MixinArgumentDecorator object at 0x74a00eded150>, verb_extension=<colcon_core.verb.build.BuildVerb object at 0x74a00edecc70>, main=<bound method BuildVerb.main of <colcon_core.verb.build.BuildVerb object at 0x74a00edecc70>>, mixin_verb=('build',))
[0.158s] Level 1:colcon.colcon_core.package_discovery:discover_packages(colcon_meta) check parameters
[0.158s] Level 1:colcon.colcon_core.package_discovery:discover_packages(recursive) check parameters
[0.158s] Level 1:colcon.colcon_core.package_discovery:discover_packages(ignore) check parameters
[0.158s] Level 1:colcon.colcon_core.package_discovery:discover_packages(path) check parameters
[0.158s] Level 1:colcon.colcon_core.package_discovery:discover_packages(colcon_meta) discover
[0.158s] Level 1:colcon.colcon_core.package_discovery:discover_packages(recursive) discover
[0.158s] INFO:colcon.colcon_core.package_discovery:Crawling recursively for packages in '/home/astra/Ti5_controller'
[0.158s] Level 1:colcon.colcon_core.package_identification:_identify(.) by extensions ['ignore', 'ignore_ament_install']
[0.158s] Level 1:colcon.colcon_core.package_identification:_identify(.) by extension 'ignore'
[0.159s] Level 1:colcon.colcon_core.package_identification:_identify(.) by extension 'ignore_ament_install'
[0.159s] Level 1:colcon.colcon_core.package_identification:_identify(.) by extensions ['colcon_pkg']
[0.159s] Level 1:colcon.colcon_core.package_identification:_identify(.) by extension 'colcon_pkg'
[0.159s] Level 1:colcon.colcon_core.package_identification:_identify(.) by extensions ['colcon_meta']
[0.159s] Level 1:colcon.colcon_core.package_identification:_identify(.) by extension 'colcon_meta'
[0.159s] Level 1:colcon.colcon_core.package_identification:_identify(.) by extensions ['ros']
[0.159s] Level 1:colcon.colcon_core.package_identification:_identify(.) by extension 'ros'
[0.165s] Level 1:colcon.colcon_core.package_identification:_identify(.) by extensions ['cmake', 'python']
[0.165s] Level 1:colcon.colcon_core.package_identification:_identify(.) by extension 'cmake'
[0.165s] Level 1:colcon.colcon_core.package_identification:_identify(.) by extension 'python'
[0.165s] Level 1:colcon.colcon_core.package_identification:_identify(.) by extensions ['python_setup_py']
[0.165s] Level 1:colcon.colcon_core.package_identification:_identify(.) by extension 'python_setup_py'
[0.165s] Level 1:colcon.colcon_core.package_identification:_identify(build) by extensions ['ignore', 'ignore_ament_install']
[0.165s] Level 1:colcon.colcon_core.package_identification:_identify(build) by extension 'ignore'
[0.165s] Level 1:colcon.colcon_core.package_identification:_identify(build) ignored
[0.166s] Level 1:colcon.colcon_core.package_identification:_identify(install) by extensions ['ignore', 'ignore_ament_install']
[0.166s] Level 1:colcon.colcon_core.package_identification:_identify(install) by extension 'ignore'
[0.166s] Level 1:colcon.colcon_core.package_identification:_identify(install) ignored
[0.166s] Level 1:colcon.colcon_core.package_identification:_identify(log) by extensions ['ignore', 'ignore_ament_install']
[0.166s] Level 1:colcon.colcon_core.package_identification:_identify(log) by extension 'ignore'
[0.166s] Level 1:colcon.colcon_core.package_identification:_identify(log) ignored
[0.166s] Level 1:colcon.colcon_core.package_identification:_identify(src) by extensions ['ignore', 'ignore_ament_install']
[0.166s] Level 1:colcon.colcon_core.package_identification:_identify(src) by extension 'ignore'
[0.166s] Level 1:colcon.colcon_core.package_identification:_identify(src) by extension 'ignore_ament_install'
[0.166s] Level 1:colcon.colcon_core.package_identification:_identify(src) by extensions ['colcon_pkg']
[0.166s] Level 1:colcon.colcon_core.package_identification:_identify(src) by extension 'colcon_pkg'
[0.166s] Level 1:colcon.colcon_core.package_identification:_identify(src) by extensions ['colcon_meta']
[0.166s] Level 1:colcon.colcon_core.package_identification:_identify(src) by extension 'colcon_meta'
[0.166s] Level 1:colcon.colcon_core.package_identification:_identify(src) by extensions ['ros']
[0.166s] Level 1:colcon.colcon_core.package_identification:_identify(src) by extension 'ros'
[0.166s] Level 1:colcon.colcon_core.package_identification:_identify(src) by extensions ['cmake', 'python']
[0.166s] Level 1:colcon.colcon_core.package_identification:_identify(src) by extension 'cmake'
[0.166s] Level 1:colcon.colcon_core.package_identification:_identify(src) by extension 'python'
[0.166s] Level 1:colcon.colcon_core.package_identification:_identify(src) by extensions ['python_setup_py']
[0.166s] Level 1:colcon.colcon_core.package_identification:_identify(src) by extension 'python_setup_py'
[0.166s] Level 1:colcon.colcon_core.package_identification:_identify(src/T170_ARMS_moveit_config) by extensions ['ignore', 'ignore_ament_install']
[0.166s] Level 1:colcon.colcon_core.package_identification:_identify(src/T170_ARMS_moveit_config) by extension 'ignore'
[0.166s] Level 1:colcon.colcon_core.package_identification:_identify(src/T170_ARMS_moveit_config) by extension 'ignore_ament_install'
[0.166s] Level 1:colcon.colcon_core.package_identification:_identify(src/T170_ARMS_moveit_config) by extensions ['colcon_pkg']
[0.166s] Level 1:colcon.colcon_core.package_identification:_identify(src/T170_ARMS_moveit_config) by extension 'colcon_pkg'
[0.166s] Level 1:colcon.colcon_core.package_identification:_identify(src/T170_ARMS_moveit_config) by extensions ['colcon_meta']
[0.166s] Level 1:colcon.colcon_core.package_identification:_identify(src/T170_ARMS_moveit_config) by extension 'colcon_meta'
[0.166s] Level 1:colcon.colcon_core.package_identification:_identify(src/T170_ARMS_moveit_config) by extensions ['ros']
[0.166s] Level 1:colcon.colcon_core.package_identification:_identify(src/T170_ARMS_moveit_config) by extension 'ros'
[0.168s] DEBUG:colcon.colcon_core.package_identification:Package 'src/T170_ARMS_moveit_config' with type 'ros.ament_cmake' and name 'T170_ARMS_moveit_config'
[0.168s] Level 1:colcon.colcon_core.package_identification:_identify(src/Ti5_arms_controller) by extensions ['ignore', 'ignore_ament_install']
[0.168s] Level 1:colcon.colcon_core.package_identification:_identify(src/Ti5_arms_controller) by extension 'ignore'
[0.168s] Level 1:colcon.colcon_core.package_identification:_identify(src/Ti5_arms_controller) by extension 'ignore_ament_install'
[0.168s] Level 1:colcon.colcon_core.package_identification:_identify(src/Ti5_arms_controller) by extensions ['colcon_pkg']
[0.168s] Level 1:colcon.colcon_core.package_identification:_identify(src/Ti5_arms_controller) by extension 'colcon_pkg'
[0.168s] Level 1:colcon.colcon_core.package_identification:_identify(src/Ti5_arms_controller) by extensions ['colcon_meta']
[0.168s] Level 1:colcon.colcon_core.package_identification:_identify(src/Ti5_arms_controller) by extension 'colcon_meta'
[0.168s] Level 1:colcon.colcon_core.package_identification:_identify(src/Ti5_arms_controller) by extensions ['ros']
[0.168s] Level 1:colcon.colcon_core.package_identification:_identify(src/Ti5_arms_controller) by extension 'ros'
[0.169s] DEBUG:colcon.colcon_core.package_identification:Package 'src/Ti5_arms_controller' with type 'ros.ament_cmake' and name 'Ti5_arms_controller'
[0.169s] Level 1:colcon.colcon_core.package_identification:_identify(src/Ti5_hardware_interface) by extensions ['ignore', 'ignore_ament_install']
[0.169s] Level 1:colcon.colcon_core.package_identification:_identify(src/Ti5_hardware_interface) by extension 'ignore'
[0.169s] Level 1:colcon.colcon_core.package_identification:_identify(src/Ti5_hardware_interface) by extension 'ignore_ament_install'
[0.169s] Level 1:colcon.colcon_core.package_identification:_identify(src/Ti5_hardware_interface) by extensions ['colcon_pkg']
[0.169s] Level 1:colcon.colcon_core.package_identification:_identify(src/Ti5_hardware_interface) by extension 'colcon_pkg'
[0.169s] Level 1:colcon.colcon_core.package_identification:_identify(src/Ti5_hardware_interface) by extensions ['colcon_meta']
[0.169s] Level 1:colcon.colcon_core.package_identification:_identify(src/Ti5_hardware_interface) by extension 'colcon_meta'
[0.169s] Level 1:colcon.colcon_core.package_identification:_identify(src/Ti5_hardware_interface) by extensions ['ros']
[0.169s] Level 1:colcon.colcon_core.package_identification:_identify(src/Ti5_hardware_interface) by extension 'ros'
[0.170s] DEBUG:colcon.colcon_core.package_identification:Package 'src/Ti5_hardware_interface' with type 'ros.ament_cmake' and name 'Ti5_hardware_interface'
[0.170s] Level 1:colcon.colcon_core.package_identification:_identify(src/Ti5_moveit_interface) by extensions ['ignore', 'ignore_ament_install']
[0.170s] Level 1:colcon.colcon_core.package_identification:_identify(src/Ti5_moveit_interface) by extension 'ignore'
[0.170s] Level 1:colcon.colcon_core.package_identification:_identify(src/Ti5_moveit_interface) by extension 'ignore_ament_install'
[0.170s] Level 1:colcon.colcon_core.package_identification:_identify(src/Ti5_moveit_interface) by extensions ['colcon_pkg']
[0.170s] Level 1:colcon.colcon_core.package_identification:_identify(src/Ti5_moveit_interface) by extension 'colcon_pkg'
[0.170s] Level 1:colcon.colcon_core.package_identification:_identify(src/Ti5_moveit_interface) by extensions ['colcon_meta']
[0.170s] Level 1:colcon.colcon_core.package_identification:_identify(src/Ti5_moveit_interface) by extension 'colcon_meta'
[0.170s] Level 1:colcon.colcon_core.package_identification:_identify(src/Ti5_moveit_interface) by extensions ['ros']
[0.170s] Level 1:colcon.colcon_core.package_identification:_identify(src/Ti5_moveit_interface) by extension 'ros'
[0.170s] DEBUG:colcon.colcon_core.package_identification:Package 'src/Ti5_moveit_interface' with type 'ros.ament_cmake' and name 'Ti5_moveit_interface'
[0.171s] Level 1:colcon.colcon_core.package_identification:_identify(src/arms_description) by extensions ['ignore', 'ignore_ament_install']
[0.171s] Level 1:colcon.colcon_core.package_identification:_identify(src/arms_description) by extension 'ignore'
[0.171s] Level 1:colcon.colcon_core.package_identification:_identify(src/arms_description) by extension 'ignore_ament_install'
[0.171s] Level 1:colcon.colcon_core.package_identification:_identify(src/arms_description) by extensions ['colcon_pkg']
[0.171s] Level 1:colcon.colcon_core.package_identification:_identify(src/arms_description) by extension 'colcon_pkg'
[0.171s] Level 1:colcon.colcon_core.package_identification:_identify(src/arms_description) by extensions ['colcon_meta']
[0.171s] Level 1:colcon.colcon_core.package_identification:_identify(src/arms_description) by extension 'colcon_meta'
[0.171s] Level 1:colcon.colcon_core.package_identification:_identify(src/arms_description) by extensions ['ros']
[0.171s] Level 1:colcon.colcon_core.package_identification:_identify(src/arms_description) by extension 'ros'
[0.171s] DEBUG:colcon.colcon_core.package_identification:Package 'src/arms_description' with type 'ros.ament_cmake' and name 'arms_description'
[0.171s] Level 1:colcon.colcon_core.package_identification:_identify(src/bringup) by extensions ['ignore', 'ignore_ament_install']
[0.171s] Level 1:colcon.colcon_core.package_identification:_identify(src/bringup) by extension 'ignore'
[0.171s] Level 1:colcon.colcon_core.package_identification:_identify(src/bringup) by extension 'ignore_ament_install'
[0.171s] Level 1:colcon.colcon_core.package_identification:_identify(src/bringup) by extensions ['colcon_pkg']
[0.171s] Level 1:colcon.colcon_core.package_identification:_identify(src/bringup) by extension 'colcon_pkg'
[0.171s] Level 1:colcon.colcon_core.package_identification:_identify(src/bringup) by extensions ['colcon_meta']
[0.171s] Level 1:colcon.colcon_core.package_identification:_identify(src/bringup) by extension 'colcon_meta'
[0.171s] Level 1:colcon.colcon_core.package_identification:_identify(src/bringup) by extensions ['ros']
[0.171s] Level 1:colcon.colcon_core.package_identification:_identify(src/bringup) by extension 'ros'
[0.171s] DEBUG:colcon.colcon_core.package_identification:Package 'src/bringup' with type 'ros.ament_cmake' and name 'bringup'
[0.172s] Level 1:colcon.colcon_core.package_discovery:discover_packages(recursive) using defaults
[0.172s] Level 1:colcon.colcon_core.package_discovery:discover_packages(ignore) discover
[0.172s] Level 1:colcon.colcon_core.package_discovery:discover_packages(ignore) using defaults
[0.172s] Level 1:colcon.colcon_core.package_discovery:discover_packages(path) discover
[0.172s] Level 1:colcon.colcon_core.package_discovery:discover_packages(path) using defaults
[0.189s] Level 1:colcon.colcon_core.package_discovery:discover_packages(prefix_path) check parameters
[0.189s] Level 1:colcon.colcon_core.package_discovery:discover_packages(prefix_path) discover
[0.190s] WARNING:colcon.colcon_ros.prefix_path.ament:The path '/home/astra/Ti5_controller/install/T170_ARMS_moveit_config' in the environment variable AMENT_PREFIX_PATH doesn't exist
[0.190s] WARNING:colcon.colcon_ros.prefix_path.ament:The path '/home/astra/Ti5_controller/install/set_ass' in the environment variable AMENT_PREFIX_PATH doesn't exist
[0.190s] WARNING:colcon.colcon_ros.prefix_path.ament:The path '/home/astra/Ti5_controller/install/Ti5_moveit_interface' in the environment variable AMENT_PREFIX_PATH doesn't exist
[0.190s] WARNING:colcon.colcon_ros.prefix_path.ament:The path '/home/astra/Ti5_controller/install/bringup' in the environment variable AMENT_PREFIX_PATH doesn't exist
[0.190s] WARNING:colcon.colcon_ros.prefix_path.ament:The path '/home/astra/Ti5_controller/install/arms_description' in the environment variable AMENT_PREFIX_PATH doesn't exist
[0.190s] WARNING:colcon.colcon_ros.prefix_path.ament:The path '/home/astra/Ti5_controller/install/Ti5_hardware_interface' in the environment variable AMENT_PREFIX_PATH doesn't exist
[0.190s] WARNING:colcon.colcon_ros.prefix_path.ament:The path '/home/astra/Ti5_controller/install/Ti5_arms_controller' in the environment variable AMENT_PREFIX_PATH doesn't exist
[0.190s] WARNING:colcon.colcon_ros.prefix_path.catkin:The path '/home/astra/Ti5_controller/install/T170_ARMS_moveit_config' in the environment variable CMAKE_PREFIX_PATH doesn't exist
[0.190s] WARNING:colcon.colcon_ros.prefix_path.catkin:The path '/home/astra/Ti5_controller/install/set_ass' in the environment variable CMAKE_PREFIX_PATH doesn't exist
[0.190s] WARNING:colcon.colcon_ros.prefix_path.catkin:The path '/home/astra/Ti5_controller/install/Ti5_moveit_interface' in the environment variable CMAKE_PREFIX_PATH doesn't exist
[0.190s] WARNING:colcon.colcon_ros.prefix_path.catkin:The path '/home/astra/Ti5_controller/install/bringup' in the environment variable CMAKE_PREFIX_PATH doesn't exist
[0.190s] WARNING:colcon.colcon_ros.prefix_path.catkin:The path '/home/astra/Ti5_controller/install/arms_description' in the environment variable CMAKE_PREFIX_PATH doesn't exist
[0.190s] WARNING:colcon.colcon_ros.prefix_path.catkin:The path '/home/astra/Ti5_controller/install/Ti5_hardware_interface' in the environment variable CMAKE_PREFIX_PATH doesn't exist
[0.190s] WARNING:colcon.colcon_ros.prefix_path.catkin:The path '/home/astra/Ti5_controller/install/Ti5_arms_controller' in the environment variable CMAKE_PREFIX_PATH doesn't exist
[0.190s] DEBUG:colcon.colcon_installed_package_information.package_discovery:Found 0 installed packages in /home/astra/Ti5_controller/install
[0.191s] DEBUG:colcon.colcon_installed_package_information.package_discovery:Found 376 installed packages in /opt/ros/humble
[0.192s] Level 1:colcon.colcon_core.package_discovery:discover_packages(prefix_path) using defaults
[0.217s] Level 5:colcon.colcon_core.verb:set package 'Ti5_arms_controller' build argument 'cmake_args' from command line to 'None'
[0.217s] Level 5:colcon.colcon_core.verb:set package 'Ti5_arms_controller' build argument 'cmake_target' from command line to 'None'
[0.217s] Level 5:colcon.colcon_core.verb:set package 'Ti5_arms_controller' build argument 'cmake_target_skip_unavailable' from command line to 'False'
[0.217s] Level 5:colcon.colcon_core.verb:set package 'Ti5_arms_controller' build argument 'cmake_clean_cache' from command line to 'False'
[0.217s] Level 5:colcon.colcon_core.verb:set package 'Ti5_arms_controller' build argument 'cmake_clean_first' from command line to 'False'
[0.217s] Level 5:colcon.colcon_core.verb:set package 'Ti5_arms_controller' build argument 'cmake_force_configure' from command line to 'False'
[0.217s] Level 5:colcon.colcon_core.verb:set package 'Ti5_arms_controller' build argument 'ament_cmake_args' from command line to 'None'
[0.217s] Level 5:colcon.colcon_core.verb:set package 'Ti5_arms_controller' build argument 'catkin_cmake_args' from command line to 'None'
[0.217s] Level 5:colcon.colcon_core.verb:set package 'Ti5_arms_controller' build argument 'catkin_skip_building_tests' from command line to 'False'
[0.217s] DEBUG:colcon.colcon_core.verb:Building package 'Ti5_arms_controller' with the following arguments: {'ament_cmake_args': None, 'build_base': '/home/astra/Ti5_controller/build/Ti5_arms_controller', 'catkin_cmake_args': None, 'catkin_skip_building_tests': False, 'cmake_args': None, 'cmake_clean_cache': False, 'cmake_clean_first': False, 'cmake_force_configure': False, 'cmake_target': None, 'cmake_target_skip_unavailable': False, 'install_base': '/home/astra/Ti5_controller/install/Ti5_arms_controller', 'merge_install': False, 'path': '/home/astra/Ti5_controller/src/Ti5_arms_controller', 'symlink_install': False, 'test_result_base': None}
[0.218s] Level 5:colcon.colcon_core.verb:set package 'Ti5_hardware_interface' build argument 'cmake_args' from command line to 'None'
[0.218s] Level 5:colcon.colcon_core.verb:set package 'Ti5_hardware_interface' build argument 'cmake_target' from command line to 'None'
[0.218s] Level 5:colcon.colcon_core.verb:set package 'Ti5_hardware_interface' build argument 'cmake_target_skip_unavailable' from command line to 'False'
[0.218s] Level 5:colcon.colcon_core.verb:set package 'Ti5_hardware_interface' build argument 'cmake_clean_cache' from command line to 'False'
[0.218s] Level 5:colcon.colcon_core.verb:set package 'Ti5_hardware_interface' build argument 'cmake_clean_first' from command line to 'False'
[0.218s] Level 5:colcon.colcon_core.verb:set package 'Ti5_hardware_interface' build argument 'cmake_force_configure' from command line to 'False'
[0.218s] Level 5:colcon.colcon_core.verb:set package 'Ti5_hardware_interface' build argument 'ament_cmake_args' from command line to 'None'
[0.218s] Level 5:colcon.colcon_core.verb:set package 'Ti5_hardware_interface' build argument 'catkin_cmake_args' from command line to 'None'
[0.218s] Level 5:colcon.colcon_core.verb:set package 'Ti5_hardware_interface' build argument 'catkin_skip_building_tests' from command line to 'False'
[0.218s] DEBUG:colcon.colcon_core.verb:Building package 'Ti5_hardware_interface' with the following arguments: {'ament_cmake_args': None, 'build_base': '/home/astra/Ti5_controller/build/Ti5_hardware_interface', 'catkin_cmake_args': None, 'catkin_skip_building_tests': False, 'cmake_args': None, 'cmake_clean_cache': False, 'cmake_clean_first': False, 'cmake_force_configure': False, 'cmake_target': None, 'cmake_target_skip_unavailable': False, 'install_base': '/home/astra/Ti5_controller/install/Ti5_hardware_interface', 'merge_install': False, 'path': '/home/astra/Ti5_controller/src/Ti5_hardware_interface', 'symlink_install': False, 'test_result_base': None}
[0.218s] Level 5:colcon.colcon_core.verb:set package 'Ti5_moveit_interface' build argument 'cmake_args' from command line to 'None'
[0.218s] Level 5:colcon.colcon_core.verb:set package 'Ti5_moveit_interface' build argument 'cmake_target' from command line to 'None'
[0.218s] Level 5:colcon.colcon_core.verb:set package 'Ti5_moveit_interface' build argument 'cmake_target_skip_unavailable' from command line to 'False'
[0.218s] Level 5:colcon.colcon_core.verb:set package 'Ti5_moveit_interface' build argument 'cmake_clean_cache' from command line to 'False'
[0.218s] Level 5:colcon.colcon_core.verb:set package 'Ti5_moveit_interface' build argument 'cmake_clean_first' from command line to 'False'
[0.218s] Level 5:colcon.colcon_core.verb:set package 'Ti5_moveit_interface' build argument 'cmake_force_configure' from command line to 'False'
[0.218s] Level 5:colcon.colcon_core.verb:set package 'Ti5_moveit_interface' build argument 'ament_cmake_args' from command line to 'None'
[0.218s] Level 5:colcon.colcon_core.verb:set package 'Ti5_moveit_interface' build argument 'catkin_cmake_args' from command line to 'None'
[0.218s] Level 5:colcon.colcon_core.verb:set package 'Ti5_moveit_interface' build argument 'catkin_skip_building_tests' from command line to 'False'
[0.218s] DEBUG:colcon.colcon_core.verb:Building package 'Ti5_moveit_interface' with the following arguments: {'ament_cmake_args': None, 'build_base': '/home/astra/Ti5_controller/build/Ti5_moveit_interface', 'catkin_cmake_args': None, 'catkin_skip_building_tests': False, 'cmake_args': None, 'cmake_clean_cache': False, 'cmake_clean_first': False, 'cmake_force_configure': False, 'cmake_target': None, 'cmake_target_skip_unavailable': False, 'install_base': '/home/astra/Ti5_controller/install/Ti5_moveit_interface', 'merge_install': False, 'path': '/home/astra/Ti5_controller/src/Ti5_moveit_interface', 'symlink_install': False, 'test_result_base': None}
[0.218s] Level 5:colcon.colcon_core.verb:set package 'arms_description' build argument 'cmake_args' from command line to 'None'
[0.218s] Level 5:colcon.colcon_core.verb:set package 'arms_description' build argument 'cmake_target' from command line to 'None'
[0.218s] Level 5:colcon.colcon_core.verb:set package 'arms_description' build argument 'cmake_target_skip_unavailable' from command line to 'False'
[0.218s] Level 5:colcon.colcon_core.verb:set package 'arms_description' build argument 'cmake_clean_cache' from command line to 'False'
[0.218s] Level 5:colcon.colcon_core.verb:set package 'arms_description' build argument 'cmake_clean_first' from command line to 'False'
[0.218s] Level 5:colcon.colcon_core.verb:set package 'arms_description' build argument 'cmake_force_configure' from command line to 'False'
[0.218s] Level 5:colcon.colcon_core.verb:set package 'arms_description' build argument 'ament_cmake_args' from command line to 'None'
[0.218s] Level 5:colcon.colcon_core.verb:set package 'arms_description' build argument 'catkin_cmake_args' from command line to 'None'
[0.218s] Level 5:colcon.colcon_core.verb:set package 'arms_description' build argument 'catkin_skip_building_tests' from command line to 'False'
[0.218s] DEBUG:colcon.colcon_core.verb:Building package 'arms_description' with the following arguments: {'ament_cmake_args': None, 'build_base': '/home/astra/Ti5_controller/build/arms_description', 'catkin_cmake_args': None, 'catkin_skip_building_tests': False, 'cmake_args': None, 'cmake_clean_cache': False, 'cmake_clean_first': False, 'cmake_force_configure': False, 'cmake_target': None, 'cmake_target_skip_unavailable': False, 'install_base': '/home/astra/Ti5_controller/install/arms_description', 'merge_install': False, 'path': '/home/astra/Ti5_controller/src/arms_description', 'symlink_install': False, 'test_result_base': None}
[0.219s] Level 5:colcon.colcon_core.verb:set package 'bringup' build argument 'cmake_args' from command line to 'None'
[0.219s] Level 5:colcon.colcon_core.verb:set package 'bringup' build argument 'cmake_target' from command line to 'None'
[0.219s] Level 5:colcon.colcon_core.verb:set package 'bringup' build argument 'cmake_target_skip_unavailable' from command line to 'False'
[0.219s] Level 5:colcon.colcon_core.verb:set package 'bringup' build argument 'cmake_clean_cache' from command line to 'False'
[0.219s] Level 5:colcon.colcon_core.verb:set package 'bringup' build argument 'cmake_clean_first' from command line to 'False'
[0.219s] Level 5:colcon.colcon_core.verb:set package 'bringup' build argument 'cmake_force_configure' from command line to 'False'
[0.219s] Level 5:colcon.colcon_core.verb:set package 'bringup' build argument 'ament_cmake_args' from command line to 'None'
[0.219s] Level 5:colcon.colcon_core.verb:set package 'bringup' build argument 'catkin_cmake_args' from command line to 'None'
[0.219s] Level 5:colcon.colcon_core.verb:set package 'bringup' build argument 'catkin_skip_building_tests' from command line to 'False'
[0.219s] DEBUG:colcon.colcon_core.verb:Building package 'bringup' with the following arguments: {'ament_cmake_args': None, 'build_base': '/home/astra/Ti5_controller/build/bringup', 'catkin_cmake_args': None, 'catkin_skip_building_tests': False, 'cmake_args': None, 'cmake_clean_cache': False, 'cmake_clean_first': False, 'cmake_force_configure': False, 'cmake_target': None, 'cmake_target_skip_unavailable': False, 'install_base': '/home/astra/Ti5_controller/install/bringup', 'merge_install': False, 'path': '/home/astra/Ti5_controller/src/bringup', 'symlink_install': False, 'test_result_base': None}
[0.219s] Level 5:colcon.colcon_core.verb:set package 'T170_ARMS_moveit_config' build argument 'cmake_args' from command line to 'None'
[0.219s] Level 5:colcon.colcon_core.verb:set package 'T170_ARMS_moveit_config' build argument 'cmake_target' from command line to 'None'
[0.219s] Level 5:colcon.colcon_core.verb:set package 'T170_ARMS_moveit_config' build argument 'cmake_target_skip_unavailable' from command line to 'False'
[0.219s] Level 5:colcon.colcon_core.verb:set package 'T170_ARMS_moveit_config' build argument 'cmake_clean_cache' from command line to 'False'
[0.219s] Level 5:colcon.colcon_core.verb:set package 'T170_ARMS_moveit_config' build argument 'cmake_clean_first' from command line to 'False'
[0.219s] Level 5:colcon.colcon_core.verb:set package 'T170_ARMS_moveit_config' build argument 'cmake_force_configure' from command line to 'False'
[0.219s] Level 5:colcon.colcon_core.verb:set package 'T170_ARMS_moveit_config' build argument 'ament_cmake_args' from command line to 'None'
[0.219s] Level 5:colcon.colcon_core.verb:set package 'T170_ARMS_moveit_config' build argument 'catkin_cmake_args' from command line to 'None'
[0.219s] Level 5:colcon.colcon_core.verb:set package 'T170_ARMS_moveit_config' build argument 'catkin_skip_building_tests' from command line to 'False'
[0.219s] DEBUG:colcon.colcon_core.verb:Building package 'T170_ARMS_moveit_config' with the following arguments: {'ament_cmake_args': None, 'build_base': '/home/astra/Ti5_controller/build/T170_ARMS_moveit_config', 'catkin_cmake_args': None, 'catkin_skip_building_tests': False, 'cmake_args': None, 'cmake_clean_cache': False, 'cmake_clean_first': False, 'cmake_force_configure': False, 'cmake_target': None, 'cmake_target_skip_unavailable': False, 'install_base': '/home/astra/Ti5_controller/install/T170_ARMS_moveit_config', 'merge_install': False, 'path': '/home/astra/Ti5_controller/src/T170_ARMS_moveit_config', 'symlink_install': False, 'test_result_base': None}
[0.219s] INFO:colcon.colcon_core.executor:Executing jobs using 'parallel' executor
[0.220s] DEBUG:colcon.colcon_parallel_executor.executor.parallel:run_until_complete
[0.220s] INFO:colcon.colcon_ros.task.ament_cmake.build:Building ROS package in '/home/astra/Ti5_controller/src/arms_description' with build type 'ament_cmake'
[0.220s] INFO:colcon.colcon_cmake.task.cmake.build:Building CMake package in '/home/astra/Ti5_controller/src/arms_description'
[0.221s] INFO:colcon.colcon_core.plugin_system:Skipping extension 'colcon_core.shell.bat': Not used on non-Windows systems
[0.221s] INFO:colcon.colcon_core.shell:Skip shell extension 'powershell' for command environment: Not usable outside of PowerShell
[0.221s] DEBUG:colcon.colcon_core.shell:Skip shell extension 'dsv' for command environment
[0.223s] INFO:colcon.colcon_ros.task.ament_cmake.build:Building ROS package in '/home/astra/Ti5_controller/src/Ti5_arms_controller' with build type 'ament_cmake'
[0.223s] INFO:colcon.colcon_cmake.task.cmake.build:Building CMake package in '/home/astra/Ti5_controller/src/Ti5_arms_controller'
[0.223s] INFO:colcon.colcon_core.shell:Skip shell extension 'powershell' for command environment: Not usable outside of PowerShell
[0.223s] DEBUG:colcon.colcon_core.shell:Skip shell extension 'dsv' for command environment
[0.225s] INFO:colcon.colcon_ros.task.ament_cmake.build:Building ROS package in '/home/astra/Ti5_controller/src/Ti5_hardware_interface' with build type 'ament_cmake'
[0.225s] INFO:colcon.colcon_cmake.task.cmake.build:Building CMake package in '/home/astra/Ti5_controller/src/Ti5_hardware_interface'
[0.225s] INFO:colcon.colcon_core.shell:Skip shell extension 'powershell' for command environment: Not usable outside of PowerShell
[0.225s] DEBUG:colcon.colcon_core.shell:Skip shell extension 'dsv' for command environment
[0.227s] INFO:colcon.colcon_ros.task.ament_cmake.build:Building ROS package in '/home/astra/Ti5_controller/src/Ti5_moveit_interface' with build type 'ament_cmake'
[0.227s] INFO:colcon.colcon_cmake.task.cmake.build:Building CMake package in '/home/astra/Ti5_controller/src/Ti5_moveit_interface'
[0.227s] INFO:colcon.colcon_core.shell:Skip shell extension 'powershell' for command environment: Not usable outside of PowerShell
[0.227s] DEBUG:colcon.colcon_core.shell:Skip shell extension 'dsv' for command environment
[0.229s] INFO:colcon.colcon_ros.task.ament_cmake.build:Building ROS package in '/home/astra/Ti5_controller/src/bringup' with build type 'ament_cmake'
[0.229s] INFO:colcon.colcon_cmake.task.cmake.build:Building CMake package in '/home/astra/Ti5_controller/src/bringup'
[0.229s] INFO:colcon.colcon_core.shell:Skip shell extension 'powershell' for command environment: Not usable outside of PowerShell
[0.229s] DEBUG:colcon.colcon_core.shell:Skip shell extension 'dsv' for command environment
[0.233s] DEBUG:colcon.colcon_core.event_handler.log_command:Invoking command in '/home/astra/Ti5_controller/build/arms_description': CMAKE_PREFIX_PATH=${CMAKE_PREFIX_PATH}:/opt/ros/humble /usr/bin/cmake /home/astra/Ti5_controller/src/arms_description -DCMAKE_INSTALL_PREFIX=/home/astra/Ti5_controller/install/arms_description
[0.234s] DEBUG:colcon.colcon_core.event_handler.log_command:Invoking command in '/home/astra/Ti5_controller/build/Ti5_arms_controller': CMAKE_PREFIX_PATH=${CMAKE_PREFIX_PATH}:/opt/ros/humble /usr/bin/cmake /home/astra/Ti5_controller/src/Ti5_arms_controller -DCMAKE_INSTALL_PREFIX=/home/astra/Ti5_controller/install/Ti5_arms_controller
[0.235s] DEBUG:colcon.colcon_core.event_handler.log_command:Invoking command in '/home/astra/Ti5_controller/build/Ti5_hardware_interface': CMAKE_PREFIX_PATH=${CMAKE_PREFIX_PATH}:/opt/ros/humble /usr/bin/cmake /home/astra/Ti5_controller/src/Ti5_hardware_interface -DCMAKE_INSTALL_PREFIX=/home/astra/Ti5_controller/install/Ti5_hardware_interface
[0.236s] DEBUG:colcon.colcon_core.event_handler.log_command:Invoking command in '/home/astra/Ti5_controller/build/Ti5_moveit_interface': CMAKE_PREFIX_PATH=${CMAKE_PREFIX_PATH}:/opt/ros/humble /usr/bin/cmake /home/astra/Ti5_controller/src/Ti5_moveit_interface -DCMAKE_INSTALL_PREFIX=/home/astra/Ti5_controller/install/Ti5_moveit_interface
[0.238s] DEBUG:colcon.colcon_core.event_handler.log_command:Invoking command in '/home/astra/Ti5_controller/build/bringup': CMAKE_PREFIX_PATH=${CMAKE_PREFIX_PATH}:/opt/ros/humble /usr/bin/cmake /home/astra/Ti5_controller/src/bringup -DCMAKE_INSTALL_PREFIX=/home/astra/Ti5_controller/install/bringup
[0.629s] DEBUG:colcon.colcon_core.event_handler.log_command:Invoked command in '/home/astra/Ti5_controller/build/arms_description' returned '0': CMAKE_PREFIX_PATH=${CMAKE_PREFIX_PATH}:/opt/ros/humble /usr/bin/cmake /home/astra/Ti5_controller/src/arms_description -DCMAKE_INSTALL_PREFIX=/home/astra/Ti5_controller/install/arms_description
[0.630s] DEBUG:colcon.colcon_core.event_handler.log_command:Invoking command in '/home/astra/Ti5_controller/build/arms_description': CMAKE_PREFIX_PATH=${CMAKE_PREFIX_PATH}:/opt/ros/humble /usr/bin/cmake --build /home/astra/Ti5_controller/build/arms_description -- -j24 -l24
[0.641s] DEBUG:colcon.colcon_core.event_handler.log_command:Invoked command in '/home/astra/Ti5_controller/build/bringup' returned '0': CMAKE_PREFIX_PATH=${CMAKE_PREFIX_PATH}:/opt/ros/humble /usr/bin/cmake /home/astra/Ti5_controller/src/bringup -DCMAKE_INSTALL_PREFIX=/home/astra/Ti5_controller/install/bringup
[0.642s] DEBUG:colcon.colcon_core.event_handler.log_command:Invoking command in '/home/astra/Ti5_controller/build/bringup': CMAKE_PREFIX_PATH=${CMAKE_PREFIX_PATH}:/opt/ros/humble /usr/bin/cmake --build /home/astra/Ti5_controller/build/bringup -- -j24 -l24
[0.655s] DEBUG:colcon.colcon_core.event_handler.log_command:Invoked command in '/home/astra/Ti5_controller/build/arms_description' returned '0': CMAKE_PREFIX_PATH=${CMAKE_PREFIX_PATH}:/opt/ros/humble /usr/bin/cmake --build /home/astra/Ti5_controller/build/arms_description -- -j24 -l24
[0.665s] DEBUG:colcon.colcon_core.event_handler.log_command:Invoked command in '/home/astra/Ti5_controller/build/bringup' returned '0': CMAKE_PREFIX_PATH=${CMAKE_PREFIX_PATH}:/opt/ros/humble /usr/bin/cmake --build /home/astra/Ti5_controller/build/bringup -- -j24 -l24
[0.675s] DEBUG:colcon.colcon_core.event_handler.log_command:Invoking command in '/home/astra/Ti5_controller/build/arms_description': CMAKE_PREFIX_PATH=${CMAKE_PREFIX_PATH}:/opt/ros/humble /usr/bin/cmake --install /home/astra/Ti5_controller/build/arms_description
[0.679s] DEBUG:colcon.colcon_core.event_handler.log_command:Invoking command in '/home/astra/Ti5_controller/build/bringup': CMAKE_PREFIX_PATH=${CMAKE_PREFIX_PATH}:/opt/ros/humble /usr/bin/cmake --install /home/astra/Ti5_controller/build/bringup
[0.685s] Level 1:colcon.colcon_core.environment:create_environment_scripts_only(bringup)
[0.685s] DEBUG:colcon.colcon_core.event_handler.log_command:Invoked command in '/home/astra/Ti5_controller/build/bringup' returned '0': CMAKE_PREFIX_PATH=${CMAKE_PREFIX_PATH}:/opt/ros/humble /usr/bin/cmake --install /home/astra/Ti5_controller/build/bringup
[0.687s] Level 1:colcon.colcon_core.environment:checking '/home/astra/Ti5_controller/install/bringup' for CMake module files
[0.687s] Level 1:colcon.colcon_core.environment:checking '/home/astra/Ti5_controller/install/bringup' for CMake config files
[0.687s] Level 1:colcon.colcon_core.shell:create_environment_hook('bringup', 'cmake_prefix_path')
[0.687s] INFO:colcon.colcon_core.shell:Creating environment hook '/home/astra/Ti5_controller/install/bringup/share/bringup/hook/cmake_prefix_path.ps1'
[0.688s] INFO:colcon.colcon_core.shell:Creating environment descriptor '/home/astra/Ti5_controller/install/bringup/share/bringup/hook/cmake_prefix_path.dsv'
[0.688s] INFO:colcon.colcon_core.shell:Creating environment hook '/home/astra/Ti5_controller/install/bringup/share/bringup/hook/cmake_prefix_path.sh'
[0.689s] Level 1:colcon.colcon_core.environment:checking '/home/astra/Ti5_controller/install/bringup/bin'
[0.689s] Level 1:colcon.colcon_core.environment:checking '/home/astra/Ti5_controller/install/bringup/lib/pkgconfig/bringup.pc'
[0.689s] Level 1:colcon.colcon_core.environment:checking '/home/astra/Ti5_controller/install/bringup/lib/python3.10/site-packages'
[0.689s] Level 1:colcon.colcon_core.environment:checking '/home/astra/Ti5_controller/install/bringup/bin'
[0.690s] INFO:colcon.colcon_core.shell:Creating package script '/home/astra/Ti5_controller/install/bringup/share/bringup/package.ps1'
[0.690s] INFO:colcon.colcon_core.shell:Creating package descriptor '/home/astra/Ti5_controller/install/bringup/share/bringup/package.dsv'
[0.691s] INFO:colcon.colcon_core.shell:Creating package script '/home/astra/Ti5_controller/install/bringup/share/bringup/package.sh'
[0.691s] INFO:colcon.colcon_core.shell:Creating package script '/home/astra/Ti5_controller/install/bringup/share/bringup/package.bash'
[0.692s] INFO:colcon.colcon_core.shell:Creating package script '/home/astra/Ti5_controller/install/bringup/share/bringup/package.zsh'
[0.693s] Level 1:colcon.colcon_core.environment:create_file_with_runtime_dependencies(/home/astra/Ti5_controller/install/bringup/share/colcon-core/packages/bringup)
[0.706s] Level 1:colcon.colcon_core.environment:create_environment_scripts_only(bringup)
[0.706s] Level 1:colcon.colcon_core.environment:checking '/home/astra/Ti5_controller/install/bringup' for CMake module files
[0.706s] Level 1:colcon.colcon_core.environment:checking '/home/astra/Ti5_controller/install/bringup' for CMake config files
[0.707s] Level 1:colcon.colcon_core.shell:create_environment_hook('bringup', 'cmake_prefix_path')
[0.707s] INFO:colcon.colcon_core.shell:Creating environment hook '/home/astra/Ti5_controller/install/bringup/share/bringup/hook/cmake_prefix_path.ps1'
[0.707s] INFO:colcon.colcon_core.shell:Creating environment descriptor '/home/astra/Ti5_controller/install/bringup/share/bringup/hook/cmake_prefix_path.dsv'
[0.707s] INFO:colcon.colcon_core.shell:Creating environment hook '/home/astra/Ti5_controller/install/bringup/share/bringup/hook/cmake_prefix_path.sh'
[0.708s] Level 1:colcon.colcon_core.environment:checking '/home/astra/Ti5_controller/install/bringup/bin'
[0.708s] Level 1:colcon.colcon_core.environment:checking '/home/astra/Ti5_controller/install/bringup/lib/pkgconfig/bringup.pc'
[0.708s] Level 1:colcon.colcon_core.environment:checking '/home/astra/Ti5_controller/install/bringup/lib/python3.10/site-packages'
[0.708s] Level 1:colcon.colcon_core.environment:checking '/home/astra/Ti5_controller/install/bringup/bin'
[0.709s] INFO:colcon.colcon_core.shell:Creating package script '/home/astra/Ti5_controller/install/bringup/share/bringup/package.ps1'
[0.709s] INFO:colcon.colcon_core.shell:Creating package descriptor '/home/astra/Ti5_controller/install/bringup/share/bringup/package.dsv'
[0.709s] INFO:colcon.colcon_core.shell:Creating package script '/home/astra/Ti5_controller/install/bringup/share/bringup/package.sh'
[0.709s] INFO:colcon.colcon_core.shell:Creating package script '/home/astra/Ti5_controller/install/bringup/share/bringup/package.bash'
[0.710s] INFO:colcon.colcon_core.shell:Creating package script '/home/astra/Ti5_controller/install/bringup/share/bringup/package.zsh'
[0.710s] Level 1:colcon.colcon_core.environment:create_file_with_runtime_dependencies(/home/astra/Ti5_controller/install/bringup/share/colcon-core/packages/bringup)
[0.717s] Level 1:colcon.colcon_core.environment:create_environment_scripts_only(arms_description)
[0.718s] Level 1:colcon.colcon_core.environment:checking '/home/astra/Ti5_controller/install/arms_description' for CMake module files
[0.718s] DEBUG:colcon.colcon_core.event_handler.log_command:Invoked command in '/home/astra/Ti5_controller/build/arms_description' returned '0': CMAKE_PREFIX_PATH=${CMAKE_PREFIX_PATH}:/opt/ros/humble /usr/bin/cmake --install /home/astra/Ti5_controller/build/arms_description
[0.718s] Level 1:colcon.colcon_core.environment:checking '/home/astra/Ti5_controller/install/arms_description' for CMake config files
[0.718s] Level 1:colcon.colcon_core.shell:create_environment_hook('arms_description', 'cmake_prefix_path')
[0.718s] INFO:colcon.colcon_core.shell:Creating environment hook '/home/astra/Ti5_controller/install/arms_description/share/arms_description/hook/cmake_prefix_path.ps1'
[0.719s] INFO:colcon.colcon_core.shell:Creating environment descriptor '/home/astra/Ti5_controller/install/arms_description/share/arms_description/hook/cmake_prefix_path.dsv'
[0.719s] INFO:colcon.colcon_core.shell:Creating environment hook '/home/astra/Ti5_controller/install/arms_description/share/arms_description/hook/cmake_prefix_path.sh'
[0.719s] Level 1:colcon.colcon_core.environment:checking '/home/astra/Ti5_controller/install/arms_description/bin'
[0.719s] Level 1:colcon.colcon_core.environment:checking '/home/astra/Ti5_controller/install/arms_description/lib/pkgconfig/arms_description.pc'
[0.719s] Level 1:colcon.colcon_core.environment:checking '/home/astra/Ti5_controller/install/arms_description/lib/python3.10/site-packages'
[0.719s] Level 1:colcon.colcon_core.environment:checking '/home/astra/Ti5_controller/install/arms_description/bin'
[0.720s] INFO:colcon.colcon_core.shell:Creating package script '/home/astra/Ti5_controller/install/arms_description/share/arms_description/package.ps1'
[0.720s] INFO:colcon.colcon_core.shell:Creating package descriptor '/home/astra/Ti5_controller/install/arms_description/share/arms_description/package.dsv'
[0.720s] INFO:colcon.colcon_core.shell:Creating package script '/home/astra/Ti5_controller/install/arms_description/share/arms_description/package.sh'
[0.720s] INFO:colcon.colcon_core.shell:Creating package script '/home/astra/Ti5_controller/install/arms_description/share/arms_description/package.bash'
[0.720s] INFO:colcon.colcon_core.shell:Creating package script '/home/astra/Ti5_controller/install/arms_description/share/arms_description/package.zsh'
[0.721s] Level 1:colcon.colcon_core.environment:create_file_with_runtime_dependencies(/home/astra/Ti5_controller/install/arms_description/share/colcon-core/packages/arms_description)
[0.734s] Level 1:colcon.colcon_core.environment:create_environment_scripts_only(arms_description)
[0.734s] Level 1:colcon.colcon_core.environment:checking '/home/astra/Ti5_controller/install/arms_description' for CMake module files
[0.735s] Level 1:colcon.colcon_core.environment:checking '/home/astra/Ti5_controller/install/arms_description' for CMake config files
[0.735s] Level 1:colcon.colcon_core.shell:create_environment_hook('arms_description', 'cmake_prefix_path')
[0.735s] INFO:colcon.colcon_core.shell:Creating environment hook '/home/astra/Ti5_controller/install/arms_description/share/arms_description/hook/cmake_prefix_path.ps1'
[0.735s] INFO:colcon.colcon_core.shell:Creating environment descriptor '/home/astra/Ti5_controller/install/arms_description/share/arms_description/hook/cmake_prefix_path.dsv'
[0.735s] INFO:colcon.colcon_core.shell:Creating environment hook '/home/astra/Ti5_controller/install/arms_description/share/arms_description/hook/cmake_prefix_path.sh'
[0.736s] Level 1:colcon.colcon_core.environment:checking '/home/astra/Ti5_controller/install/arms_description/bin'
[0.736s] Level 1:colcon.colcon_core.environment:checking '/home/astra/Ti5_controller/install/arms_description/lib/pkgconfig/arms_description.pc'
[0.736s] Level 1:colcon.colcon_core.environment:checking '/home/astra/Ti5_controller/install/arms_description/lib/python3.10/site-packages'
[0.736s] Level 1:colcon.colcon_core.environment:checking '/home/astra/Ti5_controller/install/arms_description/bin'
[0.736s] INFO:colcon.colcon_core.shell:Creating package script '/home/astra/Ti5_controller/install/arms_description/share/arms_description/package.ps1'
[0.737s] INFO:colcon.colcon_core.shell:Creating package descriptor '/home/astra/Ti5_controller/install/arms_description/share/arms_description/package.dsv'
[0.737s] INFO:colcon.colcon_core.shell:Creating package script '/home/astra/Ti5_controller/install/arms_description/share/arms_description/package.sh'
[0.737s] INFO:colcon.colcon_core.shell:Creating package script '/home/astra/Ti5_controller/install/arms_description/share/arms_description/package.bash'
[0.737s] INFO:colcon.colcon_core.shell:Creating package script '/home/astra/Ti5_controller/install/arms_description/share/arms_description/package.zsh'
[0.737s] Level 1:colcon.colcon_core.environment:create_file_with_runtime_dependencies(/home/astra/Ti5_controller/install/arms_description/share/colcon-core/packages/arms_description)
[0.738s] INFO:colcon.colcon_ros.task.ament_cmake.build:Building ROS package in '/home/astra/Ti5_controller/src/T170_ARMS_moveit_config' with build type 'ament_cmake'
[0.738s] INFO:colcon.colcon_cmake.task.cmake.build:Building CMake package in '/home/astra/Ti5_controller/src/T170_ARMS_moveit_config'
[0.738s] INFO:colcon.colcon_core.shell:Skip shell extension 'powershell' for command environment: Not usable outside of PowerShell
[0.738s] DEBUG:colcon.colcon_core.shell:Skip shell extension 'dsv' for command environment
[0.743s] DEBUG:colcon.colcon_core.event_handler.log_command:Invoking command in '/home/astra/Ti5_controller/build/T170_ARMS_moveit_config': CMAKE_PREFIX_PATH=/home/astra/Ti5_controller/install/arms_description:/home/astra/Ti5_controller/install/T170_ARMS_moveit_config:/home/astra/Ti5_controller/install/set_ass:/home/astra/Ti5_controller/install/Ti5_moveit_interface:/home/astra/Ti5_controller/install/bringup:/home/astra/Ti5_controller/install/Ti5_hardware_interface:/home/astra/Ti5_controller/install/Ti5_arms_controller:/opt/ros/humble /usr/bin/cmake /home/astra/Ti5_controller/src/T170_ARMS_moveit_config -DCMAKE_INSTALL_PREFIX=/home/astra/Ti5_controller/install/T170_ARMS_moveit_config
[0.993s] DEBUG:colcon.colcon_core.event_handler.log_command:Invoked command in '/home/astra/Ti5_controller/build/Ti5_hardware_interface' returned '0': CMAKE_PREFIX_PATH=${CMAKE_PREFIX_PATH}:/opt/ros/humble /usr/bin/cmake /home/astra/Ti5_controller/src/Ti5_hardware_interface -DCMAKE_INSTALL_PREFIX=/home/astra/Ti5_controller/install/Ti5_hardware_interface
[0.993s] DEBUG:colcon.colcon_core.event_handler.log_command:Invoking command in '/home/astra/Ti5_controller/build/Ti5_hardware_interface': CMAKE_PREFIX_PATH=${CMAKE_PREFIX_PATH}:/opt/ros/humble /usr/bin/cmake --build /home/astra/Ti5_controller/build/Ti5_hardware_interface -- -j24 -l24
[1.027s] DEBUG:colcon.colcon_core.event_handler.log_command:Invoked command in '/home/astra/Ti5_controller/build/Ti5_arms_controller' returned '0': CMAKE_PREFIX_PATH=${CMAKE_PREFIX_PATH}:/opt/ros/humble /usr/bin/cmake /home/astra/Ti5_controller/src/Ti5_arms_controller -DCMAKE_INSTALL_PREFIX=/home/astra/Ti5_controller/install/Ti5_arms_controller
[1.027s] DEBUG:colcon.colcon_core.event_handler.log_command:Invoking command in '/home/astra/Ti5_controller/build/Ti5_arms_controller': CMAKE_PREFIX_PATH=${CMAKE_PREFIX_PATH}:/opt/ros/humble /usr/bin/cmake --build /home/astra/Ti5_controller/build/Ti5_arms_controller -- -j24 -l24
[1.129s] DEBUG:colcon.colcon_core.event_handler.log_command:Invoked command in '/home/astra/Ti5_controller/build/T170_ARMS_moveit_config' returned '0': CMAKE_PREFIX_PATH=/home/astra/Ti5_controller/install/arms_description:/home/astra/Ti5_controller/install/T170_ARMS_moveit_config:/home/astra/Ti5_controller/install/set_ass:/home/astra/Ti5_controller/install/Ti5_moveit_interface:/home/astra/Ti5_controller/install/bringup:/home/astra/Ti5_controller/install/Ti5_hardware_interface:/home/astra/Ti5_controller/install/Ti5_arms_controller:/opt/ros/humble /usr/bin/cmake /home/astra/Ti5_controller/src/T170_ARMS_moveit_config -DCMAKE_INSTALL_PREFIX=/home/astra/Ti5_controller/install/T170_ARMS_moveit_config
[1.131s] DEBUG:colcon.colcon_core.event_handler.log_command:Invoking command in '/home/astra/Ti5_controller/build/T170_ARMS_moveit_config': CMAKE_PREFIX_PATH=/home/astra/Ti5_controller/install/arms_description:/home/astra/Ti5_controller/install/T170_ARMS_moveit_config:/home/astra/Ti5_controller/install/set_ass:/home/astra/Ti5_controller/install/Ti5_moveit_interface:/home/astra/Ti5_controller/install/bringup:/home/astra/Ti5_controller/install/Ti5_hardware_interface:/home/astra/Ti5_controller/install/Ti5_arms_controller:/opt/ros/humble /usr/bin/cmake --build /home/astra/Ti5_controller/build/T170_ARMS_moveit_config -- -j24 -l24
[1.157s] DEBUG:colcon.colcon_core.event_handler.log_command:Invoked command in '/home/astra/Ti5_controller/build/T170_ARMS_moveit_config' returned '0': CMAKE_PREFIX_PATH=/home/astra/Ti5_controller/install/arms_description:/home/astra/Ti5_controller/install/T170_ARMS_moveit_config:/home/astra/Ti5_controller/install/set_ass:/home/astra/Ti5_controller/install/Ti5_moveit_interface:/home/astra/Ti5_controller/install/bringup:/home/astra/Ti5_controller/install/Ti5_hardware_interface:/home/astra/Ti5_controller/install/Ti5_arms_controller:/opt/ros/humble /usr/bin/cmake --build /home/astra/Ti5_controller/build/T170_ARMS_moveit_config -- -j24 -l24
[1.174s] DEBUG:colcon.colcon_core.event_handler.log_command:Invoking command in '/home/astra/Ti5_controller/build/T170_ARMS_moveit_config': CMAKE_PREFIX_PATH=/home/astra/Ti5_controller/install/arms_description:/home/astra/Ti5_controller/install/T170_ARMS_moveit_config:/home/astra/Ti5_controller/install/set_ass:/home/astra/Ti5_controller/install/Ti5_moveit_interface:/home/astra/Ti5_controller/install/bringup:/home/astra/Ti5_controller/install/Ti5_hardware_interface:/home/astra/Ti5_controller/install/Ti5_arms_controller:/opt/ros/humble /usr/bin/cmake --install /home/astra/Ti5_controller/build/T170_ARMS_moveit_config
[1.181s] Level 1:colcon.colcon_core.environment:create_environment_scripts_only(T170_ARMS_moveit_config)
[1.181s] Level 1:colcon.colcon_core.environment:checking '/home/astra/Ti5_controller/install/T170_ARMS_moveit_config' for CMake module files
[1.182s] DEBUG:colcon.colcon_core.event_handler.log_command:Invoked command in '/home/astra/Ti5_controller/build/T170_ARMS_moveit_config' returned '0': CMAKE_PREFIX_PATH=/home/astra/Ti5_controller/install/arms_description:/home/astra/Ti5_controller/install/T170_ARMS_moveit_config:/home/astra/Ti5_controller/install/set_ass:/home/astra/Ti5_controller/install/Ti5_moveit_interface:/home/astra/Ti5_controller/install/bringup:/home/astra/Ti5_controller/install/Ti5_hardware_interface:/home/astra/Ti5_controller/install/Ti5_arms_controller:/opt/ros/humble /usr/bin/cmake --install /home/astra/Ti5_controller/build/T170_ARMS_moveit_config
[1.182s] Level 1:colcon.colcon_core.environment:checking '/home/astra/Ti5_controller/install/T170_ARMS_moveit_config' for CMake config files
[1.182s] Level 1:colcon.colcon_core.shell:create_environment_hook('T170_ARMS_moveit_config', 'cmake_prefix_path')
[1.182s] INFO:colcon.colcon_core.shell:Creating environment hook '/home/astra/Ti5_controller/install/T170_ARMS_moveit_config/share/T170_ARMS_moveit_config/hook/cmake_prefix_path.ps1'
[1.182s] INFO:colcon.colcon_core.shell:Creating environment descriptor '/home/astra/Ti5_controller/install/T170_ARMS_moveit_config/share/T170_ARMS_moveit_config/hook/cmake_prefix_path.dsv'
[1.182s] INFO:colcon.colcon_core.shell:Creating environment hook '/home/astra/Ti5_controller/install/T170_ARMS_moveit_config/share/T170_ARMS_moveit_config/hook/cmake_prefix_path.sh'
[1.183s] Level 1:colcon.colcon_core.environment:checking '/home/astra/Ti5_controller/install/T170_ARMS_moveit_config/bin'
[1.183s] Level 1:colcon.colcon_core.environment:checking '/home/astra/Ti5_controller/install/T170_ARMS_moveit_config/lib/pkgconfig/T170_ARMS_moveit_config.pc'
[1.183s] Level 1:colcon.colcon_core.environment:checking '/home/astra/Ti5_controller/install/T170_ARMS_moveit_config/lib/python3.10/site-packages'
[1.183s] Level 1:colcon.colcon_core.environment:checking '/home/astra/Ti5_controller/install/T170_ARMS_moveit_config/bin'
[1.183s] INFO:colcon.colcon_core.shell:Creating package script '/home/astra/Ti5_controller/install/T170_ARMS_moveit_config/share/T170_ARMS_moveit_config/package.ps1'
[1.183s] INFO:colcon.colcon_core.shell:Creating package descriptor '/home/astra/Ti5_controller/install/T170_ARMS_moveit_config/share/T170_ARMS_moveit_config/package.dsv'
[1.184s] INFO:colcon.colcon_core.shell:Creating package script '/home/astra/Ti5_controller/install/T170_ARMS_moveit_config/share/T170_ARMS_moveit_config/package.sh'
[1.184s] INFO:colcon.colcon_core.shell:Creating package script '/home/astra/Ti5_controller/install/T170_ARMS_moveit_config/share/T170_ARMS_moveit_config/package.bash'
[1.184s] INFO:colcon.colcon_core.shell:Creating package script '/home/astra/Ti5_controller/install/T170_ARMS_moveit_config/share/T170_ARMS_moveit_config/package.zsh'
[1.184s] Level 1:colcon.colcon_core.environment:create_file_with_runtime_dependencies(/home/astra/Ti5_controller/install/T170_ARMS_moveit_config/share/colcon-core/packages/T170_ARMS_moveit_config)
[1.200s] Level 1:colcon.colcon_core.environment:create_environment_scripts_only(T170_ARMS_moveit_config)
[1.200s] Level 1:colcon.colcon_core.environment:checking '/home/astra/Ti5_controller/install/T170_ARMS_moveit_config' for CMake module files
[1.201s] Level 1:colcon.colcon_core.environment:checking '/home/astra/Ti5_controller/install/T170_ARMS_moveit_config' for CMake config files
[1.201s] Level 1:colcon.colcon_core.shell:create_environment_hook('T170_ARMS_moveit_config', 'cmake_prefix_path')
[1.201s] INFO:colcon.colcon_core.shell:Creating environment hook '/home/astra/Ti5_controller/install/T170_ARMS_moveit_config/share/T170_ARMS_moveit_config/hook/cmake_prefix_path.ps1'
[1.202s] INFO:colcon.colcon_core.shell:Creating environment descriptor '/home/astra/Ti5_controller/install/T170_ARMS_moveit_config/share/T170_ARMS_moveit_config/hook/cmake_prefix_path.dsv'
[1.202s] INFO:colcon.colcon_core.shell:Creating environment hook '/home/astra/Ti5_controller/install/T170_ARMS_moveit_config/share/T170_ARMS_moveit_config/hook/cmake_prefix_path.sh'
[1.202s] Level 1:colcon.colcon_core.environment:checking '/home/astra/Ti5_controller/install/T170_ARMS_moveit_config/bin'
[1.202s] Level 1:colcon.colcon_core.environment:checking '/home/astra/Ti5_controller/install/T170_ARMS_moveit_config/lib/pkgconfig/T170_ARMS_moveit_config.pc'
[1.203s] Level 1:colcon.colcon_core.environment:checking '/home/astra/Ti5_controller/install/T170_ARMS_moveit_config/lib/python3.10/site-packages'
[1.203s] Level 1:colcon.colcon_core.environment:checking '/home/astra/Ti5_controller/install/T170_ARMS_moveit_config/bin'
[1.203s] INFO:colcon.colcon_core.shell:Creating package script '/home/astra/Ti5_controller/install/T170_ARMS_moveit_config/share/T170_ARMS_moveit_config/package.ps1'
[1.203s] INFO:colcon.colcon_core.shell:Creating package descriptor '/home/astra/Ti5_controller/install/T170_ARMS_moveit_config/share/T170_ARMS_moveit_config/package.dsv'
[1.204s] INFO:colcon.colcon_core.shell:Creating package script '/home/astra/Ti5_controller/install/T170_ARMS_moveit_config/share/T170_ARMS_moveit_config/package.sh'
[1.204s] INFO:colcon.colcon_core.shell:Creating package script '/home/astra/Ti5_controller/install/T170_ARMS_moveit_config/share/T170_ARMS_moveit_config/package.bash'
[1.205s] INFO:colcon.colcon_core.shell:Creating package script '/home/astra/Ti5_controller/install/T170_ARMS_moveit_config/share/T170_ARMS_moveit_config/package.zsh'
[1.205s] Level 1:colcon.colcon_core.environment:create_file_with_runtime_dependencies(/home/astra/Ti5_controller/install/T170_ARMS_moveit_config/share/colcon-core/packages/T170_ARMS_moveit_config)
[1.337s] DEBUG:colcon.colcon_core.event_handler.log_command:Invoked command in '/home/astra/Ti5_controller/build/Ti5_moveit_interface' returned '0': CMAKE_PREFIX_PATH=${CMAKE_PREFIX_PATH}:/opt/ros/humble /usr/bin/cmake /home/astra/Ti5_controller/src/Ti5_moveit_interface -DCMAKE_INSTALL_PREFIX=/home/astra/Ti5_controller/install/Ti5_moveit_interface
[1.338s] DEBUG:colcon.colcon_core.event_handler.log_command:Invoking command in '/home/astra/Ti5_controller/build/Ti5_moveit_interface': CMAKE_PREFIX_PATH=${CMAKE_PREFIX_PATH}:/opt/ros/humble /usr/bin/cmake --build /home/astra/Ti5_controller/build/Ti5_moveit_interface -- -j24 -l24
[3.969s] DEBUG:colcon.colcon_core.event_handler.log_command:Invoked command in '/home/astra/Ti5_controller/build/Ti5_hardware_interface' returned '0': CMAKE_PREFIX_PATH=${CMAKE_PREFIX_PATH}:/opt/ros/humble /usr/bin/cmake --build /home/astra/Ti5_controller/build/Ti5_hardware_interface -- -j24 -l24
[3.989s] DEBUG:colcon.colcon_core.event_handler.log_command:Invoking command in '/home/astra/Ti5_controller/build/Ti5_hardware_interface': CMAKE_PREFIX_PATH=${CMAKE_PREFIX_PATH}:/opt/ros/humble /usr/bin/cmake --install /home/astra/Ti5_controller/build/Ti5_hardware_interface
[3.997s] Level 1:colcon.colcon_core.environment:create_environment_scripts_only(Ti5_hardware_interface)
[3.997s] DEBUG:colcon.colcon_core.event_handler.log_command:Invoked command in '/home/astra/Ti5_controller/build/Ti5_hardware_interface' returned '0': CMAKE_PREFIX_PATH=${CMAKE_PREFIX_PATH}:/opt/ros/humble /usr/bin/cmake --install /home/astra/Ti5_controller/build/Ti5_hardware_interface
[3.997s] Level 1:colcon.colcon_core.environment:checking '/home/astra/Ti5_controller/install/Ti5_hardware_interface' for CMake module files
[3.998s] Level 1:colcon.colcon_core.environment:checking '/home/astra/Ti5_controller/install/Ti5_hardware_interface' for CMake config files
[3.998s] Level 1:colcon.colcon_core.shell:create_environment_hook('Ti5_hardware_interface', 'cmake_prefix_path')
[3.998s] INFO:colcon.colcon_core.shell:Creating environment hook '/home/astra/Ti5_controller/install/Ti5_hardware_interface/share/Ti5_hardware_interface/hook/cmake_prefix_path.ps1'
[3.999s] INFO:colcon.colcon_core.shell:Creating environment descriptor '/home/astra/Ti5_controller/install/Ti5_hardware_interface/share/Ti5_hardware_interface/hook/cmake_prefix_path.dsv'
[3.999s] INFO:colcon.colcon_core.shell:Creating environment hook '/home/astra/Ti5_controller/install/Ti5_hardware_interface/share/Ti5_hardware_interface/hook/cmake_prefix_path.sh'
[3.999s] Level 1:colcon.colcon_core.environment:checking '/home/astra/Ti5_controller/install/Ti5_hardware_interface/lib'
[4.000s] Level 1:colcon.colcon_core.shell:create_environment_hook('Ti5_hardware_interface', 'ld_library_path_lib')
[4.000s] INFO:colcon.colcon_core.shell:Creating environment hook '/home/astra/Ti5_controller/install/Ti5_hardware_interface/share/Ti5_hardware_interface/hook/ld_library_path_lib.ps1'
[4.000s] INFO:colcon.colcon_core.shell:Creating environment descriptor '/home/astra/Ti5_controller/install/Ti5_hardware_interface/share/Ti5_hardware_interface/hook/ld_library_path_lib.dsv'
[4.000s] INFO:colcon.colcon_core.shell:Creating environment hook '/home/astra/Ti5_controller/install/Ti5_hardware_interface/share/Ti5_hardware_interface/hook/ld_library_path_lib.sh'
[4.000s] Level 1:colcon.colcon_core.environment:checking '/home/astra/Ti5_controller/install/Ti5_hardware_interface/bin'
[4.000s] Level 1:colcon.colcon_core.environment:checking '/home/astra/Ti5_controller/install/Ti5_hardware_interface/lib/pkgconfig/Ti5_hardware_interface.pc'
[4.001s] Level 1:colcon.colcon_core.environment:checking '/home/astra/Ti5_controller/install/Ti5_hardware_interface/lib/python3.10/site-packages'
[4.001s] Level 1:colcon.colcon_core.environment:checking '/home/astra/Ti5_controller/install/Ti5_hardware_interface/bin'
[4.001s] INFO:colcon.colcon_core.shell:Creating package script '/home/astra/Ti5_controller/install/Ti5_hardware_interface/share/Ti5_hardware_interface/package.ps1'
[4.001s] INFO:colcon.colcon_core.shell:Creating package descriptor '/home/astra/Ti5_controller/install/Ti5_hardware_interface/share/Ti5_hardware_interface/package.dsv'
[4.001s] INFO:colcon.colcon_core.shell:Creating package script '/home/astra/Ti5_controller/install/Ti5_hardware_interface/share/Ti5_hardware_interface/package.sh'
[4.002s] INFO:colcon.colcon_core.shell:Creating package script '/home/astra/Ti5_controller/install/Ti5_hardware_interface/share/Ti5_hardware_interface/package.bash'
[4.002s] INFO:colcon.colcon_core.shell:Creating package script '/home/astra/Ti5_controller/install/Ti5_hardware_interface/share/Ti5_hardware_interface/package.zsh'
[4.002s] Level 1:colcon.colcon_core.environment:create_file_with_runtime_dependencies(/home/astra/Ti5_controller/install/Ti5_hardware_interface/share/colcon-core/packages/Ti5_hardware_interface)
[4.021s] Level 1:colcon.colcon_core.environment:create_environment_scripts_only(Ti5_hardware_interface)
[4.021s] Level 1:colcon.colcon_core.environment:checking '/home/astra/Ti5_controller/install/Ti5_hardware_interface' for CMake module files
[4.022s] Level 1:colcon.colcon_core.environment:checking '/home/astra/Ti5_controller/install/Ti5_hardware_interface' for CMake config files
[4.022s] Level 1:colcon.colcon_core.shell:create_environment_hook('Ti5_hardware_interface', 'cmake_prefix_path')
[4.022s] INFO:colcon.colcon_core.shell:Creating environment hook '/home/astra/Ti5_controller/install/Ti5_hardware_interface/share/Ti5_hardware_interface/hook/cmake_prefix_path.ps1'
[4.022s] INFO:colcon.colcon_core.shell:Creating environment descriptor '/home/astra/Ti5_controller/install/Ti5_hardware_interface/share/Ti5_hardware_interface/hook/cmake_prefix_path.dsv'
[4.022s] INFO:colcon.colcon_core.shell:Creating environment hook '/home/astra/Ti5_controller/install/Ti5_hardware_interface/share/Ti5_hardware_interface/hook/cmake_prefix_path.sh'
[4.023s] Level 1:colcon.colcon_core.environment:checking '/home/astra/Ti5_controller/install/Ti5_hardware_interface/lib'
[4.023s] Level 1:colcon.colcon_core.shell:create_environment_hook('Ti5_hardware_interface', 'ld_library_path_lib')
[4.023s] INFO:colcon.colcon_core.shell:Creating environment hook '/home/astra/Ti5_controller/install/Ti5_hardware_interface/share/Ti5_hardware_interface/hook/ld_library_path_lib.ps1'
[4.023s] INFO:colcon.colcon_core.shell:Creating environment descriptor '/home/astra/Ti5_controller/install/Ti5_hardware_interface/share/Ti5_hardware_interface/hook/ld_library_path_lib.dsv'
[4.023s] INFO:colcon.colcon_core.shell:Creating environment hook '/home/astra/Ti5_controller/install/Ti5_hardware_interface/share/Ti5_hardware_interface/hook/ld_library_path_lib.sh'
[4.023s] Level 1:colcon.colcon_core.environment:checking '/home/astra/Ti5_controller/install/Ti5_hardware_interface/bin'
[4.023s] Level 1:colcon.colcon_core.environment:checking '/home/astra/Ti5_controller/install/Ti5_hardware_interface/lib/pkgconfig/Ti5_hardware_interface.pc'
[4.024s] Level 1:colcon.colcon_core.environment:checking '/home/astra/Ti5_controller/install/Ti5_hardware_interface/lib/python3.10/site-packages'
[4.024s] Level 1:colcon.colcon_core.environment:checking '/home/astra/Ti5_controller/install/Ti5_hardware_interface/bin'
[4.024s] INFO:colcon.colcon_core.shell:Creating package script '/home/astra/Ti5_controller/install/Ti5_hardware_interface/share/Ti5_hardware_interface/package.ps1'
[4.024s] INFO:colcon.colcon_core.shell:Creating package descriptor '/home/astra/Ti5_controller/install/Ti5_hardware_interface/share/Ti5_hardware_interface/package.dsv'
[4.024s] INFO:colcon.colcon_core.shell:Creating package script '/home/astra/Ti5_controller/install/Ti5_hardware_interface/share/Ti5_hardware_interface/package.sh'
[4.025s] INFO:colcon.colcon_core.shell:Creating package script '/home/astra/Ti5_controller/install/Ti5_hardware_interface/share/Ti5_hardware_interface/package.bash'
[4.025s] INFO:colcon.colcon_core.shell:Creating package script '/home/astra/Ti5_controller/install/Ti5_hardware_interface/share/Ti5_hardware_interface/package.zsh'
[4.025s] Level 1:colcon.colcon_core.environment:create_file_with_runtime_dependencies(/home/astra/Ti5_controller/install/Ti5_hardware_interface/share/colcon-core/packages/Ti5_hardware_interface)
[6.469s] DEBUG:colcon.colcon_core.event_handler.log_command:Invoked command in '/home/astra/Ti5_controller/build/Ti5_arms_controller' returned '0': CMAKE_PREFIX_PATH=${CMAKE_PREFIX_PATH}:/opt/ros/humble /usr/bin/cmake --build /home/astra/Ti5_controller/build/Ti5_arms_controller -- -j24 -l24
[6.486s] DEBUG:colcon.colcon_core.event_handler.log_command:Invoking command in '/home/astra/Ti5_controller/build/Ti5_arms_controller': CMAKE_PREFIX_PATH=${CMAKE_PREFIX_PATH}:/opt/ros/humble /usr/bin/cmake --install /home/astra/Ti5_controller/build/Ti5_arms_controller
[6.498s] Level 1:colcon.colcon_core.environment:create_environment_scripts_only(Ti5_arms_controller)
[6.498s] DEBUG:colcon.colcon_core.event_handler.log_command:Invoked command in '/home/astra/Ti5_controller/build/Ti5_arms_controller' returned '0': CMAKE_PREFIX_PATH=${CMAKE_PREFIX_PATH}:/opt/ros/humble /usr/bin/cmake --install /home/astra/Ti5_controller/build/Ti5_arms_controller
[6.498s] Level 1:colcon.colcon_core.environment:checking '/home/astra/Ti5_controller/install/Ti5_arms_controller' for CMake module files
[6.498s] Level 1:colcon.colcon_core.environment:checking '/home/astra/Ti5_controller/install/Ti5_arms_controller' for CMake config files
[6.499s] Level 1:colcon.colcon_core.shell:create_environment_hook('Ti5_arms_controller', 'cmake_prefix_path')
[6.499s] INFO:colcon.colcon_core.shell:Creating environment hook '/home/astra/Ti5_controller/install/Ti5_arms_controller/share/Ti5_arms_controller/hook/cmake_prefix_path.ps1'
[6.499s] INFO:colcon.colcon_core.shell:Creating environment descriptor '/home/astra/Ti5_controller/install/Ti5_arms_controller/share/Ti5_arms_controller/hook/cmake_prefix_path.dsv'
[6.499s] INFO:colcon.colcon_core.shell:Creating environment hook '/home/astra/Ti5_controller/install/Ti5_arms_controller/share/Ti5_arms_controller/hook/cmake_prefix_path.sh'
[6.499s] Level 1:colcon.colcon_core.environment:checking '/home/astra/Ti5_controller/install/Ti5_arms_controller/lib'
[6.499s] Level 1:colcon.colcon_core.shell:create_environment_hook('Ti5_arms_controller', 'ld_library_path_lib')
[6.500s] INFO:colcon.colcon_core.shell:Creating environment hook '/home/astra/Ti5_controller/install/Ti5_arms_controller/share/Ti5_arms_controller/hook/ld_library_path_lib.ps1'
[6.500s] INFO:colcon.colcon_core.shell:Creating environment descriptor '/home/astra/Ti5_controller/install/Ti5_arms_controller/share/Ti5_arms_controller/hook/ld_library_path_lib.dsv'
[6.500s] INFO:colcon.colcon_core.shell:Creating environment hook '/home/astra/Ti5_controller/install/Ti5_arms_controller/share/Ti5_arms_controller/hook/ld_library_path_lib.sh'
[6.500s] Level 1:colcon.colcon_core.environment:checking '/home/astra/Ti5_controller/install/Ti5_arms_controller/bin'
[6.500s] Level 1:colcon.colcon_core.environment:checking '/home/astra/Ti5_controller/install/Ti5_arms_controller/lib/pkgconfig/Ti5_arms_controller.pc'
[6.500s] Level 1:colcon.colcon_core.environment:checking '/home/astra/Ti5_controller/install/Ti5_arms_controller/lib/python3.10/site-packages'
[6.500s] Level 1:colcon.colcon_core.environment:checking '/home/astra/Ti5_controller/install/Ti5_arms_controller/bin'
[6.501s] INFO:colcon.colcon_core.shell:Creating package script '/home/astra/Ti5_controller/install/Ti5_arms_controller/share/Ti5_arms_controller/package.ps1'
[6.501s] INFO:colcon.colcon_core.shell:Creating package descriptor '/home/astra/Ti5_controller/install/Ti5_arms_controller/share/Ti5_arms_controller/package.dsv'
[6.501s] INFO:colcon.colcon_core.shell:Creating package script '/home/astra/Ti5_controller/install/Ti5_arms_controller/share/Ti5_arms_controller/package.sh'
[6.501s] INFO:colcon.colcon_core.shell:Creating package script '/home/astra/Ti5_controller/install/Ti5_arms_controller/share/Ti5_arms_controller/package.bash'
[6.502s] INFO:colcon.colcon_core.shell:Creating package script '/home/astra/Ti5_controller/install/Ti5_arms_controller/share/Ti5_arms_controller/package.zsh'
[6.502s] Level 1:colcon.colcon_core.environment:create_file_with_runtime_dependencies(/home/astra/Ti5_controller/install/Ti5_arms_controller/share/colcon-core/packages/Ti5_arms_controller)
[6.517s] Level 1:colcon.colcon_core.environment:create_environment_scripts_only(Ti5_arms_controller)
[6.518s] Level 1:colcon.colcon_core.environment:checking '/home/astra/Ti5_controller/install/Ti5_arms_controller' for CMake module files
[6.518s] Level 1:colcon.colcon_core.environment:checking '/home/astra/Ti5_controller/install/Ti5_arms_controller' for CMake config files
[6.518s] Level 1:colcon.colcon_core.shell:create_environment_hook('Ti5_arms_controller', 'cmake_prefix_path')
[6.518s] INFO:colcon.colcon_core.shell:Creating environment hook '/home/astra/Ti5_controller/install/Ti5_arms_controller/share/Ti5_arms_controller/hook/cmake_prefix_path.ps1'
[6.518s] INFO:colcon.colcon_core.shell:Creating environment descriptor '/home/astra/Ti5_controller/install/Ti5_arms_controller/share/Ti5_arms_controller/hook/cmake_prefix_path.dsv'
[6.518s] INFO:colcon.colcon_core.shell:Creating environment hook '/home/astra/Ti5_controller/install/Ti5_arms_controller/share/Ti5_arms_controller/hook/cmake_prefix_path.sh'
[6.519s] Level 1:colcon.colcon_core.environment:checking '/home/astra/Ti5_controller/install/Ti5_arms_controller/lib'
[6.519s] Level 1:colcon.colcon_core.shell:create_environment_hook('Ti5_arms_controller', 'ld_library_path_lib')
[6.519s] INFO:colcon.colcon_core.shell:Creating environment hook '/home/astra/Ti5_controller/install/Ti5_arms_controller/share/Ti5_arms_controller/hook/ld_library_path_lib.ps1'
[6.519s] INFO:colcon.colcon_core.shell:Creating environment descriptor '/home/astra/Ti5_controller/install/Ti5_arms_controller/share/Ti5_arms_controller/hook/ld_library_path_lib.dsv'
[6.519s] INFO:colcon.colcon_core.shell:Creating environment hook '/home/astra/Ti5_controller/install/Ti5_arms_controller/share/Ti5_arms_controller/hook/ld_library_path_lib.sh'
[6.519s] Level 1:colcon.colcon_core.environment:checking '/home/astra/Ti5_controller/install/Ti5_arms_controller/bin'
[6.519s] Level 1:colcon.colcon_core.environment:checking '/home/astra/Ti5_controller/install/Ti5_arms_controller/lib/pkgconfig/Ti5_arms_controller.pc'
[6.520s] Level 1:colcon.colcon_core.environment:checking '/home/astra/Ti5_controller/install/Ti5_arms_controller/lib/python3.10/site-packages'
[6.520s] Level 1:colcon.colcon_core.environment:checking '/home/astra/Ti5_controller/install/Ti5_arms_controller/bin'
[6.520s] INFO:colcon.colcon_core.shell:Creating package script '/home/astra/Ti5_controller/install/Ti5_arms_controller/share/Ti5_arms_controller/package.ps1'
[6.520s] INFO:colcon.colcon_core.shell:Creating package descriptor '/home/astra/Ti5_controller/install/Ti5_arms_controller/share/Ti5_arms_controller/package.dsv'
[6.521s] INFO:colcon.colcon_core.shell:Creating package script '/home/astra/Ti5_controller/install/Ti5_arms_controller/share/Ti5_arms_controller/package.sh'
[6.521s] INFO:colcon.colcon_core.shell:Creating package script '/home/astra/Ti5_controller/install/Ti5_arms_controller/share/Ti5_arms_controller/package.bash'
[6.521s] INFO:colcon.colcon_core.shell:Creating package script '/home/astra/Ti5_controller/install/Ti5_arms_controller/share/Ti5_arms_controller/package.zsh'
[6.521s] Level 1:colcon.colcon_core.environment:create_file_with_runtime_dependencies(/home/astra/Ti5_controller/install/Ti5_arms_controller/share/colcon-core/packages/Ti5_arms_controller)
[9.773s] DEBUG:colcon.colcon_core.event_handler.log_command:Invoked command in '/home/astra/Ti5_controller/build/Ti5_moveit_interface' returned '0': CMAKE_PREFIX_PATH=${CMAKE_PREFIX_PATH}:/opt/ros/humble /usr/bin/cmake --build /home/astra/Ti5_controller/build/Ti5_moveit_interface -- -j24 -l24
[9.798s] DEBUG:colcon.colcon_core.event_handler.log_command:Invoking command in '/home/astra/Ti5_controller/build/Ti5_moveit_interface': CMAKE_PREFIX_PATH=${CMAKE_PREFIX_PATH}:/opt/ros/humble /usr/bin/cmake --install /home/astra/Ti5_controller/build/Ti5_moveit_interface
[9.809s] Level 1:colcon.colcon_core.environment:create_environment_scripts_only(Ti5_moveit_interface)
[9.809s] DEBUG:colcon.colcon_core.event_handler.log_command:Invoked command in '/home/astra/Ti5_controller/build/Ti5_moveit_interface' returned '0': CMAKE_PREFIX_PATH=${CMAKE_PREFIX_PATH}:/opt/ros/humble /usr/bin/cmake --install /home/astra/Ti5_controller/build/Ti5_moveit_interface
[9.809s] Level 1:colcon.colcon_core.environment:checking '/home/astra/Ti5_controller/install/Ti5_moveit_interface' for CMake module files
[9.810s] Level 1:colcon.colcon_core.environment:checking '/home/astra/Ti5_controller/install/Ti5_moveit_interface' for CMake config files
[9.810s] Level 1:colcon.colcon_core.shell:create_environment_hook('Ti5_moveit_interface', 'cmake_prefix_path')
[9.810s] INFO:colcon.colcon_core.shell:Creating environment hook '/home/astra/Ti5_controller/install/Ti5_moveit_interface/share/Ti5_moveit_interface/hook/cmake_prefix_path.ps1'
[9.811s] INFO:colcon.colcon_core.shell:Creating environment descriptor '/home/astra/Ti5_controller/install/Ti5_moveit_interface/share/Ti5_moveit_interface/hook/cmake_prefix_path.dsv'
[9.811s] INFO:colcon.colcon_core.shell:Creating environment hook '/home/astra/Ti5_controller/install/Ti5_moveit_interface/share/Ti5_moveit_interface/hook/cmake_prefix_path.sh'
[9.812s] Level 1:colcon.colcon_core.environment:checking '/home/astra/Ti5_controller/install/Ti5_moveit_interface/lib'
[9.812s] Level 1:colcon.colcon_core.environment:checking '/home/astra/Ti5_controller/install/Ti5_moveit_interface/bin'
[9.812s] Level 1:colcon.colcon_core.environment:checking '/home/astra/Ti5_controller/install/Ti5_moveit_interface/lib/pkgconfig/Ti5_moveit_interface.pc'
[9.812s] Level 1:colcon.colcon_core.environment:checking '/home/astra/Ti5_controller/install/Ti5_moveit_interface/lib/python3.10/site-packages'
[9.812s] Level 1:colcon.colcon_core.environment:checking '/home/astra/Ti5_controller/install/Ti5_moveit_interface/bin'
[9.812s] INFO:colcon.colcon_core.shell:Creating package script '/home/astra/Ti5_controller/install/Ti5_moveit_interface/share/Ti5_moveit_interface/package.ps1'
[9.813s] INFO:colcon.colcon_core.shell:Creating package descriptor '/home/astra/Ti5_controller/install/Ti5_moveit_interface/share/Ti5_moveit_interface/package.dsv'
[9.813s] INFO:colcon.colcon_core.shell:Creating package script '/home/astra/Ti5_controller/install/Ti5_moveit_interface/share/Ti5_moveit_interface/package.sh'
[9.814s] INFO:colcon.colcon_core.shell:Creating package script '/home/astra/Ti5_controller/install/Ti5_moveit_interface/share/Ti5_moveit_interface/package.bash'
[9.814s] INFO:colcon.colcon_core.shell:Creating package script '/home/astra/Ti5_controller/install/Ti5_moveit_interface/share/Ti5_moveit_interface/package.zsh'
[9.815s] Level 1:colcon.colcon_core.environment:create_file_with_runtime_dependencies(/home/astra/Ti5_controller/install/Ti5_moveit_interface/share/colcon-core/packages/Ti5_moveit_interface)
[9.852s] Level 1:colcon.colcon_core.environment:create_environment_scripts_only(Ti5_moveit_interface)
[9.852s] Level 1:colcon.colcon_core.environment:checking '/home/astra/Ti5_controller/install/Ti5_moveit_interface' for CMake module files
[9.853s] Level 1:colcon.colcon_core.environment:checking '/home/astra/Ti5_controller/install/Ti5_moveit_interface' for CMake config files
[9.854s] Level 1:colcon.colcon_core.shell:create_environment_hook('Ti5_moveit_interface', 'cmake_prefix_path')
[9.854s] INFO:colcon.colcon_core.shell:Creating environment hook '/home/astra/Ti5_controller/install/Ti5_moveit_interface/share/Ti5_moveit_interface/hook/cmake_prefix_path.ps1'
[9.855s] INFO:colcon.colcon_core.shell:Creating environment descriptor '/home/astra/Ti5_controller/install/Ti5_moveit_interface/share/Ti5_moveit_interface/hook/cmake_prefix_path.dsv'
[9.855s] INFO:colcon.colcon_core.shell:Creating environment hook '/home/astra/Ti5_controller/install/Ti5_moveit_interface/share/Ti5_moveit_interface/hook/cmake_prefix_path.sh'
[9.855s] Level 1:colcon.colcon_core.environment:checking '/home/astra/Ti5_controller/install/Ti5_moveit_interface/lib'
[9.856s] Level 1:colcon.colcon_core.environment:checking '/home/astra/Ti5_controller/install/Ti5_moveit_interface/bin'
[9.856s] Level 1:colcon.colcon_core.environment:checking '/home/astra/Ti5_controller/install/Ti5_moveit_interface/lib/pkgconfig/Ti5_moveit_interface.pc'
[9.856s] Level 1:colcon.colcon_core.environment:checking '/home/astra/Ti5_controller/install/Ti5_moveit_interface/lib/python3.10/site-packages'
[9.856s] Level 1:colcon.colcon_core.environment:checking '/home/astra/Ti5_controller/install/Ti5_moveit_interface/bin'
[9.856s] INFO:colcon.colcon_core.shell:Creating package script '/home/astra/Ti5_controller/install/Ti5_moveit_interface/share/Ti5_moveit_interface/package.ps1'
[9.857s] INFO:colcon.colcon_core.shell:Creating package descriptor '/home/astra/Ti5_controller/install/Ti5_moveit_interface/share/Ti5_moveit_interface/package.dsv'
[9.858s] INFO:colcon.colcon_core.shell:Creating package script '/home/astra/Ti5_controller/install/Ti5_moveit_interface/share/Ti5_moveit_interface/package.sh'
[9.858s] INFO:colcon.colcon_core.shell:Creating package script '/home/astra/Ti5_controller/install/Ti5_moveit_interface/share/Ti5_moveit_interface/package.bash'
[9.859s] INFO:colcon.colcon_core.shell:Creating package script '/home/astra/Ti5_controller/install/Ti5_moveit_interface/share/Ti5_moveit_interface/package.zsh'
[9.859s] Level 1:colcon.colcon_core.environment:create_file_with_runtime_dependencies(/home/astra/Ti5_controller/install/Ti5_moveit_interface/share/colcon-core/packages/Ti5_moveit_interface)
[9.860s] DEBUG:colcon.colcon_parallel_executor.executor.parallel:closing loop
[9.860s] DEBUG:colcon.colcon_parallel_executor.executor.parallel:loop closed
[9.860s] DEBUG:colcon.colcon_parallel_executor.executor.parallel:run_until_complete finished with '0'
[9.860s] DEBUG:colcon.colcon_core.event_reactor:joining thread
[9.867s] INFO:colcon.colcon_core.plugin_system:Skipping extension 'colcon_notification.desktop_notification.terminal_notifier': Not used on non-Darwin systems
[9.867s] INFO:colcon.colcon_core.plugin_system:Skipping extension 'colcon_notification.desktop_notification.win32': Not used on non-Windows systems
[9.867s] INFO:colcon.colcon_notification.desktop_notification:Sending desktop notification using 'notify2'
[9.881s] DEBUG:colcon.colcon_core.event_reactor:joined thread
[9.881s] INFO:colcon.colcon_core.shell:Creating prefix script '/home/astra/Ti5_controller/install/local_setup.ps1'
[9.882s] INFO:colcon.colcon_core.shell:Creating prefix util module '/home/astra/Ti5_controller/install/_local_setup_util_ps1.py'
[9.884s] INFO:colcon.colcon_core.shell:Creating prefix chain script '/home/astra/Ti5_controller/install/setup.ps1'
[9.886s] INFO:colcon.colcon_core.shell:Creating prefix script '/home/astra/Ti5_controller/install/local_setup.sh'
[9.886s] INFO:colcon.colcon_core.shell:Creating prefix util module '/home/astra/Ti5_controller/install/_local_setup_util_sh.py'
[9.887s] INFO:colcon.colcon_core.shell:Creating prefix chain script '/home/astra/Ti5_controller/install/setup.sh'
[9.888s] INFO:colcon.colcon_core.shell:Creating prefix script '/home/astra/Ti5_controller/install/local_setup.bash'
[9.888s] INFO:colcon.colcon_core.shell:Creating prefix chain script '/home/astra/Ti5_controller/install/setup.bash'
[9.890s] INFO:colcon.colcon_core.shell:Creating prefix script '/home/astra/Ti5_controller/install/local_setup.zsh'
[9.890s] INFO:colcon.colcon_core.shell:Creating prefix chain script '/home/astra/Ti5_controller/install/setup.zsh'
