[0.007s] Invoking command in '/home/astra/Ti5_controller/build/Ti5_moveit_interface': CMAKE_PREFIX_PATH=${CMAKE_PREFIX_PATH}:/opt/ros/humble /usr/bin/cmake /home/astra/Ti5_controller/src/Ti5_moveit_interface -DCMAKE_INSTALL_PREFIX=/home/astra/Ti5_controller/install/Ti5_moveit_interface
[0.053s] -- The C compiler identification is GNU 11.4.0
[0.090s] -- The CXX compiler identification is GNU 11.4.0
[0.095s] -- Detecting C compiler ABI info
[0.142s] -- Detecting C compiler ABI info - done
[0.147s] -- Check for working C compiler: /usr/bin/cc - skipped
[0.147s] -- Detecting C compile features
[0.147s] -- Detecting C compile features - done
[0.149s] -- Detecting CXX compiler ABI info
[0.205s] -- Detecting CXX compiler ABI info - done
[0.210s] -- Check for working CXX compiler: /usr/bin/c++ - skipped
[0.210s] -- Detecting CXX compile features
[0.210s] -- Detecting CXX compile features - done
[0.211s] -- Found ament_cmake: 1.3.11 (/opt/ros/humble/share/ament_cmake/cmake)
[0.310s] -- Found Python3: /usr/bin/python3 (found version "3.10.12") found components: Interpreter 
[0.364s] -- Found moveit_ros_planning_interface: 2.5.9 (/opt/ros/humble/share/moveit_ros_planning_interface/cmake)
[0.470s] -- Found Boost: /usr/lib/x86_64-linux-gnu/cmake/Boost-1.74.0/BoostConfig.cmake (found version "1.74.0") found components: date_time filesystem program_options system thread 
[0.494s] -- Found rosidl_generator_c: 3.1.6 (/opt/ros/humble/share/rosidl_generator_c/cmake)
[0.496s] -- Found rosidl_adapter: 3.1.6 (/opt/ros/humble/share/rosidl_adapter/cmake)
[0.501s] -- Found rosidl_generator_cpp: 3.1.6 (/opt/ros/humble/share/rosidl_generator_cpp/cmake)
[0.509s] -- Using all available rosidl_typesupport_c: rosidl_typesupport_fastrtps_c;rosidl_typesupport_introspection_c
[0.518s] -- Using all available rosidl_typesupport_cpp: rosidl_typesupport_fastrtps_cpp;rosidl_typesupport_introspection_cpp
[0.640s] -- Found Boost: /usr/lib/x86_64-linux-gnu/cmake/Boost-1.74.0/BoostConfig.cmake (found version "1.74.0") found components: chrono date_time filesystem iostreams program_options regex serialization system thread 
[0.667s] -- Found parameter_traits: 0.4.0 (/opt/ros/humble/share/parameter_traits/cmake)
[0.690s] -- Found rmw_implementation_cmake: 6.1.2 (/opt/ros/humble/share/rmw_implementation_cmake/cmake)
[0.692s] -- Found rmw_cyclonedds_cpp: 1.3.4 (/opt/ros/humble/share/rmw_cyclonedds_cpp/cmake)
[0.705s] -- Using RMW implementation 'rmw_cyclonedds_cpp' as default
[0.710s] -- Found Threads: TRUE  
[0.738s] -- Found Eigen3: TRUE (found version "3.4.0") 
[0.739s] -- Found rclcpp_lifecycle: 16.0.12 (/opt/ros/humble/share/rclcpp_lifecycle/cmake)
[0.755s] -- Found Boost: /usr/lib/x86_64-linux-gnu/cmake/Boost-1.74.0/BoostConfig.cmake (found version "1.74.0") found components: filesystem 
[0.809s] -- library: /usr/lib/x86_64-linux-gnu/libcurl.so
[0.835s] -- Ensuring Eigen3 include directory is part of orocos-kdl CMake target
[0.918s] -- Found Boost: /usr/lib/x86_64-linux-gnu/cmake/Boost-1.74.0/BoostConfig.cmake (found version "1.74.0") found components: system filesystem date_time program_options thread chrono 
[0.939s] -- Found Boost: /usr/lib/x86_64-linux-gnu/cmake/Boost-1.74.0/BoostConfig.cmake (found version "1.74.0") found components: thread system filesystem regex date_time program_options 
[0.990s] -- Found Boost: /usr/lib/x86_64-linux-gnu/cmake/Boost-1.74.0/BoostConfig.cmake (found version "1.74.0") found components: system filesystem date_time program_options thread 
[1.013s] -- Found ament_lint_auto: 0.12.12 (/opt/ros/humble/share/ament_lint_auto/cmake)
[1.047s] WARNING: Package name "Ti5_moveit_interface" does not follow the naming conventions. It should start with a lower case letter and only contain lower case letters, digits, underscores, and dashes.
[1.062s] -- Added test 'cppcheck' to perform static code analysis on C / C++ code
[1.062s] -- Configured cppcheck include dirs: /home/astra/Ti5_controller/src/Ti5_moveit_interface/include;$<BUILD_INTERFACE:/home/astra/Ti5_controller/src/Ti5_moveit_interface/include>
[1.062s] -- Configured cppcheck exclude dirs and/or files: 
[1.063s] -- Added test 'lint_cmake' to check CMake code style
[1.063s] -- Added test 'uncrustify' to check C / C++ code style
[1.063s] -- Configured uncrustify additional arguments: 
[1.063s] -- Added test 'xmllint' to check XML markup files
[1.064s] -- Configuring done
[1.083s] -- Generating done
[1.085s] -- Build files have been written to: /home/astra/Ti5_controller/build/Ti5_moveit_interface
[1.093s] Invoked command in '/home/astra/Ti5_controller/build/Ti5_moveit_interface' returned '0': CMAKE_PREFIX_PATH=${CMAKE_PREFIX_PATH}:/opt/ros/humble /usr/bin/cmake /home/astra/Ti5_controller/src/Ti5_moveit_interface -DCMAKE_INSTALL_PREFIX=/home/astra/Ti5_controller/install/Ti5_moveit_interface
[1.094s] Invoking command in '/home/astra/Ti5_controller/build/Ti5_moveit_interface': CMAKE_PREFIX_PATH=${CMAKE_PREFIX_PATH}:/opt/ros/humble /usr/bin/cmake --build /home/astra/Ti5_controller/build/Ti5_moveit_interface -- -j24 -l24
[1.127s] [ 25%] [32mBuilding CXX object CMakeFiles/Ti5_moveit_interface_lib.dir/src/Ti5_moveit_interface.cpp.o[0m
[3.706s] [01m[K/home/astra/Ti5_controller/src/Ti5_moveit_interface/src/Ti5_moveit_interface.cpp:[m[K In member function ‘[01m[Kbool Ti5_moveit_interface::MoveItInterface::L_move_p(const std::vector<double, std::allocator<double> >&)[m[K’:
[3.706s] [01m[K/home/astra/Ti5_controller/src/Ti5_moveit_interface/src/Ti5_moveit_interface.cpp:70:53:[m[K [01;35m[Kwarning: [m[K‘[01m[Kusing MoveItErrorCode = class moveit::core::MoveItErrorCode[m[K’ is deprecated: Use moveit::core::MoveItErrorCode [[01;35m[K]8;;https://gcc.gnu.org/onlinedocs/gcc/Warning-Options.html#index-Wdeprecated-declarations-Wdeprecated-declarations]8;;[m[K]
[3.706s]    70 |         moveit::planning_interface::MoveItErrorCode [01;35m[Ksuccess[m[K = L_move_group_->plan(plan);
[3.706s]       |                                                     [01;35m[K^~~~~~~[m[K
[3.706s] In file included from [01m[K/home/astra/Ti5_controller/src/Ti5_moveit_interface/include/Ti5_moveit_interface/Ti5_moveit_interface.hpp:4[m[K,
[3.706s]                  from [01m[K/home/astra/Ti5_controller/src/Ti5_moveit_interface/src/Ti5_moveit_interface.cpp:1[m[K:
[3.706s] [01m[K/opt/ros/humble/include/moveit/move_group_interface/move_group_interface.h:71:7:[m[K [01;36m[Knote: [m[Kdeclared here
[3.706s]    71 | using [01;36m[KMoveItErrorCode[m[K [[deprecated("Use moveit::core::MoveItErrorCode")]] = moveit::core::MoveItErrorCode;
[3.706s]       |       [01;36m[K^~~~~~~~~~~~~~~[m[K
[3.706s] [01m[K/home/astra/Ti5_controller/src/Ti5_moveit_interface/src/Ti5_moveit_interface.cpp:[m[K In member function ‘[01m[Kbool Ti5_moveit_interface::MoveItInterface::R_move_p(const std::vector<double, std::allocator<double> >&)[m[K’:
[3.707s] [01m[K/home/astra/Ti5_controller/src/Ti5_moveit_interface/src/Ti5_moveit_interface.cpp:110:53:[m[K [01;35m[Kwarning: [m[K‘[01m[Kusing MoveItErrorCode = class moveit::core::MoveItErrorCode[m[K’ is deprecated: Use moveit::core::MoveItErrorCode [[01;35m[K]8;;https://gcc.gnu.org/onlinedocs/gcc/Warning-Options.html#index-Wdeprecated-declarations-Wdeprecated-declarations]8;;[m[K]
[3.707s]   110 |         moveit::planning_interface::MoveItErrorCode [01;35m[Ksuccess[m[K = R_move_group_->plan(plan);
[3.707s]       |                                                     [01;35m[K^~~~~~~[m[K
[3.707s] In file included from [01m[K/home/astra/Ti5_controller/src/Ti5_moveit_interface/include/Ti5_moveit_interface/Ti5_moveit_interface.hpp:4[m[K,
[3.707s]                  from [01m[K/home/astra/Ti5_controller/src/Ti5_moveit_interface/src/Ti5_moveit_interface.cpp:1[m[K:
[3.707s] [01m[K/opt/ros/humble/include/moveit/move_group_interface/move_group_interface.h:71:7:[m[K [01;36m[Knote: [m[Kdeclared here
[3.707s]    71 | using [01;36m[KMoveItErrorCode[m[K [[deprecated("Use moveit::core::MoveItErrorCode")]] = moveit::core::MoveItErrorCode;
[3.707s]       |       [01;36m[K^~~~~~~~~~~~~~~[m[K
[5.273s] [ 50%] [32m[1mLinking CXX static library libTi5_moveit_interface_lib.a[0m
[5.325s] [ 50%] Built target Ti5_moveit_interface_lib
[5.358s] [ 75%] [32mBuilding CXX object CMakeFiles/Ti5_node.dir/src/Ti5_node.cpp.o[0m
[9.379s] [100%] [32m[1mLinking CXX executable Ti5_node[0m
[9.566s] [100%] Built target Ti5_node
[9.573s] Invoked command in '/home/astra/Ti5_controller/build/Ti5_moveit_interface' returned '0': CMAKE_PREFIX_PATH=${CMAKE_PREFIX_PATH}:/opt/ros/humble /usr/bin/cmake --build /home/astra/Ti5_controller/build/Ti5_moveit_interface -- -j24 -l24
[9.596s] Invoking command in '/home/astra/Ti5_controller/build/Ti5_moveit_interface': CMAKE_PREFIX_PATH=${CMAKE_PREFIX_PATH}:/opt/ros/humble /usr/bin/cmake --install /home/astra/Ti5_controller/build/Ti5_moveit_interface
[9.608s] -- Install configuration: ""
[9.609s] -- Installing: /home/astra/Ti5_controller/install/Ti5_moveit_interface/include/
[9.609s] -- Installing: /home/astra/Ti5_controller/install/Ti5_moveit_interface/include//Ti5_moveit_interface
[9.609s] -- Installing: /home/astra/Ti5_controller/install/Ti5_moveit_interface/include//Ti5_moveit_interface/Ti5_moveit_interface.hpp
[9.609s] -- Installing: /home/astra/Ti5_controller/install/Ti5_moveit_interface/lib/Ti5_moveit_interface/libTi5_moveit_interface_lib.a
[9.610s] -- Installing: /home/astra/Ti5_controller/install/Ti5_moveit_interface/lib/Ti5_moveit_interface/Ti5_node
[9.611s] -- Set runtime path of "/home/astra/Ti5_controller/install/Ti5_moveit_interface/lib/Ti5_moveit_interface/Ti5_node" to ""
[9.611s] -- Installing: /home/astra/Ti5_controller/install/Ti5_moveit_interface/share/ament_index/resource_index/package_run_dependencies/Ti5_moveit_interface
[9.611s] -- Installing: /home/astra/Ti5_controller/install/Ti5_moveit_interface/share/ament_index/resource_index/parent_prefix_path/Ti5_moveit_interface
[9.612s] -- Installing: /home/astra/Ti5_controller/install/Ti5_moveit_interface/share/Ti5_moveit_interface/environment/ament_prefix_path.sh
[9.612s] -- Installing: /home/astra/Ti5_controller/install/Ti5_moveit_interface/share/Ti5_moveit_interface/environment/ament_prefix_path.dsv
[9.612s] -- Installing: /home/astra/Ti5_controller/install/Ti5_moveit_interface/share/Ti5_moveit_interface/environment/path.sh
[9.612s] -- Installing: /home/astra/Ti5_controller/install/Ti5_moveit_interface/share/Ti5_moveit_interface/environment/path.dsv
[9.612s] -- Installing: /home/astra/Ti5_controller/install/Ti5_moveit_interface/share/Ti5_moveit_interface/local_setup.bash
[9.612s] -- Installing: /home/astra/Ti5_controller/install/Ti5_moveit_interface/share/Ti5_moveit_interface/local_setup.sh
[9.613s] -- Installing: /home/astra/Ti5_controller/install/Ti5_moveit_interface/share/Ti5_moveit_interface/local_setup.zsh
[9.613s] -- Installing: /home/astra/Ti5_controller/install/Ti5_moveit_interface/share/Ti5_moveit_interface/local_setup.dsv
[9.613s] -- Installing: /home/astra/Ti5_controller/install/Ti5_moveit_interface/share/Ti5_moveit_interface/package.dsv
[9.613s] -- Installing: /home/astra/Ti5_controller/install/Ti5_moveit_interface/share/ament_index/resource_index/packages/Ti5_moveit_interface
[9.613s] -- Installing: /home/astra/Ti5_controller/install/Ti5_moveit_interface/share/Ti5_moveit_interface/cmake/Ti5_moveit_interfaceConfig.cmake
[9.613s] -- Installing: /home/astra/Ti5_controller/install/Ti5_moveit_interface/share/Ti5_moveit_interface/cmake/Ti5_moveit_interfaceConfig-version.cmake
[9.613s] -- Installing: /home/astra/Ti5_controller/install/Ti5_moveit_interface/share/Ti5_moveit_interface/package.xml
[9.616s] Invoked command in '/home/astra/Ti5_controller/build/Ti5_moveit_interface' returned '0': CMAKE_PREFIX_PATH=${CMAKE_PREFIX_PATH}:/opt/ros/humble /usr/bin/cmake --install /home/astra/Ti5_controller/build/Ti5_moveit_interface
