-- The C compiler identification is GNU 11.4.0
-- The CXX compiler identification is GNU 11.4.0
-- Detecting C compiler ABI info
-- Detecting C compiler ABI info - done
-- Check for working C compiler: /usr/bin/cc - skipped
-- Detecting C compile features
-- Detecting C compile features - done
-- Detecting CXX compiler ABI info
-- Detecting CXX compiler ABI info - done
-- Check for working CXX compiler: /usr/bin/c++ - skipped
-- Detecting CXX compile features
-- Detecting CXX compile features - done
-- Found ament_cmake: 1.3.11 (/opt/ros/humble/share/ament_cmake/cmake)
-- Found Python3: /usr/bin/python3 (found version "3.10.12") found components: Interpreter 
-- Found moveit_ros_planning_interface: 2.5.9 (/opt/ros/humble/share/moveit_ros_planning_interface/cmake)
-- Found Boost: /usr/lib/x86_64-linux-gnu/cmake/Boost-1.74.0/BoostConfig.cmake (found version "1.74.0") found components: date_time filesystem program_options system thread 
-- Found rosidl_generator_c: 3.1.6 (/opt/ros/humble/share/rosidl_generator_c/cmake)
-- Found rosidl_adapter: 3.1.6 (/opt/ros/humble/share/rosidl_adapter/cmake)
-- Found rosidl_generator_cpp: 3.1.6 (/opt/ros/humble/share/rosidl_generator_cpp/cmake)
-- Using all available rosidl_typesupport_c: rosidl_typesupport_fastrtps_c;rosidl_typesupport_introspection_c
-- Using all available rosidl_typesupport_cpp: rosidl_typesupport_fastrtps_cpp;rosidl_typesupport_introspection_cpp
-- Found Boost: /usr/lib/x86_64-linux-gnu/cmake/Boost-1.74.0/BoostConfig.cmake (found version "1.74.0") found components: chrono date_time filesystem iostreams program_options regex serialization system thread 
-- Found parameter_traits: 0.4.0 (/opt/ros/humble/share/parameter_traits/cmake)
-- Found rmw_implementation_cmake: 6.1.2 (/opt/ros/humble/share/rmw_implementation_cmake/cmake)
-- Found rmw_cyclonedds_cpp: 1.3.4 (/opt/ros/humble/share/rmw_cyclonedds_cpp/cmake)
-- Using RMW implementation 'rmw_cyclonedds_cpp' as default
-- Found Threads: TRUE  
-- Found Eigen3: TRUE (found version "3.4.0") 
-- Found rclcpp_lifecycle: 16.0.12 (/opt/ros/humble/share/rclcpp_lifecycle/cmake)
-- Found Boost: /usr/lib/x86_64-linux-gnu/cmake/Boost-1.74.0/BoostConfig.cmake (found version "1.74.0") found components: filesystem 
-- library: /usr/lib/x86_64-linux-gnu/libcurl.so
-- Ensuring Eigen3 include directory is part of orocos-kdl CMake target
-- Found Boost: /usr/lib/x86_64-linux-gnu/cmake/Boost-1.74.0/BoostConfig.cmake (found version "1.74.0") found components: system filesystem date_time program_options thread chrono 
-- Found Boost: /usr/lib/x86_64-linux-gnu/cmake/Boost-1.74.0/BoostConfig.cmake (found version "1.74.0") found components: thread system filesystem regex date_time program_options 
-- Found Boost: /usr/lib/x86_64-linux-gnu/cmake/Boost-1.74.0/BoostConfig.cmake (found version "1.74.0") found components: system filesystem date_time program_options thread 
-- Found ament_lint_auto: 0.12.12 (/opt/ros/humble/share/ament_lint_auto/cmake)
WARNING: Package name "Ti5_moveit_interface" does not follow the naming conventions. It should start with a lower case letter and only contain lower case letters, digits, underscores, and dashes.
-- Added test 'cppcheck' to perform static code analysis on C / C++ code
-- Configured cppcheck include dirs: /home/astra/Ti5_controller/src/Ti5_moveit_interface/include;$<BUILD_INTERFACE:/home/astra/Ti5_controller/src/Ti5_moveit_interface/include>
-- Configured cppcheck exclude dirs and/or files: 
-- Added test 'lint_cmake' to check CMake code style
-- Added test 'uncrustify' to check C / C++ code style
-- Configured uncrustify additional arguments: 
-- Added test 'xmllint' to check XML markup files
-- Configuring done
-- Generating done
-- Build files have been written to: /home/astra/Ti5_controller/build/Ti5_moveit_interface
[ 25%] [32mBuilding CXX object CMakeFiles/Ti5_moveit_interface_lib.dir/src/Ti5_moveit_interface.cpp.o[0m
[01m[K/home/astra/Ti5_controller/src/Ti5_moveit_interface/src/Ti5_moveit_interface.cpp:[m[K In member function ‘[01m[Kbool Ti5_moveit_interface::MoveItInterface::L_move_p(const std::vector<double, std::allocator<double> >&)[m[K’:
[01m[K/home/astra/Ti5_controller/src/Ti5_moveit_interface/src/Ti5_moveit_interface.cpp:54:53:[m[K [01;35m[Kwarning: [m[K‘[01m[Kusing MoveItErrorCode = class moveit::core::MoveItErrorCode[m[K’ is deprecated: Use moveit::core::MoveItErrorCode [[01;35m[K]8;;https://gcc.gnu.org/onlinedocs/gcc/Warning-Options.html#index-Wdeprecated-declarations-Wdeprecated-declarations]8;;[m[K]
   54 |         moveit::planning_interface::MoveItErrorCode [01;35m[Ksuccess[m[K = L_move_group_->plan(plan);
      |                                                     [01;35m[K^~~~~~~[m[K
In file included from [01m[K/home/astra/Ti5_controller/src/Ti5_moveit_interface/include/Ti5_moveit_interface/Ti5_moveit_interface.hpp:4[m[K,
                 from [01m[K/home/astra/Ti5_controller/src/Ti5_moveit_interface/src/Ti5_moveit_interface.cpp:1[m[K:
[01m[K/opt/ros/humble/include/moveit/move_group_interface/move_group_interface.h:71:7:[m[K [01;36m[Knote: [m[Kdeclared here
   71 | using [01;36m[KMoveItErrorCode[m[K [[deprecated("Use moveit::core::MoveItErrorCode")]] = moveit::core::MoveItErrorCode;
      |       [01;36m[K^~~~~~~~~~~~~~~[m[K
[01m[K/home/astra/Ti5_controller/src/Ti5_moveit_interface/src/Ti5_moveit_interface.cpp:[m[K In member function ‘[01m[Kbool Ti5_moveit_interface::MoveItInterface::R_move_p(const std::vector<double, std::allocator<double> >&)[m[K’:
[01m[K/home/astra/Ti5_controller/src/Ti5_moveit_interface/src/Ti5_moveit_interface.cpp:96:53:[m[K [01;35m[Kwarning: [m[K‘[01m[Kusing MoveItErrorCode = class moveit::core::MoveItErrorCode[m[K’ is deprecated: Use moveit::core::MoveItErrorCode [[01;35m[K]8;;https://gcc.gnu.org/onlinedocs/gcc/Warning-Options.html#index-Wdeprecated-declarations-Wdeprecated-declarations]8;;[m[K]
   96 |         moveit::planning_interface::MoveItErrorCode [01;35m[Ksuccess[m[K = R_move_group_->plan(plan);
      |                                                     [01;35m[K^~~~~~~[m[K
In file included from [01m[K/home/astra/Ti5_controller/src/Ti5_moveit_interface/include/Ti5_moveit_interface/Ti5_moveit_interface.hpp:4[m[K,
                 from [01m[K/home/astra/Ti5_controller/src/Ti5_moveit_interface/src/Ti5_moveit_interface.cpp:1[m[K:
[01m[K/opt/ros/humble/include/moveit/move_group_interface/move_group_interface.h:71:7:[m[K [01;36m[Knote: [m[Kdeclared here
   71 | using [01;36m[KMoveItErrorCode[m[K [[deprecated("Use moveit::core::MoveItErrorCode")]] = moveit::core::MoveItErrorCode;
      |       [01;36m[K^~~~~~~~~~~~~~~[m[K
[ 50%] [32m[1mLinking CXX static library libTi5_moveit_interface_lib.a[0m
[ 50%] Built target Ti5_moveit_interface_lib
[ 75%] [32mBuilding CXX object CMakeFiles/Ti5_node.dir/src/Ti5_node.cpp.o[0m
[100%] [32m[1mLinking CXX executable Ti5_node[0m
[100%] Built target Ti5_node
-- Install configuration: ""
-- Installing: /home/astra/Ti5_controller/install/Ti5_moveit_interface/include/
-- Installing: /home/astra/Ti5_controller/install/Ti5_moveit_interface/include//Ti5_moveit_interface
-- Installing: /home/astra/Ti5_controller/install/Ti5_moveit_interface/include//Ti5_moveit_interface/Ti5_moveit_interface.hpp
-- Installing: /home/astra/Ti5_controller/install/Ti5_moveit_interface/lib/Ti5_moveit_interface/libTi5_moveit_interface_lib.a
-- Installing: /home/astra/Ti5_controller/install/Ti5_moveit_interface/lib/Ti5_moveit_interface/Ti5_node
-- Set runtime path of "/home/astra/Ti5_controller/install/Ti5_moveit_interface/lib/Ti5_moveit_interface/Ti5_node" to ""
-- Installing: /home/astra/Ti5_controller/install/Ti5_moveit_interface/share/ament_index/resource_index/package_run_dependencies/Ti5_moveit_interface
-- Installing: /home/astra/Ti5_controller/install/Ti5_moveit_interface/share/ament_index/resource_index/parent_prefix_path/Ti5_moveit_interface
-- Installing: /home/astra/Ti5_controller/install/Ti5_moveit_interface/share/Ti5_moveit_interface/environment/ament_prefix_path.sh
-- Installing: /home/astra/Ti5_controller/install/Ti5_moveit_interface/share/Ti5_moveit_interface/environment/ament_prefix_path.dsv
-- Installing: /home/astra/Ti5_controller/install/Ti5_moveit_interface/share/Ti5_moveit_interface/environment/path.sh
-- Installing: /home/astra/Ti5_controller/install/Ti5_moveit_interface/share/Ti5_moveit_interface/environment/path.dsv
-- Installing: /home/astra/Ti5_controller/install/Ti5_moveit_interface/share/Ti5_moveit_interface/local_setup.bash
-- Installing: /home/astra/Ti5_controller/install/Ti5_moveit_interface/share/Ti5_moveit_interface/local_setup.sh
-- Installing: /home/astra/Ti5_controller/install/Ti5_moveit_interface/share/Ti5_moveit_interface/local_setup.zsh
-- Installing: /home/astra/Ti5_controller/install/Ti5_moveit_interface/share/Ti5_moveit_interface/local_setup.dsv
-- Installing: /home/astra/Ti5_controller/install/Ti5_moveit_interface/share/Ti5_moveit_interface/package.dsv
-- Installing: /home/astra/Ti5_controller/install/Ti5_moveit_interface/share/ament_index/resource_index/packages/Ti5_moveit_interface
-- Installing: /home/astra/Ti5_controller/install/Ti5_moveit_interface/share/Ti5_moveit_interface/cmake/Ti5_moveit_interfaceConfig.cmake
-- Installing: /home/astra/Ti5_controller/install/Ti5_moveit_interface/share/Ti5_moveit_interface/cmake/Ti5_moveit_interfaceConfig-version.cmake
-- Installing: /home/astra/Ti5_controller/install/Ti5_moveit_interface/share/Ti5_moveit_interface/package.xml
