[0.012s] Invoking command in '/home/astra/Ti5_controller/build/Ti5_arms_controller': CMAKE_PREFIX_PATH=${CMAKE_PREFIX_PATH}:/opt/ros/humble /usr/bin/cmake --build /home/astra/Ti5_controller/build/Ti5_arms_controller -- -j24 -l24
[0.029s] -- Found ament_cmake: 1.3.10 (/opt/ros/humble/share/ament_cmake/cmake)
[0.108s] -- Override CMake install command with custom implementation using symlinks instead of copying resources
[0.112s] -- Found generate_parameter_library: 0.3.9 (/opt/ros/humble/share/generate_parameter_library/cmake)
[0.113s] -- Found parameter_traits: 0.3.9 (/opt/ros/humble/share/parameter_traits/cmake)
[0.131s] -- Found rosidl_generator_c: 3.1.5 (/opt/ros/humble/share/rosidl_generator_c/cmake)
[0.132s] -- Found rosidl_adapter: 3.1.5 (/opt/ros/humble/share/rosidl_adapter/cmake)
[0.136s] -- Found rosidl_generator_cpp: 3.1.5 (/opt/ros/humble/share/rosidl_generator_cpp/cmake)
[0.142s] -- Using all available rosidl_typesupport_c: rosidl_typesupport_fastrtps_c;rosidl_typesupport_introspection_c
[0.150s] -- Using all available rosidl_typesupport_cpp: rosidl_typesupport_fastrtps_cpp;rosidl_typesupport_introspection_cpp
[0.169s] -- Found rmw_implementation_cmake: 6.1.2 (/opt/ros/humble/share/rmw_implementation_cmake/cmake)
[0.170s] -- Found rmw_cyclonedds_cpp: 1.3.4 (/opt/ros/humble/share/rmw_cyclonedds_cpp/cmake)
[0.181s] -- Using RMW implementation 'rmw_cyclonedds_cpp' as default
[0.214s] -- Found rclcpp_lifecycle: 16.0.10 (/opt/ros/humble/share/rclcpp_lifecycle/cmake)
[0.224s] -- Found ament_cmake_gmock: 1.3.10 (/opt/ros/humble/share/ament_cmake_gmock/cmake)
[0.225s] -- Found controller_manager: 2.43.1 (/opt/ros/humble/share/controller_manager/cmake)
[0.315s] -- Found ros2_control_test_assets: 2.43.1 (/opt/ros/humble/share/ros2_control_test_assets/cmake)
[0.316s] -- Found std_srvs: 4.2.4 (/opt/ros/humble/share/std_srvs/cmake)
[0.329s] -- Found ament_lint_auto: 0.12.11 (/opt/ros/humble/share/ament_lint_auto/cmake)
[0.364s] WARNING: Package name "Ti5_arms_controller" does not follow the naming conventions. It should start with a lower case letter and only contain lower case letters, digits, underscores, and dashes.
[0.372s] -- Configuring done
[0.386s] -- Generating done
[0.387s] -- Build files have been written to: /home/astra/Ti5_controller/build/Ti5_arms_controller
[0.410s] [ 50%] Built target Ti5_arms_controller_parameters
[0.420s] [35m[1mConsolidate compiler generated dependencies of target Ti5_arms_controller[0m
[0.432s] [100%] Built target Ti5_arms_controller
[0.440s] Invoked command in '/home/astra/Ti5_controller/build/Ti5_arms_controller' returned '0': CMAKE_PREFIX_PATH=${CMAKE_PREFIX_PATH}:/opt/ros/humble /usr/bin/cmake --build /home/astra/Ti5_controller/build/Ti5_arms_controller -- -j24 -l24
[0.458s] Invoking command in '/home/astra/Ti5_controller/build/Ti5_arms_controller': CMAKE_PREFIX_PATH=${CMAKE_PREFIX_PATH}:/opt/ros/humble /usr/bin/cmake --install /home/astra/Ti5_controller/build/Ti5_arms_controller
[0.463s] -- Install configuration: "RelWithDebInfo"
[0.463s] -- Execute custom install script
[0.464s] -- Up-to-date symlink: /home/astra/Ti5_controller/install/Ti5_arms_controller/include/Ti5_arms_controller_parameters/Ti5_arms_controller_parameters.hpp
[0.464s] -- Up-to-date symlink: /home/astra/Ti5_controller/install/Ti5_arms_controller/include/Ti5_arms_controller_parameters/validate_Ti5_arms_controller_parameters.hpp
[0.464s] -- Up-to-date symlink: /home/astra/Ti5_controller/install/Ti5_arms_controller/share/Ti5_arms_controller//Ti5_arms_controller.xml
[0.464s] -- Up-to-date symlink: /home/astra/Ti5_controller/install/Ti5_arms_controller/include/Ti5_arms_controller/Ti5_arms_controller/Ti5_arms_controller.hpp
[0.464s] -- Up-to-date symlink: /home/astra/Ti5_controller/install/Ti5_arms_controller/include/Ti5_arms_controller/Ti5_arms_controller/validate_Ti5_arms_controller_parameters.hpp
[0.464s] -- Up-to-date symlink: /home/astra/Ti5_controller/install/Ti5_arms_controller/include/Ti5_arms_controller/Ti5_arms_controller/visibility_control.h
[0.464s] [31mCMake Error at ament_cmake_symlink_install/ament_cmake_symlink_install.cmake:158 (message):
[0.464s]   ament_cmake_symlink_install_files() can't find
[0.464s]   '/home/astra/Ti5_controller/src/Ti5_arms_controller/../../bringup/config/Ti5_controller.yaml'
[0.464s] Call Stack (most recent call first):
[0.464s]   ament_cmake_symlink_install/ament_cmake_symlink_install.cmake:323 (ament_cmake_symlink_install_files)
[0.464s]   cmake_install.cmake:46 (include)
[0.464s] 
[0.464s] [0m
[0.465s] Invoked command in '/home/astra/Ti5_controller/build/Ti5_arms_controller' returned '1': CMAKE_PREFIX_PATH=${CMAKE_PREFIX_PATH}:/opt/ros/humble /usr/bin/cmake --install /home/astra/Ti5_controller/build/Ti5_arms_controller
