[0.013s] Invoking command in '/home/astra/Ti5_controller/build/arms_description': CMAKE_PREFIX_PATH=${CMAKE_PREFIX_PATH}:/opt/ros/humble /usr/bin/cmake /home/astra/Ti5_controller/src/arms_description -DCMAKE_INSTALL_PREFIX=/home/astra/Ti5_controller/install/arms_description
[0.048s] -- The C compiler identification is GNU 11.4.0
[0.085s] -- The CXX compiler identification is GNU 11.4.0
[0.090s] -- Detecting C compiler ABI info
[0.133s] -- Detecting C compiler ABI info - done
[0.138s] -- Check for working C compiler: /usr/bin/cc - skipped
[0.138s] -- Detecting C compile features
[0.138s] -- Detecting C compile features - done
[0.140s] -- Detecting CXX compiler ABI info
[0.193s] -- Detecting CXX compiler ABI info - done
[0.198s] -- Check for working CXX compiler: /usr/bin/c++ - skipped
[0.198s] -- Detecting CXX compile features
[0.199s] -- Detecting CXX compile features - done
[0.200s] -- Found ament_cmake: 1.3.10 (/opt/ros/humble/share/ament_cmake/cmake)
[0.298s] -- Found Python3: /usr/bin/python3 (found version "3.10.12") found components: Interpreter 
[0.354s] -- Found ament_lint_auto: 0.12.11 (/opt/ros/humble/share/ament_lint_auto/cmake)
[0.401s] -- Added test 'flake8' to check Python code syntax and style conventions
[0.402s] -- Added test 'lint_cmake' to check CMake code style
[0.402s] -- Added test 'pep257' to check Python code against some of the docstring style conventions in PEP 257
[0.403s] -- Added test 'xmllint' to check XML markup files
[0.404s] -- Configuring done
[0.405s] -- Generating done
[0.406s] -- Build files have been written to: /home/astra/Ti5_controller/build/arms_description
[0.408s] Invoked command in '/home/astra/Ti5_controller/build/arms_description' returned '0': CMAKE_PREFIX_PATH=${CMAKE_PREFIX_PATH}:/opt/ros/humble /usr/bin/cmake /home/astra/Ti5_controller/src/arms_description -DCMAKE_INSTALL_PREFIX=/home/astra/Ti5_controller/install/arms_description
[0.410s] Invoking command in '/home/astra/Ti5_controller/build/arms_description': CMAKE_PREFIX_PATH=${CMAKE_PREFIX_PATH}:/opt/ros/humble /usr/bin/cmake --build /home/astra/Ti5_controller/build/arms_description -- -j24 -l24
[0.435s] Invoked command in '/home/astra/Ti5_controller/build/arms_description' returned '0': CMAKE_PREFIX_PATH=${CMAKE_PREFIX_PATH}:/opt/ros/humble /usr/bin/cmake --build /home/astra/Ti5_controller/build/arms_description -- -j24 -l24
[0.455s] Invoking command in '/home/astra/Ti5_controller/build/arms_description': CMAKE_PREFIX_PATH=${CMAKE_PREFIX_PATH}:/opt/ros/humble /usr/bin/cmake --install /home/astra/Ti5_controller/build/arms_description
[0.459s] -- Install configuration: ""
[0.459s] -- Installing: /home/astra/Ti5_controller/install/arms_description/share/arms_description/launch
[0.459s] -- Installing: /home/astra/Ti5_controller/install/arms_description/share/arms_description/launch/display.launch.py
[0.459s] -- Installing: /home/astra/Ti5_controller/install/arms_description/share/arms_description/urdf
[0.459s] -- Installing: /home/astra/Ti5_controller/install/arms_description/share/arms_description/urdf/T170_ARMS.urdf
[0.459s] -- Installing: /home/astra/Ti5_controller/install/arms_description/share/arms_description/urdf/T170_ARMS_control.xacro
[0.460s] -- Installing: /home/astra/Ti5_controller/install/arms_description/share/arms_description/urdf/T170_ARMS.csv
[0.460s] -- Installing: /home/astra/Ti5_controller/install/arms_description/share/arms_description/meshes
[0.460s] -- Installing: /home/astra/Ti5_controller/install/arms_description/share/arms_description/meshes/L_ELBOW_R_S.STL
[0.460s] -- Installing: /home/astra/Ti5_controller/install/arms_description/share/arms_description/meshes/NECK_R_S.STL
[0.461s] -- Installing: /home/astra/Ti5_controller/install/arms_description/share/arms_description/meshes/NECK_Y_S.STL
[0.463s] -- Installing: /home/astra/Ti5_controller/install/arms_description/share/arms_description/meshes/L_WRIST_R_S.STL
[0.466s] -- Installing: /home/astra/Ti5_controller/install/arms_description/share/arms_description/meshes/L_WRIST_P_S.STL
[0.468s] -- Installing: /home/astra/Ti5_controller/install/arms_description/share/arms_description/meshes/R_SHOULDER_R_S.STL
[0.470s] -- Installing: /home/astra/Ti5_controller/install/arms_description/share/arms_description/meshes/L_SHOULDER_P_S.STL
[0.471s] -- Installing: /home/astra/Ti5_controller/install/arms_description/share/arms_description/meshes/R_SHOULDER_P_S.STL
[0.472s] -- Installing: /home/astra/Ti5_controller/install/arms_description/share/arms_description/meshes/PELVIS_S.STL
[0.475s] -- Installing: /home/astra/Ti5_controller/install/arms_description/share/arms_description/meshes/R_ELBOW_R_S.STL
[0.476s] -- Installing: /home/astra/Ti5_controller/install/arms_description/share/arms_description/meshes/R_WRIST_Y_S.STL
[0.476s] -- Installing: /home/astra/Ti5_controller/install/arms_description/share/arms_description/meshes/L_SHOULDER_Y_S.STL
[0.478s] -- Installing: /home/astra/Ti5_controller/install/arms_description/share/arms_description/meshes/L_SHOULDER_R_S.STL
[0.479s] -- Installing: /home/astra/Ti5_controller/install/arms_description/share/arms_description/meshes/R_WRIST_R_S.STL
[0.488s] -- Installing: /home/astra/Ti5_controller/install/arms_description/share/arms_description/meshes/NECK_P_S.STL
[0.489s] -- Installing: /home/astra/Ti5_controller/install/arms_description/share/arms_description/meshes/R_WRIST_P_S.STL
[0.491s] -- Installing: /home/astra/Ti5_controller/install/arms_description/share/arms_description/meshes/R_SHOULDER_Y_S.STL
[0.492s] -- Installing: /home/astra/Ti5_controller/install/arms_description/share/arms_description/meshes/L_WRIST_Y_S.STL
[0.493s] -- Installing: /home/astra/Ti5_controller/install/arms_description/share/ament_index/resource_index/package_run_dependencies/arms_description
[0.493s] -- Installing: /home/astra/Ti5_controller/install/arms_description/share/ament_index/resource_index/parent_prefix_path/arms_description
[0.493s] -- Installing: /home/astra/Ti5_controller/install/arms_description/share/arms_description/environment/ament_prefix_path.sh
[0.493s] -- Installing: /home/astra/Ti5_controller/install/arms_description/share/arms_description/environment/ament_prefix_path.dsv
[0.493s] -- Installing: /home/astra/Ti5_controller/install/arms_description/share/arms_description/environment/path.sh
[0.493s] -- Installing: /home/astra/Ti5_controller/install/arms_description/share/arms_description/environment/path.dsv
[0.493s] -- Installing: /home/astra/Ti5_controller/install/arms_description/share/arms_description/local_setup.bash
[0.493s] -- Installing: /home/astra/Ti5_controller/install/arms_description/share/arms_description/local_setup.sh
[0.493s] -- Installing: /home/astra/Ti5_controller/install/arms_description/share/arms_description/local_setup.zsh
[0.493s] -- Installing: /home/astra/Ti5_controller/install/arms_description/share/arms_description/local_setup.dsv
[0.494s] -- Installing: /home/astra/Ti5_controller/install/arms_description/share/arms_description/package.dsv
[0.494s] -- Installing: /home/astra/Ti5_controller/install/arms_description/share/ament_index/resource_index/packages/arms_description
[0.494s] -- Installing: /home/astra/Ti5_controller/install/arms_description/share/arms_description/cmake/arms_descriptionConfig.cmake
[0.494s] -- Installing: /home/astra/Ti5_controller/install/arms_description/share/arms_description/cmake/arms_descriptionConfig-version.cmake
[0.494s] -- Installing: /home/astra/Ti5_controller/install/arms_description/share/arms_description/package.xml
[0.495s] Invoked command in '/home/astra/Ti5_controller/build/arms_description' returned '0': CMAKE_PREFIX_PATH=${CMAKE_PREFIX_PATH}:/opt/ros/humble /usr/bin/cmake --install /home/astra/Ti5_controller/build/arms_description
