[0.067s] DEBUG:colcon:Command line arguments: ['/usr/bin/colcon', 'build']
[0.067s] DEBUG:colcon:Parsed command line arguments: Namespace(log_base=None, log_level=None, verb_name='build', build_base='build', install_base='install', merge_install=False, symlink_install=False, test_result_base=None, continue_on_error=False, executor='parallel', parallel_workers=24, event_handlers=None, ignore_user_meta=False, metas=['./colcon.meta'], base_paths=['.'], packages_ignore=None, packages_ignore_regex=None, paths=None, packages_up_to=None, packages_up_to_regex=None, packages_above=None, packages_above_and_dependencies=None, packages_above_depth=None, packages_select_by_dep=None, packages_skip_by_dep=None, packages_skip_up_to=None, packages_select_build_failed=False, packages_skip_build_finished=False, packages_select_test_failures=False, packages_skip_test_passed=False, packages_select=None, packages_skip=None, packages_select_regex=None, packages_skip_regex=None, packages_start=None, packages_end=None, allow_overriding=[], cmake_args=None, cmake_target=None, cmake_target_skip_unavailable=False, cmake_clean_cache=False, cmake_clean_first=False, cmake_force_configure=False, ament_cmake_args=None, catkin_cmake_args=None, catkin_skip_building_tests=False, mixin_files=None, mixin=None, verb_parser=<colcon_mixin.mixin.mixin_argument.MixinArgumentDecorator object at 0x76448f654ee0>, verb_extension=<colcon_core.verb.build.BuildVerb object at 0x76448f654a90>, main=<bound method BuildVerb.main of <colcon_core.verb.build.BuildVerb object at 0x76448f654a90>>, mixin_verb=('build',))
[0.154s] Level 1:colcon.colcon_core.package_discovery:discover_packages(colcon_meta) check parameters
[0.154s] Level 1:colcon.colcon_core.package_discovery:discover_packages(recursive) check parameters
[0.154s] Level 1:colcon.colcon_core.package_discovery:discover_packages(ignore) check parameters
[0.154s] Level 1:colcon.colcon_core.package_discovery:discover_packages(path) check parameters
[0.154s] Level 1:colcon.colcon_core.package_discovery:discover_packages(colcon_meta) discover
[0.154s] Level 1:colcon.colcon_core.package_discovery:discover_packages(recursive) discover
[0.154s] INFO:colcon.colcon_core.package_discovery:Crawling recursively for packages in '/home/astra/Ti5_controller'
[0.154s] Level 1:colcon.colcon_core.package_identification:_identify(.) by extensions ['ignore', 'ignore_ament_install']
[0.154s] Level 1:colcon.colcon_core.package_identification:_identify(.) by extension 'ignore'
[0.154s] Level 1:colcon.colcon_core.package_identification:_identify(.) by extension 'ignore_ament_install'
[0.154s] Level 1:colcon.colcon_core.package_identification:_identify(.) by extensions ['colcon_pkg']
[0.154s] Level 1:colcon.colcon_core.package_identification:_identify(.) by extension 'colcon_pkg'
[0.154s] Level 1:colcon.colcon_core.package_identification:_identify(.) by extensions ['colcon_meta']
[0.154s] Level 1:colcon.colcon_core.package_identification:_identify(.) by extension 'colcon_meta'
[0.154s] Level 1:colcon.colcon_core.package_identification:_identify(.) by extensions ['ros']
[0.154s] Level 1:colcon.colcon_core.package_identification:_identify(.) by extension 'ros'
[0.161s] Level 1:colcon.colcon_core.package_identification:_identify(.) by extensions ['cmake', 'python']
[0.161s] Level 1:colcon.colcon_core.package_identification:_identify(.) by extension 'cmake'
[0.161s] Level 1:colcon.colcon_core.package_identification:_identify(.) by extension 'python'
[0.161s] Level 1:colcon.colcon_core.package_identification:_identify(.) by extensions ['python_setup_py']
[0.161s] Level 1:colcon.colcon_core.package_identification:_identify(.) by extension 'python_setup_py'
[0.161s] Level 1:colcon.colcon_core.package_identification:_identify(build) by extensions ['ignore', 'ignore_ament_install']
[0.161s] Level 1:colcon.colcon_core.package_identification:_identify(build) by extension 'ignore'
[0.161s] Level 1:colcon.colcon_core.package_identification:_identify(build) ignored
[0.161s] Level 1:colcon.colcon_core.package_identification:_identify(install) by extensions ['ignore', 'ignore_ament_install']
[0.161s] Level 1:colcon.colcon_core.package_identification:_identify(install) by extension 'ignore'
[0.161s] Level 1:colcon.colcon_core.package_identification:_identify(install) ignored
[0.161s] Level 1:colcon.colcon_core.package_identification:_identify(log) by extensions ['ignore', 'ignore_ament_install']
[0.161s] Level 1:colcon.colcon_core.package_identification:_identify(log) by extension 'ignore'
[0.161s] Level 1:colcon.colcon_core.package_identification:_identify(log) ignored
[0.161s] Level 1:colcon.colcon_core.package_identification:_identify(src) by extensions ['ignore', 'ignore_ament_install']
[0.161s] Level 1:colcon.colcon_core.package_identification:_identify(src) by extension 'ignore'
[0.161s] Level 1:colcon.colcon_core.package_identification:_identify(src) by extension 'ignore_ament_install'
[0.161s] Level 1:colcon.colcon_core.package_identification:_identify(src) by extensions ['colcon_pkg']
[0.161s] Level 1:colcon.colcon_core.package_identification:_identify(src) by extension 'colcon_pkg'
[0.162s] Level 1:colcon.colcon_core.package_identification:_identify(src) by extensions ['colcon_meta']
[0.162s] Level 1:colcon.colcon_core.package_identification:_identify(src) by extension 'colcon_meta'
[0.162s] Level 1:colcon.colcon_core.package_identification:_identify(src) by extensions ['ros']
[0.162s] Level 1:colcon.colcon_core.package_identification:_identify(src) by extension 'ros'
[0.162s] Level 1:colcon.colcon_core.package_identification:_identify(src) by extensions ['cmake', 'python']
[0.162s] Level 1:colcon.colcon_core.package_identification:_identify(src) by extension 'cmake'
[0.162s] Level 1:colcon.colcon_core.package_identification:_identify(src) by extension 'python'
[0.162s] Level 1:colcon.colcon_core.package_identification:_identify(src) by extensions ['python_setup_py']
[0.162s] Level 1:colcon.colcon_core.package_identification:_identify(src) by extension 'python_setup_py'
[0.162s] Level 1:colcon.colcon_core.package_identification:_identify(src/T170_ARMS_moveit_config) by extensions ['ignore', 'ignore_ament_install']
[0.162s] Level 1:colcon.colcon_core.package_identification:_identify(src/T170_ARMS_moveit_config) by extension 'ignore'
[0.162s] Level 1:colcon.colcon_core.package_identification:_identify(src/T170_ARMS_moveit_config) by extension 'ignore_ament_install'
[0.162s] Level 1:colcon.colcon_core.package_identification:_identify(src/T170_ARMS_moveit_config) by extensions ['colcon_pkg']
[0.162s] Level 1:colcon.colcon_core.package_identification:_identify(src/T170_ARMS_moveit_config) by extension 'colcon_pkg'
[0.162s] Level 1:colcon.colcon_core.package_identification:_identify(src/T170_ARMS_moveit_config) by extensions ['colcon_meta']
[0.162s] Level 1:colcon.colcon_core.package_identification:_identify(src/T170_ARMS_moveit_config) by extension 'colcon_meta'
[0.162s] Level 1:colcon.colcon_core.package_identification:_identify(src/T170_ARMS_moveit_config) by extensions ['ros']
[0.162s] Level 1:colcon.colcon_core.package_identification:_identify(src/T170_ARMS_moveit_config) by extension 'ros'
[0.164s] DEBUG:colcon.colcon_core.package_identification:Package 'src/T170_ARMS_moveit_config' with type 'ros.ament_cmake' and name 'T170_ARMS_moveit_config'
[0.164s] Level 1:colcon.colcon_core.package_identification:_identify(src/Ti5_hardware_interface) by extensions ['ignore', 'ignore_ament_install']
[0.164s] Level 1:colcon.colcon_core.package_identification:_identify(src/Ti5_hardware_interface) by extension 'ignore'
[0.164s] Level 1:colcon.colcon_core.package_identification:_identify(src/Ti5_hardware_interface) by extension 'ignore_ament_install'
[0.164s] Level 1:colcon.colcon_core.package_identification:_identify(src/Ti5_hardware_interface) by extensions ['colcon_pkg']
[0.164s] Level 1:colcon.colcon_core.package_identification:_identify(src/Ti5_hardware_interface) by extension 'colcon_pkg'
[0.164s] Level 1:colcon.colcon_core.package_identification:_identify(src/Ti5_hardware_interface) by extensions ['colcon_meta']
[0.164s] Level 1:colcon.colcon_core.package_identification:_identify(src/Ti5_hardware_interface) by extension 'colcon_meta'
[0.164s] Level 1:colcon.colcon_core.package_identification:_identify(src/Ti5_hardware_interface) by extensions ['ros']
[0.164s] Level 1:colcon.colcon_core.package_identification:_identify(src/Ti5_hardware_interface) by extension 'ros'
[0.164s] DEBUG:colcon.colcon_core.package_identification:Package 'src/Ti5_hardware_interface' with type 'ros.ament_cmake' and name 'Ti5_hardware_interface'
[0.164s] Level 1:colcon.colcon_core.package_identification:_identify(src/Ti5_moveit_interface) by extensions ['ignore', 'ignore_ament_install']
[0.165s] Level 1:colcon.colcon_core.package_identification:_identify(src/Ti5_moveit_interface) by extension 'ignore'
[0.165s] Level 1:colcon.colcon_core.package_identification:_identify(src/Ti5_moveit_interface) by extension 'ignore_ament_install'
[0.165s] Level 1:colcon.colcon_core.package_identification:_identify(src/Ti5_moveit_interface) by extensions ['colcon_pkg']
[0.165s] Level 1:colcon.colcon_core.package_identification:_identify(src/Ti5_moveit_interface) by extension 'colcon_pkg'
[0.165s] Level 1:colcon.colcon_core.package_identification:_identify(src/Ti5_moveit_interface) by extensions ['colcon_meta']
[0.165s] Level 1:colcon.colcon_core.package_identification:_identify(src/Ti5_moveit_interface) by extension 'colcon_meta'
[0.165s] Level 1:colcon.colcon_core.package_identification:_identify(src/Ti5_moveit_interface) by extensions ['ros']
[0.165s] Level 1:colcon.colcon_core.package_identification:_identify(src/Ti5_moveit_interface) by extension 'ros'
[0.165s] DEBUG:colcon.colcon_core.package_identification:Package 'src/Ti5_moveit_interface' with type 'ros.ament_cmake' and name 'Ti5_moveit_interface'
[0.165s] Level 1:colcon.colcon_core.package_identification:_identify(src/arms_description) by extensions ['ignore', 'ignore_ament_install']
[0.165s] Level 1:colcon.colcon_core.package_identification:_identify(src/arms_description) by extension 'ignore'
[0.165s] Level 1:colcon.colcon_core.package_identification:_identify(src/arms_description) by extension 'ignore_ament_install'
[0.165s] Level 1:colcon.colcon_core.package_identification:_identify(src/arms_description) by extensions ['colcon_pkg']
[0.165s] Level 1:colcon.colcon_core.package_identification:_identify(src/arms_description) by extension 'colcon_pkg'
[0.165s] Level 1:colcon.colcon_core.package_identification:_identify(src/arms_description) by extensions ['colcon_meta']
[0.165s] Level 1:colcon.colcon_core.package_identification:_identify(src/arms_description) by extension 'colcon_meta'
[0.165s] Level 1:colcon.colcon_core.package_identification:_identify(src/arms_description) by extensions ['ros']
[0.165s] Level 1:colcon.colcon_core.package_identification:_identify(src/arms_description) by extension 'ros'
[0.166s] DEBUG:colcon.colcon_core.package_identification:Package 'src/arms_description' with type 'ros.ament_cmake' and name 'arms_description'
[0.166s] Level 1:colcon.colcon_core.package_identification:_identify(src/bringup) by extensions ['ignore', 'ignore_ament_install']
[0.166s] Level 1:colcon.colcon_core.package_identification:_identify(src/bringup) by extension 'ignore'
[0.166s] Level 1:colcon.colcon_core.package_identification:_identify(src/bringup) by extension 'ignore_ament_install'
[0.166s] Level 1:colcon.colcon_core.package_identification:_identify(src/bringup) by extensions ['colcon_pkg']
[0.166s] Level 1:colcon.colcon_core.package_identification:_identify(src/bringup) by extension 'colcon_pkg'
[0.166s] Level 1:colcon.colcon_core.package_identification:_identify(src/bringup) by extensions ['colcon_meta']
[0.166s] Level 1:colcon.colcon_core.package_identification:_identify(src/bringup) by extension 'colcon_meta'
[0.166s] Level 1:colcon.colcon_core.package_identification:_identify(src/bringup) by extensions ['ros']
[0.166s] Level 1:colcon.colcon_core.package_identification:_identify(src/bringup) by extension 'ros'
[0.166s] DEBUG:colcon.colcon_core.package_identification:Package 'src/bringup' with type 'ros.ament_cmake' and name 'bringup'
[0.166s] Level 1:colcon.colcon_core.package_discovery:discover_packages(recursive) using defaults
[0.166s] Level 1:colcon.colcon_core.package_discovery:discover_packages(ignore) discover
[0.166s] Level 1:colcon.colcon_core.package_discovery:discover_packages(ignore) using defaults
[0.166s] Level 1:colcon.colcon_core.package_discovery:discover_packages(path) discover
[0.166s] Level 1:colcon.colcon_core.package_discovery:discover_packages(path) using defaults
[0.185s] Level 1:colcon.colcon_core.package_discovery:discover_packages(prefix_path) check parameters
[0.185s] Level 1:colcon.colcon_core.package_discovery:discover_packages(prefix_path) discover
[0.186s] DEBUG:colcon.colcon_installed_package_information.package_discovery:Found 354 installed packages in /opt/ros/humble
[0.187s] Level 1:colcon.colcon_core.package_discovery:discover_packages(prefix_path) using defaults
[0.212s] Level 5:colcon.colcon_core.verb:set package 'Ti5_hardware_interface' build argument 'cmake_args' from command line to 'None'
[0.212s] Level 5:colcon.colcon_core.verb:set package 'Ti5_hardware_interface' build argument 'cmake_target' from command line to 'None'
[0.212s] Level 5:colcon.colcon_core.verb:set package 'Ti5_hardware_interface' build argument 'cmake_target_skip_unavailable' from command line to 'False'
[0.212s] Level 5:colcon.colcon_core.verb:set package 'Ti5_hardware_interface' build argument 'cmake_clean_cache' from command line to 'False'
[0.212s] Level 5:colcon.colcon_core.verb:set package 'Ti5_hardware_interface' build argument 'cmake_clean_first' from command line to 'False'
[0.212s] Level 5:colcon.colcon_core.verb:set package 'Ti5_hardware_interface' build argument 'cmake_force_configure' from command line to 'False'
[0.212s] Level 5:colcon.colcon_core.verb:set package 'Ti5_hardware_interface' build argument 'ament_cmake_args' from command line to 'None'
[0.212s] Level 5:colcon.colcon_core.verb:set package 'Ti5_hardware_interface' build argument 'catkin_cmake_args' from command line to 'None'
[0.212s] Level 5:colcon.colcon_core.verb:set package 'Ti5_hardware_interface' build argument 'catkin_skip_building_tests' from command line to 'False'
[0.212s] DEBUG:colcon.colcon_core.verb:Building package 'Ti5_hardware_interface' with the following arguments: {'ament_cmake_args': None, 'build_base': '/home/astra/Ti5_controller/build/Ti5_hardware_interface', 'catkin_cmake_args': None, 'catkin_skip_building_tests': False, 'cmake_args': None, 'cmake_clean_cache': False, 'cmake_clean_first': False, 'cmake_force_configure': False, 'cmake_target': None, 'cmake_target_skip_unavailable': False, 'install_base': '/home/astra/Ti5_controller/install/Ti5_hardware_interface', 'merge_install': False, 'path': '/home/astra/Ti5_controller/src/Ti5_hardware_interface', 'symlink_install': False, 'test_result_base': None}
[0.212s] Level 5:colcon.colcon_core.verb:set package 'Ti5_moveit_interface' build argument 'cmake_args' from command line to 'None'
[0.212s] Level 5:colcon.colcon_core.verb:set package 'Ti5_moveit_interface' build argument 'cmake_target' from command line to 'None'
[0.212s] Level 5:colcon.colcon_core.verb:set package 'Ti5_moveit_interface' build argument 'cmake_target_skip_unavailable' from command line to 'False'
[0.212s] Level 5:colcon.colcon_core.verb:set package 'Ti5_moveit_interface' build argument 'cmake_clean_cache' from command line to 'False'
[0.212s] Level 5:colcon.colcon_core.verb:set package 'Ti5_moveit_interface' build argument 'cmake_clean_first' from command line to 'False'
[0.212s] Level 5:colcon.colcon_core.verb:set package 'Ti5_moveit_interface' build argument 'cmake_force_configure' from command line to 'False'
[0.212s] Level 5:colcon.colcon_core.verb:set package 'Ti5_moveit_interface' build argument 'ament_cmake_args' from command line to 'None'
[0.212s] Level 5:colcon.colcon_core.verb:set package 'Ti5_moveit_interface' build argument 'catkin_cmake_args' from command line to 'None'
[0.212s] Level 5:colcon.colcon_core.verb:set package 'Ti5_moveit_interface' build argument 'catkin_skip_building_tests' from command line to 'False'
[0.212s] DEBUG:colcon.colcon_core.verb:Building package 'Ti5_moveit_interface' with the following arguments: {'ament_cmake_args': None, 'build_base': '/home/astra/Ti5_controller/build/Ti5_moveit_interface', 'catkin_cmake_args': None, 'catkin_skip_building_tests': False, 'cmake_args': None, 'cmake_clean_cache': False, 'cmake_clean_first': False, 'cmake_force_configure': False, 'cmake_target': None, 'cmake_target_skip_unavailable': False, 'install_base': '/home/astra/Ti5_controller/install/Ti5_moveit_interface', 'merge_install': False, 'path': '/home/astra/Ti5_controller/src/Ti5_moveit_interface', 'symlink_install': False, 'test_result_base': None}
[0.213s] Level 5:colcon.colcon_core.verb:set package 'arms_description' build argument 'cmake_args' from command line to 'None'
[0.213s] Level 5:colcon.colcon_core.verb:set package 'arms_description' build argument 'cmake_target' from command line to 'None'
[0.213s] Level 5:colcon.colcon_core.verb:set package 'arms_description' build argument 'cmake_target_skip_unavailable' from command line to 'False'
[0.213s] Level 5:colcon.colcon_core.verb:set package 'arms_description' build argument 'cmake_clean_cache' from command line to 'False'
[0.213s] Level 5:colcon.colcon_core.verb:set package 'arms_description' build argument 'cmake_clean_first' from command line to 'False'
[0.213s] Level 5:colcon.colcon_core.verb:set package 'arms_description' build argument 'cmake_force_configure' from command line to 'False'
[0.213s] Level 5:colcon.colcon_core.verb:set package 'arms_description' build argument 'ament_cmake_args' from command line to 'None'
[0.213s] Level 5:colcon.colcon_core.verb:set package 'arms_description' build argument 'catkin_cmake_args' from command line to 'None'
[0.213s] Level 5:colcon.colcon_core.verb:set package 'arms_description' build argument 'catkin_skip_building_tests' from command line to 'False'
[0.213s] DEBUG:colcon.colcon_core.verb:Building package 'arms_description' with the following arguments: {'ament_cmake_args': None, 'build_base': '/home/astra/Ti5_controller/build/arms_description', 'catkin_cmake_args': None, 'catkin_skip_building_tests': False, 'cmake_args': None, 'cmake_clean_cache': False, 'cmake_clean_first': False, 'cmake_force_configure': False, 'cmake_target': None, 'cmake_target_skip_unavailable': False, 'install_base': '/home/astra/Ti5_controller/install/arms_description', 'merge_install': False, 'path': '/home/astra/Ti5_controller/src/arms_description', 'symlink_install': False, 'test_result_base': None}
[0.213s] Level 5:colcon.colcon_core.verb:set package 'T170_ARMS_moveit_config' build argument 'cmake_args' from command line to 'None'
[0.213s] Level 5:colcon.colcon_core.verb:set package 'T170_ARMS_moveit_config' build argument 'cmake_target' from command line to 'None'
[0.213s] Level 5:colcon.colcon_core.verb:set package 'T170_ARMS_moveit_config' build argument 'cmake_target_skip_unavailable' from command line to 'False'
[0.213s] Level 5:colcon.colcon_core.verb:set package 'T170_ARMS_moveit_config' build argument 'cmake_clean_cache' from command line to 'False'
[0.213s] Level 5:colcon.colcon_core.verb:set package 'T170_ARMS_moveit_config' build argument 'cmake_clean_first' from command line to 'False'
[0.213s] Level 5:colcon.colcon_core.verb:set package 'T170_ARMS_moveit_config' build argument 'cmake_force_configure' from command line to 'False'
[0.213s] Level 5:colcon.colcon_core.verb:set package 'T170_ARMS_moveit_config' build argument 'ament_cmake_args' from command line to 'None'
[0.213s] Level 5:colcon.colcon_core.verb:set package 'T170_ARMS_moveit_config' build argument 'catkin_cmake_args' from command line to 'None'
[0.213s] Level 5:colcon.colcon_core.verb:set package 'T170_ARMS_moveit_config' build argument 'catkin_skip_building_tests' from command line to 'False'
[0.213s] DEBUG:colcon.colcon_core.verb:Building package 'T170_ARMS_moveit_config' with the following arguments: {'ament_cmake_args': None, 'build_base': '/home/astra/Ti5_controller/build/T170_ARMS_moveit_config', 'catkin_cmake_args': None, 'catkin_skip_building_tests': False, 'cmake_args': None, 'cmake_clean_cache': False, 'cmake_clean_first': False, 'cmake_force_configure': False, 'cmake_target': None, 'cmake_target_skip_unavailable': False, 'install_base': '/home/astra/Ti5_controller/install/T170_ARMS_moveit_config', 'merge_install': False, 'path': '/home/astra/Ti5_controller/src/T170_ARMS_moveit_config', 'symlink_install': False, 'test_result_base': None}
[0.213s] Level 5:colcon.colcon_core.verb:set package 'bringup' build argument 'cmake_args' from command line to 'None'
[0.213s] Level 5:colcon.colcon_core.verb:set package 'bringup' build argument 'cmake_target' from command line to 'None'
[0.213s] Level 5:colcon.colcon_core.verb:set package 'bringup' build argument 'cmake_target_skip_unavailable' from command line to 'False'
[0.213s] Level 5:colcon.colcon_core.verb:set package 'bringup' build argument 'cmake_clean_cache' from command line to 'False'
[0.213s] Level 5:colcon.colcon_core.verb:set package 'bringup' build argument 'cmake_clean_first' from command line to 'False'
[0.213s] Level 5:colcon.colcon_core.verb:set package 'bringup' build argument 'cmake_force_configure' from command line to 'False'
[0.213s] Level 5:colcon.colcon_core.verb:set package 'bringup' build argument 'ament_cmake_args' from command line to 'None'
[0.213s] Level 5:colcon.colcon_core.verb:set package 'bringup' build argument 'catkin_cmake_args' from command line to 'None'
[0.213s] Level 5:colcon.colcon_core.verb:set package 'bringup' build argument 'catkin_skip_building_tests' from command line to 'False'
[0.213s] DEBUG:colcon.colcon_core.verb:Building package 'bringup' with the following arguments: {'ament_cmake_args': None, 'build_base': '/home/astra/Ti5_controller/build/bringup', 'catkin_cmake_args': None, 'catkin_skip_building_tests': False, 'cmake_args': None, 'cmake_clean_cache': False, 'cmake_clean_first': False, 'cmake_force_configure': False, 'cmake_target': None, 'cmake_target_skip_unavailable': False, 'install_base': '/home/astra/Ti5_controller/install/bringup', 'merge_install': False, 'path': '/home/astra/Ti5_controller/src/bringup', 'symlink_install': False, 'test_result_base': None}
[0.213s] INFO:colcon.colcon_core.executor:Executing jobs using 'parallel' executor
[0.214s] DEBUG:colcon.colcon_parallel_executor.executor.parallel:run_until_complete
[0.214s] INFO:colcon.colcon_ros.task.ament_cmake.build:Building ROS package in '/home/astra/Ti5_controller/src/arms_description' with build type 'ament_cmake'
[0.214s] INFO:colcon.colcon_cmake.task.cmake.build:Building CMake package in '/home/astra/Ti5_controller/src/arms_description'
[0.216s] INFO:colcon.colcon_core.plugin_system:Skipping extension 'colcon_core.shell.bat': Not used on non-Windows systems
[0.216s] INFO:colcon.colcon_core.shell:Skip shell extension 'powershell' for command environment: Not usable outside of PowerShell
[0.216s] DEBUG:colcon.colcon_core.shell:Skip shell extension 'dsv' for command environment
[0.218s] INFO:colcon.colcon_ros.task.ament_cmake.build:Building ROS package in '/home/astra/Ti5_controller/src/Ti5_hardware_interface' with build type 'ament_cmake'
[0.218s] INFO:colcon.colcon_cmake.task.cmake.build:Building CMake package in '/home/astra/Ti5_controller/src/Ti5_hardware_interface'
[0.218s] INFO:colcon.colcon_core.shell:Skip shell extension 'powershell' for command environment: Not usable outside of PowerShell
[0.218s] DEBUG:colcon.colcon_core.shell:Skip shell extension 'dsv' for command environment
[0.219s] INFO:colcon.colcon_ros.task.ament_cmake.build:Building ROS package in '/home/astra/Ti5_controller/src/Ti5_moveit_interface' with build type 'ament_cmake'
[0.219s] INFO:colcon.colcon_cmake.task.cmake.build:Building CMake package in '/home/astra/Ti5_controller/src/Ti5_moveit_interface'
[0.220s] INFO:colcon.colcon_core.shell:Skip shell extension 'powershell' for command environment: Not usable outside of PowerShell
[0.220s] DEBUG:colcon.colcon_core.shell:Skip shell extension 'dsv' for command environment
[0.223s] DEBUG:colcon.colcon_core.event_handler.log_command:Invoking command in '/home/astra/Ti5_controller/build/arms_description': CMAKE_PREFIX_PATH=/opt/ros/humble /usr/bin/cmake /home/astra/Ti5_controller/src/arms_description -DCMAKE_INSTALL_PREFIX=/home/astra/Ti5_controller/install/arms_description
[0.224s] DEBUG:colcon.colcon_core.event_handler.log_command:Invoking command in '/home/astra/Ti5_controller/build/Ti5_hardware_interface': CMAKE_PREFIX_PATH=/opt/ros/humble /usr/bin/cmake /home/astra/Ti5_controller/src/Ti5_hardware_interface -DCMAKE_INSTALL_PREFIX=/home/astra/Ti5_controller/install/Ti5_hardware_interface
[0.226s] DEBUG:colcon.colcon_core.event_handler.log_command:Invoking command in '/home/astra/Ti5_controller/build/Ti5_moveit_interface': CMAKE_PREFIX_PATH=/opt/ros/humble /usr/bin/cmake /home/astra/Ti5_controller/src/Ti5_moveit_interface -DCMAKE_INSTALL_PREFIX=/home/astra/Ti5_controller/install/Ti5_moveit_interface
[0.635s] DEBUG:colcon.colcon_core.event_handler.log_command:Invoked command in '/home/astra/Ti5_controller/build/arms_description' returned '0': CMAKE_PREFIX_PATH=/opt/ros/humble /usr/bin/cmake /home/astra/Ti5_controller/src/arms_description -DCMAKE_INSTALL_PREFIX=/home/astra/Ti5_controller/install/arms_description
[0.637s] DEBUG:colcon.colcon_core.event_handler.log_command:Invoking command in '/home/astra/Ti5_controller/build/arms_description': CMAKE_PREFIX_PATH=/opt/ros/humble /usr/bin/cmake --build /home/astra/Ti5_controller/build/arms_description -- -j24 -l24
[0.659s] DEBUG:colcon.colcon_core.event_handler.log_command:Invoked command in '/home/astra/Ti5_controller/build/arms_description' returned '0': CMAKE_PREFIX_PATH=/opt/ros/humble /usr/bin/cmake --build /home/astra/Ti5_controller/build/arms_description -- -j24 -l24
[0.679s] DEBUG:colcon.colcon_core.event_handler.log_command:Invoking command in '/home/astra/Ti5_controller/build/arms_description': CMAKE_PREFIX_PATH=/opt/ros/humble /usr/bin/cmake --install /home/astra/Ti5_controller/build/arms_description
[0.763s] Level 1:colcon.colcon_core.environment:create_environment_scripts_only(arms_description)
[0.764s] DEBUG:colcon.colcon_core.event_handler.log_command:Invoked command in '/home/astra/Ti5_controller/build/arms_description' returned '0': CMAKE_PREFIX_PATH=/opt/ros/humble /usr/bin/cmake --install /home/astra/Ti5_controller/build/arms_description
[0.765s] Level 1:colcon.colcon_core.environment:checking '/home/astra/Ti5_controller/install/arms_description' for CMake module files
[0.765s] Level 1:colcon.colcon_core.environment:checking '/home/astra/Ti5_controller/install/arms_description' for CMake config files
[0.765s] Level 1:colcon.colcon_core.shell:create_environment_hook('arms_description', 'cmake_prefix_path')
[0.766s] INFO:colcon.colcon_core.shell:Creating environment hook '/home/astra/Ti5_controller/install/arms_description/share/arms_description/hook/cmake_prefix_path.ps1'
[0.766s] INFO:colcon.colcon_core.shell:Creating environment descriptor '/home/astra/Ti5_controller/install/arms_description/share/arms_description/hook/cmake_prefix_path.dsv'
[0.766s] INFO:colcon.colcon_core.shell:Creating environment hook '/home/astra/Ti5_controller/install/arms_description/share/arms_description/hook/cmake_prefix_path.sh'
[0.767s] Level 1:colcon.colcon_core.environment:checking '/home/astra/Ti5_controller/install/arms_description/bin'
[0.767s] Level 1:colcon.colcon_core.environment:checking '/home/astra/Ti5_controller/install/arms_description/lib/pkgconfig/arms_description.pc'
[0.767s] Level 1:colcon.colcon_core.environment:checking '/home/astra/Ti5_controller/install/arms_description/lib/python3.10/site-packages'
[0.767s] Level 1:colcon.colcon_core.environment:checking '/home/astra/Ti5_controller/install/arms_description/bin'
[0.767s] INFO:colcon.colcon_core.shell:Creating package script '/home/astra/Ti5_controller/install/arms_description/share/arms_description/package.ps1'
[0.768s] INFO:colcon.colcon_core.shell:Creating package descriptor '/home/astra/Ti5_controller/install/arms_description/share/arms_description/package.dsv'
[0.768s] INFO:colcon.colcon_core.shell:Creating package script '/home/astra/Ti5_controller/install/arms_description/share/arms_description/package.sh'
[0.768s] INFO:colcon.colcon_core.shell:Creating package script '/home/astra/Ti5_controller/install/arms_description/share/arms_description/package.bash'
[0.769s] INFO:colcon.colcon_core.shell:Creating package script '/home/astra/Ti5_controller/install/arms_description/share/arms_description/package.zsh'
[0.769s] Level 1:colcon.colcon_core.environment:create_file_with_runtime_dependencies(/home/astra/Ti5_controller/install/arms_description/share/colcon-core/packages/arms_description)
[0.783s] Level 1:colcon.colcon_core.environment:create_environment_scripts_only(arms_description)
[0.783s] Level 1:colcon.colcon_core.environment:checking '/home/astra/Ti5_controller/install/arms_description' for CMake module files
[0.784s] Level 1:colcon.colcon_core.environment:checking '/home/astra/Ti5_controller/install/arms_description' for CMake config files
[0.784s] Level 1:colcon.colcon_core.shell:create_environment_hook('arms_description', 'cmake_prefix_path')
[0.784s] INFO:colcon.colcon_core.shell:Creating environment hook '/home/astra/Ti5_controller/install/arms_description/share/arms_description/hook/cmake_prefix_path.ps1'
[0.784s] INFO:colcon.colcon_core.shell:Creating environment descriptor '/home/astra/Ti5_controller/install/arms_description/share/arms_description/hook/cmake_prefix_path.dsv'
[0.784s] INFO:colcon.colcon_core.shell:Creating environment hook '/home/astra/Ti5_controller/install/arms_description/share/arms_description/hook/cmake_prefix_path.sh'
[0.785s] Level 1:colcon.colcon_core.environment:checking '/home/astra/Ti5_controller/install/arms_description/bin'
[0.785s] Level 1:colcon.colcon_core.environment:checking '/home/astra/Ti5_controller/install/arms_description/lib/pkgconfig/arms_description.pc'
[0.785s] Level 1:colcon.colcon_core.environment:checking '/home/astra/Ti5_controller/install/arms_description/lib/python3.10/site-packages'
[0.785s] Level 1:colcon.colcon_core.environment:checking '/home/astra/Ti5_controller/install/arms_description/bin'
[0.785s] INFO:colcon.colcon_core.shell:Creating package script '/home/astra/Ti5_controller/install/arms_description/share/arms_description/package.ps1'
[0.786s] INFO:colcon.colcon_core.shell:Creating package descriptor '/home/astra/Ti5_controller/install/arms_description/share/arms_description/package.dsv'
[0.786s] INFO:colcon.colcon_core.shell:Creating package script '/home/astra/Ti5_controller/install/arms_description/share/arms_description/package.sh'
[0.786s] INFO:colcon.colcon_core.shell:Creating package script '/home/astra/Ti5_controller/install/arms_description/share/arms_description/package.bash'
[0.786s] INFO:colcon.colcon_core.shell:Creating package script '/home/astra/Ti5_controller/install/arms_description/share/arms_description/package.zsh'
[0.786s] Level 1:colcon.colcon_core.environment:create_file_with_runtime_dependencies(/home/astra/Ti5_controller/install/arms_description/share/colcon-core/packages/arms_description)
[0.786s] INFO:colcon.colcon_ros.task.ament_cmake.build:Building ROS package in '/home/astra/Ti5_controller/src/T170_ARMS_moveit_config' with build type 'ament_cmake'
[0.787s] INFO:colcon.colcon_cmake.task.cmake.build:Building CMake package in '/home/astra/Ti5_controller/src/T170_ARMS_moveit_config'
[0.787s] INFO:colcon.colcon_core.shell:Skip shell extension 'powershell' for command environment: Not usable outside of PowerShell
[0.787s] DEBUG:colcon.colcon_core.shell:Skip shell extension 'dsv' for command environment
[0.791s] DEBUG:colcon.colcon_core.event_handler.log_command:Invoking command in '/home/astra/Ti5_controller/build/T170_ARMS_moveit_config': AMENT_PREFIX_PATH=/home/astra/Ti5_controller/install/arms_description:${AMENT_PREFIX_PATH} CMAKE_PREFIX_PATH=/home/astra/Ti5_controller/install/arms_description:/opt/ros/humble /usr/bin/cmake /home/astra/Ti5_controller/src/T170_ARMS_moveit_config -DCMAKE_INSTALL_PREFIX=/home/astra/Ti5_controller/install/T170_ARMS_moveit_config
[1.034s] DEBUG:colcon.colcon_core.event_handler.log_command:Invoked command in '/home/astra/Ti5_controller/build/Ti5_hardware_interface' returned '0': CMAKE_PREFIX_PATH=/opt/ros/humble /usr/bin/cmake /home/astra/Ti5_controller/src/Ti5_hardware_interface -DCMAKE_INSTALL_PREFIX=/home/astra/Ti5_controller/install/Ti5_hardware_interface
[1.035s] DEBUG:colcon.colcon_core.event_handler.log_command:Invoking command in '/home/astra/Ti5_controller/build/Ti5_hardware_interface': CMAKE_PREFIX_PATH=/opt/ros/humble /usr/bin/cmake --build /home/astra/Ti5_controller/build/Ti5_hardware_interface -- -j24 -l24
[1.168s] DEBUG:colcon.colcon_core.event_handler.log_command:Invoked command in '/home/astra/Ti5_controller/build/T170_ARMS_moveit_config' returned '0': AMENT_PREFIX_PATH=/home/astra/Ti5_controller/install/arms_description:${AMENT_PREFIX_PATH} CMAKE_PREFIX_PATH=/home/astra/Ti5_controller/install/arms_description:/opt/ros/humble /usr/bin/cmake /home/astra/Ti5_controller/src/T170_ARMS_moveit_config -DCMAKE_INSTALL_PREFIX=/home/astra/Ti5_controller/install/T170_ARMS_moveit_config
[1.169s] DEBUG:colcon.colcon_core.event_handler.log_command:Invoking command in '/home/astra/Ti5_controller/build/T170_ARMS_moveit_config': AMENT_PREFIX_PATH=/home/astra/Ti5_controller/install/arms_description:${AMENT_PREFIX_PATH} CMAKE_PREFIX_PATH=/home/astra/Ti5_controller/install/arms_description:/opt/ros/humble /usr/bin/cmake --build /home/astra/Ti5_controller/build/T170_ARMS_moveit_config -- -j24 -l24
[1.193s] DEBUG:colcon.colcon_core.event_handler.log_command:Invoked command in '/home/astra/Ti5_controller/build/T170_ARMS_moveit_config' returned '0': AMENT_PREFIX_PATH=/home/astra/Ti5_controller/install/arms_description:${AMENT_PREFIX_PATH} CMAKE_PREFIX_PATH=/home/astra/Ti5_controller/install/arms_description:/opt/ros/humble /usr/bin/cmake --build /home/astra/Ti5_controller/build/T170_ARMS_moveit_config -- -j24 -l24
[1.206s] DEBUG:colcon.colcon_core.event_handler.log_command:Invoking command in '/home/astra/Ti5_controller/build/T170_ARMS_moveit_config': AMENT_PREFIX_PATH=/home/astra/Ti5_controller/install/arms_description:${AMENT_PREFIX_PATH} CMAKE_PREFIX_PATH=/home/astra/Ti5_controller/install/arms_description:/opt/ros/humble /usr/bin/cmake --install /home/astra/Ti5_controller/build/T170_ARMS_moveit_config
[1.216s] Level 1:colcon.colcon_core.environment:create_environment_scripts_only(T170_ARMS_moveit_config)
[1.216s] DEBUG:colcon.colcon_core.event_handler.log_command:Invoked command in '/home/astra/Ti5_controller/build/T170_ARMS_moveit_config' returned '0': AMENT_PREFIX_PATH=/home/astra/Ti5_controller/install/arms_description:${AMENT_PREFIX_PATH} CMAKE_PREFIX_PATH=/home/astra/Ti5_controller/install/arms_description:/opt/ros/humble /usr/bin/cmake --install /home/astra/Ti5_controller/build/T170_ARMS_moveit_config
[1.216s] Level 1:colcon.colcon_core.environment:checking '/home/astra/Ti5_controller/install/T170_ARMS_moveit_config' for CMake module files
[1.217s] Level 1:colcon.colcon_core.environment:checking '/home/astra/Ti5_controller/install/T170_ARMS_moveit_config' for CMake config files
[1.217s] Level 1:colcon.colcon_core.shell:create_environment_hook('T170_ARMS_moveit_config', 'cmake_prefix_path')
[1.217s] INFO:colcon.colcon_core.shell:Creating environment hook '/home/astra/Ti5_controller/install/T170_ARMS_moveit_config/share/T170_ARMS_moveit_config/hook/cmake_prefix_path.ps1'
[1.218s] INFO:colcon.colcon_core.shell:Creating environment descriptor '/home/astra/Ti5_controller/install/T170_ARMS_moveit_config/share/T170_ARMS_moveit_config/hook/cmake_prefix_path.dsv'
[1.218s] INFO:colcon.colcon_core.shell:Creating environment hook '/home/astra/Ti5_controller/install/T170_ARMS_moveit_config/share/T170_ARMS_moveit_config/hook/cmake_prefix_path.sh'
[1.218s] Level 1:colcon.colcon_core.environment:checking '/home/astra/Ti5_controller/install/T170_ARMS_moveit_config/bin'
[1.218s] Level 1:colcon.colcon_core.environment:checking '/home/astra/Ti5_controller/install/T170_ARMS_moveit_config/lib/pkgconfig/T170_ARMS_moveit_config.pc'
[1.219s] Level 1:colcon.colcon_core.environment:checking '/home/astra/Ti5_controller/install/T170_ARMS_moveit_config/lib/python3.10/site-packages'
[1.219s] Level 1:colcon.colcon_core.environment:checking '/home/astra/Ti5_controller/install/T170_ARMS_moveit_config/bin'
[1.219s] INFO:colcon.colcon_core.shell:Creating package script '/home/astra/Ti5_controller/install/T170_ARMS_moveit_config/share/T170_ARMS_moveit_config/package.ps1'
[1.219s] INFO:colcon.colcon_core.shell:Creating package descriptor '/home/astra/Ti5_controller/install/T170_ARMS_moveit_config/share/T170_ARMS_moveit_config/package.dsv'
[1.220s] INFO:colcon.colcon_core.shell:Creating package script '/home/astra/Ti5_controller/install/T170_ARMS_moveit_config/share/T170_ARMS_moveit_config/package.sh'
[1.220s] INFO:colcon.colcon_core.shell:Creating package script '/home/astra/Ti5_controller/install/T170_ARMS_moveit_config/share/T170_ARMS_moveit_config/package.bash'
[1.220s] INFO:colcon.colcon_core.shell:Creating package script '/home/astra/Ti5_controller/install/T170_ARMS_moveit_config/share/T170_ARMS_moveit_config/package.zsh'
[1.221s] Level 1:colcon.colcon_core.environment:create_file_with_runtime_dependencies(/home/astra/Ti5_controller/install/T170_ARMS_moveit_config/share/colcon-core/packages/T170_ARMS_moveit_config)
[1.234s] Level 1:colcon.colcon_core.environment:create_environment_scripts_only(T170_ARMS_moveit_config)
[1.234s] Level 1:colcon.colcon_core.environment:checking '/home/astra/Ti5_controller/install/T170_ARMS_moveit_config' for CMake module files
[1.234s] Level 1:colcon.colcon_core.environment:checking '/home/astra/Ti5_controller/install/T170_ARMS_moveit_config' for CMake config files
[1.234s] Level 1:colcon.colcon_core.shell:create_environment_hook('T170_ARMS_moveit_config', 'cmake_prefix_path')
[1.235s] INFO:colcon.colcon_core.shell:Creating environment hook '/home/astra/Ti5_controller/install/T170_ARMS_moveit_config/share/T170_ARMS_moveit_config/hook/cmake_prefix_path.ps1'
[1.235s] INFO:colcon.colcon_core.shell:Creating environment descriptor '/home/astra/Ti5_controller/install/T170_ARMS_moveit_config/share/T170_ARMS_moveit_config/hook/cmake_prefix_path.dsv'
[1.235s] INFO:colcon.colcon_core.shell:Creating environment hook '/home/astra/Ti5_controller/install/T170_ARMS_moveit_config/share/T170_ARMS_moveit_config/hook/cmake_prefix_path.sh'
[1.236s] Level 1:colcon.colcon_core.environment:checking '/home/astra/Ti5_controller/install/T170_ARMS_moveit_config/bin'
[1.236s] Level 1:colcon.colcon_core.environment:checking '/home/astra/Ti5_controller/install/T170_ARMS_moveit_config/lib/pkgconfig/T170_ARMS_moveit_config.pc'
[1.236s] Level 1:colcon.colcon_core.environment:checking '/home/astra/Ti5_controller/install/T170_ARMS_moveit_config/lib/python3.10/site-packages'
[1.236s] Level 1:colcon.colcon_core.environment:checking '/home/astra/Ti5_controller/install/T170_ARMS_moveit_config/bin'
[1.236s] INFO:colcon.colcon_core.shell:Creating package script '/home/astra/Ti5_controller/install/T170_ARMS_moveit_config/share/T170_ARMS_moveit_config/package.ps1'
[1.237s] INFO:colcon.colcon_core.shell:Creating package descriptor '/home/astra/Ti5_controller/install/T170_ARMS_moveit_config/share/T170_ARMS_moveit_config/package.dsv'
[1.237s] INFO:colcon.colcon_core.shell:Creating package script '/home/astra/Ti5_controller/install/T170_ARMS_moveit_config/share/T170_ARMS_moveit_config/package.sh'
[1.237s] INFO:colcon.colcon_core.shell:Creating package script '/home/astra/Ti5_controller/install/T170_ARMS_moveit_config/share/T170_ARMS_moveit_config/package.bash'
[1.238s] INFO:colcon.colcon_core.shell:Creating package script '/home/astra/Ti5_controller/install/T170_ARMS_moveit_config/share/T170_ARMS_moveit_config/package.zsh'
[1.238s] Level 1:colcon.colcon_core.environment:create_file_with_runtime_dependencies(/home/astra/Ti5_controller/install/T170_ARMS_moveit_config/share/colcon-core/packages/T170_ARMS_moveit_config)
[1.366s] DEBUG:colcon.colcon_core.event_handler.log_command:Invoked command in '/home/astra/Ti5_controller/build/Ti5_moveit_interface' returned '0': CMAKE_PREFIX_PATH=/opt/ros/humble /usr/bin/cmake /home/astra/Ti5_controller/src/Ti5_moveit_interface -DCMAKE_INSTALL_PREFIX=/home/astra/Ti5_controller/install/Ti5_moveit_interface
[1.367s] DEBUG:colcon.colcon_core.event_handler.log_command:Invoking command in '/home/astra/Ti5_controller/build/Ti5_moveit_interface': CMAKE_PREFIX_PATH=/opt/ros/humble /usr/bin/cmake --build /home/astra/Ti5_controller/build/Ti5_moveit_interface -- -j24 -l24
[3.110s] DEBUG:colcon.colcon_core.event_handler.log_command:Invoked command in '/home/astra/Ti5_controller/build/Ti5_hardware_interface' returned '0': CMAKE_PREFIX_PATH=/opt/ros/humble /usr/bin/cmake --build /home/astra/Ti5_controller/build/Ti5_hardware_interface -- -j24 -l24
[3.128s] DEBUG:colcon.colcon_core.event_handler.log_command:Invoking command in '/home/astra/Ti5_controller/build/Ti5_hardware_interface': CMAKE_PREFIX_PATH=/opt/ros/humble /usr/bin/cmake --install /home/astra/Ti5_controller/build/Ti5_hardware_interface
[3.136s] Level 1:colcon.colcon_core.environment:create_environment_scripts_only(Ti5_hardware_interface)
[3.136s] DEBUG:colcon.colcon_core.event_handler.log_command:Invoked command in '/home/astra/Ti5_controller/build/Ti5_hardware_interface' returned '0': CMAKE_PREFIX_PATH=/opt/ros/humble /usr/bin/cmake --install /home/astra/Ti5_controller/build/Ti5_hardware_interface
[3.137s] Level 1:colcon.colcon_core.environment:checking '/home/astra/Ti5_controller/install/Ti5_hardware_interface' for CMake module files
[3.137s] Level 1:colcon.colcon_core.environment:checking '/home/astra/Ti5_controller/install/Ti5_hardware_interface' for CMake config files
[3.137s] Level 1:colcon.colcon_core.shell:create_environment_hook('Ti5_hardware_interface', 'cmake_prefix_path')
[3.137s] INFO:colcon.colcon_core.shell:Creating environment hook '/home/astra/Ti5_controller/install/Ti5_hardware_interface/share/Ti5_hardware_interface/hook/cmake_prefix_path.ps1'
[3.137s] INFO:colcon.colcon_core.shell:Creating environment descriptor '/home/astra/Ti5_controller/install/Ti5_hardware_interface/share/Ti5_hardware_interface/hook/cmake_prefix_path.dsv'
[3.138s] INFO:colcon.colcon_core.shell:Creating environment hook '/home/astra/Ti5_controller/install/Ti5_hardware_interface/share/Ti5_hardware_interface/hook/cmake_prefix_path.sh'
[3.138s] Level 1:colcon.colcon_core.environment:checking '/home/astra/Ti5_controller/install/Ti5_hardware_interface/lib'
[3.138s] Level 1:colcon.colcon_core.shell:create_environment_hook('Ti5_hardware_interface', 'ld_library_path_lib')
[3.138s] INFO:colcon.colcon_core.shell:Creating environment hook '/home/astra/Ti5_controller/install/Ti5_hardware_interface/share/Ti5_hardware_interface/hook/ld_library_path_lib.ps1'
[3.138s] INFO:colcon.colcon_core.shell:Creating environment descriptor '/home/astra/Ti5_controller/install/Ti5_hardware_interface/share/Ti5_hardware_interface/hook/ld_library_path_lib.dsv'
[3.138s] INFO:colcon.colcon_core.shell:Creating environment hook '/home/astra/Ti5_controller/install/Ti5_hardware_interface/share/Ti5_hardware_interface/hook/ld_library_path_lib.sh'
[3.139s] Level 1:colcon.colcon_core.environment:checking '/home/astra/Ti5_controller/install/Ti5_hardware_interface/bin'
[3.139s] Level 1:colcon.colcon_core.environment:checking '/home/astra/Ti5_controller/install/Ti5_hardware_interface/lib/pkgconfig/Ti5_hardware_interface.pc'
[3.139s] Level 1:colcon.colcon_core.environment:checking '/home/astra/Ti5_controller/install/Ti5_hardware_interface/lib/python3.10/site-packages'
[3.139s] Level 1:colcon.colcon_core.environment:checking '/home/astra/Ti5_controller/install/Ti5_hardware_interface/bin'
[3.139s] INFO:colcon.colcon_core.shell:Creating package script '/home/astra/Ti5_controller/install/Ti5_hardware_interface/share/Ti5_hardware_interface/package.ps1'
[3.139s] INFO:colcon.colcon_core.shell:Creating package descriptor '/home/astra/Ti5_controller/install/Ti5_hardware_interface/share/Ti5_hardware_interface/package.dsv'
[3.140s] INFO:colcon.colcon_core.shell:Creating package script '/home/astra/Ti5_controller/install/Ti5_hardware_interface/share/Ti5_hardware_interface/package.sh'
[3.140s] INFO:colcon.colcon_core.shell:Creating package script '/home/astra/Ti5_controller/install/Ti5_hardware_interface/share/Ti5_hardware_interface/package.bash'
[3.140s] INFO:colcon.colcon_core.shell:Creating package script '/home/astra/Ti5_controller/install/Ti5_hardware_interface/share/Ti5_hardware_interface/package.zsh'
[3.140s] Level 1:colcon.colcon_core.environment:create_file_with_runtime_dependencies(/home/astra/Ti5_controller/install/Ti5_hardware_interface/share/colcon-core/packages/Ti5_hardware_interface)
[3.157s] Level 1:colcon.colcon_core.environment:create_environment_scripts_only(Ti5_hardware_interface)
[3.157s] Level 1:colcon.colcon_core.environment:checking '/home/astra/Ti5_controller/install/Ti5_hardware_interface' for CMake module files
[3.157s] Level 1:colcon.colcon_core.environment:checking '/home/astra/Ti5_controller/install/Ti5_hardware_interface' for CMake config files
[3.157s] Level 1:colcon.colcon_core.shell:create_environment_hook('Ti5_hardware_interface', 'cmake_prefix_path')
[3.158s] INFO:colcon.colcon_core.shell:Creating environment hook '/home/astra/Ti5_controller/install/Ti5_hardware_interface/share/Ti5_hardware_interface/hook/cmake_prefix_path.ps1'
[3.158s] INFO:colcon.colcon_core.shell:Creating environment descriptor '/home/astra/Ti5_controller/install/Ti5_hardware_interface/share/Ti5_hardware_interface/hook/cmake_prefix_path.dsv'
[3.158s] INFO:colcon.colcon_core.shell:Creating environment hook '/home/astra/Ti5_controller/install/Ti5_hardware_interface/share/Ti5_hardware_interface/hook/cmake_prefix_path.sh'
[3.159s] Level 1:colcon.colcon_core.environment:checking '/home/astra/Ti5_controller/install/Ti5_hardware_interface/lib'
[3.159s] Level 1:colcon.colcon_core.shell:create_environment_hook('Ti5_hardware_interface', 'ld_library_path_lib')
[3.159s] INFO:colcon.colcon_core.shell:Creating environment hook '/home/astra/Ti5_controller/install/Ti5_hardware_interface/share/Ti5_hardware_interface/hook/ld_library_path_lib.ps1'
[3.159s] INFO:colcon.colcon_core.shell:Creating environment descriptor '/home/astra/Ti5_controller/install/Ti5_hardware_interface/share/Ti5_hardware_interface/hook/ld_library_path_lib.dsv'
[3.160s] INFO:colcon.colcon_core.shell:Creating environment hook '/home/astra/Ti5_controller/install/Ti5_hardware_interface/share/Ti5_hardware_interface/hook/ld_library_path_lib.sh'
[3.160s] Level 1:colcon.colcon_core.environment:checking '/home/astra/Ti5_controller/install/Ti5_hardware_interface/bin'
[3.160s] Level 1:colcon.colcon_core.environment:checking '/home/astra/Ti5_controller/install/Ti5_hardware_interface/lib/pkgconfig/Ti5_hardware_interface.pc'
[3.160s] Level 1:colcon.colcon_core.environment:checking '/home/astra/Ti5_controller/install/Ti5_hardware_interface/lib/python3.10/site-packages'
[3.160s] Level 1:colcon.colcon_core.environment:checking '/home/astra/Ti5_controller/install/Ti5_hardware_interface/bin'
[3.160s] INFO:colcon.colcon_core.shell:Creating package script '/home/astra/Ti5_controller/install/Ti5_hardware_interface/share/Ti5_hardware_interface/package.ps1'
[3.161s] INFO:colcon.colcon_core.shell:Creating package descriptor '/home/astra/Ti5_controller/install/Ti5_hardware_interface/share/Ti5_hardware_interface/package.dsv'
[3.161s] INFO:colcon.colcon_core.shell:Creating package script '/home/astra/Ti5_controller/install/Ti5_hardware_interface/share/Ti5_hardware_interface/package.sh'
[3.161s] INFO:colcon.colcon_core.shell:Creating package script '/home/astra/Ti5_controller/install/Ti5_hardware_interface/share/Ti5_hardware_interface/package.bash'
[3.161s] INFO:colcon.colcon_core.shell:Creating package script '/home/astra/Ti5_controller/install/Ti5_hardware_interface/share/Ti5_hardware_interface/package.zsh'
[3.161s] Level 1:colcon.colcon_core.environment:create_file_with_runtime_dependencies(/home/astra/Ti5_controller/install/Ti5_hardware_interface/share/colcon-core/packages/Ti5_hardware_interface)
[9.804s] DEBUG:colcon.colcon_core.event_handler.log_command:Invoked command in '/home/astra/Ti5_controller/build/Ti5_moveit_interface' returned '0': CMAKE_PREFIX_PATH=/opt/ros/humble /usr/bin/cmake --build /home/astra/Ti5_controller/build/Ti5_moveit_interface -- -j24 -l24
[9.823s] DEBUG:colcon.colcon_core.event_handler.log_command:Invoking command in '/home/astra/Ti5_controller/build/Ti5_moveit_interface': CMAKE_PREFIX_PATH=/opt/ros/humble /usr/bin/cmake --install /home/astra/Ti5_controller/build/Ti5_moveit_interface
[9.837s] Level 1:colcon.colcon_core.environment:create_environment_scripts_only(Ti5_moveit_interface)
[9.837s] Level 1:colcon.colcon_core.environment:checking '/home/astra/Ti5_controller/install/Ti5_moveit_interface' for CMake module files
[9.838s] DEBUG:colcon.colcon_core.event_handler.log_command:Invoked command in '/home/astra/Ti5_controller/build/Ti5_moveit_interface' returned '0': CMAKE_PREFIX_PATH=/opt/ros/humble /usr/bin/cmake --install /home/astra/Ti5_controller/build/Ti5_moveit_interface
[9.838s] Level 1:colcon.colcon_core.environment:checking '/home/astra/Ti5_controller/install/Ti5_moveit_interface' for CMake config files
[9.838s] Level 1:colcon.colcon_core.shell:create_environment_hook('Ti5_moveit_interface', 'cmake_prefix_path')
[9.839s] INFO:colcon.colcon_core.shell:Creating environment hook '/home/astra/Ti5_controller/install/Ti5_moveit_interface/share/Ti5_moveit_interface/hook/cmake_prefix_path.ps1'
[9.839s] INFO:colcon.colcon_core.shell:Creating environment descriptor '/home/astra/Ti5_controller/install/Ti5_moveit_interface/share/Ti5_moveit_interface/hook/cmake_prefix_path.dsv'
[9.840s] INFO:colcon.colcon_core.shell:Creating environment hook '/home/astra/Ti5_controller/install/Ti5_moveit_interface/share/Ti5_moveit_interface/hook/cmake_prefix_path.sh'
[9.840s] Level 1:colcon.colcon_core.environment:checking '/home/astra/Ti5_controller/install/Ti5_moveit_interface/lib'
[9.840s] Level 1:colcon.colcon_core.environment:checking '/home/astra/Ti5_controller/install/Ti5_moveit_interface/bin'
[9.840s] Level 1:colcon.colcon_core.environment:checking '/home/astra/Ti5_controller/install/Ti5_moveit_interface/lib/pkgconfig/Ti5_moveit_interface.pc'
[9.840s] Level 1:colcon.colcon_core.environment:checking '/home/astra/Ti5_controller/install/Ti5_moveit_interface/lib/python3.10/site-packages'
[9.841s] Level 1:colcon.colcon_core.environment:checking '/home/astra/Ti5_controller/install/Ti5_moveit_interface/bin'
[9.841s] INFO:colcon.colcon_core.shell:Creating package script '/home/astra/Ti5_controller/install/Ti5_moveit_interface/share/Ti5_moveit_interface/package.ps1'
[9.841s] INFO:colcon.colcon_core.shell:Creating package descriptor '/home/astra/Ti5_controller/install/Ti5_moveit_interface/share/Ti5_moveit_interface/package.dsv'
[9.842s] INFO:colcon.colcon_core.shell:Creating package script '/home/astra/Ti5_controller/install/Ti5_moveit_interface/share/Ti5_moveit_interface/package.sh'
[9.842s] INFO:colcon.colcon_core.shell:Creating package script '/home/astra/Ti5_controller/install/Ti5_moveit_interface/share/Ti5_moveit_interface/package.bash'
[9.842s] INFO:colcon.colcon_core.shell:Creating package script '/home/astra/Ti5_controller/install/Ti5_moveit_interface/share/Ti5_moveit_interface/package.zsh'
[9.842s] Level 1:colcon.colcon_core.environment:create_file_with_runtime_dependencies(/home/astra/Ti5_controller/install/Ti5_moveit_interface/share/colcon-core/packages/Ti5_moveit_interface)
[9.882s] Level 1:colcon.colcon_core.environment:create_environment_scripts_only(Ti5_moveit_interface)
[9.882s] Level 1:colcon.colcon_core.environment:checking '/home/astra/Ti5_controller/install/Ti5_moveit_interface' for CMake module files
[9.883s] Level 1:colcon.colcon_core.environment:checking '/home/astra/Ti5_controller/install/Ti5_moveit_interface' for CMake config files
[9.884s] Level 1:colcon.colcon_core.shell:create_environment_hook('Ti5_moveit_interface', 'cmake_prefix_path')
[9.884s] INFO:colcon.colcon_core.shell:Creating environment hook '/home/astra/Ti5_controller/install/Ti5_moveit_interface/share/Ti5_moveit_interface/hook/cmake_prefix_path.ps1'
[9.885s] INFO:colcon.colcon_core.shell:Creating environment descriptor '/home/astra/Ti5_controller/install/Ti5_moveit_interface/share/Ti5_moveit_interface/hook/cmake_prefix_path.dsv'
[9.886s] INFO:colcon.colcon_core.shell:Creating environment hook '/home/astra/Ti5_controller/install/Ti5_moveit_interface/share/Ti5_moveit_interface/hook/cmake_prefix_path.sh'
[9.887s] Level 1:colcon.colcon_core.environment:checking '/home/astra/Ti5_controller/install/Ti5_moveit_interface/lib'
[9.887s] Level 1:colcon.colcon_core.environment:checking '/home/astra/Ti5_controller/install/Ti5_moveit_interface/bin'
[9.887s] Level 1:colcon.colcon_core.environment:checking '/home/astra/Ti5_controller/install/Ti5_moveit_interface/lib/pkgconfig/Ti5_moveit_interface.pc'
[9.888s] Level 1:colcon.colcon_core.environment:checking '/home/astra/Ti5_controller/install/Ti5_moveit_interface/lib/python3.10/site-packages'
[9.888s] Level 1:colcon.colcon_core.environment:checking '/home/astra/Ti5_controller/install/Ti5_moveit_interface/bin'
[9.888s] INFO:colcon.colcon_core.shell:Creating package script '/home/astra/Ti5_controller/install/Ti5_moveit_interface/share/Ti5_moveit_interface/package.ps1'
[9.889s] INFO:colcon.colcon_core.shell:Creating package descriptor '/home/astra/Ti5_controller/install/Ti5_moveit_interface/share/Ti5_moveit_interface/package.dsv'
[9.890s] INFO:colcon.colcon_core.shell:Creating package script '/home/astra/Ti5_controller/install/Ti5_moveit_interface/share/Ti5_moveit_interface/package.sh'
[9.890s] INFO:colcon.colcon_core.shell:Creating package script '/home/astra/Ti5_controller/install/Ti5_moveit_interface/share/Ti5_moveit_interface/package.bash'
[9.891s] INFO:colcon.colcon_core.shell:Creating package script '/home/astra/Ti5_controller/install/Ti5_moveit_interface/share/Ti5_moveit_interface/package.zsh'
[9.891s] Level 1:colcon.colcon_core.environment:create_file_with_runtime_dependencies(/home/astra/Ti5_controller/install/Ti5_moveit_interface/share/colcon-core/packages/Ti5_moveit_interface)
[9.892s] INFO:colcon.colcon_ros.task.ament_cmake.build:Building ROS package in '/home/astra/Ti5_controller/src/bringup' with build type 'ament_cmake'
[9.892s] INFO:colcon.colcon_cmake.task.cmake.build:Building CMake package in '/home/astra/Ti5_controller/src/bringup'
[9.892s] INFO:colcon.colcon_core.shell:Skip shell extension 'powershell' for command environment: Not usable outside of PowerShell
[9.892s] DEBUG:colcon.colcon_core.shell:Skip shell extension 'dsv' for command environment
[9.910s] DEBUG:colcon.colcon_core.event_handler.log_command:Invoking command in '/home/astra/Ti5_controller/build/bringup': AMENT_PREFIX_PATH=/home/astra/Ti5_controller/install/T170_ARMS_moveit_config:/home/astra/Ti5_controller/install/arms_description:/home/astra/Ti5_controller/install/Ti5_moveit_interface:/home/astra/Ti5_controller/install/Ti5_hardware_interface:${AMENT_PREFIX_PATH} CMAKE_PREFIX_PATH=/home/astra/Ti5_controller/install/T170_ARMS_moveit_config:/home/astra/Ti5_controller/install/arms_description:/home/astra/Ti5_controller/install/Ti5_moveit_interface:/home/astra/Ti5_controller/install/Ti5_hardware_interface:/opt/ros/humble LD_LIBRARY_PATH=/home/astra/Ti5_controller/install/Ti5_hardware_interface/lib:${LD_LIBRARY_PATH} /usr/bin/cmake /home/astra/Ti5_controller/src/bringup -DCMAKE_INSTALL_PREFIX=/home/astra/Ti5_controller/install/bringup
[10.488s] DEBUG:colcon.colcon_core.event_handler.log_command:Invoked command in '/home/astra/Ti5_controller/build/bringup' returned '0': AMENT_PREFIX_PATH=/home/astra/Ti5_controller/install/T170_ARMS_moveit_config:/home/astra/Ti5_controller/install/arms_description:/home/astra/Ti5_controller/install/Ti5_moveit_interface:/home/astra/Ti5_controller/install/Ti5_hardware_interface:${AMENT_PREFIX_PATH} CMAKE_PREFIX_PATH=/home/astra/Ti5_controller/install/T170_ARMS_moveit_config:/home/astra/Ti5_controller/install/arms_description:/home/astra/Ti5_controller/install/Ti5_moveit_interface:/home/astra/Ti5_controller/install/Ti5_hardware_interface:/opt/ros/humble LD_LIBRARY_PATH=/home/astra/Ti5_controller/install/Ti5_hardware_interface/lib:${LD_LIBRARY_PATH} /usr/bin/cmake /home/astra/Ti5_controller/src/bringup -DCMAKE_INSTALL_PREFIX=/home/astra/Ti5_controller/install/bringup
[10.489s] DEBUG:colcon.colcon_core.event_handler.log_command:Invoking command in '/home/astra/Ti5_controller/build/bringup': AMENT_PREFIX_PATH=/home/astra/Ti5_controller/install/T170_ARMS_moveit_config:/home/astra/Ti5_controller/install/arms_description:/home/astra/Ti5_controller/install/Ti5_moveit_interface:/home/astra/Ti5_controller/install/Ti5_hardware_interface:${AMENT_PREFIX_PATH} CMAKE_PREFIX_PATH=/home/astra/Ti5_controller/install/T170_ARMS_moveit_config:/home/astra/Ti5_controller/install/arms_description:/home/astra/Ti5_controller/install/Ti5_moveit_interface:/home/astra/Ti5_controller/install/Ti5_hardware_interface:/opt/ros/humble LD_LIBRARY_PATH=/home/astra/Ti5_controller/install/Ti5_hardware_interface/lib:${LD_LIBRARY_PATH} /usr/bin/cmake --build /home/astra/Ti5_controller/build/bringup -- -j24 -l24
[10.515s] DEBUG:colcon.colcon_core.event_handler.log_command:Invoked command in '/home/astra/Ti5_controller/build/bringup' returned '0': AMENT_PREFIX_PATH=/home/astra/Ti5_controller/install/T170_ARMS_moveit_config:/home/astra/Ti5_controller/install/arms_description:/home/astra/Ti5_controller/install/Ti5_moveit_interface:/home/astra/Ti5_controller/install/Ti5_hardware_interface:${AMENT_PREFIX_PATH} CMAKE_PREFIX_PATH=/home/astra/Ti5_controller/install/T170_ARMS_moveit_config:/home/astra/Ti5_controller/install/arms_description:/home/astra/Ti5_controller/install/Ti5_moveit_interface:/home/astra/Ti5_controller/install/Ti5_hardware_interface:/opt/ros/humble LD_LIBRARY_PATH=/home/astra/Ti5_controller/install/Ti5_hardware_interface/lib:${LD_LIBRARY_PATH} /usr/bin/cmake --build /home/astra/Ti5_controller/build/bringup -- -j24 -l24
[10.541s] DEBUG:colcon.colcon_core.event_handler.log_command:Invoking command in '/home/astra/Ti5_controller/build/bringup': AMENT_PREFIX_PATH=/home/astra/Ti5_controller/install/T170_ARMS_moveit_config:/home/astra/Ti5_controller/install/arms_description:/home/astra/Ti5_controller/install/Ti5_moveit_interface:/home/astra/Ti5_controller/install/Ti5_hardware_interface:${AMENT_PREFIX_PATH} CMAKE_PREFIX_PATH=/home/astra/Ti5_controller/install/T170_ARMS_moveit_config:/home/astra/Ti5_controller/install/arms_description:/home/astra/Ti5_controller/install/Ti5_moveit_interface:/home/astra/Ti5_controller/install/Ti5_hardware_interface:/opt/ros/humble LD_LIBRARY_PATH=/home/astra/Ti5_controller/install/Ti5_hardware_interface/lib:${LD_LIBRARY_PATH} /usr/bin/cmake --install /home/astra/Ti5_controller/build/bringup
[10.555s] Level 1:colcon.colcon_core.environment:create_environment_scripts_only(bringup)
[10.555s] Level 1:colcon.colcon_core.environment:checking '/home/astra/Ti5_controller/install/bringup' for CMake module files
[10.555s] DEBUG:colcon.colcon_core.event_handler.log_command:Invoked command in '/home/astra/Ti5_controller/build/bringup' returned '0': AMENT_PREFIX_PATH=/home/astra/Ti5_controller/install/T170_ARMS_moveit_config:/home/astra/Ti5_controller/install/arms_description:/home/astra/Ti5_controller/install/Ti5_moveit_interface:/home/astra/Ti5_controller/install/Ti5_hardware_interface:${AMENT_PREFIX_PATH} CMAKE_PREFIX_PATH=/home/astra/Ti5_controller/install/T170_ARMS_moveit_config:/home/astra/Ti5_controller/install/arms_description:/home/astra/Ti5_controller/install/Ti5_moveit_interface:/home/astra/Ti5_controller/install/Ti5_hardware_interface:/opt/ros/humble LD_LIBRARY_PATH=/home/astra/Ti5_controller/install/Ti5_hardware_interface/lib:${LD_LIBRARY_PATH} /usr/bin/cmake --install /home/astra/Ti5_controller/build/bringup
[10.556s] Level 1:colcon.colcon_core.environment:checking '/home/astra/Ti5_controller/install/bringup' for CMake config files
[10.556s] Level 1:colcon.colcon_core.shell:create_environment_hook('bringup', 'cmake_prefix_path')
[10.556s] INFO:colcon.colcon_core.shell:Creating environment hook '/home/astra/Ti5_controller/install/bringup/share/bringup/hook/cmake_prefix_path.ps1'
[10.556s] INFO:colcon.colcon_core.shell:Creating environment descriptor '/home/astra/Ti5_controller/install/bringup/share/bringup/hook/cmake_prefix_path.dsv'
[10.557s] INFO:colcon.colcon_core.shell:Creating environment hook '/home/astra/Ti5_controller/install/bringup/share/bringup/hook/cmake_prefix_path.sh'
[10.557s] Level 1:colcon.colcon_core.environment:checking '/home/astra/Ti5_controller/install/bringup/bin'
[10.557s] Level 1:colcon.colcon_core.environment:checking '/home/astra/Ti5_controller/install/bringup/lib/pkgconfig/bringup.pc'
[10.557s] Level 1:colcon.colcon_core.environment:checking '/home/astra/Ti5_controller/install/bringup/lib/python3.10/site-packages'
[10.558s] Level 1:colcon.colcon_core.environment:checking '/home/astra/Ti5_controller/install/bringup/bin'
[10.558s] INFO:colcon.colcon_core.shell:Creating package script '/home/astra/Ti5_controller/install/bringup/share/bringup/package.ps1'
[10.558s] INFO:colcon.colcon_core.shell:Creating package descriptor '/home/astra/Ti5_controller/install/bringup/share/bringup/package.dsv'
[10.559s] INFO:colcon.colcon_core.shell:Creating package script '/home/astra/Ti5_controller/install/bringup/share/bringup/package.sh'
[10.559s] INFO:colcon.colcon_core.shell:Creating package script '/home/astra/Ti5_controller/install/bringup/share/bringup/package.bash'
[10.559s] INFO:colcon.colcon_core.shell:Creating package script '/home/astra/Ti5_controller/install/bringup/share/bringup/package.zsh'
[10.560s] Level 1:colcon.colcon_core.environment:create_file_with_runtime_dependencies(/home/astra/Ti5_controller/install/bringup/share/colcon-core/packages/bringup)
[10.577s] Level 1:colcon.colcon_core.environment:create_environment_scripts_only(bringup)
[10.578s] Level 1:colcon.colcon_core.environment:checking '/home/astra/Ti5_controller/install/bringup' for CMake module files
[10.578s] Level 1:colcon.colcon_core.environment:checking '/home/astra/Ti5_controller/install/bringup' for CMake config files
[10.578s] Level 1:colcon.colcon_core.shell:create_environment_hook('bringup', 'cmake_prefix_path')
[10.578s] INFO:colcon.colcon_core.shell:Creating environment hook '/home/astra/Ti5_controller/install/bringup/share/bringup/hook/cmake_prefix_path.ps1'
[10.579s] INFO:colcon.colcon_core.shell:Creating environment descriptor '/home/astra/Ti5_controller/install/bringup/share/bringup/hook/cmake_prefix_path.dsv'
[10.579s] INFO:colcon.colcon_core.shell:Creating environment hook '/home/astra/Ti5_controller/install/bringup/share/bringup/hook/cmake_prefix_path.sh'
[10.580s] Level 1:colcon.colcon_core.environment:checking '/home/astra/Ti5_controller/install/bringup/bin'
[10.580s] Level 1:colcon.colcon_core.environment:checking '/home/astra/Ti5_controller/install/bringup/lib/pkgconfig/bringup.pc'
[10.580s] Level 1:colcon.colcon_core.environment:checking '/home/astra/Ti5_controller/install/bringup/lib/python3.10/site-packages'
[10.580s] Level 1:colcon.colcon_core.environment:checking '/home/astra/Ti5_controller/install/bringup/bin'
[10.580s] INFO:colcon.colcon_core.shell:Creating package script '/home/astra/Ti5_controller/install/bringup/share/bringup/package.ps1'
[10.580s] INFO:colcon.colcon_core.shell:Creating package descriptor '/home/astra/Ti5_controller/install/bringup/share/bringup/package.dsv'
[10.581s] INFO:colcon.colcon_core.shell:Creating package script '/home/astra/Ti5_controller/install/bringup/share/bringup/package.sh'
[10.581s] INFO:colcon.colcon_core.shell:Creating package script '/home/astra/Ti5_controller/install/bringup/share/bringup/package.bash'
[10.581s] INFO:colcon.colcon_core.shell:Creating package script '/home/astra/Ti5_controller/install/bringup/share/bringup/package.zsh'
[10.581s] Level 1:colcon.colcon_core.environment:create_file_with_runtime_dependencies(/home/astra/Ti5_controller/install/bringup/share/colcon-core/packages/bringup)
[10.581s] DEBUG:colcon.colcon_parallel_executor.executor.parallel:closing loop
[10.582s] DEBUG:colcon.colcon_parallel_executor.executor.parallel:loop closed
[10.582s] DEBUG:colcon.colcon_parallel_executor.executor.parallel:run_until_complete finished with '0'
[10.582s] DEBUG:colcon.colcon_core.event_reactor:joining thread
[10.585s] INFO:colcon.colcon_core.plugin_system:Skipping extension 'colcon_notification.desktop_notification.terminal_notifier': Not used on non-Darwin systems
[10.585s] INFO:colcon.colcon_core.plugin_system:Skipping extension 'colcon_notification.desktop_notification.win32': Not used on non-Windows systems
[10.585s] INFO:colcon.colcon_notification.desktop_notification:Sending desktop notification using 'notify2'
[10.594s] DEBUG:colcon.colcon_core.event_reactor:joined thread
[10.595s] INFO:colcon.colcon_core.shell:Creating prefix script '/home/astra/Ti5_controller/install/local_setup.ps1'
[10.595s] INFO:colcon.colcon_core.shell:Creating prefix util module '/home/astra/Ti5_controller/install/_local_setup_util_ps1.py'
[10.596s] INFO:colcon.colcon_core.shell:Creating prefix chain script '/home/astra/Ti5_controller/install/setup.ps1'
[10.597s] INFO:colcon.colcon_core.shell:Creating prefix script '/home/astra/Ti5_controller/install/local_setup.sh'
[10.597s] INFO:colcon.colcon_core.shell:Creating prefix util module '/home/astra/Ti5_controller/install/_local_setup_util_sh.py'
[10.597s] INFO:colcon.colcon_core.shell:Creating prefix chain script '/home/astra/Ti5_controller/install/setup.sh'
[10.598s] INFO:colcon.colcon_core.shell:Creating prefix script '/home/astra/Ti5_controller/install/local_setup.bash'
[10.598s] INFO:colcon.colcon_core.shell:Creating prefix chain script '/home/astra/Ti5_controller/install/setup.bash'
[10.599s] INFO:colcon.colcon_core.shell:Creating prefix script '/home/astra/Ti5_controller/install/local_setup.zsh'
[10.599s] INFO:colcon.colcon_core.shell:Creating prefix chain script '/home/astra/Ti5_controller/install/setup.zsh'
