[0.012s] Invoking command in '/home/astra/Ti5_controller/build/bringup': CMAKE_PREFIX_PATH=/home/astra/Ti5_controller/install/T170_ARMS_moveit_config:/home/astra/Ti5_controller/install/arms_description:/home/astra/Ti5_controller/install/Ti5_moveit_interface:/home/astra/Ti5_controller/install/Ti5_hardware_interface:/home/astra/Ti5_controller/install/bringup:/opt/ros/humble /usr/bin/cmake /home/astra/Ti5_controller/src/bringup -DCMAKE_INSTALL_PREFIX=/home/astra/Ti5_controller/install/bringup
[0.089s] -- The C compiler identification is GNU 11.4.0
[0.141s] -- The CXX compiler identification is GNU 11.4.0
[0.146s] -- Detecting C compiler ABI info
[0.232s] -- Detecting C compiler ABI info - done
[0.237s] -- Check for working C compiler: /usr/bin/cc - skipped
[0.237s] -- Detecting C compile features
[0.237s] -- Detecting C compile features - done
[0.239s] -- Detecting CXX compiler ABI info
[0.325s] -- Detecting CXX compiler ABI info - done
[0.330s] -- Check for working CXX compiler: /usr/bin/c++ - skipped
[0.330s] -- Detecting CXX compile features
[0.331s] -- Detecting CXX compile features - done
[0.332s] -- Found ament_cmake: 1.3.11 (/opt/ros/humble/share/ament_cmake/cmake)
[0.461s] -- Found Python3: /usr/bin/python3 (found version "3.10.12") found components: Interpreter 
[0.525s] -- Found ament_lint_auto: 0.12.12 (/opt/ros/humble/share/ament_lint_auto/cmake)
[0.579s] -- Added test 'flake8' to check Python code syntax and style conventions
[0.579s] -- Added test 'lint_cmake' to check CMake code style
[0.579s] -- Added test 'pep257' to check Python code against some of the docstring style conventions in PEP 257
[0.580s] -- Added test 'xmllint' to check XML markup files
[0.580s] -- Configuring done
[0.582s] -- Generating done
[0.582s] -- Build files have been written to: /home/astra/Ti5_controller/build/bringup
[0.585s] Invoked command in '/home/astra/Ti5_controller/build/bringup' returned '0': CMAKE_PREFIX_PATH=/home/astra/Ti5_controller/install/T170_ARMS_moveit_config:/home/astra/Ti5_controller/install/arms_description:/home/astra/Ti5_controller/install/Ti5_moveit_interface:/home/astra/Ti5_controller/install/Ti5_hardware_interface:/home/astra/Ti5_controller/install/bringup:/opt/ros/humble /usr/bin/cmake /home/astra/Ti5_controller/src/bringup -DCMAKE_INSTALL_PREFIX=/home/astra/Ti5_controller/install/bringup
[0.586s] Invoking command in '/home/astra/Ti5_controller/build/bringup': CMAKE_PREFIX_PATH=/home/astra/Ti5_controller/install/T170_ARMS_moveit_config:/home/astra/Ti5_controller/install/arms_description:/home/astra/Ti5_controller/install/Ti5_moveit_interface:/home/astra/Ti5_controller/install/Ti5_hardware_interface:/home/astra/Ti5_controller/install/bringup:/opt/ros/humble /usr/bin/cmake --build /home/astra/Ti5_controller/build/bringup -- -j24 -l24
[0.623s] Invoked command in '/home/astra/Ti5_controller/build/bringup' returned '0': CMAKE_PREFIX_PATH=/home/astra/Ti5_controller/install/T170_ARMS_moveit_config:/home/astra/Ti5_controller/install/arms_description:/home/astra/Ti5_controller/install/Ti5_moveit_interface:/home/astra/Ti5_controller/install/Ti5_hardware_interface:/home/astra/Ti5_controller/install/bringup:/opt/ros/humble /usr/bin/cmake --build /home/astra/Ti5_controller/build/bringup -- -j24 -l24
[0.656s] Invoking command in '/home/astra/Ti5_controller/build/bringup': CMAKE_PREFIX_PATH=/home/astra/Ti5_controller/install/T170_ARMS_moveit_config:/home/astra/Ti5_controller/install/arms_description:/home/astra/Ti5_controller/install/Ti5_moveit_interface:/home/astra/Ti5_controller/install/Ti5_hardware_interface:/home/astra/Ti5_controller/install/bringup:/opt/ros/humble /usr/bin/cmake --install /home/astra/Ti5_controller/build/bringup
[0.665s] -- Install configuration: ""
[0.665s] -- Installing: /home/astra/Ti5_controller/install/bringup/share/bringup/launch
[0.665s] -- Installing: /home/astra/Ti5_controller/install/bringup/share/bringup/launch/Ti5_test.launch.py
[0.665s] -- Installing: /home/astra/Ti5_controller/install/bringup/share/ament_index/resource_index/package_run_dependencies/bringup
[0.665s] -- Installing: /home/astra/Ti5_controller/install/bringup/share/ament_index/resource_index/parent_prefix_path/bringup
[0.666s] -- Installing: /home/astra/Ti5_controller/install/bringup/share/bringup/environment/ament_prefix_path.sh
[0.666s] -- Installing: /home/astra/Ti5_controller/install/bringup/share/bringup/environment/ament_prefix_path.dsv
[0.666s] -- Installing: /home/astra/Ti5_controller/install/bringup/share/bringup/environment/path.sh
[0.666s] -- Installing: /home/astra/Ti5_controller/install/bringup/share/bringup/environment/path.dsv
[0.666s] -- Installing: /home/astra/Ti5_controller/install/bringup/share/bringup/local_setup.bash
[0.666s] -- Installing: /home/astra/Ti5_controller/install/bringup/share/bringup/local_setup.sh
[0.666s] -- Installing: /home/astra/Ti5_controller/install/bringup/share/bringup/local_setup.zsh
[0.666s] -- Installing: /home/astra/Ti5_controller/install/bringup/share/bringup/local_setup.dsv
[0.666s] -- Installing: /home/astra/Ti5_controller/install/bringup/share/bringup/package.dsv
[0.667s] -- Installing: /home/astra/Ti5_controller/install/bringup/share/ament_index/resource_index/packages/bringup
[0.667s] -- Installing: /home/astra/Ti5_controller/install/bringup/share/bringup/cmake/bringupConfig.cmake
[0.667s] -- Installing: /home/astra/Ti5_controller/install/bringup/share/bringup/cmake/bringupConfig-version.cmake
[0.667s] -- Installing: /home/astra/Ti5_controller/install/bringup/share/bringup/package.xml
[0.669s] Invoked command in '/home/astra/Ti5_controller/build/bringup' returned '0': CMAKE_PREFIX_PATH=/home/astra/Ti5_controller/install/T170_ARMS_moveit_config:/home/astra/Ti5_controller/install/arms_description:/home/astra/Ti5_controller/install/Ti5_moveit_interface:/home/astra/Ti5_controller/install/Ti5_hardware_interface:/home/astra/Ti5_controller/install/bringup:/opt/ros/humble /usr/bin/cmake --install /home/astra/Ti5_controller/build/bringup
