[0.012s] Invoking command in '/home/astra/Ti5_controller/build/arms_description': CMAKE_PREFIX_PATH=${CMAKE_PREFIX_PATH}:/opt/ros/humble /usr/bin/cmake --build /home/astra/Ti5_controller/build/arms_description -- -j24 -l24
[0.038s] Invoked command in '/home/astra/Ti5_controller/build/arms_description' returned '0': CMAKE_PREFIX_PATH=${CMAKE_PREFIX_PATH}:/opt/ros/humble /usr/bin/cmake --build /home/astra/Ti5_controller/build/arms_description -- -j24 -l24
[0.061s] Invoking command in '/home/astra/Ti5_controller/build/arms_description': CMAKE_PREFIX_PATH=${CMAKE_PREFIX_PATH}:/opt/ros/humble /usr/bin/cmake --install /home/astra/Ti5_controller/build/arms_description
[0.065s] -- Install configuration: ""
[0.065s] -- Up-to-date: /home/astra/Ti5_controller/install/arms_description/share/arms_description/launch
[0.065s] -- Up-to-date: /home/astra/Ti5_controller/install/arms_description/share/arms_description/launch/display.launch.py
[0.065s] -- Up-to-date: /home/astra/Ti5_controller/install/arms_description/share/arms_description/urdf
[0.065s] -- Up-to-date: /home/astra/Ti5_controller/install/arms_description/share/arms_description/urdf/T170_ARMS.urdf
[0.065s] -- Up-to-date: /home/astra/Ti5_controller/install/arms_description/share/arms_description/urdf/T170_ARMS_control.xacro
[0.066s] -- Up-to-date: /home/astra/Ti5_controller/install/arms_description/share/arms_description/urdf/T170_ARMS.csv
[0.066s] -- Up-to-date: /home/astra/Ti5_controller/install/arms_description/share/arms_description/meshes
[0.066s] -- Up-to-date: /home/astra/Ti5_controller/install/arms_description/share/arms_description/meshes/L_ELBOW_R_S.STL
[0.066s] -- Up-to-date: /home/astra/Ti5_controller/install/arms_description/share/arms_description/meshes/NECK_R_S.STL
[0.066s] -- Up-to-date: /home/astra/Ti5_controller/install/arms_description/share/arms_description/meshes/NECK_Y_S.STL
[0.066s] -- Up-to-date: /home/astra/Ti5_controller/install/arms_description/share/arms_description/meshes/L_WRIST_R_S.STL
[0.066s] -- Up-to-date: /home/astra/Ti5_controller/install/arms_description/share/arms_description/meshes/L_WRIST_P_S.STL
[0.066s] -- Up-to-date: /home/astra/Ti5_controller/install/arms_description/share/arms_description/meshes/R_SHOULDER_R_S.STL
[0.066s] -- Up-to-date: /home/astra/Ti5_controller/install/arms_description/share/arms_description/meshes/L_SHOULDER_P_S.STL
[0.066s] -- Up-to-date: /home/astra/Ti5_controller/install/arms_description/share/arms_description/meshes/R_SHOULDER_P_S.STL
[0.066s] -- Up-to-date: /home/astra/Ti5_controller/install/arms_description/share/arms_description/meshes/PELVIS_S.STL
[0.066s] -- Up-to-date: /home/astra/Ti5_controller/install/arms_description/share/arms_description/meshes/R_ELBOW_R_S.STL
[0.066s] -- Up-to-date: /home/astra/Ti5_controller/install/arms_description/share/arms_description/meshes/R_WRIST_Y_S.STL
[0.067s] -- Up-to-date: /home/astra/Ti5_controller/install/arms_description/share/arms_description/meshes/L_SHOULDER_Y_S.STL
[0.067s] -- Up-to-date: /home/astra/Ti5_controller/install/arms_description/share/arms_description/meshes/L_SHOULDER_R_S.STL
[0.067s] -- Up-to-date: /home/astra/Ti5_controller/install/arms_description/share/arms_description/meshes/R_WRIST_R_S.STL
[0.067s] -- Up-to-date: /home/astra/Ti5_controller/install/arms_description/share/arms_description/meshes/NECK_P_S.STL
[0.067s] -- Up-to-date: /home/astra/Ti5_controller/install/arms_description/share/arms_description/meshes/R_WRIST_P_S.STL
[0.067s] -- Up-to-date: /home/astra/Ti5_controller/install/arms_description/share/arms_description/meshes/R_SHOULDER_Y_S.STL
[0.067s] -- Up-to-date: /home/astra/Ti5_controller/install/arms_description/share/arms_description/meshes/L_WRIST_Y_S.STL
[0.067s] -- Up-to-date: /home/astra/Ti5_controller/install/arms_description/share/ament_index/resource_index/package_run_dependencies/arms_description
[0.067s] -- Up-to-date: /home/astra/Ti5_controller/install/arms_description/share/ament_index/resource_index/parent_prefix_path/arms_description
[0.067s] -- Up-to-date: /home/astra/Ti5_controller/install/arms_description/share/arms_description/environment/ament_prefix_path.sh
[0.068s] -- Up-to-date: /home/astra/Ti5_controller/install/arms_description/share/arms_description/environment/ament_prefix_path.dsv
[0.068s] -- Up-to-date: /home/astra/Ti5_controller/install/arms_description/share/arms_description/environment/path.sh
[0.068s] -- Up-to-date: /home/astra/Ti5_controller/install/arms_description/share/arms_description/environment/path.dsv
[0.068s] -- Up-to-date: /home/astra/Ti5_controller/install/arms_description/share/arms_description/local_setup.bash
[0.068s] -- Up-to-date: /home/astra/Ti5_controller/install/arms_description/share/arms_description/local_setup.sh
[0.068s] -- Up-to-date: /home/astra/Ti5_controller/install/arms_description/share/arms_description/local_setup.zsh
[0.068s] -- Up-to-date: /home/astra/Ti5_controller/install/arms_description/share/arms_description/local_setup.dsv
[0.068s] -- Installing: /home/astra/Ti5_controller/install/arms_description/share/arms_description/package.dsv
[0.068s] -- Up-to-date: /home/astra/Ti5_controller/install/arms_description/share/ament_index/resource_index/packages/arms_description
[0.068s] -- Up-to-date: /home/astra/Ti5_controller/install/arms_description/share/arms_description/cmake/arms_descriptionConfig.cmake
[0.068s] -- Up-to-date: /home/astra/Ti5_controller/install/arms_description/share/arms_description/cmake/arms_descriptionConfig-version.cmake
[0.068s] -- Up-to-date: /home/astra/Ti5_controller/install/arms_description/share/arms_description/package.xml
[0.072s] Invoked command in '/home/astra/Ti5_controller/build/arms_description' returned '0': CMAKE_PREFIX_PATH=${CMAKE_PREFIX_PATH}:/opt/ros/humble /usr/bin/cmake --install /home/astra/Ti5_controller/build/arms_description
