[0.068s] DEBUG:colcon:Command line arguments: ['/usr/bin/colcon', 'build']
[0.068s] DEBUG:colcon:Parsed command line arguments: Namespace(log_base=None, log_level=None, verb_name='build', build_base='build', install_base='install', merge_install=False, symlink_install=False, test_result_base=None, continue_on_error=False, executor='parallel', parallel_workers=24, event_handlers=None, ignore_user_meta=False, metas=['./colcon.meta'], base_paths=['.'], packages_ignore=None, packages_ignore_regex=None, paths=None, packages_up_to=None, packages_up_to_regex=None, packages_above=None, packages_above_and_dependencies=None, packages_above_depth=None, packages_select_by_dep=None, packages_skip_by_dep=None, packages_skip_up_to=None, packages_select_build_failed=False, packages_skip_build_finished=False, packages_select_test_failures=False, packages_skip_test_passed=False, packages_select=None, packages_skip=None, packages_select_regex=None, packages_skip_regex=None, packages_start=None, packages_end=None, allow_overriding=[], cmake_args=None, cmake_target=None, cmake_target_skip_unavailable=False, cmake_clean_cache=False, cmake_clean_first=False, cmake_force_configure=False, ament_cmake_args=None, catkin_cmake_args=None, catkin_skip_building_tests=False, mixin_files=None, mixin=None, verb_parser=<colcon_mixin.mixin.mixin_argument.MixinArgumentDecorator object at 0x71c2c12649a0>, verb_extension=<colcon_core.verb.build.BuildVerb object at 0x71c2c1264550>, main=<bound method BuildVerb.main of <colcon_core.verb.build.BuildVerb object at 0x71c2c1264550>>, mixin_verb=('build',))
[0.156s] Level 1:colcon.colcon_core.package_discovery:discover_packages(colcon_meta) check parameters
[0.156s] Level 1:colcon.colcon_core.package_discovery:discover_packages(recursive) check parameters
[0.156s] Level 1:colcon.colcon_core.package_discovery:discover_packages(ignore) check parameters
[0.156s] Level 1:colcon.colcon_core.package_discovery:discover_packages(path) check parameters
[0.156s] Level 1:colcon.colcon_core.package_discovery:discover_packages(colcon_meta) discover
[0.156s] Level 1:colcon.colcon_core.package_discovery:discover_packages(recursive) discover
[0.156s] INFO:colcon.colcon_core.package_discovery:Crawling recursively for packages in '/home/astra/Ti5_controller'
[0.156s] Level 1:colcon.colcon_core.package_identification:_identify(.) by extensions ['ignore', 'ignore_ament_install']
[0.156s] Level 1:colcon.colcon_core.package_identification:_identify(.) by extension 'ignore'
[0.156s] Level 1:colcon.colcon_core.package_identification:_identify(.) by extension 'ignore_ament_install'
[0.157s] Level 1:colcon.colcon_core.package_identification:_identify(.) by extensions ['colcon_pkg']
[0.157s] Level 1:colcon.colcon_core.package_identification:_identify(.) by extension 'colcon_pkg'
[0.157s] Level 1:colcon.colcon_core.package_identification:_identify(.) by extensions ['colcon_meta']
[0.157s] Level 1:colcon.colcon_core.package_identification:_identify(.) by extension 'colcon_meta'
[0.157s] Level 1:colcon.colcon_core.package_identification:_identify(.) by extensions ['ros']
[0.157s] Level 1:colcon.colcon_core.package_identification:_identify(.) by extension 'ros'
[0.163s] Level 1:colcon.colcon_core.package_identification:_identify(.) by extensions ['cmake', 'python']
[0.163s] Level 1:colcon.colcon_core.package_identification:_identify(.) by extension 'cmake'
[0.163s] Level 1:colcon.colcon_core.package_identification:_identify(.) by extension 'python'
[0.164s] Level 1:colcon.colcon_core.package_identification:_identify(.) by extensions ['python_setup_py']
[0.164s] Level 1:colcon.colcon_core.package_identification:_identify(.) by extension 'python_setup_py'
[0.164s] Level 1:colcon.colcon_core.package_identification:_identify(build) by extensions ['ignore', 'ignore_ament_install']
[0.164s] Level 1:colcon.colcon_core.package_identification:_identify(build) by extension 'ignore'
[0.164s] Level 1:colcon.colcon_core.package_identification:_identify(build) ignored
[0.164s] Level 1:colcon.colcon_core.package_identification:_identify(install) by extensions ['ignore', 'ignore_ament_install']
[0.164s] Level 1:colcon.colcon_core.package_identification:_identify(install) by extension 'ignore'
[0.164s] Level 1:colcon.colcon_core.package_identification:_identify(install) ignored
[0.164s] Level 1:colcon.colcon_core.package_identification:_identify(log) by extensions ['ignore', 'ignore_ament_install']
[0.164s] Level 1:colcon.colcon_core.package_identification:_identify(log) by extension 'ignore'
[0.164s] Level 1:colcon.colcon_core.package_identification:_identify(log) ignored
[0.164s] Level 1:colcon.colcon_core.package_identification:_identify(src) by extensions ['ignore', 'ignore_ament_install']
[0.164s] Level 1:colcon.colcon_core.package_identification:_identify(src) by extension 'ignore'
[0.164s] Level 1:colcon.colcon_core.package_identification:_identify(src) by extension 'ignore_ament_install'
[0.164s] Level 1:colcon.colcon_core.package_identification:_identify(src) by extensions ['colcon_pkg']
[0.164s] Level 1:colcon.colcon_core.package_identification:_identify(src) by extension 'colcon_pkg'
[0.164s] Level 1:colcon.colcon_core.package_identification:_identify(src) by extensions ['colcon_meta']
[0.164s] Level 1:colcon.colcon_core.package_identification:_identify(src) by extension 'colcon_meta'
[0.164s] Level 1:colcon.colcon_core.package_identification:_identify(src) by extensions ['ros']
[0.164s] Level 1:colcon.colcon_core.package_identification:_identify(src) by extension 'ros'
[0.164s] Level 1:colcon.colcon_core.package_identification:_identify(src) by extensions ['cmake', 'python']
[0.164s] Level 1:colcon.colcon_core.package_identification:_identify(src) by extension 'cmake'
[0.164s] Level 1:colcon.colcon_core.package_identification:_identify(src) by extension 'python'
[0.164s] Level 1:colcon.colcon_core.package_identification:_identify(src) by extensions ['python_setup_py']
[0.164s] Level 1:colcon.colcon_core.package_identification:_identify(src) by extension 'python_setup_py'
[0.164s] Level 1:colcon.colcon_core.package_identification:_identify(src/T170_ARMS_moveit_config) by extensions ['ignore', 'ignore_ament_install']
[0.164s] Level 1:colcon.colcon_core.package_identification:_identify(src/T170_ARMS_moveit_config) by extension 'ignore'
[0.164s] Level 1:colcon.colcon_core.package_identification:_identify(src/T170_ARMS_moveit_config) by extension 'ignore_ament_install'
[0.164s] Level 1:colcon.colcon_core.package_identification:_identify(src/T170_ARMS_moveit_config) by extensions ['colcon_pkg']
[0.165s] Level 1:colcon.colcon_core.package_identification:_identify(src/T170_ARMS_moveit_config) by extension 'colcon_pkg'
[0.165s] Level 1:colcon.colcon_core.package_identification:_identify(src/T170_ARMS_moveit_config) by extensions ['colcon_meta']
[0.165s] Level 1:colcon.colcon_core.package_identification:_identify(src/T170_ARMS_moveit_config) by extension 'colcon_meta'
[0.165s] Level 1:colcon.colcon_core.package_identification:_identify(src/T170_ARMS_moveit_config) by extensions ['ros']
[0.165s] Level 1:colcon.colcon_core.package_identification:_identify(src/T170_ARMS_moveit_config) by extension 'ros'
[0.166s] DEBUG:colcon.colcon_core.package_identification:Package 'src/T170_ARMS_moveit_config' with type 'ros.ament_cmake' and name 'T170_ARMS_moveit_config'
[0.166s] Level 1:colcon.colcon_core.package_identification:_identify(src/Ti5_hardware_interface) by extensions ['ignore', 'ignore_ament_install']
[0.166s] Level 1:colcon.colcon_core.package_identification:_identify(src/Ti5_hardware_interface) by extension 'ignore'
[0.166s] Level 1:colcon.colcon_core.package_identification:_identify(src/Ti5_hardware_interface) by extension 'ignore_ament_install'
[0.166s] Level 1:colcon.colcon_core.package_identification:_identify(src/Ti5_hardware_interface) by extensions ['colcon_pkg']
[0.167s] Level 1:colcon.colcon_core.package_identification:_identify(src/Ti5_hardware_interface) by extension 'colcon_pkg'
[0.167s] Level 1:colcon.colcon_core.package_identification:_identify(src/Ti5_hardware_interface) by extensions ['colcon_meta']
[0.167s] Level 1:colcon.colcon_core.package_identification:_identify(src/Ti5_hardware_interface) by extension 'colcon_meta'
[0.167s] Level 1:colcon.colcon_core.package_identification:_identify(src/Ti5_hardware_interface) by extensions ['ros']
[0.167s] Level 1:colcon.colcon_core.package_identification:_identify(src/Ti5_hardware_interface) by extension 'ros'
[0.167s] DEBUG:colcon.colcon_core.package_identification:Package 'src/Ti5_hardware_interface' with type 'ros.ament_cmake' and name 'Ti5_hardware_interface'
[0.167s] Level 1:colcon.colcon_core.package_identification:_identify(src/Ti5_moveit_interface) by extensions ['ignore', 'ignore_ament_install']
[0.167s] Level 1:colcon.colcon_core.package_identification:_identify(src/Ti5_moveit_interface) by extension 'ignore'
[0.167s] Level 1:colcon.colcon_core.package_identification:_identify(src/Ti5_moveit_interface) by extension 'ignore_ament_install'
[0.167s] Level 1:colcon.colcon_core.package_identification:_identify(src/Ti5_moveit_interface) by extensions ['colcon_pkg']
[0.167s] Level 1:colcon.colcon_core.package_identification:_identify(src/Ti5_moveit_interface) by extension 'colcon_pkg'
[0.167s] Level 1:colcon.colcon_core.package_identification:_identify(src/Ti5_moveit_interface) by extensions ['colcon_meta']
[0.167s] Level 1:colcon.colcon_core.package_identification:_identify(src/Ti5_moveit_interface) by extension 'colcon_meta'
[0.167s] Level 1:colcon.colcon_core.package_identification:_identify(src/Ti5_moveit_interface) by extensions ['ros']
[0.167s] Level 1:colcon.colcon_core.package_identification:_identify(src/Ti5_moveit_interface) by extension 'ros'
[0.168s] DEBUG:colcon.colcon_core.package_identification:Package 'src/Ti5_moveit_interface' with type 'ros.ament_cmake' and name 'Ti5_moveit_interface'
[0.168s] Level 1:colcon.colcon_core.package_identification:_identify(src/arms_description) by extensions ['ignore', 'ignore_ament_install']
[0.168s] Level 1:colcon.colcon_core.package_identification:_identify(src/arms_description) by extension 'ignore'
[0.168s] Level 1:colcon.colcon_core.package_identification:_identify(src/arms_description) by extension 'ignore_ament_install'
[0.168s] Level 1:colcon.colcon_core.package_identification:_identify(src/arms_description) by extensions ['colcon_pkg']
[0.168s] Level 1:colcon.colcon_core.package_identification:_identify(src/arms_description) by extension 'colcon_pkg'
[0.168s] Level 1:colcon.colcon_core.package_identification:_identify(src/arms_description) by extensions ['colcon_meta']
[0.168s] Level 1:colcon.colcon_core.package_identification:_identify(src/arms_description) by extension 'colcon_meta'
[0.168s] Level 1:colcon.colcon_core.package_identification:_identify(src/arms_description) by extensions ['ros']
[0.168s] Level 1:colcon.colcon_core.package_identification:_identify(src/arms_description) by extension 'ros'
[0.168s] DEBUG:colcon.colcon_core.package_identification:Package 'src/arms_description' with type 'ros.ament_cmake' and name 'arms_description'
[0.168s] Level 1:colcon.colcon_core.package_identification:_identify(src/bringup) by extensions ['ignore', 'ignore_ament_install']
[0.168s] Level 1:colcon.colcon_core.package_identification:_identify(src/bringup) by extension 'ignore'
[0.169s] Level 1:colcon.colcon_core.package_identification:_identify(src/bringup) by extension 'ignore_ament_install'
[0.169s] Level 1:colcon.colcon_core.package_identification:_identify(src/bringup) by extensions ['colcon_pkg']
[0.169s] Level 1:colcon.colcon_core.package_identification:_identify(src/bringup) by extension 'colcon_pkg'
[0.169s] Level 1:colcon.colcon_core.package_identification:_identify(src/bringup) by extensions ['colcon_meta']
[0.169s] Level 1:colcon.colcon_core.package_identification:_identify(src/bringup) by extension 'colcon_meta'
[0.169s] Level 1:colcon.colcon_core.package_identification:_identify(src/bringup) by extensions ['ros']
[0.169s] Level 1:colcon.colcon_core.package_identification:_identify(src/bringup) by extension 'ros'
[0.169s] DEBUG:colcon.colcon_core.package_identification:Package 'src/bringup' with type 'ros.ament_cmake' and name 'bringup'
[0.169s] Level 1:colcon.colcon_core.package_discovery:discover_packages(recursive) using defaults
[0.169s] Level 1:colcon.colcon_core.package_discovery:discover_packages(ignore) discover
[0.169s] Level 1:colcon.colcon_core.package_discovery:discover_packages(ignore) using defaults
[0.169s] Level 1:colcon.colcon_core.package_discovery:discover_packages(path) discover
[0.169s] Level 1:colcon.colcon_core.package_discovery:discover_packages(path) using defaults
[0.186s] Level 1:colcon.colcon_core.package_discovery:discover_packages(prefix_path) check parameters
[0.186s] Level 1:colcon.colcon_core.package_discovery:discover_packages(prefix_path) discover
[0.187s] DEBUG:colcon.colcon_installed_package_information.package_discovery:Found 5 installed packages in /home/astra/Ti5_controller/install
[0.188s] DEBUG:colcon.colcon_installed_package_information.package_discovery:Found 354 installed packages in /opt/ros/humble
[0.189s] Level 1:colcon.colcon_core.package_discovery:discover_packages(prefix_path) using defaults
[0.213s] Level 5:colcon.colcon_core.verb:set package 'Ti5_hardware_interface' build argument 'cmake_args' from command line to 'None'
[0.213s] Level 5:colcon.colcon_core.verb:set package 'Ti5_hardware_interface' build argument 'cmake_target' from command line to 'None'
[0.213s] Level 5:colcon.colcon_core.verb:set package 'Ti5_hardware_interface' build argument 'cmake_target_skip_unavailable' from command line to 'False'
[0.213s] Level 5:colcon.colcon_core.verb:set package 'Ti5_hardware_interface' build argument 'cmake_clean_cache' from command line to 'False'
[0.213s] Level 5:colcon.colcon_core.verb:set package 'Ti5_hardware_interface' build argument 'cmake_clean_first' from command line to 'False'
[0.213s] Level 5:colcon.colcon_core.verb:set package 'Ti5_hardware_interface' build argument 'cmake_force_configure' from command line to 'False'
[0.213s] Level 5:colcon.colcon_core.verb:set package 'Ti5_hardware_interface' build argument 'ament_cmake_args' from command line to 'None'
[0.213s] Level 5:colcon.colcon_core.verb:set package 'Ti5_hardware_interface' build argument 'catkin_cmake_args' from command line to 'None'
[0.213s] Level 5:colcon.colcon_core.verb:set package 'Ti5_hardware_interface' build argument 'catkin_skip_building_tests' from command line to 'False'
[0.213s] DEBUG:colcon.colcon_core.verb:Building package 'Ti5_hardware_interface' with the following arguments: {'ament_cmake_args': None, 'build_base': '/home/astra/Ti5_controller/build/Ti5_hardware_interface', 'catkin_cmake_args': None, 'catkin_skip_building_tests': False, 'cmake_args': None, 'cmake_clean_cache': False, 'cmake_clean_first': False, 'cmake_force_configure': False, 'cmake_target': None, 'cmake_target_skip_unavailable': False, 'install_base': '/home/astra/Ti5_controller/install/Ti5_hardware_interface', 'merge_install': False, 'path': '/home/astra/Ti5_controller/src/Ti5_hardware_interface', 'symlink_install': False, 'test_result_base': None}
[0.214s] Level 5:colcon.colcon_core.verb:set package 'Ti5_moveit_interface' build argument 'cmake_args' from command line to 'None'
[0.214s] Level 5:colcon.colcon_core.verb:set package 'Ti5_moveit_interface' build argument 'cmake_target' from command line to 'None'
[0.214s] Level 5:colcon.colcon_core.verb:set package 'Ti5_moveit_interface' build argument 'cmake_target_skip_unavailable' from command line to 'False'
[0.214s] Level 5:colcon.colcon_core.verb:set package 'Ti5_moveit_interface' build argument 'cmake_clean_cache' from command line to 'False'
[0.214s] Level 5:colcon.colcon_core.verb:set package 'Ti5_moveit_interface' build argument 'cmake_clean_first' from command line to 'False'
[0.214s] Level 5:colcon.colcon_core.verb:set package 'Ti5_moveit_interface' build argument 'cmake_force_configure' from command line to 'False'
[0.214s] Level 5:colcon.colcon_core.verb:set package 'Ti5_moveit_interface' build argument 'ament_cmake_args' from command line to 'None'
[0.214s] Level 5:colcon.colcon_core.verb:set package 'Ti5_moveit_interface' build argument 'catkin_cmake_args' from command line to 'None'
[0.214s] Level 5:colcon.colcon_core.verb:set package 'Ti5_moveit_interface' build argument 'catkin_skip_building_tests' from command line to 'False'
[0.214s] DEBUG:colcon.colcon_core.verb:Building package 'Ti5_moveit_interface' with the following arguments: {'ament_cmake_args': None, 'build_base': '/home/astra/Ti5_controller/build/Ti5_moveit_interface', 'catkin_cmake_args': None, 'catkin_skip_building_tests': False, 'cmake_args': None, 'cmake_clean_cache': False, 'cmake_clean_first': False, 'cmake_force_configure': False, 'cmake_target': None, 'cmake_target_skip_unavailable': False, 'install_base': '/home/astra/Ti5_controller/install/Ti5_moveit_interface', 'merge_install': False, 'path': '/home/astra/Ti5_controller/src/Ti5_moveit_interface', 'symlink_install': False, 'test_result_base': None}
[0.214s] Level 5:colcon.colcon_core.verb:set package 'arms_description' build argument 'cmake_args' from command line to 'None'
[0.214s] Level 5:colcon.colcon_core.verb:set package 'arms_description' build argument 'cmake_target' from command line to 'None'
[0.214s] Level 5:colcon.colcon_core.verb:set package 'arms_description' build argument 'cmake_target_skip_unavailable' from command line to 'False'
[0.214s] Level 5:colcon.colcon_core.verb:set package 'arms_description' build argument 'cmake_clean_cache' from command line to 'False'
[0.214s] Level 5:colcon.colcon_core.verb:set package 'arms_description' build argument 'cmake_clean_first' from command line to 'False'
[0.214s] Level 5:colcon.colcon_core.verb:set package 'arms_description' build argument 'cmake_force_configure' from command line to 'False'
[0.214s] Level 5:colcon.colcon_core.verb:set package 'arms_description' build argument 'ament_cmake_args' from command line to 'None'
[0.214s] Level 5:colcon.colcon_core.verb:set package 'arms_description' build argument 'catkin_cmake_args' from command line to 'None'
[0.214s] Level 5:colcon.colcon_core.verb:set package 'arms_description' build argument 'catkin_skip_building_tests' from command line to 'False'
[0.214s] DEBUG:colcon.colcon_core.verb:Building package 'arms_description' with the following arguments: {'ament_cmake_args': None, 'build_base': '/home/astra/Ti5_controller/build/arms_description', 'catkin_cmake_args': None, 'catkin_skip_building_tests': False, 'cmake_args': None, 'cmake_clean_cache': False, 'cmake_clean_first': False, 'cmake_force_configure': False, 'cmake_target': None, 'cmake_target_skip_unavailable': False, 'install_base': '/home/astra/Ti5_controller/install/arms_description', 'merge_install': False, 'path': '/home/astra/Ti5_controller/src/arms_description', 'symlink_install': False, 'test_result_base': None}
[0.214s] Level 5:colcon.colcon_core.verb:set package 'T170_ARMS_moveit_config' build argument 'cmake_args' from command line to 'None'
[0.214s] Level 5:colcon.colcon_core.verb:set package 'T170_ARMS_moveit_config' build argument 'cmake_target' from command line to 'None'
[0.214s] Level 5:colcon.colcon_core.verb:set package 'T170_ARMS_moveit_config' build argument 'cmake_target_skip_unavailable' from command line to 'False'
[0.214s] Level 5:colcon.colcon_core.verb:set package 'T170_ARMS_moveit_config' build argument 'cmake_clean_cache' from command line to 'False'
[0.214s] Level 5:colcon.colcon_core.verb:set package 'T170_ARMS_moveit_config' build argument 'cmake_clean_first' from command line to 'False'
[0.214s] Level 5:colcon.colcon_core.verb:set package 'T170_ARMS_moveit_config' build argument 'cmake_force_configure' from command line to 'False'
[0.214s] Level 5:colcon.colcon_core.verb:set package 'T170_ARMS_moveit_config' build argument 'ament_cmake_args' from command line to 'None'
[0.214s] Level 5:colcon.colcon_core.verb:set package 'T170_ARMS_moveit_config' build argument 'catkin_cmake_args' from command line to 'None'
[0.214s] Level 5:colcon.colcon_core.verb:set package 'T170_ARMS_moveit_config' build argument 'catkin_skip_building_tests' from command line to 'False'
[0.214s] DEBUG:colcon.colcon_core.verb:Building package 'T170_ARMS_moveit_config' with the following arguments: {'ament_cmake_args': None, 'build_base': '/home/astra/Ti5_controller/build/T170_ARMS_moveit_config', 'catkin_cmake_args': None, 'catkin_skip_building_tests': False, 'cmake_args': None, 'cmake_clean_cache': False, 'cmake_clean_first': False, 'cmake_force_configure': False, 'cmake_target': None, 'cmake_target_skip_unavailable': False, 'install_base': '/home/astra/Ti5_controller/install/T170_ARMS_moveit_config', 'merge_install': False, 'path': '/home/astra/Ti5_controller/src/T170_ARMS_moveit_config', 'symlink_install': False, 'test_result_base': None}
[0.214s] Level 5:colcon.colcon_core.verb:set package 'bringup' build argument 'cmake_args' from command line to 'None'
[0.214s] Level 5:colcon.colcon_core.verb:set package 'bringup' build argument 'cmake_target' from command line to 'None'
[0.214s] Level 5:colcon.colcon_core.verb:set package 'bringup' build argument 'cmake_target_skip_unavailable' from command line to 'False'
[0.214s] Level 5:colcon.colcon_core.verb:set package 'bringup' build argument 'cmake_clean_cache' from command line to 'False'
[0.214s] Level 5:colcon.colcon_core.verb:set package 'bringup' build argument 'cmake_clean_first' from command line to 'False'
[0.214s] Level 5:colcon.colcon_core.verb:set package 'bringup' build argument 'cmake_force_configure' from command line to 'False'
[0.214s] Level 5:colcon.colcon_core.verb:set package 'bringup' build argument 'ament_cmake_args' from command line to 'None'
[0.215s] Level 5:colcon.colcon_core.verb:set package 'bringup' build argument 'catkin_cmake_args' from command line to 'None'
[0.215s] Level 5:colcon.colcon_core.verb:set package 'bringup' build argument 'catkin_skip_building_tests' from command line to 'False'
[0.215s] DEBUG:colcon.colcon_core.verb:Building package 'bringup' with the following arguments: {'ament_cmake_args': None, 'build_base': '/home/astra/Ti5_controller/build/bringup', 'catkin_cmake_args': None, 'catkin_skip_building_tests': False, 'cmake_args': None, 'cmake_clean_cache': False, 'cmake_clean_first': False, 'cmake_force_configure': False, 'cmake_target': None, 'cmake_target_skip_unavailable': False, 'install_base': '/home/astra/Ti5_controller/install/bringup', 'merge_install': False, 'path': '/home/astra/Ti5_controller/src/bringup', 'symlink_install': False, 'test_result_base': None}
[0.215s] INFO:colcon.colcon_core.executor:Executing jobs using 'parallel' executor
[0.215s] DEBUG:colcon.colcon_parallel_executor.executor.parallel:run_until_complete
[0.215s] INFO:colcon.colcon_ros.task.ament_cmake.build:Building ROS package in '/home/astra/Ti5_controller/src/arms_description' with build type 'ament_cmake'
[0.215s] INFO:colcon.colcon_cmake.task.cmake.build:Building CMake package in '/home/astra/Ti5_controller/src/arms_description'
[0.217s] INFO:colcon.colcon_core.plugin_system:Skipping extension 'colcon_core.shell.bat': Not used on non-Windows systems
[0.217s] INFO:colcon.colcon_core.shell:Skip shell extension 'powershell' for command environment: Not usable outside of PowerShell
[0.217s] DEBUG:colcon.colcon_core.shell:Skip shell extension 'dsv' for command environment
[0.219s] INFO:colcon.colcon_ros.task.ament_cmake.build:Building ROS package in '/home/astra/Ti5_controller/src/Ti5_hardware_interface' with build type 'ament_cmake'
[0.219s] INFO:colcon.colcon_cmake.task.cmake.build:Building CMake package in '/home/astra/Ti5_controller/src/Ti5_hardware_interface'
[0.219s] INFO:colcon.colcon_core.shell:Skip shell extension 'powershell' for command environment: Not usable outside of PowerShell
[0.219s] DEBUG:colcon.colcon_core.shell:Skip shell extension 'dsv' for command environment
[0.221s] INFO:colcon.colcon_ros.task.ament_cmake.build:Building ROS package in '/home/astra/Ti5_controller/src/Ti5_moveit_interface' with build type 'ament_cmake'
[0.221s] INFO:colcon.colcon_cmake.task.cmake.build:Building CMake package in '/home/astra/Ti5_controller/src/Ti5_moveit_interface'
[0.221s] INFO:colcon.colcon_core.shell:Skip shell extension 'powershell' for command environment: Not usable outside of PowerShell
[0.221s] DEBUG:colcon.colcon_core.shell:Skip shell extension 'dsv' for command environment
[0.226s] DEBUG:colcon.colcon_core.event_handler.log_command:Invoking command in '/home/astra/Ti5_controller/build/arms_description': CMAKE_PREFIX_PATH=${CMAKE_PREFIX_PATH}:/opt/ros/humble /usr/bin/cmake --build /home/astra/Ti5_controller/build/arms_description -- -j24 -l24
[0.228s] DEBUG:colcon.colcon_core.event_handler.log_command:Invoking command in '/home/astra/Ti5_controller/build/Ti5_hardware_interface': CMAKE_PREFIX_PATH=${CMAKE_PREFIX_PATH}:/opt/ros/humble /usr/bin/cmake --build /home/astra/Ti5_controller/build/Ti5_hardware_interface -- -j24 -l24
[0.230s] DEBUG:colcon.colcon_core.event_handler.log_command:Invoking command in '/home/astra/Ti5_controller/build/Ti5_moveit_interface': CMAKE_PREFIX_PATH=${CMAKE_PREFIX_PATH}:/opt/ros/humble /usr/bin/cmake --build /home/astra/Ti5_controller/build/Ti5_moveit_interface -- -j24 -l24
[0.250s] DEBUG:colcon.colcon_core.event_handler.log_command:Invoked command in '/home/astra/Ti5_controller/build/arms_description' returned '0': CMAKE_PREFIX_PATH=${CMAKE_PREFIX_PATH}:/opt/ros/humble /usr/bin/cmake --build /home/astra/Ti5_controller/build/arms_description -- -j24 -l24
[0.270s] DEBUG:colcon.colcon_core.event_handler.log_command:Invoking command in '/home/astra/Ti5_controller/build/arms_description': CMAKE_PREFIX_PATH=${CMAKE_PREFIX_PATH}:/opt/ros/humble /usr/bin/cmake --install /home/astra/Ti5_controller/build/arms_description
[0.276s] Level 1:colcon.colcon_core.environment:create_environment_scripts_only(arms_description)
[0.279s] DEBUG:colcon.colcon_core.event_handler.log_command:Invoked command in '/home/astra/Ti5_controller/build/arms_description' returned '0': CMAKE_PREFIX_PATH=${CMAKE_PREFIX_PATH}:/opt/ros/humble /usr/bin/cmake --install /home/astra/Ti5_controller/build/arms_description
[0.279s] Level 1:colcon.colcon_core.environment:checking '/home/astra/Ti5_controller/install/arms_description' for CMake module files
[0.280s] Level 1:colcon.colcon_core.environment:checking '/home/astra/Ti5_controller/install/arms_description' for CMake config files
[0.280s] Level 1:colcon.colcon_core.shell:create_environment_hook('arms_description', 'cmake_prefix_path')
[0.280s] INFO:colcon.colcon_core.shell:Creating environment hook '/home/astra/Ti5_controller/install/arms_description/share/arms_description/hook/cmake_prefix_path.ps1'
[0.280s] INFO:colcon.colcon_core.shell:Creating environment descriptor '/home/astra/Ti5_controller/install/arms_description/share/arms_description/hook/cmake_prefix_path.dsv'
[0.281s] INFO:colcon.colcon_core.shell:Creating environment hook '/home/astra/Ti5_controller/install/arms_description/share/arms_description/hook/cmake_prefix_path.sh'
[0.281s] Level 1:colcon.colcon_core.environment:checking '/home/astra/Ti5_controller/install/arms_description/bin'
[0.281s] Level 1:colcon.colcon_core.environment:checking '/home/astra/Ti5_controller/install/arms_description/lib/pkgconfig/arms_description.pc'
[0.281s] Level 1:colcon.colcon_core.environment:checking '/home/astra/Ti5_controller/install/arms_description/lib/python3.10/site-packages'
[0.281s] Level 1:colcon.colcon_core.environment:checking '/home/astra/Ti5_controller/install/arms_description/bin'
[0.282s] INFO:colcon.colcon_core.shell:Creating package script '/home/astra/Ti5_controller/install/arms_description/share/arms_description/package.ps1'
[0.282s] INFO:colcon.colcon_core.shell:Creating package descriptor '/home/astra/Ti5_controller/install/arms_description/share/arms_description/package.dsv'
[0.282s] INFO:colcon.colcon_core.shell:Creating package script '/home/astra/Ti5_controller/install/arms_description/share/arms_description/package.sh'
[0.283s] INFO:colcon.colcon_core.shell:Creating package script '/home/astra/Ti5_controller/install/arms_description/share/arms_description/package.bash'
[0.283s] INFO:colcon.colcon_core.shell:Creating package script '/home/astra/Ti5_controller/install/arms_description/share/arms_description/package.zsh'
[0.283s] Level 1:colcon.colcon_core.environment:create_file_with_runtime_dependencies(/home/astra/Ti5_controller/install/arms_description/share/colcon-core/packages/arms_description)
[0.296s] Level 1:colcon.colcon_core.environment:create_environment_scripts_only(arms_description)
[0.296s] Level 1:colcon.colcon_core.environment:checking '/home/astra/Ti5_controller/install/arms_description' for CMake module files
[0.296s] Level 1:colcon.colcon_core.environment:checking '/home/astra/Ti5_controller/install/arms_description' for CMake config files
[0.296s] Level 1:colcon.colcon_core.shell:create_environment_hook('arms_description', 'cmake_prefix_path')
[0.297s] INFO:colcon.colcon_core.shell:Creating environment hook '/home/astra/Ti5_controller/install/arms_description/share/arms_description/hook/cmake_prefix_path.ps1'
[0.297s] INFO:colcon.colcon_core.shell:Creating environment descriptor '/home/astra/Ti5_controller/install/arms_description/share/arms_description/hook/cmake_prefix_path.dsv'
[0.297s] INFO:colcon.colcon_core.shell:Creating environment hook '/home/astra/Ti5_controller/install/arms_description/share/arms_description/hook/cmake_prefix_path.sh'
[0.297s] Level 1:colcon.colcon_core.environment:checking '/home/astra/Ti5_controller/install/arms_description/bin'
[0.297s] Level 1:colcon.colcon_core.environment:checking '/home/astra/Ti5_controller/install/arms_description/lib/pkgconfig/arms_description.pc'
[0.298s] Level 1:colcon.colcon_core.environment:checking '/home/astra/Ti5_controller/install/arms_description/lib/python3.10/site-packages'
[0.298s] Level 1:colcon.colcon_core.environment:checking '/home/astra/Ti5_controller/install/arms_description/bin'
[0.298s] INFO:colcon.colcon_core.shell:Creating package script '/home/astra/Ti5_controller/install/arms_description/share/arms_description/package.ps1'
[0.298s] INFO:colcon.colcon_core.shell:Creating package descriptor '/home/astra/Ti5_controller/install/arms_description/share/arms_description/package.dsv'
[0.298s] INFO:colcon.colcon_core.shell:Creating package script '/home/astra/Ti5_controller/install/arms_description/share/arms_description/package.sh'
[0.299s] INFO:colcon.colcon_core.shell:Creating package script '/home/astra/Ti5_controller/install/arms_description/share/arms_description/package.bash'
[0.299s] INFO:colcon.colcon_core.shell:Creating package script '/home/astra/Ti5_controller/install/arms_description/share/arms_description/package.zsh'
[0.299s] Level 1:colcon.colcon_core.environment:create_file_with_runtime_dependencies(/home/astra/Ti5_controller/install/arms_description/share/colcon-core/packages/arms_description)
[0.299s] INFO:colcon.colcon_ros.task.ament_cmake.build:Building ROS package in '/home/astra/Ti5_controller/src/T170_ARMS_moveit_config' with build type 'ament_cmake'
[0.299s] INFO:colcon.colcon_cmake.task.cmake.build:Building CMake package in '/home/astra/Ti5_controller/src/T170_ARMS_moveit_config'
[0.299s] INFO:colcon.colcon_core.shell:Skip shell extension 'powershell' for command environment: Not usable outside of PowerShell
[0.300s] DEBUG:colcon.colcon_core.shell:Skip shell extension 'dsv' for command environment
[0.302s] DEBUG:colcon.colcon_core.event_handler.log_command:Invoked command in '/home/astra/Ti5_controller/build/Ti5_moveit_interface' returned '0': CMAKE_PREFIX_PATH=${CMAKE_PREFIX_PATH}:/opt/ros/humble /usr/bin/cmake --build /home/astra/Ti5_controller/build/Ti5_moveit_interface -- -j24 -l24
[0.304s] DEBUG:colcon.colcon_core.event_handler.log_command:Invoking command in '/home/astra/Ti5_controller/build/T170_ARMS_moveit_config': CMAKE_PREFIX_PATH=/home/astra/Ti5_controller/install/arms_description:/home/astra/Ti5_controller/install/bringup:/home/astra/Ti5_controller/install/T170_ARMS_moveit_config:/home/astra/Ti5_controller/install/Ti5_moveit_interface:/home/astra/Ti5_controller/install/Ti5_hardware_interface:/opt/ros/humble /usr/bin/cmake --build /home/astra/Ti5_controller/build/T170_ARMS_moveit_config -- -j24 -l24
[0.320s] DEBUG:colcon.colcon_core.event_handler.log_command:Invoking command in '/home/astra/Ti5_controller/build/Ti5_moveit_interface': CMAKE_PREFIX_PATH=${CMAKE_PREFIX_PATH}:/opt/ros/humble /usr/bin/cmake --install /home/astra/Ti5_controller/build/Ti5_moveit_interface
[0.326s] Level 1:colcon.colcon_core.environment:create_environment_scripts_only(Ti5_moveit_interface)
[0.326s] Level 1:colcon.colcon_core.environment:checking '/home/astra/Ti5_controller/install/Ti5_moveit_interface' for CMake module files
[0.326s] DEBUG:colcon.colcon_core.event_handler.log_command:Invoked command in '/home/astra/Ti5_controller/build/Ti5_moveit_interface' returned '0': CMAKE_PREFIX_PATH=${CMAKE_PREFIX_PATH}:/opt/ros/humble /usr/bin/cmake --install /home/astra/Ti5_controller/build/Ti5_moveit_interface
[0.326s] Level 1:colcon.colcon_core.environment:checking '/home/astra/Ti5_controller/install/Ti5_moveit_interface' for CMake config files
[0.326s] Level 1:colcon.colcon_core.shell:create_environment_hook('Ti5_moveit_interface', 'cmake_prefix_path')
[0.327s] INFO:colcon.colcon_core.shell:Creating environment hook '/home/astra/Ti5_controller/install/Ti5_moveit_interface/share/Ti5_moveit_interface/hook/cmake_prefix_path.ps1'
[0.327s] INFO:colcon.colcon_core.shell:Creating environment descriptor '/home/astra/Ti5_controller/install/Ti5_moveit_interface/share/Ti5_moveit_interface/hook/cmake_prefix_path.dsv'
[0.327s] INFO:colcon.colcon_core.shell:Creating environment hook '/home/astra/Ti5_controller/install/Ti5_moveit_interface/share/Ti5_moveit_interface/hook/cmake_prefix_path.sh'
[0.327s] Level 1:colcon.colcon_core.environment:checking '/home/astra/Ti5_controller/install/Ti5_moveit_interface/lib'
[0.328s] Level 1:colcon.colcon_core.environment:checking '/home/astra/Ti5_controller/install/Ti5_moveit_interface/bin'
[0.328s] Level 1:colcon.colcon_core.environment:checking '/home/astra/Ti5_controller/install/Ti5_moveit_interface/lib/pkgconfig/Ti5_moveit_interface.pc'
[0.328s] Level 1:colcon.colcon_core.environment:checking '/home/astra/Ti5_controller/install/Ti5_moveit_interface/lib/python3.10/site-packages'
[0.328s] Level 1:colcon.colcon_core.environment:checking '/home/astra/Ti5_controller/install/Ti5_moveit_interface/bin'
[0.328s] INFO:colcon.colcon_core.shell:Creating package script '/home/astra/Ti5_controller/install/Ti5_moveit_interface/share/Ti5_moveit_interface/package.ps1'
[0.328s] INFO:colcon.colcon_core.shell:Creating package descriptor '/home/astra/Ti5_controller/install/Ti5_moveit_interface/share/Ti5_moveit_interface/package.dsv'
[0.329s] INFO:colcon.colcon_core.shell:Creating package script '/home/astra/Ti5_controller/install/Ti5_moveit_interface/share/Ti5_moveit_interface/package.sh'
[0.329s] INFO:colcon.colcon_core.shell:Creating package script '/home/astra/Ti5_controller/install/Ti5_moveit_interface/share/Ti5_moveit_interface/package.bash'
[0.329s] INFO:colcon.colcon_core.shell:Creating package script '/home/astra/Ti5_controller/install/Ti5_moveit_interface/share/Ti5_moveit_interface/package.zsh'
[0.329s] Level 1:colcon.colcon_core.environment:create_file_with_runtime_dependencies(/home/astra/Ti5_controller/install/Ti5_moveit_interface/share/colcon-core/packages/Ti5_moveit_interface)
[0.330s] DEBUG:colcon.colcon_core.event_handler.log_command:Invoked command in '/home/astra/Ti5_controller/build/T170_ARMS_moveit_config' returned '0': CMAKE_PREFIX_PATH=/home/astra/Ti5_controller/install/arms_description:/home/astra/Ti5_controller/install/bringup:/home/astra/Ti5_controller/install/T170_ARMS_moveit_config:/home/astra/Ti5_controller/install/Ti5_moveit_interface:/home/astra/Ti5_controller/install/Ti5_hardware_interface:/opt/ros/humble /usr/bin/cmake --build /home/astra/Ti5_controller/build/T170_ARMS_moveit_config -- -j24 -l24
[0.344s] DEBUG:colcon.colcon_core.event_handler.log_command:Invoking command in '/home/astra/Ti5_controller/build/T170_ARMS_moveit_config': CMAKE_PREFIX_PATH=/home/astra/Ti5_controller/install/arms_description:/home/astra/Ti5_controller/install/bringup:/home/astra/Ti5_controller/install/T170_ARMS_moveit_config:/home/astra/Ti5_controller/install/Ti5_moveit_interface:/home/astra/Ti5_controller/install/Ti5_hardware_interface:/opt/ros/humble /usr/bin/cmake --install /home/astra/Ti5_controller/build/T170_ARMS_moveit_config
[0.347s] Level 1:colcon.colcon_core.environment:create_environment_scripts_only(Ti5_moveit_interface)
[0.347s] Level 1:colcon.colcon_core.environment:checking '/home/astra/Ti5_controller/install/Ti5_moveit_interface' for CMake module files
[0.347s] Level 1:colcon.colcon_core.environment:checking '/home/astra/Ti5_controller/install/Ti5_moveit_interface' for CMake config files
[0.348s] Level 1:colcon.colcon_core.shell:create_environment_hook('Ti5_moveit_interface', 'cmake_prefix_path')
[0.348s] INFO:colcon.colcon_core.shell:Creating environment hook '/home/astra/Ti5_controller/install/Ti5_moveit_interface/share/Ti5_moveit_interface/hook/cmake_prefix_path.ps1'
[0.348s] INFO:colcon.colcon_core.shell:Creating environment descriptor '/home/astra/Ti5_controller/install/Ti5_moveit_interface/share/Ti5_moveit_interface/hook/cmake_prefix_path.dsv'
[0.348s] INFO:colcon.colcon_core.shell:Creating environment hook '/home/astra/Ti5_controller/install/Ti5_moveit_interface/share/Ti5_moveit_interface/hook/cmake_prefix_path.sh'
[0.348s] Level 1:colcon.colcon_core.environment:checking '/home/astra/Ti5_controller/install/Ti5_moveit_interface/lib'
[0.349s] Level 1:colcon.colcon_core.environment:checking '/home/astra/Ti5_controller/install/Ti5_moveit_interface/bin'
[0.349s] Level 1:colcon.colcon_core.environment:checking '/home/astra/Ti5_controller/install/Ti5_moveit_interface/lib/pkgconfig/Ti5_moveit_interface.pc'
[0.349s] Level 1:colcon.colcon_core.environment:checking '/home/astra/Ti5_controller/install/Ti5_moveit_interface/lib/python3.10/site-packages'
[0.349s] Level 1:colcon.colcon_core.environment:checking '/home/astra/Ti5_controller/install/Ti5_moveit_interface/bin'
[0.349s] INFO:colcon.colcon_core.shell:Creating package script '/home/astra/Ti5_controller/install/Ti5_moveit_interface/share/Ti5_moveit_interface/package.ps1'
[0.349s] INFO:colcon.colcon_core.shell:Creating package descriptor '/home/astra/Ti5_controller/install/Ti5_moveit_interface/share/Ti5_moveit_interface/package.dsv'
[0.350s] INFO:colcon.colcon_core.shell:Creating package script '/home/astra/Ti5_controller/install/Ti5_moveit_interface/share/Ti5_moveit_interface/package.sh'
[0.350s] INFO:colcon.colcon_core.shell:Creating package script '/home/astra/Ti5_controller/install/Ti5_moveit_interface/share/Ti5_moveit_interface/package.bash'
[0.351s] INFO:colcon.colcon_core.shell:Creating package script '/home/astra/Ti5_controller/install/Ti5_moveit_interface/share/Ti5_moveit_interface/package.zsh'
[0.351s] Level 1:colcon.colcon_core.environment:create_file_with_runtime_dependencies(/home/astra/Ti5_controller/install/Ti5_moveit_interface/share/colcon-core/packages/Ti5_moveit_interface)
[0.352s] Level 1:colcon.colcon_core.environment:create_environment_scripts_only(T170_ARMS_moveit_config)
[0.352s] Level 1:colcon.colcon_core.environment:checking '/home/astra/Ti5_controller/install/T170_ARMS_moveit_config' for CMake module files
[0.353s] Level 1:colcon.colcon_core.environment:checking '/home/astra/Ti5_controller/install/T170_ARMS_moveit_config' for CMake config files
[0.353s] DEBUG:colcon.colcon_core.event_handler.log_command:Invoked command in '/home/astra/Ti5_controller/build/T170_ARMS_moveit_config' returned '0': CMAKE_PREFIX_PATH=/home/astra/Ti5_controller/install/arms_description:/home/astra/Ti5_controller/install/bringup:/home/astra/Ti5_controller/install/T170_ARMS_moveit_config:/home/astra/Ti5_controller/install/Ti5_moveit_interface:/home/astra/Ti5_controller/install/Ti5_hardware_interface:/opt/ros/humble /usr/bin/cmake --install /home/astra/Ti5_controller/build/T170_ARMS_moveit_config
[0.353s] Level 1:colcon.colcon_core.shell:create_environment_hook('T170_ARMS_moveit_config', 'cmake_prefix_path')
[0.353s] INFO:colcon.colcon_core.shell:Creating environment hook '/home/astra/Ti5_controller/install/T170_ARMS_moveit_config/share/T170_ARMS_moveit_config/hook/cmake_prefix_path.ps1'
[0.354s] INFO:colcon.colcon_core.shell:Creating environment descriptor '/home/astra/Ti5_controller/install/T170_ARMS_moveit_config/share/T170_ARMS_moveit_config/hook/cmake_prefix_path.dsv'
[0.354s] INFO:colcon.colcon_core.shell:Creating environment hook '/home/astra/Ti5_controller/install/T170_ARMS_moveit_config/share/T170_ARMS_moveit_config/hook/cmake_prefix_path.sh'
[0.354s] Level 1:colcon.colcon_core.environment:checking '/home/astra/Ti5_controller/install/T170_ARMS_moveit_config/bin'
[0.354s] Level 1:colcon.colcon_core.environment:checking '/home/astra/Ti5_controller/install/T170_ARMS_moveit_config/lib/pkgconfig/T170_ARMS_moveit_config.pc'
[0.354s] Level 1:colcon.colcon_core.environment:checking '/home/astra/Ti5_controller/install/T170_ARMS_moveit_config/lib/python3.10/site-packages'
[0.354s] Level 1:colcon.colcon_core.environment:checking '/home/astra/Ti5_controller/install/T170_ARMS_moveit_config/bin'
[0.354s] INFO:colcon.colcon_core.shell:Creating package script '/home/astra/Ti5_controller/install/T170_ARMS_moveit_config/share/T170_ARMS_moveit_config/package.ps1'
[0.355s] INFO:colcon.colcon_core.shell:Creating package descriptor '/home/astra/Ti5_controller/install/T170_ARMS_moveit_config/share/T170_ARMS_moveit_config/package.dsv'
[0.355s] INFO:colcon.colcon_core.shell:Creating package script '/home/astra/Ti5_controller/install/T170_ARMS_moveit_config/share/T170_ARMS_moveit_config/package.sh'
[0.355s] INFO:colcon.colcon_core.shell:Creating package script '/home/astra/Ti5_controller/install/T170_ARMS_moveit_config/share/T170_ARMS_moveit_config/package.bash'
[0.355s] INFO:colcon.colcon_core.shell:Creating package script '/home/astra/Ti5_controller/install/T170_ARMS_moveit_config/share/T170_ARMS_moveit_config/package.zsh'
[0.355s] Level 1:colcon.colcon_core.environment:create_file_with_runtime_dependencies(/home/astra/Ti5_controller/install/T170_ARMS_moveit_config/share/colcon-core/packages/T170_ARMS_moveit_config)
[0.368s] Level 1:colcon.colcon_core.environment:create_environment_scripts_only(T170_ARMS_moveit_config)
[0.368s] Level 1:colcon.colcon_core.environment:checking '/home/astra/Ti5_controller/install/T170_ARMS_moveit_config' for CMake module files
[0.368s] Level 1:colcon.colcon_core.environment:checking '/home/astra/Ti5_controller/install/T170_ARMS_moveit_config' for CMake config files
[0.368s] Level 1:colcon.colcon_core.shell:create_environment_hook('T170_ARMS_moveit_config', 'cmake_prefix_path')
[0.369s] INFO:colcon.colcon_core.shell:Creating environment hook '/home/astra/Ti5_controller/install/T170_ARMS_moveit_config/share/T170_ARMS_moveit_config/hook/cmake_prefix_path.ps1'
[0.369s] INFO:colcon.colcon_core.shell:Creating environment descriptor '/home/astra/Ti5_controller/install/T170_ARMS_moveit_config/share/T170_ARMS_moveit_config/hook/cmake_prefix_path.dsv'
[0.369s] INFO:colcon.colcon_core.shell:Creating environment hook '/home/astra/Ti5_controller/install/T170_ARMS_moveit_config/share/T170_ARMS_moveit_config/hook/cmake_prefix_path.sh'
[0.369s] Level 1:colcon.colcon_core.environment:checking '/home/astra/Ti5_controller/install/T170_ARMS_moveit_config/bin'
[0.369s] Level 1:colcon.colcon_core.environment:checking '/home/astra/Ti5_controller/install/T170_ARMS_moveit_config/lib/pkgconfig/T170_ARMS_moveit_config.pc'
[0.369s] Level 1:colcon.colcon_core.environment:checking '/home/astra/Ti5_controller/install/T170_ARMS_moveit_config/lib/python3.10/site-packages'
[0.370s] Level 1:colcon.colcon_core.environment:checking '/home/astra/Ti5_controller/install/T170_ARMS_moveit_config/bin'
[0.370s] INFO:colcon.colcon_core.shell:Creating package script '/home/astra/Ti5_controller/install/T170_ARMS_moveit_config/share/T170_ARMS_moveit_config/package.ps1'
[0.370s] INFO:colcon.colcon_core.shell:Creating package descriptor '/home/astra/Ti5_controller/install/T170_ARMS_moveit_config/share/T170_ARMS_moveit_config/package.dsv'
[0.370s] INFO:colcon.colcon_core.shell:Creating package script '/home/astra/Ti5_controller/install/T170_ARMS_moveit_config/share/T170_ARMS_moveit_config/package.sh'
[0.370s] INFO:colcon.colcon_core.shell:Creating package script '/home/astra/Ti5_controller/install/T170_ARMS_moveit_config/share/T170_ARMS_moveit_config/package.bash'
[0.371s] INFO:colcon.colcon_core.shell:Creating package script '/home/astra/Ti5_controller/install/T170_ARMS_moveit_config/share/T170_ARMS_moveit_config/package.zsh'
[0.371s] Level 1:colcon.colcon_core.environment:create_file_with_runtime_dependencies(/home/astra/Ti5_controller/install/T170_ARMS_moveit_config/share/colcon-core/packages/T170_ARMS_moveit_config)
[2.217s] DEBUG:colcon.colcon_core.event_handler.log_command:Invoked command in '/home/astra/Ti5_controller/build/Ti5_hardware_interface' returned '0': CMAKE_PREFIX_PATH=${CMAKE_PREFIX_PATH}:/opt/ros/humble /usr/bin/cmake --build /home/astra/Ti5_controller/build/Ti5_hardware_interface -- -j24 -l24
[2.258s] DEBUG:colcon.colcon_core.event_handler.log_command:Invoking command in '/home/astra/Ti5_controller/build/Ti5_hardware_interface': CMAKE_PREFIX_PATH=${CMAKE_PREFIX_PATH}:/opt/ros/humble /usr/bin/cmake --install /home/astra/Ti5_controller/build/Ti5_hardware_interface
[2.271s] Level 1:colcon.colcon_core.environment:create_environment_scripts_only(Ti5_hardware_interface)
[2.272s] Level 1:colcon.colcon_core.environment:checking '/home/astra/Ti5_controller/install/Ti5_hardware_interface' for CMake module files
[2.272s] DEBUG:colcon.colcon_core.event_handler.log_command:Invoked command in '/home/astra/Ti5_controller/build/Ti5_hardware_interface' returned '0': CMAKE_PREFIX_PATH=${CMAKE_PREFIX_PATH}:/opt/ros/humble /usr/bin/cmake --install /home/astra/Ti5_controller/build/Ti5_hardware_interface
[2.273s] Level 1:colcon.colcon_core.environment:checking '/home/astra/Ti5_controller/install/Ti5_hardware_interface' for CMake config files
[2.273s] Level 1:colcon.colcon_core.shell:create_environment_hook('Ti5_hardware_interface', 'cmake_prefix_path')
[2.274s] INFO:colcon.colcon_core.shell:Creating environment hook '/home/astra/Ti5_controller/install/Ti5_hardware_interface/share/Ti5_hardware_interface/hook/cmake_prefix_path.ps1'
[2.275s] INFO:colcon.colcon_core.shell:Creating environment descriptor '/home/astra/Ti5_controller/install/Ti5_hardware_interface/share/Ti5_hardware_interface/hook/cmake_prefix_path.dsv'
[2.275s] INFO:colcon.colcon_core.shell:Creating environment hook '/home/astra/Ti5_controller/install/Ti5_hardware_interface/share/Ti5_hardware_interface/hook/cmake_prefix_path.sh'
[2.277s] Level 1:colcon.colcon_core.environment:checking '/home/astra/Ti5_controller/install/Ti5_hardware_interface/lib'
[2.277s] Level 1:colcon.colcon_core.environment:checking '/home/astra/Ti5_controller/install/Ti5_hardware_interface/bin'
[2.277s] Level 1:colcon.colcon_core.environment:checking '/home/astra/Ti5_controller/install/Ti5_hardware_interface/lib/pkgconfig/Ti5_hardware_interface.pc'
[2.277s] Level 1:colcon.colcon_core.environment:checking '/home/astra/Ti5_controller/install/Ti5_hardware_interface/lib/python3.10/site-packages'
[2.278s] Level 1:colcon.colcon_core.environment:checking '/home/astra/Ti5_controller/install/Ti5_hardware_interface/bin'
[2.279s] INFO:colcon.colcon_core.shell:Creating package script '/home/astra/Ti5_controller/install/Ti5_hardware_interface/share/Ti5_hardware_interface/package.ps1'
[2.279s] INFO:colcon.colcon_core.shell:Creating package descriptor '/home/astra/Ti5_controller/install/Ti5_hardware_interface/share/Ti5_hardware_interface/package.dsv'
[2.280s] INFO:colcon.colcon_core.shell:Creating package script '/home/astra/Ti5_controller/install/Ti5_hardware_interface/share/Ti5_hardware_interface/package.sh'
[2.281s] INFO:colcon.colcon_core.shell:Creating package script '/home/astra/Ti5_controller/install/Ti5_hardware_interface/share/Ti5_hardware_interface/package.bash'
[2.282s] INFO:colcon.colcon_core.shell:Creating package script '/home/astra/Ti5_controller/install/Ti5_hardware_interface/share/Ti5_hardware_interface/package.zsh'
[2.282s] Level 1:colcon.colcon_core.environment:create_file_with_runtime_dependencies(/home/astra/Ti5_controller/install/Ti5_hardware_interface/share/colcon-core/packages/Ti5_hardware_interface)
[2.308s] Level 1:colcon.colcon_core.environment:create_environment_scripts_only(Ti5_hardware_interface)
[2.308s] Level 1:colcon.colcon_core.environment:checking '/home/astra/Ti5_controller/install/Ti5_hardware_interface' for CMake module files
[2.309s] Level 1:colcon.colcon_core.environment:checking '/home/astra/Ti5_controller/install/Ti5_hardware_interface' for CMake config files
[2.309s] Level 1:colcon.colcon_core.shell:create_environment_hook('Ti5_hardware_interface', 'cmake_prefix_path')
[2.309s] INFO:colcon.colcon_core.shell:Creating environment hook '/home/astra/Ti5_controller/install/Ti5_hardware_interface/share/Ti5_hardware_interface/hook/cmake_prefix_path.ps1'
[2.309s] INFO:colcon.colcon_core.shell:Creating environment descriptor '/home/astra/Ti5_controller/install/Ti5_hardware_interface/share/Ti5_hardware_interface/hook/cmake_prefix_path.dsv'
[2.309s] INFO:colcon.colcon_core.shell:Creating environment hook '/home/astra/Ti5_controller/install/Ti5_hardware_interface/share/Ti5_hardware_interface/hook/cmake_prefix_path.sh'
[2.310s] Level 1:colcon.colcon_core.environment:checking '/home/astra/Ti5_controller/install/Ti5_hardware_interface/lib'
[2.310s] Level 1:colcon.colcon_core.environment:checking '/home/astra/Ti5_controller/install/Ti5_hardware_interface/bin'
[2.310s] Level 1:colcon.colcon_core.environment:checking '/home/astra/Ti5_controller/install/Ti5_hardware_interface/lib/pkgconfig/Ti5_hardware_interface.pc'
[2.310s] Level 1:colcon.colcon_core.environment:checking '/home/astra/Ti5_controller/install/Ti5_hardware_interface/lib/python3.10/site-packages'
[2.310s] Level 1:colcon.colcon_core.environment:checking '/home/astra/Ti5_controller/install/Ti5_hardware_interface/bin'
[2.310s] INFO:colcon.colcon_core.shell:Creating package script '/home/astra/Ti5_controller/install/Ti5_hardware_interface/share/Ti5_hardware_interface/package.ps1'
[2.311s] INFO:colcon.colcon_core.shell:Creating package descriptor '/home/astra/Ti5_controller/install/Ti5_hardware_interface/share/Ti5_hardware_interface/package.dsv'
[2.311s] INFO:colcon.colcon_core.shell:Creating package script '/home/astra/Ti5_controller/install/Ti5_hardware_interface/share/Ti5_hardware_interface/package.sh'
[2.311s] INFO:colcon.colcon_core.shell:Creating package script '/home/astra/Ti5_controller/install/Ti5_hardware_interface/share/Ti5_hardware_interface/package.bash'
[2.312s] INFO:colcon.colcon_core.shell:Creating package script '/home/astra/Ti5_controller/install/Ti5_hardware_interface/share/Ti5_hardware_interface/package.zsh'
[2.312s] Level 1:colcon.colcon_core.environment:create_file_with_runtime_dependencies(/home/astra/Ti5_controller/install/Ti5_hardware_interface/share/colcon-core/packages/Ti5_hardware_interface)
[2.312s] INFO:colcon.colcon_ros.task.ament_cmake.build:Building ROS package in '/home/astra/Ti5_controller/src/bringup' with build type 'ament_cmake'
[2.312s] INFO:colcon.colcon_cmake.task.cmake.build:Building CMake package in '/home/astra/Ti5_controller/src/bringup'
[2.313s] INFO:colcon.colcon_core.shell:Skip shell extension 'powershell' for command environment: Not usable outside of PowerShell
[2.313s] DEBUG:colcon.colcon_core.shell:Skip shell extension 'dsv' for command environment
[2.329s] DEBUG:colcon.colcon_core.event_handler.log_command:Invoking command in '/home/astra/Ti5_controller/build/bringup': CMAKE_PREFIX_PATH=/home/astra/Ti5_controller/install/T170_ARMS_moveit_config:/home/astra/Ti5_controller/install/arms_description:/home/astra/Ti5_controller/install/Ti5_moveit_interface:/home/astra/Ti5_controller/install/Ti5_hardware_interface:/home/astra/Ti5_controller/install/bringup:/opt/ros/humble /usr/bin/cmake --build /home/astra/Ti5_controller/build/bringup -- -j24 -l24
[2.376s] DEBUG:colcon.colcon_core.event_handler.log_command:Invoked command in '/home/astra/Ti5_controller/build/bringup' returned '0': CMAKE_PREFIX_PATH=/home/astra/Ti5_controller/install/T170_ARMS_moveit_config:/home/astra/Ti5_controller/install/arms_description:/home/astra/Ti5_controller/install/Ti5_moveit_interface:/home/astra/Ti5_controller/install/Ti5_hardware_interface:/home/astra/Ti5_controller/install/bringup:/opt/ros/humble /usr/bin/cmake --build /home/astra/Ti5_controller/build/bringup -- -j24 -l24
[2.409s] DEBUG:colcon.colcon_core.event_handler.log_command:Invoking command in '/home/astra/Ti5_controller/build/bringup': CMAKE_PREFIX_PATH=/home/astra/Ti5_controller/install/T170_ARMS_moveit_config:/home/astra/Ti5_controller/install/arms_description:/home/astra/Ti5_controller/install/Ti5_moveit_interface:/home/astra/Ti5_controller/install/Ti5_hardware_interface:/home/astra/Ti5_controller/install/bringup:/opt/ros/humble /usr/bin/cmake --install /home/astra/Ti5_controller/build/bringup
[2.422s] Level 1:colcon.colcon_core.environment:create_environment_scripts_only(bringup)
[2.422s] Level 1:colcon.colcon_core.environment:checking '/home/astra/Ti5_controller/install/bringup' for CMake module files
[2.423s] DEBUG:colcon.colcon_core.event_handler.log_command:Invoked command in '/home/astra/Ti5_controller/build/bringup' returned '0': CMAKE_PREFIX_PATH=/home/astra/Ti5_controller/install/T170_ARMS_moveit_config:/home/astra/Ti5_controller/install/arms_description:/home/astra/Ti5_controller/install/Ti5_moveit_interface:/home/astra/Ti5_controller/install/Ti5_hardware_interface:/home/astra/Ti5_controller/install/bringup:/opt/ros/humble /usr/bin/cmake --install /home/astra/Ti5_controller/build/bringup
[2.424s] Level 1:colcon.colcon_core.environment:checking '/home/astra/Ti5_controller/install/bringup' for CMake config files
[2.424s] Level 1:colcon.colcon_core.shell:create_environment_hook('bringup', 'cmake_prefix_path')
[2.424s] INFO:colcon.colcon_core.shell:Creating environment hook '/home/astra/Ti5_controller/install/bringup/share/bringup/hook/cmake_prefix_path.ps1'
[2.425s] INFO:colcon.colcon_core.shell:Creating environment descriptor '/home/astra/Ti5_controller/install/bringup/share/bringup/hook/cmake_prefix_path.dsv'
[2.425s] INFO:colcon.colcon_core.shell:Creating environment hook '/home/astra/Ti5_controller/install/bringup/share/bringup/hook/cmake_prefix_path.sh'
[2.427s] Level 1:colcon.colcon_core.environment:checking '/home/astra/Ti5_controller/install/bringup/bin'
[2.427s] Level 1:colcon.colcon_core.environment:checking '/home/astra/Ti5_controller/install/bringup/lib/pkgconfig/bringup.pc'
[2.427s] Level 1:colcon.colcon_core.environment:checking '/home/astra/Ti5_controller/install/bringup/lib/python3.10/site-packages'
[2.427s] Level 1:colcon.colcon_core.environment:checking '/home/astra/Ti5_controller/install/bringup/bin'
[2.428s] INFO:colcon.colcon_core.shell:Creating package script '/home/astra/Ti5_controller/install/bringup/share/bringup/package.ps1'
[2.428s] INFO:colcon.colcon_core.shell:Creating package descriptor '/home/astra/Ti5_controller/install/bringup/share/bringup/package.dsv'
[2.429s] INFO:colcon.colcon_core.shell:Creating package script '/home/astra/Ti5_controller/install/bringup/share/bringup/package.sh'
[2.430s] INFO:colcon.colcon_core.shell:Creating package script '/home/astra/Ti5_controller/install/bringup/share/bringup/package.bash'
[2.430s] INFO:colcon.colcon_core.shell:Creating package script '/home/astra/Ti5_controller/install/bringup/share/bringup/package.zsh'
[2.430s] Level 1:colcon.colcon_core.environment:create_file_with_runtime_dependencies(/home/astra/Ti5_controller/install/bringup/share/colcon-core/packages/bringup)
[2.459s] Level 1:colcon.colcon_core.environment:create_environment_scripts_only(bringup)
[2.460s] Level 1:colcon.colcon_core.environment:checking '/home/astra/Ti5_controller/install/bringup' for CMake module files
[2.460s] Level 1:colcon.colcon_core.environment:checking '/home/astra/Ti5_controller/install/bringup' for CMake config files
[2.460s] Level 1:colcon.colcon_core.shell:create_environment_hook('bringup', 'cmake_prefix_path')
[2.461s] INFO:colcon.colcon_core.shell:Creating environment hook '/home/astra/Ti5_controller/install/bringup/share/bringup/hook/cmake_prefix_path.ps1'
[2.461s] INFO:colcon.colcon_core.shell:Creating environment descriptor '/home/astra/Ti5_controller/install/bringup/share/bringup/hook/cmake_prefix_path.dsv'
[2.462s] INFO:colcon.colcon_core.shell:Creating environment hook '/home/astra/Ti5_controller/install/bringup/share/bringup/hook/cmake_prefix_path.sh'
[2.462s] Level 1:colcon.colcon_core.environment:checking '/home/astra/Ti5_controller/install/bringup/bin'
[2.462s] Level 1:colcon.colcon_core.environment:checking '/home/astra/Ti5_controller/install/bringup/lib/pkgconfig/bringup.pc'
[2.463s] Level 1:colcon.colcon_core.environment:checking '/home/astra/Ti5_controller/install/bringup/lib/python3.10/site-packages'
[2.463s] Level 1:colcon.colcon_core.environment:checking '/home/astra/Ti5_controller/install/bringup/bin'
[2.464s] INFO:colcon.colcon_core.shell:Creating package script '/home/astra/Ti5_controller/install/bringup/share/bringup/package.ps1'
[2.465s] INFO:colcon.colcon_core.shell:Creating package descriptor '/home/astra/Ti5_controller/install/bringup/share/bringup/package.dsv'
[2.465s] INFO:colcon.colcon_core.shell:Creating package script '/home/astra/Ti5_controller/install/bringup/share/bringup/package.sh'
[2.466s] INFO:colcon.colcon_core.shell:Creating package script '/home/astra/Ti5_controller/install/bringup/share/bringup/package.bash'
[2.466s] INFO:colcon.colcon_core.shell:Creating package script '/home/astra/Ti5_controller/install/bringup/share/bringup/package.zsh'
[2.467s] Level 1:colcon.colcon_core.environment:create_file_with_runtime_dependencies(/home/astra/Ti5_controller/install/bringup/share/colcon-core/packages/bringup)
[2.467s] DEBUG:colcon.colcon_parallel_executor.executor.parallel:closing loop
[2.468s] DEBUG:colcon.colcon_parallel_executor.executor.parallel:loop closed
[2.468s] DEBUG:colcon.colcon_parallel_executor.executor.parallel:run_until_complete finished with '0'
[2.468s] DEBUG:colcon.colcon_core.event_reactor:joining thread
[2.476s] INFO:colcon.colcon_core.plugin_system:Skipping extension 'colcon_notification.desktop_notification.terminal_notifier': Not used on non-Darwin systems
[2.476s] INFO:colcon.colcon_core.plugin_system:Skipping extension 'colcon_notification.desktop_notification.win32': Not used on non-Windows systems
[2.476s] INFO:colcon.colcon_notification.desktop_notification:Sending desktop notification using 'notify2'
[2.487s] DEBUG:colcon.colcon_core.event_reactor:joined thread
[2.488s] INFO:colcon.colcon_core.shell:Creating prefix script '/home/astra/Ti5_controller/install/local_setup.ps1'
[2.489s] INFO:colcon.colcon_core.shell:Creating prefix util module '/home/astra/Ti5_controller/install/_local_setup_util_ps1.py'
[2.491s] INFO:colcon.colcon_core.shell:Creating prefix chain script '/home/astra/Ti5_controller/install/setup.ps1'
[2.493s] INFO:colcon.colcon_core.shell:Creating prefix script '/home/astra/Ti5_controller/install/local_setup.sh'
[2.493s] INFO:colcon.colcon_core.shell:Creating prefix util module '/home/astra/Ti5_controller/install/_local_setup_util_sh.py'
[2.494s] INFO:colcon.colcon_core.shell:Creating prefix chain script '/home/astra/Ti5_controller/install/setup.sh'
[2.496s] INFO:colcon.colcon_core.shell:Creating prefix script '/home/astra/Ti5_controller/install/local_setup.bash'
[2.496s] INFO:colcon.colcon_core.shell:Creating prefix chain script '/home/astra/Ti5_controller/install/setup.bash'
[2.498s] INFO:colcon.colcon_core.shell:Creating prefix script '/home/astra/Ti5_controller/install/local_setup.zsh'
[2.499s] INFO:colcon.colcon_core.shell:Creating prefix chain script '/home/astra/Ti5_controller/install/setup.zsh'
