[ 33%] [32mBuilding CXX object CMakeFiles/Ti5_hardware_interface.dir/can_control/src/can_hw.cpp.o[0m
[ 66%] [32mBuilding CXX object CMakeFiles/Ti5_hardware_interface.dir/src/hardware.cpp.o[0m
[100%] [32m[1mLinking CXX static library libTi5_hardware_interface.a[0m
[100%] Built target Ti5_hardware_interface
-- Install configuration: ""
-- Up-to-date: /home/astra/Ti5_controller/install/Ti5_hardware_interface/share/Ti5_hardware_interface/Ti5_hardware_interface.xml
-- Installing: /home/astra/Ti5_controller/install/Ti5_hardware_interface/lib/libTi5_hardware_interface.a
-- Up-to-date: /home/astra/Ti5_controller/install/Ti5_hardware_interface/include
-- Up-to-date: /home/astra/Ti5_controller/install/Ti5_hardware_interface/include/Ti5_hardware_interface
-- Installing: /home/astra/Ti5_controller/install/Ti5_hardware_interface/include/Ti5_hardware_interface/hardware.hpp
-- Up-to-date: /home/astra/Ti5_controller/install/Ti5_hardware_interface/include/Ti5_hardware_interface/visibility_control.h
-- Up-to-date: /home/astra/Ti5_controller/install/Ti5_hardware_interface/share/Ti5_hardware_interface/Ti5_hardware_interface.xml
-- Up-to-date: /home/astra/Ti5_controller/install/Ti5_hardware_interface/share/Ti5_hardware_interface/environment/library_path.sh
-- Up-to-date: /home/astra/Ti5_controller/install/Ti5_hardware_interface/share/Ti5_hardware_interface/environment/library_path.dsv
-- Up-to-date: /home/astra/Ti5_controller/install/Ti5_hardware_interface/share/ament_index/resource_index/package_run_dependencies/Ti5_hardware_interface
-- Up-to-date: /home/astra/Ti5_controller/install/Ti5_hardware_interface/share/ament_index/resource_index/parent_prefix_path/Ti5_hardware_interface
-- Up-to-date: /home/astra/Ti5_controller/install/Ti5_hardware_interface/share/Ti5_hardware_interface/environment/ament_prefix_path.sh
-- Up-to-date: /home/astra/Ti5_controller/install/Ti5_hardware_interface/share/Ti5_hardware_interface/environment/ament_prefix_path.dsv
-- Up-to-date: /home/astra/Ti5_controller/install/Ti5_hardware_interface/share/Ti5_hardware_interface/environment/path.sh
-- Up-to-date: /home/astra/Ti5_controller/install/Ti5_hardware_interface/share/Ti5_hardware_interface/environment/path.dsv
-- Up-to-date: /home/astra/Ti5_controller/install/Ti5_hardware_interface/share/Ti5_hardware_interface/local_setup.bash
-- Up-to-date: /home/astra/Ti5_controller/install/Ti5_hardware_interface/share/Ti5_hardware_interface/local_setup.sh
-- Up-to-date: /home/astra/Ti5_controller/install/Ti5_hardware_interface/share/Ti5_hardware_interface/local_setup.zsh
-- Up-to-date: /home/astra/Ti5_controller/install/Ti5_hardware_interface/share/Ti5_hardware_interface/local_setup.dsv
-- Installing: /home/astra/Ti5_controller/install/Ti5_hardware_interface/share/Ti5_hardware_interface/package.dsv
-- Up-to-date: /home/astra/Ti5_controller/install/Ti5_hardware_interface/share/ament_index/resource_index/packages/Ti5_hardware_interface
-- Up-to-date: /home/astra/Ti5_controller/install/Ti5_hardware_interface/share/ament_index/resource_index/hardware_interface__pluginlib__plugin/Ti5_hardware_interface
-- Up-to-date: /home/astra/Ti5_controller/install/Ti5_hardware_interface/share/Ti5_hardware_interface/cmake/ament_cmake_export_dependencies-extras.cmake
-- Up-to-date: /home/astra/Ti5_controller/install/Ti5_hardware_interface/share/Ti5_hardware_interface/cmake/ament_cmake_export_include_directories-extras.cmake
-- Up-to-date: /home/astra/Ti5_controller/install/Ti5_hardware_interface/share/Ti5_hardware_interface/cmake/ament_cmake_export_libraries-extras.cmake
-- Up-to-date: /home/astra/Ti5_controller/install/Ti5_hardware_interface/share/Ti5_hardware_interface/cmake/Ti5_hardware_interfaceConfig.cmake
-- Up-to-date: /home/astra/Ti5_controller/install/Ti5_hardware_interface/share/Ti5_hardware_interface/cmake/Ti5_hardware_interfaceConfig-version.cmake
-- Up-to-date: /home/astra/Ti5_controller/install/Ti5_hardware_interface/share/Ti5_hardware_interface/package.xml
