[35m[1mConsolidate compiler generated dependencies of target Ti5_hardware_interface[0m
[ 33%] Built target gmock
[ 55%] Built target gmock_main
[ 66%] [32mBuilding CXX object CMakeFiles/Ti5_hardware_interface.dir/src/hardware.cpp.o[0m
[ 88%] Built target test_hardware
In file included from [01m[K/opt/ros/humble/include/rclcpp/rclcpp/client.hpp:40[m[K,
                 from [01m[K/opt/ros/humble/include/rclcpp/rclcpp/callback_group.hpp:24[m[K,
                 from [01m[K/opt/ros/humble/include/rclcpp/rclcpp/any_executable.hpp:20[m[K,
                 from [01m[K/opt/ros/humble/include/rclcpp/rclcpp/memory_strategy.hpp:25[m[K,
                 from [01m[K/opt/ros/humble/include/rclcpp/rclcpp/memory_strategies.hpp:18[m[K,
                 from [01m[K/opt/ros/humble/include/rclcpp/rclcpp/executor_options.hpp:20[m[K,
                 from [01m[K/opt/ros/humble/include/rclcpp/rclcpp/executor.hpp:37[m[K,
                 from [01m[K/opt/ros/humble/include/rclcpp/rclcpp/executors/multi_threaded_executor.hpp:25[m[K,
                 from [01m[K/opt/ros/humble/include/rclcpp/rclcpp/executors.hpp:21[m[K,
                 from [01m[K/opt/ros/humble/include/rclcpp/rclcpp/rclcpp.hpp:155[m[K,
                 from [01m[K/home/astra/Ti5_controller/src/Ti5_hardware_interface/include/Ti5_hardware_interface/hardware.hpp:30[m[K,
                 from [01m[K/home/astra/Ti5_controller/src/Ti5_hardware_interface/src/hardware.cpp:18[m[K:
[01m[K/home/astra/Ti5_controller/src/Ti5_hardware_interface/src/hardware.cpp:[m[K In member function ‘[01m[Kvirtual hardware_interface::CallbackReturn Ti5_hardware_interface::hardware::on_init(const hardware_interface::HardwareInfo&)[m[K’:
[01m[K/home/astra/Ti5_controller/src/Ti5_hardware_interface/src/hardware.cpp:43:17:[m[K [01;31m[Kerror: [m[K‘[01m[Knode_[m[K’ was not declared in this scope; did you mean ‘[01m[Kmode_t[m[K’?
   43 |     RCLCPP_INFO([01;31m[Knode_[m[K->get_logger(), "Hardware interface initialized successfully");
      |                 [01;31m[K^~~~~[m[K
[01m[K/home/astra/Ti5_controller/src/Ti5_hardware_interface/src/hardware.cpp:43:5:[m[K [01;31m[Kerror: [m[Ktemplate argument 1 is invalid
   43 |     [01;31m[KRCLCPP_INFO[m[K(node_->get_logger(), "Hardware interface initialized successfully");
      |     [01;31m[K^~~~~~~~~~~[m[K
[01m[K/home/astra/Ti5_controller/src/Ti5_hardware_interface/src/hardware.cpp:43:5:[m[K [01;31m[Kerror: [m[Ktemplate argument 1 is invalid
   43 |     [01;31m[KRCLCPP_INFO[m[K(node_->get_logger(), "Hardware interface initialized successfully");
      |     [01;31m[K^~~~~~~~~~~[m[K
[01m[K/home/astra/Ti5_controller/src/Ti5_hardware_interface/src/hardware.cpp:43:5:[m[K [01;31m[Kerror: [m[Ktemplate argument 1 is invalid
   43 |     [01;31m[KRCLCPP_INFO[m[K(node_->get_logger(), "Hardware interface initialized successfully");
      |     [01;31m[K^~~~~~~~~~~[m[K
[01m[K/home/astra/Ti5_controller/src/Ti5_hardware_interface/src/hardware.cpp:[m[K In member function ‘[01m[Kvirtual hardware_interface::CallbackReturn Ti5_hardware_interface::hardware::on_configure(const rclcpp_lifecycle::State&)[m[K’:
[01m[K/home/astra/Ti5_controller/src/Ti5_hardware_interface/src/hardware.cpp:56:21:[m[K [01;31m[Kerror: [m[K‘[01m[Knode_[m[K’ was not declared in this scope; did you mean ‘[01m[Kmode_t[m[K’?
   56 |         RCLCPP_INFO([01;31m[Knode_[m[K->get_logger(), "CAN initialized successfully");
      |                     [01;31m[K^~~~~[m[K
[01m[K/home/astra/Ti5_controller/src/Ti5_hardware_interface/src/hardware.cpp:56:9:[m[K [01;31m[Kerror: [m[Ktemplate argument 1 is invalid
   56 |         [01;31m[KRCLCPP_INFO[m[K(node_->get_logger(), "CAN initialized successfully");
      |         [01;31m[K^~~~~~~~~~~[m[K
[01m[K/home/astra/Ti5_controller/src/Ti5_hardware_interface/src/hardware.cpp:56:9:[m[K [01;31m[Kerror: [m[Ktemplate argument 1 is invalid
   56 |         [01;31m[KRCLCPP_INFO[m[K(node_->get_logger(), "CAN initialized successfully");
      |         [01;31m[K^~~~~~~~~~~[m[K
[01m[K/home/astra/Ti5_controller/src/Ti5_hardware_interface/src/hardware.cpp:56:9:[m[K [01;31m[Kerror: [m[Ktemplate argument 1 is invalid
   56 |         [01;31m[KRCLCPP_INFO[m[K(node_->get_logger(), "CAN initialized successfully");
      |         [01;31m[K^~~~~~~~~~~[m[K
[01m[K/home/astra/Ti5_controller/src/Ti5_hardware_interface/src/hardware.cpp:62:20:[m[K [01;31m[Kerror: [m[K‘[01m[Knode_[m[K’ was not declared in this scope; did you mean ‘[01m[Kmode_t[m[K’?
   62 |       RCLCPP_ERROR([01;31m[Knode_[m[K->get_logger(), "CAN initialization failed");
      |                    [01;31m[K^~~~~[m[K
[01m[K/home/astra/Ti5_controller/src/Ti5_hardware_interface/src/hardware.cpp:62:7:[m[K [01;31m[Kerror: [m[Ktemplate argument 1 is invalid
   62 |       [01;31m[KRCLCPP_ERROR[m[K(node_->get_logger(), "CAN initialization failed");
      |       [01;31m[K^~~~~~~~~~~~[m[K
[01m[K/home/astra/Ti5_controller/src/Ti5_hardware_interface/src/hardware.cpp:62:7:[m[K [01;31m[Kerror: [m[Ktemplate argument 1 is invalid
   62 |       [01;31m[KRCLCPP_ERROR[m[K(node_->get_logger(), "CAN initialization failed");
      |       [01;31m[K^~~~~~~~~~~~[m[K
[01m[K/home/astra/Ti5_controller/src/Ti5_hardware_interface/src/hardware.cpp:62:7:[m[K [01;31m[Kerror: [m[Ktemplate argument 1 is invalid
   62 |       [01;31m[KRCLCPP_ERROR[m[K(node_->get_logger(), "CAN initialization failed");
      |       [01;31m[K^~~~~~~~~~~~[m[K
[01m[K/home/astra/Ti5_controller/src/Ti5_hardware_interface/src/hardware.cpp:[m[K In member function ‘[01m[Kvirtual hardware_interface::CallbackReturn Ti5_hardware_interface::hardware::on_activate(const rclcpp_lifecycle::State&)[m[K’:
[01m[K/home/astra/Ti5_controller/src/Ti5_hardware_interface/src/hardware.cpp:99:17:[m[K [01;31m[Kerror: [m[K‘[01m[Knode_[m[K’ was not declared in this scope; did you mean ‘[01m[Kmode_t[m[K’?
   99 |     RCLCPP_INFO([01;31m[Knode_[m[K->get_logger(), "Activating hardware interface");
      |                 [01;31m[K^~~~~[m[K
[01m[K/home/astra/Ti5_controller/src/Ti5_hardware_interface/src/hardware.cpp:99:5:[m[K [01;31m[Kerror: [m[Ktemplate argument 1 is invalid
   99 |     [01;31m[KRCLCPP_INFO[m[K(node_->get_logger(), "Activating hardware interface");
      |     [01;31m[K^~~~~~~~~~~[m[K
[01m[K/home/astra/Ti5_controller/src/Ti5_hardware_interface/src/hardware.cpp:99:5:[m[K [01;31m[Kerror: [m[Ktemplate argument 1 is invalid
   99 |     [01;31m[KRCLCPP_INFO[m[K(node_->get_logger(), "Activating hardware interface");
      |     [01;31m[K^~~~~~~~~~~[m[K
[01m[K/home/astra/Ti5_controller/src/Ti5_hardware_interface/src/hardware.cpp:99:5:[m[K [01;31m[Kerror: [m[Ktemplate argument 1 is invalid
   99 |     [01;31m[KRCLCPP_INFO[m[K(node_->get_logger(), "Activating hardware interface");
      |     [01;31m[K^~~~~~~~~~~[m[K
[01m[K/home/astra/Ti5_controller/src/Ti5_hardware_interface/src/hardware.cpp:[m[K In member function ‘[01m[Kvirtual hardware_interface::CallbackReturn Ti5_hardware_interface::hardware::on_deactivate(const rclcpp_lifecycle::State&)[m[K’:
[01m[K/home/astra/Ti5_controller/src/Ti5_hardware_interface/src/hardware.cpp:118:17:[m[K [01;31m[Kerror: [m[K‘[01m[Knode_[m[K’ was not declared in this scope; did you mean ‘[01m[Kmode_t[m[K’?
  118 |     RCLCPP_INFO([01;31m[Knode_[m[K->get_logger(), "Deactivating hardware interface");
      |                 [01;31m[K^~~~~[m[K
[01m[K/home/astra/Ti5_controller/src/Ti5_hardware_interface/src/hardware.cpp:118:5:[m[K [01;31m[Kerror: [m[Ktemplate argument 1 is invalid
  118 |     [01;31m[KRCLCPP_INFO[m[K(node_->get_logger(), "Deactivating hardware interface");
      |     [01;31m[K^~~~~~~~~~~[m[K
[01m[K/home/astra/Ti5_controller/src/Ti5_hardware_interface/src/hardware.cpp:118:5:[m[K [01;31m[Kerror: [m[Ktemplate argument 1 is invalid
  118 |     [01;31m[KRCLCPP_INFO[m[K(node_->get_logger(), "Deactivating hardware interface");
      |     [01;31m[K^~~~~~~~~~~[m[K
[01m[K/home/astra/Ti5_controller/src/Ti5_hardware_interface/src/hardware.cpp:118:5:[m[K [01;31m[Kerror: [m[Ktemplate argument 1 is invalid
  118 |     [01;31m[KRCLCPP_INFO[m[K(node_->get_logger(), "Deactivating hardware interface");
      |     [01;31m[K^~~~~~~~~~~[m[K
[01m[K/home/astra/Ti5_controller/src/Ti5_hardware_interface/src/hardware.cpp:[m[K In member function ‘[01m[Kvirtual hardware_interface::return_type Ti5_hardware_interface::hardware::write(const rclcpp::Time&, const rclcpp::Duration&)[m[K’:
[01m[K/home/astra/Ti5_controller/src/Ti5_hardware_interface/src/hardware.cpp:147:20:[m[K [01;31m[Kerror: [m[K‘[01m[Knode_[m[K’ was not declared in this scope; did you mean ‘[01m[Kmode_t[m[K’?
  147 |       RCLCPP_DEBUG([01;31m[Knode_[m[K->get_logger(), "Writing position command for joint %s: %f",
      |                    [01;31m[K^~~~~[m[K
[01m[K/home/astra/Ti5_controller/src/Ti5_hardware_interface/src/hardware.cpp:147:7:[m[K [01;31m[Kerror: [m[Ktemplate argument 1 is invalid
  147 |       [01;31m[KRCLCPP_DEBUG[m[K(node_->get_logger(), "Writing position command for joint %s: %f",
      |       [01;31m[K^~~~~~~~~~~~[m[K
[01m[K/home/astra/Ti5_controller/src/Ti5_hardware_interface/src/hardware.cpp:147:7:[m[K [01;31m[Kerror: [m[Ktemplate argument 1 is invalid
  147 |       [01;31m[KRCLCPP_DEBUG[m[K(node_->get_logger(), "Writing position command for joint %s: %f",
      |       [01;31m[K^~~~~~~~~~~~[m[K
[01m[K/home/astra/Ti5_controller/src/Ti5_hardware_interface/src/hardware.cpp:147:7:[m[K [01;31m[Kerror: [m[Ktemplate argument 1 is invalid
  147 |       [01;31m[KRCLCPP_DEBUG[m[K(node_->get_logger(), "Writing position command for joint %s: %f",
      |       [01;31m[K^~~~~~~~~~~~[m[K
In file included from [01m[K/opt/ros/humble/include/class_loader/class_loader/class_loader.hpp:56[m[K,
                 from [01m[K/opt/ros/humble/include/pluginlib/pluginlib/class_list_macros.hpp:40[m[K,
                 from [01m[K/home/astra/Ti5_controller/src/Ti5_hardware_interface/src/hardware.cpp:155[m[K:
[01m[K/home/astra/Ti5_controller/src/Ti5_hardware_interface/src/hardware.cpp:[m[K At global scope:
[01m[K/opt/ros/humble/include/pluginlib/pluginlib/class_list_macros.hpp:49:3:[m[K [01;31m[Kerror: [m[Kexpected ‘[01m[K}[m[K’ at end of input
   49 |   [01;31m[KCLASS_LOADER_REGISTER_CLASS[m[K(class_type, base_class_type)
      |   [01;31m[K^~~~~~~~~~~~~~~~~~~~~~~~~~~[m[K
[01m[K/home/astra/Ti5_controller/src/Ti5_hardware_interface/src/hardware.cpp:157:1:[m[K [01;36m[Knote: [m[Kin expansion of macro ‘[01m[KPLUGINLIB_EXPORT_CLASS[m[K’
  157 | [01;36m[KPLUGINLIB_EXPORT_CLASS[m[K(
      | [01;36m[K^~~~~~~~~~~~~~~~~~~~~~[m[K
[01m[K/home/astra/Ti5_controller/src/Ti5_hardware_interface/src/hardware.cpp:23:1:[m[K [01;36m[Knote: [m[Kto match this ‘[01m[K{[m[K’
   23 | [01;36m[K{[m[K
      | [01;36m[K^[m[K
gmake[2]: *** [CMakeFiles/Ti5_hardware_interface.dir/build.make:76：CMakeFiles/Ti5_hardware_interface.dir/src/hardware.cpp.o] 错误 1
gmake[1]: *** [CMakeFiles/Makefile2:176：CMakeFiles/Ti5_hardware_interface.dir/all] 错误 2
gmake: *** [Makefile:146：all] 错误 2
