[0.008s] Invoking command in '/home/astra/Ti5_controller/build/arms_description': CMAKE_PREFIX_PATH=${CMAKE_PREFIX_PATH}:/opt/ros/humble /usr/bin/cmake /home/astra/Ti5_controller/src/arms_description -DCMAKE_INSTALL_PREFIX=/home/astra/Ti5_controller/install/arms_description
[0.045s] -- The C compiler identification is GNU 11.4.0
[0.088s] -- The CXX compiler identification is GNU 11.4.0
[0.093s] -- Detecting C compiler ABI info
[0.149s] -- Detecting C compiler ABI info - done
[0.154s] -- Check for working C compiler: /usr/bin/cc - skipped
[0.154s] -- Detecting C compile features
[0.155s] -- Detecting C compile features - done
[0.156s] -- Detecting CXX compiler ABI info
[0.213s] -- Detecting CXX compiler ABI info - done
[0.218s] -- Check for working CXX compiler: /usr/bin/c++ - skipped
[0.219s] -- Detecting CXX compile features
[0.219s] -- Detecting CXX compile features - done
[0.220s] -- Found ament_cmake: 1.3.11 (/opt/ros/humble/share/ament_cmake/cmake)
[0.318s] -- Found Python3: /usr/bin/python3 (found version "3.10.12") found components: Interpreter 
[0.372s] -- Found ament_lint_auto: 0.12.12 (/opt/ros/humble/share/ament_lint_auto/cmake)
[0.420s] -- Added test 'lint_cmake' to check CMake code style
[0.420s] -- Added test 'xmllint' to check XML markup files
[0.421s] -- Configuring done
[0.422s] -- Generating done
[0.423s] -- Build files have been written to: /home/astra/Ti5_controller/build/arms_description
[0.426s] Invoked command in '/home/astra/Ti5_controller/build/arms_description' returned '0': CMAKE_PREFIX_PATH=${CMAKE_PREFIX_PATH}:/opt/ros/humble /usr/bin/cmake /home/astra/Ti5_controller/src/arms_description -DCMAKE_INSTALL_PREFIX=/home/astra/Ti5_controller/install/arms_description
[0.427s] Invoking command in '/home/astra/Ti5_controller/build/arms_description': CMAKE_PREFIX_PATH=${CMAKE_PREFIX_PATH}:/opt/ros/humble /usr/bin/cmake --build /home/astra/Ti5_controller/build/arms_description -- -j24 -l24
[0.453s] Invoked command in '/home/astra/Ti5_controller/build/arms_description' returned '0': CMAKE_PREFIX_PATH=${CMAKE_PREFIX_PATH}:/opt/ros/humble /usr/bin/cmake --build /home/astra/Ti5_controller/build/arms_description -- -j24 -l24
[0.473s] Invoking command in '/home/astra/Ti5_controller/build/arms_description': CMAKE_PREFIX_PATH=${CMAKE_PREFIX_PATH}:/opt/ros/humble /usr/bin/cmake --install /home/astra/Ti5_controller/build/arms_description
[0.477s] -- Install configuration: ""
[0.477s] -- Installing: /home/astra/Ti5_controller/install/arms_description/share/arms_description/urdf
[0.477s] -- Installing: /home/astra/Ti5_controller/install/arms_description/share/arms_description/urdf/T170_ARMS.urdf
[0.477s] -- Installing: /home/astra/Ti5_controller/install/arms_description/share/arms_description/urdf/T170_ARMS.csv
[0.477s] -- Installing: /home/astra/Ti5_controller/install/arms_description/share/arms_description/meshes
[0.477s] -- Installing: /home/astra/Ti5_controller/install/arms_description/share/arms_description/meshes/L_ELBOW_R_S.STL
[0.478s] -- Installing: /home/astra/Ti5_controller/install/arms_description/share/arms_description/meshes/NECK_R_S.STL
[0.478s] -- Installing: /home/astra/Ti5_controller/install/arms_description/share/arms_description/meshes/NECK_Y_S.STL
[0.481s] -- Installing: /home/astra/Ti5_controller/install/arms_description/share/arms_description/meshes/L_WRIST_R_S.STL
[0.483s] -- Installing: /home/astra/Ti5_controller/install/arms_description/share/arms_description/meshes/L_WRIST_P_S.STL
[0.486s] -- Installing: /home/astra/Ti5_controller/install/arms_description/share/arms_description/meshes/R_SHOULDER_R_S.STL
[0.487s] -- Installing: /home/astra/Ti5_controller/install/arms_description/share/arms_description/meshes/L_SHOULDER_P_S.STL
[0.489s] -- Installing: /home/astra/Ti5_controller/install/arms_description/share/arms_description/meshes/R_SHOULDER_P_S.STL
[0.490s] -- Installing: /home/astra/Ti5_controller/install/arms_description/share/arms_description/meshes/PELVIS_S.STL
[0.493s] -- Installing: /home/astra/Ti5_controller/install/arms_description/share/arms_description/meshes/R_ELBOW_R_S.STL
[0.493s] -- Installing: /home/astra/Ti5_controller/install/arms_description/share/arms_description/meshes/R_WRIST_Y_S.STL
[0.494s] -- Installing: /home/astra/Ti5_controller/install/arms_description/share/arms_description/meshes/L_SHOULDER_Y_S.STL
[0.495s] -- Installing: /home/astra/Ti5_controller/install/arms_description/share/arms_description/meshes/L_SHOULDER_R_S.STL
[0.496s] -- Installing: /home/astra/Ti5_controller/install/arms_description/share/arms_description/meshes/R_WRIST_R_S.STL
[0.506s] -- Installing: /home/astra/Ti5_controller/install/arms_description/share/arms_description/meshes/NECK_P_S.STL
[0.506s] -- Installing: /home/astra/Ti5_controller/install/arms_description/share/arms_description/meshes/R_WRIST_P_S.STL
[0.509s] -- Installing: /home/astra/Ti5_controller/install/arms_description/share/arms_description/meshes/R_SHOULDER_Y_S.STL
[0.510s] -- Installing: /home/astra/Ti5_controller/install/arms_description/share/arms_description/meshes/L_WRIST_Y_S.STL
[0.511s] -- Installing: /home/astra/Ti5_controller/install/arms_description/share/ament_index/resource_index/package_run_dependencies/arms_description
[0.511s] -- Installing: /home/astra/Ti5_controller/install/arms_description/share/ament_index/resource_index/parent_prefix_path/arms_description
[0.511s] -- Installing: /home/astra/Ti5_controller/install/arms_description/share/arms_description/environment/ament_prefix_path.sh
[0.511s] -- Installing: /home/astra/Ti5_controller/install/arms_description/share/arms_description/environment/ament_prefix_path.dsv
[0.511s] -- Installing: /home/astra/Ti5_controller/install/arms_description/share/arms_description/environment/path.sh
[0.511s] -- Installing: /home/astra/Ti5_controller/install/arms_description/share/arms_description/environment/path.dsv
[0.511s] -- Installing: /home/astra/Ti5_controller/install/arms_description/share/arms_description/local_setup.bash
[0.511s] -- Installing: /home/astra/Ti5_controller/install/arms_description/share/arms_description/local_setup.sh
[0.511s] -- Installing: /home/astra/Ti5_controller/install/arms_description/share/arms_description/local_setup.zsh
[0.511s] -- Installing: /home/astra/Ti5_controller/install/arms_description/share/arms_description/local_setup.dsv
[0.511s] -- Installing: /home/astra/Ti5_controller/install/arms_description/share/arms_description/package.dsv
[0.511s] -- Installing: /home/astra/Ti5_controller/install/arms_description/share/ament_index/resource_index/packages/arms_description
[0.512s] -- Installing: /home/astra/Ti5_controller/install/arms_description/share/arms_description/cmake/arms_descriptionConfig.cmake
[0.512s] -- Installing: /home/astra/Ti5_controller/install/arms_description/share/arms_description/cmake/arms_descriptionConfig-version.cmake
[0.512s] -- Installing: /home/astra/Ti5_controller/install/arms_description/share/arms_description/package.xml
[0.513s] Invoked command in '/home/astra/Ti5_controller/build/arms_description' returned '0': CMAKE_PREFIX_PATH=${CMAKE_PREFIX_PATH}:/opt/ros/humble /usr/bin/cmake --install /home/astra/Ti5_controller/build/arms_description
