[0.015s] Invoking command in '/home/astra/Ti5_controller/build/bringup': CMAKE_PREFIX_PATH=/home/astra/Ti5_controller/install/T170_ARMS_moveit_config:/home/astra/Ti5_controller/install/arms_description:/home/astra/Ti5_controller/install/Ti5_moveit_interface:/home/astra/Ti5_controller/install/Ti5_hardware_interface:/home/astra/Ti5_controller/install/bringup:/opt/ros/humble /usr/bin/cmake --build /home/astra/Ti5_controller/build/bringup -- -j24 -l24
[0.056s] Invoked command in '/home/astra/Ti5_controller/build/bringup' returned '0': CMAKE_PREFIX_PATH=/home/astra/Ti5_controller/install/T170_ARMS_moveit_config:/home/astra/Ti5_controller/install/arms_description:/home/astra/Ti5_controller/install/Ti5_moveit_interface:/home/astra/Ti5_controller/install/Ti5_hardware_interface:/home/astra/Ti5_controller/install/bringup:/opt/ros/humble /usr/bin/cmake --build /home/astra/Ti5_controller/build/bringup -- -j24 -l24
[0.086s] Invoking command in '/home/astra/Ti5_controller/build/bringup': CMAKE_PREFIX_PATH=/home/astra/Ti5_controller/install/T170_ARMS_moveit_config:/home/astra/Ti5_controller/install/arms_description:/home/astra/Ti5_controller/install/Ti5_moveit_interface:/home/astra/Ti5_controller/install/Ti5_hardware_interface:/home/astra/Ti5_controller/install/bringup:/opt/ros/humble /usr/bin/cmake --install /home/astra/Ti5_controller/build/bringup
[0.097s] -- Install configuration: ""
[0.097s] -- Up-to-date: /home/astra/Ti5_controller/install/bringup/share/bringup/launch
[0.097s] -- Up-to-date: /home/astra/Ti5_controller/install/bringup/share/bringup/launch/Ti5_test.launch.py
[0.097s] -- Up-to-date: /home/astra/Ti5_controller/install/bringup/share/ament_index/resource_index/package_run_dependencies/bringup
[0.097s] -- Up-to-date: /home/astra/Ti5_controller/install/bringup/share/ament_index/resource_index/parent_prefix_path/bringup
[0.097s] -- Up-to-date: /home/astra/Ti5_controller/install/bringup/share/bringup/environment/ament_prefix_path.sh
[0.097s] -- Up-to-date: /home/astra/Ti5_controller/install/bringup/share/bringup/environment/ament_prefix_path.dsv
[0.097s] -- Up-to-date: /home/astra/Ti5_controller/install/bringup/share/bringup/environment/path.sh
[0.098s] -- Up-to-date: /home/astra/Ti5_controller/install/bringup/share/bringup/environment/path.dsv
[0.098s] -- Up-to-date: /home/astra/Ti5_controller/install/bringup/share/bringup/local_setup.bash
[0.098s] -- Up-to-date: /home/astra/Ti5_controller/install/bringup/share/bringup/local_setup.sh
[0.098s] -- Up-to-date: /home/astra/Ti5_controller/install/bringup/share/bringup/local_setup.zsh
[0.098s] -- Up-to-date: /home/astra/Ti5_controller/install/bringup/share/bringup/local_setup.dsv
[0.098s] -- Installing: /home/astra/Ti5_controller/install/bringup/share/bringup/package.dsv
[0.098s] -- Up-to-date: /home/astra/Ti5_controller/install/bringup/share/ament_index/resource_index/packages/bringup
[0.098s] -- Up-to-date: /home/astra/Ti5_controller/install/bringup/share/bringup/cmake/bringupConfig.cmake
[0.098s] -- Up-to-date: /home/astra/Ti5_controller/install/bringup/share/bringup/cmake/bringupConfig-version.cmake
[0.098s] -- Up-to-date: /home/astra/Ti5_controller/install/bringup/share/bringup/package.xml
[0.100s] Invoked command in '/home/astra/Ti5_controller/build/bringup' returned '0': CMAKE_PREFIX_PATH=/home/astra/Ti5_controller/install/T170_ARMS_moveit_config:/home/astra/Ti5_controller/install/arms_description:/home/astra/Ti5_controller/install/Ti5_moveit_interface:/home/astra/Ti5_controller/install/Ti5_hardware_interface:/home/astra/Ti5_controller/install/bringup:/opt/ros/humble /usr/bin/cmake --install /home/astra/Ti5_controller/build/bringup
