[0.013s] Invoking command in '/home/astra/Ti5_controller/build/Ti5_hardware_interface': CMAKE_PREFIX_PATH=${CMAKE_PREFIX_PATH}:/opt/ros/humble /usr/bin/cmake --build /home/astra/Ti5_controller/build/Ti5_hardware_interface -- -j24 -l24
[0.046s] [35m[1mConsolidate compiler generated dependencies of target Ti5_hardware_interface[0m
[0.058s] [ 22%] Built target gmock_main
[0.059s] [ 55%] Built target gmock
[0.066s] [ 66%] [32mBuilding CXX object CMakeFiles/Ti5_hardware_interface.dir/src/hardware.cpp.o[0m
[0.076s] [ 88%] Built target test_hardware
[1.681s] In file included from [01m[K/opt/ros/humble/include/rclcpp/rclcpp/client.hpp:40[m[K,
[1.681s]                  from [01m[K/opt/ros/humble/include/rclcpp/rclcpp/callback_group.hpp:24[m[K,
[1.681s]                  from [01m[K/opt/ros/humble/include/rclcpp/rclcpp/any_executable.hpp:20[m[K,
[1.681s]                  from [01m[K/opt/ros/humble/include/rclcpp/rclcpp/memory_strategy.hpp:25[m[K,
[1.681s]                  from [01m[K/opt/ros/humble/include/rclcpp/rclcpp/memory_strategies.hpp:18[m[K,
[1.681s]                  from [01m[K/opt/ros/humble/include/rclcpp/rclcpp/executor_options.hpp:20[m[K,
[1.681s]                  from [01m[K/opt/ros/humble/include/rclcpp/rclcpp/executor.hpp:37[m[K,
[1.681s]                  from [01m[K/opt/ros/humble/include/rclcpp/rclcpp/executors/multi_threaded_executor.hpp:25[m[K,
[1.681s]                  from [01m[K/opt/ros/humble/include/rclcpp/rclcpp/executors.hpp:21[m[K,
[1.681s]                  from [01m[K/opt/ros/humble/include/rclcpp/rclcpp/rclcpp.hpp:155[m[K,
[1.681s]                  from [01m[K/home/astra/Ti5_controller/src/Ti5_hardware_interface/include/Ti5_hardware_interface/hardware.hpp:30[m[K,
[1.681s]                  from [01m[K/home/astra/Ti5_controller/src/Ti5_hardware_interface/src/hardware.cpp:18[m[K:
[1.681s] [01m[K/home/astra/Ti5_controller/src/Ti5_hardware_interface/src/hardware.cpp:[m[K In member function ‘[01m[Kvirtual hardware_interface::CallbackReturn Ti5_hardware_interface::hardware::on_configure(const rclcpp_lifecycle::State&)[m[K’:
[1.681s] [01m[K/home/astra/Ti5_controller/src/Ti5_hardware_interface/src/hardware.cpp:56:21:[m[K [01;31m[Kerror: [m[K‘[01m[Kget_logger[m[K’ was not declared in this scope; did you mean ‘[01m[Krclcpp::get_logger[m[K’?
[1.681s]    56 |         RCLCPP_INFO([01;31m[Kget_logger[m[K("Ti5_hardware_interface"), "CAN initialized successfully");
[1.681s]       |                     [01;31m[K^~~~~~~~~~[m[K
[1.681s] In file included from [01m[K/opt/ros/humble/include/rclcpp/rclcpp/logging.hpp:23[m[K,
[1.681s]                  from [01m[K/opt/ros/humble/include/rclcpp/rclcpp/client.hpp:40[m[K,
[1.681s]                  from [01m[K/opt/ros/humble/include/rclcpp/rclcpp/callback_group.hpp:24[m[K,
[1.681s]                  from [01m[K/opt/ros/humble/include/rclcpp/rclcpp/any_executable.hpp:20[m[K,
[1.681s]                  from [01m[K/opt/ros/humble/include/rclcpp/rclcpp/memory_strategy.hpp:25[m[K,
[1.681s]                  from [01m[K/opt/ros/humble/include/rclcpp/rclcpp/memory_strategies.hpp:18[m[K,
[1.681s]                  from [01m[K/opt/ros/humble/include/rclcpp/rclcpp/executor_options.hpp:20[m[K,
[1.681s]                  from [01m[K/opt/ros/humble/include/rclcpp/rclcpp/executor.hpp:37[m[K,
[1.681s]                  from [01m[K/opt/ros/humble/include/rclcpp/rclcpp/executors/multi_threaded_executor.hpp:25[m[K,
[1.681s]                  from [01m[K/opt/ros/humble/include/rclcpp/rclcpp/executors.hpp:21[m[K,
[1.681s]                  from [01m[K/opt/ros/humble/include/rclcpp/rclcpp/rclcpp.hpp:155[m[K,
[1.682s]                  from [01m[K/home/astra/Ti5_controller/src/Ti5_hardware_interface/include/Ti5_hardware_interface/hardware.hpp:30[m[K,
[1.682s]                  from [01m[K/home/astra/Ti5_controller/src/Ti5_hardware_interface/src/hardware.cpp:18[m[K:
[1.682s] [01m[K/opt/ros/humble/include/rclcpp/rclcpp/logger.hpp:106:17:[m[K [01;36m[Knote: [m[K‘[01m[Krclcpp::get_logger[m[K’ declared here
[1.682s]   106 |   friend Logger [01;36m[Krclcpp[m[K::get_logger(const std::string & name);
[1.682s]       |                 [01;36m[K^~~~~~[m[K
[1.682s] In file included from [01m[K/opt/ros/humble/include/rclcpp/rclcpp/client.hpp:40[m[K,
[1.682s]                  from [01m[K/opt/ros/humble/include/rclcpp/rclcpp/callback_group.hpp:24[m[K,
[1.682s]                  from [01m[K/opt/ros/humble/include/rclcpp/rclcpp/any_executable.hpp:20[m[K,
[1.682s]                  from [01m[K/opt/ros/humble/include/rclcpp/rclcpp/memory_strategy.hpp:25[m[K,
[1.682s]                  from [01m[K/opt/ros/humble/include/rclcpp/rclcpp/memory_strategies.hpp:18[m[K,
[1.682s]                  from [01m[K/opt/ros/humble/include/rclcpp/rclcpp/executor_options.hpp:20[m[K,
[1.682s]                  from [01m[K/opt/ros/humble/include/rclcpp/rclcpp/executor.hpp:37[m[K,
[1.682s]                  from [01m[K/opt/ros/humble/include/rclcpp/rclcpp/executors/multi_threaded_executor.hpp:25[m[K,
[1.682s]                  from [01m[K/opt/ros/humble/include/rclcpp/rclcpp/executors.hpp:21[m[K,
[1.682s]                  from [01m[K/opt/ros/humble/include/rclcpp/rclcpp/rclcpp.hpp:155[m[K,
[1.682s]                  from [01m[K/home/astra/Ti5_controller/src/Ti5_hardware_interface/include/Ti5_hardware_interface/hardware.hpp:30[m[K,
[1.682s]                  from [01m[K/home/astra/Ti5_controller/src/Ti5_hardware_interface/src/hardware.cpp:18[m[K:
[1.682s] [01m[K/home/astra/Ti5_controller/src/Ti5_hardware_interface/src/hardware.cpp:56:9:[m[K [01;31m[Kerror: [m[Ktemplate argument 1 is invalid
[1.682s]    56 |         [01;31m[KRCLCPP_INFO[m[K(get_logger("Ti5_hardware_interface"), "CAN initialized successfully");
[1.682s]       |         [01;31m[K^~~~~~~~~~~[m[K
[1.682s] [01m[K/home/astra/Ti5_controller/src/Ti5_hardware_interface/src/hardware.cpp:56:9:[m[K [01;31m[Kerror: [m[Ktemplate argument 1 is invalid
[1.682s]    56 |         [01;31m[KRCLCPP_INFO[m[K(get_logger("Ti5_hardware_interface"), "CAN initialized successfully");
[1.682s]       |         [01;31m[K^~~~~~~~~~~[m[K
[1.682s] [01m[K/home/astra/Ti5_controller/src/Ti5_hardware_interface/src/hardware.cpp:56:9:[m[K [01;31m[Kerror: [m[Ktemplate argument 1 is invalid
[1.682s]    56 |         [01;31m[KRCLCPP_INFO[m[K(get_logger("Ti5_hardware_interface"), "CAN initialized successfully");
[1.682s]       |         [01;31m[K^~~~~~~~~~~[m[K
[1.682s] [01m[K/home/astra/Ti5_controller/src/Ti5_hardware_interface/src/hardware.cpp:62:20:[m[K [01;31m[Kerror: [m[K‘[01m[Kget_logger[m[K’ was not declared in this scope; did you mean ‘[01m[Krclcpp::get_logger[m[K’?
[1.682s]    62 |       RCLCPP_ERROR([01;31m[Kget_logger[m[K("Ti5_hardware_interface"), "CAN initialization failed");
[1.682s]       |                    [01;31m[K^~~~~~~~~~[m[K
[1.682s] In file included from [01m[K/opt/ros/humble/include/rclcpp/rclcpp/logging.hpp:23[m[K,
[1.682s]                  from [01m[K/opt/ros/humble/include/rclcpp/rclcpp/client.hpp:40[m[K,
[1.683s]                  from [01m[K/opt/ros/humble/include/rclcpp/rclcpp/callback_group.hpp:24[m[K,
[1.683s]                  from [01m[K/opt/ros/humble/include/rclcpp/rclcpp/any_executable.hpp:20[m[K,
[1.683s]                  from [01m[K/opt/ros/humble/include/rclcpp/rclcpp/memory_strategy.hpp:25[m[K,
[1.683s]                  from [01m[K/opt/ros/humble/include/rclcpp/rclcpp/memory_strategies.hpp:18[m[K,
[1.683s]                  from [01m[K/opt/ros/humble/include/rclcpp/rclcpp/executor_options.hpp:20[m[K,
[1.683s]                  from [01m[K/opt/ros/humble/include/rclcpp/rclcpp/executor.hpp:37[m[K,
[1.683s]                  from [01m[K/opt/ros/humble/include/rclcpp/rclcpp/executors/multi_threaded_executor.hpp:25[m[K,
[1.683s]                  from [01m[K/opt/ros/humble/include/rclcpp/rclcpp/executors.hpp:21[m[K,
[1.683s]                  from [01m[K/opt/ros/humble/include/rclcpp/rclcpp/rclcpp.hpp:155[m[K,
[1.683s]                  from [01m[K/home/astra/Ti5_controller/src/Ti5_hardware_interface/include/Ti5_hardware_interface/hardware.hpp:30[m[K,
[1.683s]                  from [01m[K/home/astra/Ti5_controller/src/Ti5_hardware_interface/src/hardware.cpp:18[m[K:
[1.683s] [01m[K/opt/ros/humble/include/rclcpp/rclcpp/logger.hpp:106:17:[m[K [01;36m[Knote: [m[K‘[01m[Krclcpp::get_logger[m[K’ declared here
[1.683s]   106 |   friend Logger [01;36m[Krclcpp[m[K::get_logger(const std::string & name);
[1.683s]       |                 [01;36m[K^~~~~~[m[K
[1.683s] In file included from [01m[K/opt/ros/humble/include/rclcpp/rclcpp/client.hpp:40[m[K,
[1.683s]                  from [01m[K/opt/ros/humble/include/rclcpp/rclcpp/callback_group.hpp:24[m[K,
[1.683s]                  from [01m[K/opt/ros/humble/include/rclcpp/rclcpp/any_executable.hpp:20[m[K,
[1.683s]                  from [01m[K/opt/ros/humble/include/rclcpp/rclcpp/memory_strategy.hpp:25[m[K,
[1.683s]                  from [01m[K/opt/ros/humble/include/rclcpp/rclcpp/memory_strategies.hpp:18[m[K,
[1.683s]                  from [01m[K/opt/ros/humble/include/rclcpp/rclcpp/executor_options.hpp:20[m[K,
[1.683s]                  from [01m[K/opt/ros/humble/include/rclcpp/rclcpp/executor.hpp:37[m[K,
[1.683s]                  from [01m[K/opt/ros/humble/include/rclcpp/rclcpp/executors/multi_threaded_executor.hpp:25[m[K,
[1.683s]                  from [01m[K/opt/ros/humble/include/rclcpp/rclcpp/executors.hpp:21[m[K,
[1.683s]                  from [01m[K/opt/ros/humble/include/rclcpp/rclcpp/rclcpp.hpp:155[m[K,
[1.683s]                  from [01m[K/home/astra/Ti5_controller/src/Ti5_hardware_interface/include/Ti5_hardware_interface/hardware.hpp:30[m[K,
[1.683s]                  from [01m[K/home/astra/Ti5_controller/src/Ti5_hardware_interface/src/hardware.cpp:18[m[K:
[1.683s] [01m[K/home/astra/Ti5_controller/src/Ti5_hardware_interface/src/hardware.cpp:62:7:[m[K [01;31m[Kerror: [m[Ktemplate argument 1 is invalid
[1.683s]    62 |       [01;31m[KRCLCPP_ERROR[m[K(get_logger("Ti5_hardware_interface"), "CAN initialization failed");
[1.683s]       |       [01;31m[K^~~~~~~~~~~~[m[K
[1.683s] [01m[K/home/astra/Ti5_controller/src/Ti5_hardware_interface/src/hardware.cpp:62:7:[m[K [01;31m[Kerror: [m[Ktemplate argument 1 is invalid
[1.683s]    62 |       [01;31m[KRCLCPP_ERROR[m[K(get_logger("Ti5_hardware_interface"), "CAN initialization failed");
[1.683s]       |       [01;31m[K^~~~~~~~~~~~[m[K
[1.683s] [01m[K/home/astra/Ti5_controller/src/Ti5_hardware_interface/src/hardware.cpp:62:7:[m[K [01;31m[Kerror: [m[Ktemplate argument 1 is invalid
[1.683s]    62 |       [01;31m[KRCLCPP_ERROR[m[K(get_logger("Ti5_hardware_interface"), "CAN initialization failed");
[1.683s]       |       [01;31m[K^~~~~~~~~~~~[m[K
[1.686s] [01m[K/home/astra/Ti5_controller/src/Ti5_hardware_interface/src/hardware.cpp:[m[K In member function ‘[01m[Kvirtual hardware_interface::CallbackReturn Ti5_hardware_interface::hardware::on_activate(const rclcpp_lifecycle::State&)[m[K’:
[1.686s] [01m[K/home/astra/Ti5_controller/src/Ti5_hardware_interface/src/hardware.cpp:99:17:[m[K [01;31m[Kerror: [m[K‘[01m[Kget_logger[m[K’ was not declared in this scope; did you mean ‘[01m[Krclcpp::get_logger[m[K’?
[1.686s]    99 |     RCLCPP_INFO([01;31m[Kget_logger[m[K("Ti5_hardware_interface"), "Activating hardware interface");
[1.686s]       |                 [01;31m[K^~~~~~~~~~[m[K
[1.686s] In file included from [01m[K/opt/ros/humble/include/rclcpp/rclcpp/logging.hpp:23[m[K,
[1.686s]                  from [01m[K/opt/ros/humble/include/rclcpp/rclcpp/client.hpp:40[m[K,
[1.686s]                  from [01m[K/opt/ros/humble/include/rclcpp/rclcpp/callback_group.hpp:24[m[K,
[1.686s]                  from [01m[K/opt/ros/humble/include/rclcpp/rclcpp/any_executable.hpp:20[m[K,
[1.686s]                  from [01m[K/opt/ros/humble/include/rclcpp/rclcpp/memory_strategy.hpp:25[m[K,
[1.686s]                  from [01m[K/opt/ros/humble/include/rclcpp/rclcpp/memory_strategies.hpp:18[m[K,
[1.686s]                  from [01m[K/opt/ros/humble/include/rclcpp/rclcpp/executor_options.hpp:20[m[K,
[1.686s]                  from [01m[K/opt/ros/humble/include/rclcpp/rclcpp/executor.hpp:37[m[K,
[1.686s]                  from [01m[K/opt/ros/humble/include/rclcpp/rclcpp/executors/multi_threaded_executor.hpp:25[m[K,
[1.686s]                  from [01m[K/opt/ros/humble/include/rclcpp/rclcpp/executors.hpp:21[m[K,
[1.686s]                  from [01m[K/opt/ros/humble/include/rclcpp/rclcpp/rclcpp.hpp:155[m[K,
[1.686s]                  from [01m[K/home/astra/Ti5_controller/src/Ti5_hardware_interface/include/Ti5_hardware_interface/hardware.hpp:30[m[K,
[1.686s]                  from [01m[K/home/astra/Ti5_controller/src/Ti5_hardware_interface/src/hardware.cpp:18[m[K:
[1.686s] [01m[K/opt/ros/humble/include/rclcpp/rclcpp/logger.hpp:106:17:[m[K [01;36m[Knote: [m[K‘[01m[Krclcpp::get_logger[m[K’ declared here
[1.686s]   106 |   friend Logger [01;36m[Krclcpp[m[K::get_logger(const std::string & name);
[1.686s]       |                 [01;36m[K^~~~~~[m[K
[1.686s] In file included from [01m[K/opt/ros/humble/include/rclcpp/rclcpp/client.hpp:40[m[K,
[1.686s]                  from [01m[K/opt/ros/humble/include/rclcpp/rclcpp/callback_group.hpp:24[m[K,
[1.686s]                  from [01m[K/opt/ros/humble/include/rclcpp/rclcpp/any_executable.hpp:20[m[K,
[1.686s]                  from [01m[K/opt/ros/humble/include/rclcpp/rclcpp/memory_strategy.hpp:25[m[K,
[1.686s]                  from [01m[K/opt/ros/humble/include/rclcpp/rclcpp/memory_strategies.hpp:18[m[K,
[1.686s]                  from [01m[K/opt/ros/humble/include/rclcpp/rclcpp/executor_options.hpp:20[m[K,
[1.686s]                  from [01m[K/opt/ros/humble/include/rclcpp/rclcpp/executor.hpp:37[m[K,
[1.687s]                  from [01m[K/opt/ros/humble/include/rclcpp/rclcpp/executors/multi_threaded_executor.hpp:25[m[K,
[1.687s]                  from [01m[K/opt/ros/humble/include/rclcpp/rclcpp/executors.hpp:21[m[K,
[1.687s]                  from [01m[K/opt/ros/humble/include/rclcpp/rclcpp/rclcpp.hpp:155[m[K,
[1.687s]                  from [01m[K/home/astra/Ti5_controller/src/Ti5_hardware_interface/include/Ti5_hardware_interface/hardware.hpp:30[m[K,
[1.687s]                  from [01m[K/home/astra/Ti5_controller/src/Ti5_hardware_interface/src/hardware.cpp:18[m[K:
[1.687s] [01m[K/home/astra/Ti5_controller/src/Ti5_hardware_interface/src/hardware.cpp:99:5:[m[K [01;31m[Kerror: [m[Ktemplate argument 1 is invalid
[1.687s]    99 |     [01;31m[KRCLCPP_INFO[m[K(get_logger("Ti5_hardware_interface"), "Activating hardware interface");
[1.687s]       |     [01;31m[K^~~~~~~~~~~[m[K
[1.687s] [01m[K/home/astra/Ti5_controller/src/Ti5_hardware_interface/src/hardware.cpp:99:5:[m[K [01;31m[Kerror: [m[Ktemplate argument 1 is invalid
[1.687s]    99 |     [01;31m[KRCLCPP_INFO[m[K(get_logger("Ti5_hardware_interface"), "Activating hardware interface");
[1.687s]       |     [01;31m[K^~~~~~~~~~~[m[K
[1.687s] [01m[K/home/astra/Ti5_controller/src/Ti5_hardware_interface/src/hardware.cpp:99:5:[m[K [01;31m[Kerror: [m[Ktemplate argument 1 is invalid
[1.687s]    99 |     [01;31m[KRCLCPP_INFO[m[K(get_logger("Ti5_hardware_interface"), "Activating hardware interface");
[1.687s]       |     [01;31m[K^~~~~~~~~~~[m[K
[1.687s] [01m[K/home/astra/Ti5_controller/src/Ti5_hardware_interface/src/hardware.cpp:[m[K In member function ‘[01m[Kvirtual hardware_interface::CallbackReturn Ti5_hardware_interface::hardware::on_deactivate(const rclcpp_lifecycle::State&)[m[K’:
[1.687s] [01m[K/home/astra/Ti5_controller/src/Ti5_hardware_interface/src/hardware.cpp:118:17:[m[K [01;31m[Kerror: [m[K‘[01m[Kget_logger[m[K’ was not declared in this scope; did you mean ‘[01m[Krclcpp::get_logger[m[K’?
[1.687s]   118 |     RCLCPP_INFO([01;31m[Kget_logger[m[K("Ti5_hardware_interface"), "Deactivating hardware interface");
[1.687s]       |                 [01;31m[K^~~~~~~~~~[m[K
[1.687s] In file included from [01m[K/opt/ros/humble/include/rclcpp/rclcpp/logging.hpp:23[m[K,
[1.687s]                  from [01m[K/opt/ros/humble/include/rclcpp/rclcpp/client.hpp:40[m[K,
[1.687s]                  from [01m[K/opt/ros/humble/include/rclcpp/rclcpp/callback_group.hpp:24[m[K,
[1.687s]                  from [01m[K/opt/ros/humble/include/rclcpp/rclcpp/any_executable.hpp:20[m[K,
[1.687s]                  from [01m[K/opt/ros/humble/include/rclcpp/rclcpp/memory_strategy.hpp:25[m[K,
[1.687s]                  from [01m[K/opt/ros/humble/include/rclcpp/rclcpp/memory_strategies.hpp:18[m[K,
[1.687s]                  from [01m[K/opt/ros/humble/include/rclcpp/rclcpp/executor_options.hpp:20[m[K,
[1.687s]                  from [01m[K/opt/ros/humble/include/rclcpp/rclcpp/executor.hpp:37[m[K,
[1.687s]                  from [01m[K/opt/ros/humble/include/rclcpp/rclcpp/executors/multi_threaded_executor.hpp:25[m[K,
[1.687s]                  from [01m[K/opt/ros/humble/include/rclcpp/rclcpp/executors.hpp:21[m[K,
[1.687s]                  from [01m[K/opt/ros/humble/include/rclcpp/rclcpp/rclcpp.hpp:155[m[K,
[1.687s]                  from [01m[K/home/astra/Ti5_controller/src/Ti5_hardware_interface/include/Ti5_hardware_interface/hardware.hpp:30[m[K,
[1.687s]                  from [01m[K/home/astra/Ti5_controller/src/Ti5_hardware_interface/src/hardware.cpp:18[m[K:
[1.687s] [01m[K/opt/ros/humble/include/rclcpp/rclcpp/logger.hpp:106:17:[m[K [01;36m[Knote: [m[K‘[01m[Krclcpp::get_logger[m[K’ declared here
[1.687s]   106 |   friend Logger [01;36m[Krclcpp[m[K::get_logger(const std::string & name);
[1.687s]       |                 [01;36m[K^~~~~~[m[K
[1.688s] In file included from [01m[K/opt/ros/humble/include/rclcpp/rclcpp/client.hpp:40[m[K,
[1.688s]                  from [01m[K/opt/ros/humble/include/rclcpp/rclcpp/callback_group.hpp:24[m[K,
[1.688s]                  from [01m[K/opt/ros/humble/include/rclcpp/rclcpp/any_executable.hpp:20[m[K,
[1.688s]                  from [01m[K/opt/ros/humble/include/rclcpp/rclcpp/memory_strategy.hpp:25[m[K,
[1.688s]                  from [01m[K/opt/ros/humble/include/rclcpp/rclcpp/memory_strategies.hpp:18[m[K,
[1.688s]                  from [01m[K/opt/ros/humble/include/rclcpp/rclcpp/executor_options.hpp:20[m[K,
[1.688s]                  from [01m[K/opt/ros/humble/include/rclcpp/rclcpp/executor.hpp:37[m[K,
[1.688s]                  from [01m[K/opt/ros/humble/include/rclcpp/rclcpp/executors/multi_threaded_executor.hpp:25[m[K,
[1.688s]                  from [01m[K/opt/ros/humble/include/rclcpp/rclcpp/executors.hpp:21[m[K,
[1.688s]                  from [01m[K/opt/ros/humble/include/rclcpp/rclcpp/rclcpp.hpp:155[m[K,
[1.688s]                  from [01m[K/home/astra/Ti5_controller/src/Ti5_hardware_interface/include/Ti5_hardware_interface/hardware.hpp:30[m[K,
[1.688s]                  from [01m[K/home/astra/Ti5_controller/src/Ti5_hardware_interface/src/hardware.cpp:18[m[K:
[1.688s] [01m[K/home/astra/Ti5_controller/src/Ti5_hardware_interface/src/hardware.cpp:118:5:[m[K [01;31m[Kerror: [m[Ktemplate argument 1 is invalid
[1.688s]   118 |     [01;31m[KRCLCPP_INFO[m[K(get_logger("Ti5_hardware_interface"), "Deactivating hardware interface");
[1.688s]       |     [01;31m[K^~~~~~~~~~~[m[K
[1.688s] [01m[K/home/astra/Ti5_controller/src/Ti5_hardware_interface/src/hardware.cpp:118:5:[m[K [01;31m[Kerror: [m[Ktemplate argument 1 is invalid
[1.688s]   118 |     [01;31m[KRCLCPP_INFO[m[K(get_logger("Ti5_hardware_interface"), "Deactivating hardware interface");
[1.688s]       |     [01;31m[K^~~~~~~~~~~[m[K
[1.688s] [01m[K/home/astra/Ti5_controller/src/Ti5_hardware_interface/src/hardware.cpp:118:5:[m[K [01;31m[Kerror: [m[Ktemplate argument 1 is invalid
[1.688s]   118 |     [01;31m[KRCLCPP_INFO[m[K(get_logger("Ti5_hardware_interface"), "Deactivating hardware interface");
[1.688s]       |     [01;31m[K^~~~~~~~~~~[m[K
[1.688s] [01m[K/home/astra/Ti5_controller/src/Ti5_hardware_interface/src/hardware.cpp:[m[K In member function ‘[01m[Kvirtual hardware_interface::return_type Ti5_hardware_interface::hardware::write(const rclcpp::Time&, const rclcpp::Duration&)[m[K’:
[1.688s] [01m[K/home/astra/Ti5_controller/src/Ti5_hardware_interface/src/hardware.cpp:147:20:[m[K [01;31m[Kerror: [m[K‘[01m[Kget_logger[m[K’ was not declared in this scope; did you mean ‘[01m[Krclcpp::get_logger[m[K’?
[1.688s]   147 |       RCLCPP_DEBUG([01;31m[Kget_logger[m[K("Ti5_hardware_interface"), "Writing position command for joint %s: %f",
[1.688s]       |                    [01;31m[K^~~~~~~~~~[m[K
[1.688s] In file included from [01m[K/opt/ros/humble/include/rclcpp/rclcpp/logging.hpp:23[m[K,
[1.688s]                  from [01m[K/opt/ros/humble/include/rclcpp/rclcpp/client.hpp:40[m[K,
[1.688s]                  from [01m[K/opt/ros/humble/include/rclcpp/rclcpp/callback_group.hpp:24[m[K,
[1.688s]                  from [01m[K/opt/ros/humble/include/rclcpp/rclcpp/any_executable.hpp:20[m[K,
[1.688s]                  from [01m[K/opt/ros/humble/include/rclcpp/rclcpp/memory_strategy.hpp:25[m[K,
[1.688s]                  from [01m[K/opt/ros/humble/include/rclcpp/rclcpp/memory_strategies.hpp:18[m[K,
[1.688s]                  from [01m[K/opt/ros/humble/include/rclcpp/rclcpp/executor_options.hpp:20[m[K,
[1.688s]                  from [01m[K/opt/ros/humble/include/rclcpp/rclcpp/executor.hpp:37[m[K,
[1.688s]                  from [01m[K/opt/ros/humble/include/rclcpp/rclcpp/executors/multi_threaded_executor.hpp:25[m[K,
[1.688s]                  from [01m[K/opt/ros/humble/include/rclcpp/rclcpp/executors.hpp:21[m[K,
[1.688s]                  from [01m[K/opt/ros/humble/include/rclcpp/rclcpp/rclcpp.hpp:155[m[K,
[1.688s]                  from [01m[K/home/astra/Ti5_controller/src/Ti5_hardware_interface/include/Ti5_hardware_interface/hardware.hpp:30[m[K,
[1.688s]                  from [01m[K/home/astra/Ti5_controller/src/Ti5_hardware_interface/src/hardware.cpp:18[m[K:
[1.688s] [01m[K/opt/ros/humble/include/rclcpp/rclcpp/logger.hpp:106:17:[m[K [01;36m[Knote: [m[K‘[01m[Krclcpp::get_logger[m[K’ declared here
[1.689s]   106 |   friend Logger [01;36m[Krclcpp[m[K::get_logger(const std::string & name);
[1.689s]       |                 [01;36m[K^~~~~~[m[K
[1.689s] In file included from [01m[K/opt/ros/humble/include/rclcpp/rclcpp/client.hpp:40[m[K,
[1.689s]                  from [01m[K/opt/ros/humble/include/rclcpp/rclcpp/callback_group.hpp:24[m[K,
[1.689s]                  from [01m[K/opt/ros/humble/include/rclcpp/rclcpp/any_executable.hpp:20[m[K,
[1.689s]                  from [01m[K/opt/ros/humble/include/rclcpp/rclcpp/memory_strategy.hpp:25[m[K,
[1.689s]                  from [01m[K/opt/ros/humble/include/rclcpp/rclcpp/memory_strategies.hpp:18[m[K,
[1.689s]                  from [01m[K/opt/ros/humble/include/rclcpp/rclcpp/executor_options.hpp:20[m[K,
[1.689s]                  from [01m[K/opt/ros/humble/include/rclcpp/rclcpp/executor.hpp:37[m[K,
[1.689s]                  from [01m[K/opt/ros/humble/include/rclcpp/rclcpp/executors/multi_threaded_executor.hpp:25[m[K,
[1.689s]                  from [01m[K/opt/ros/humble/include/rclcpp/rclcpp/executors.hpp:21[m[K,
[1.689s]                  from [01m[K/opt/ros/humble/include/rclcpp/rclcpp/rclcpp.hpp:155[m[K,
[1.689s]                  from [01m[K/home/astra/Ti5_controller/src/Ti5_hardware_interface/include/Ti5_hardware_interface/hardware.hpp:30[m[K,
[1.689s]                  from [01m[K/home/astra/Ti5_controller/src/Ti5_hardware_interface/src/hardware.cpp:18[m[K:
[1.689s] [01m[K/home/astra/Ti5_controller/src/Ti5_hardware_interface/src/hardware.cpp:147:7:[m[K [01;31m[Kerror: [m[Ktemplate argument 1 is invalid
[1.689s]   147 |       [01;31m[KRCLCPP_DEBUG[m[K(get_logger("Ti5_hardware_interface"), "Writing position command for joint %s: %f",
[1.689s]       |       [01;31m[K^~~~~~~~~~~~[m[K
[1.689s] [01m[K/home/astra/Ti5_controller/src/Ti5_hardware_interface/src/hardware.cpp:147:7:[m[K [01;31m[Kerror: [m[Ktemplate argument 1 is invalid
[1.689s]   147 |       [01;31m[KRCLCPP_DEBUG[m[K(get_logger("Ti5_hardware_interface"), "Writing position command for joint %s: %f",
[1.689s]       |       [01;31m[K^~~~~~~~~~~~[m[K
[1.689s] [01m[K/home/astra/Ti5_controller/src/Ti5_hardware_interface/src/hardware.cpp:147:7:[m[K [01;31m[Kerror: [m[Ktemplate argument 1 is invalid
[1.689s]   147 |       [01;31m[KRCLCPP_DEBUG[m[K(get_logger("Ti5_hardware_interface"), "Writing position command for joint %s: %f",
[1.689s]       |       [01;31m[K^~~~~~~~~~~~[m[K
[1.697s] In file included from [01m[K/opt/ros/humble/include/class_loader/class_loader/class_loader.hpp:56[m[K,
[1.697s]                  from [01m[K/opt/ros/humble/include/pluginlib/pluginlib/class_list_macros.hpp:40[m[K,
[1.697s]                  from [01m[K/home/astra/Ti5_controller/src/Ti5_hardware_interface/src/hardware.cpp:155[m[K:
[1.697s] [01m[K/home/astra/Ti5_controller/src/Ti5_hardware_interface/src/hardware.cpp:[m[K At global scope:
[1.697s] [01m[K/opt/ros/humble/include/pluginlib/pluginlib/class_list_macros.hpp:49:3:[m[K [01;31m[Kerror: [m[Kexpected ‘[01m[K}[m[K’ at end of input
[1.697s]    49 |   [01;31m[KCLASS_LOADER_REGISTER_CLASS[m[K(class_type, base_class_type)
[1.697s]       |   [01;31m[K^~~~~~~~~~~~~~~~~~~~~~~~~~~[m[K
[1.697s] [01m[K/home/astra/Ti5_controller/src/Ti5_hardware_interface/src/hardware.cpp:157:1:[m[K [01;36m[Knote: [m[Kin expansion of macro ‘[01m[KPLUGINLIB_EXPORT_CLASS[m[K’
[1.697s]   157 | [01;36m[KPLUGINLIB_EXPORT_CLASS[m[K(
[1.697s]       | [01;36m[K^~~~~~~~~~~~~~~~~~~~~~[m[K
[1.697s] [01m[K/home/astra/Ti5_controller/src/Ti5_hardware_interface/src/hardware.cpp:23:1:[m[K [01;36m[Knote: [m[Kto match this ‘[01m[K{[m[K’
[1.697s]    23 | [01;36m[K{[m[K
[1.697s]       | [01;36m[K^[m[K
[2.247s] gmake[2]: *** [CMakeFiles/Ti5_hardware_interface.dir/build.make:76：CMakeFiles/Ti5_hardware_interface.dir/src/hardware.cpp.o] 错误 1
[2.247s] gmake[1]: *** [CMakeFiles/Makefile2:176：CMakeFiles/Ti5_hardware_interface.dir/all] 错误 2
[2.248s] gmake: *** [Makefile:146：all] 错误 2
[2.250s] Invoked command in '/home/astra/Ti5_controller/build/Ti5_hardware_interface' returned '2': CMAKE_PREFIX_PATH=${CMAKE_PREFIX_PATH}:/opt/ros/humble /usr/bin/cmake --build /home/astra/Ti5_controller/build/Ti5_hardware_interface -- -j24 -l24
