[0.009s] Invoking command in '/home/astra/Ti5_controller/build/Ti5_moveit_interface': CMAKE_PREFIX_PATH=${CMAKE_PREFIX_PATH}:/opt/ros/humble /usr/bin/cmake --build /home/astra/Ti5_controller/build/Ti5_moveit_interface -- -j24 -l24
[0.048s] [ 50%] Built target Ti5_moveit_interface_lib
[0.070s] [100%] Built target Ti5_node
[0.083s] Invoked command in '/home/astra/Ti5_controller/build/Ti5_moveit_interface' returned '0': CMAKE_PREFIX_PATH=${CMAKE_PREFIX_PATH}:/opt/ros/humble /usr/bin/cmake --build /home/astra/Ti5_controller/build/Ti5_moveit_interface -- -j24 -l24
[0.102s] Invoking command in '/home/astra/Ti5_controller/build/Ti5_moveit_interface': CMAKE_PREFIX_PATH=${CMAKE_PREFIX_PATH}:/opt/ros/humble /usr/bin/cmake --install /home/astra/Ti5_controller/build/Ti5_moveit_interface
[0.107s] -- Install configuration: ""
[0.107s] -- Up-to-date: /home/astra/Ti5_controller/install/Ti5_moveit_interface/include/
[0.107s] -- Up-to-date: /home/astra/Ti5_controller/install/Ti5_moveit_interface/include//Ti5_moveit_interface
[0.107s] -- Up-to-date: /home/astra/Ti5_controller/install/Ti5_moveit_interface/include//Ti5_moveit_interface/Ti5_moveit_interface.hpp
[0.107s] -- Up-to-date: /home/astra/Ti5_controller/install/Ti5_moveit_interface/lib/Ti5_moveit_interface/libTi5_moveit_interface_lib.a
[0.107s] -- Up-to-date: /home/astra/Ti5_controller/install/Ti5_moveit_interface/lib/Ti5_moveit_interface/Ti5_node
[0.107s] -- Up-to-date: /home/astra/Ti5_controller/install/Ti5_moveit_interface/share/ament_index/resource_index/package_run_dependencies/Ti5_moveit_interface
[0.107s] -- Up-to-date: /home/astra/Ti5_controller/install/Ti5_moveit_interface/share/ament_index/resource_index/parent_prefix_path/Ti5_moveit_interface
[0.107s] -- Up-to-date: /home/astra/Ti5_controller/install/Ti5_moveit_interface/share/Ti5_moveit_interface/environment/ament_prefix_path.sh
[0.108s] -- Up-to-date: /home/astra/Ti5_controller/install/Ti5_moveit_interface/share/Ti5_moveit_interface/environment/ament_prefix_path.dsv
[0.108s] -- Up-to-date: /home/astra/Ti5_controller/install/Ti5_moveit_interface/share/Ti5_moveit_interface/environment/path.sh
[0.108s] -- Up-to-date: /home/astra/Ti5_controller/install/Ti5_moveit_interface/share/Ti5_moveit_interface/environment/path.dsv
[0.108s] -- Up-to-date: /home/astra/Ti5_controller/install/Ti5_moveit_interface/share/Ti5_moveit_interface/local_setup.bash
[0.108s] -- Up-to-date: /home/astra/Ti5_controller/install/Ti5_moveit_interface/share/Ti5_moveit_interface/local_setup.sh
[0.108s] -- Up-to-date: /home/astra/Ti5_controller/install/Ti5_moveit_interface/share/Ti5_moveit_interface/local_setup.zsh
[0.108s] -- Up-to-date: /home/astra/Ti5_controller/install/Ti5_moveit_interface/share/Ti5_moveit_interface/local_setup.dsv
[0.108s] -- Installing: /home/astra/Ti5_controller/install/Ti5_moveit_interface/share/Ti5_moveit_interface/package.dsv
[0.108s] -- Up-to-date: /home/astra/Ti5_controller/install/Ti5_moveit_interface/share/ament_index/resource_index/packages/Ti5_moveit_interface
[0.108s] -- Up-to-date: /home/astra/Ti5_controller/install/Ti5_moveit_interface/share/Ti5_moveit_interface/cmake/Ti5_moveit_interfaceConfig.cmake
[0.108s] -- Up-to-date: /home/astra/Ti5_controller/install/Ti5_moveit_interface/share/Ti5_moveit_interface/cmake/Ti5_moveit_interfaceConfig-version.cmake
[0.108s] -- Up-to-date: /home/astra/Ti5_controller/install/Ti5_moveit_interface/share/Ti5_moveit_interface/package.xml
[0.109s] Invoked command in '/home/astra/Ti5_controller/build/Ti5_moveit_interface' returned '0': CMAKE_PREFIX_PATH=${CMAKE_PREFIX_PATH}:/opt/ros/humble /usr/bin/cmake --install /home/astra/Ti5_controller/build/Ti5_moveit_interface
