[0.005s] Invoking command in '/home/astra/Ti5_controller/build/T170_ARMS_moveit_config': CMAKE_PREFIX_PATH=/home/astra/Ti5_controller/install/arms_description:/home/astra/Ti5_controller/install/bringup:/home/astra/Ti5_controller/install/T170_ARMS_moveit_config:/home/astra/Ti5_controller/install/Ti5_moveit_interface:/home/astra/Ti5_controller/install/Ti5_hardware_interface:/opt/ros/humble /usr/bin/cmake --build /home/astra/Ti5_controller/build/T170_ARMS_moveit_config -- -j24 -l24
[0.034s] Invoked command in '/home/astra/Ti5_controller/build/T170_ARMS_moveit_config' returned '0': CMAKE_PREFIX_PATH=/home/astra/Ti5_controller/install/arms_description:/home/astra/Ti5_controller/install/bringup:/home/astra/Ti5_controller/install/T170_ARMS_moveit_config:/home/astra/Ti5_controller/install/Ti5_moveit_interface:/home/astra/Ti5_controller/install/Ti5_hardware_interface:/opt/ros/humble /usr/bin/cmake --build /home/astra/Ti5_controller/build/T170_ARMS_moveit_config -- -j24 -l24
[0.049s] Invoking command in '/home/astra/Ti5_controller/build/T170_ARMS_moveit_config': CMAKE_PREFIX_PATH=/home/astra/Ti5_controller/install/arms_description:/home/astra/Ti5_controller/install/bringup:/home/astra/Ti5_controller/install/T170_ARMS_moveit_config:/home/astra/Ti5_controller/install/Ti5_moveit_interface:/home/astra/Ti5_controller/install/Ti5_hardware_interface:/opt/ros/humble /usr/bin/cmake --install /home/astra/Ti5_controller/build/T170_ARMS_moveit_config
[0.053s] -- Install configuration: ""
[0.053s] -- Up-to-date: /home/astra/Ti5_controller/install/T170_ARMS_moveit_config/share/ament_index/resource_index/package_run_dependencies/T170_ARMS_moveit_config
[0.054s] -- Up-to-date: /home/astra/Ti5_controller/install/T170_ARMS_moveit_config/share/ament_index/resource_index/parent_prefix_path/T170_ARMS_moveit_config
[0.054s] -- Up-to-date: /home/astra/Ti5_controller/install/T170_ARMS_moveit_config/share/T170_ARMS_moveit_config/environment/ament_prefix_path.sh
[0.054s] -- Up-to-date: /home/astra/Ti5_controller/install/T170_ARMS_moveit_config/share/T170_ARMS_moveit_config/environment/ament_prefix_path.dsv
[0.054s] -- Up-to-date: /home/astra/Ti5_controller/install/T170_ARMS_moveit_config/share/T170_ARMS_moveit_config/environment/path.sh
[0.054s] -- Up-to-date: /home/astra/Ti5_controller/install/T170_ARMS_moveit_config/share/T170_ARMS_moveit_config/environment/path.dsv
[0.054s] -- Up-to-date: /home/astra/Ti5_controller/install/T170_ARMS_moveit_config/share/T170_ARMS_moveit_config/local_setup.bash
[0.054s] -- Up-to-date: /home/astra/Ti5_controller/install/T170_ARMS_moveit_config/share/T170_ARMS_moveit_config/local_setup.sh
[0.054s] -- Up-to-date: /home/astra/Ti5_controller/install/T170_ARMS_moveit_config/share/T170_ARMS_moveit_config/local_setup.zsh
[0.054s] -- Up-to-date: /home/astra/Ti5_controller/install/T170_ARMS_moveit_config/share/T170_ARMS_moveit_config/local_setup.dsv
[0.054s] -- Installing: /home/astra/Ti5_controller/install/T170_ARMS_moveit_config/share/T170_ARMS_moveit_config/package.dsv
[0.054s] -- Up-to-date: /home/astra/Ti5_controller/install/T170_ARMS_moveit_config/share/ament_index/resource_index/packages/T170_ARMS_moveit_config
[0.054s] -- Up-to-date: /home/astra/Ti5_controller/install/T170_ARMS_moveit_config/share/T170_ARMS_moveit_config/cmake/T170_ARMS_moveit_configConfig.cmake
[0.054s] -- Up-to-date: /home/astra/Ti5_controller/install/T170_ARMS_moveit_config/share/T170_ARMS_moveit_config/cmake/T170_ARMS_moveit_configConfig-version.cmake
[0.054s] -- Up-to-date: /home/astra/Ti5_controller/install/T170_ARMS_moveit_config/share/T170_ARMS_moveit_config/package.xml
[0.054s] -- Up-to-date: /home/astra/Ti5_controller/install/T170_ARMS_moveit_config/share/T170_ARMS_moveit_config/launch
[0.055s] -- Up-to-date: /home/astra/Ti5_controller/install/T170_ARMS_moveit_config/share/T170_ARMS_moveit_config/launch/static_virtual_joint_tfs.launch.py
[0.055s] -- Up-to-date: /home/astra/Ti5_controller/install/T170_ARMS_moveit_config/share/T170_ARMS_moveit_config/launch/demo.launch.py
[0.055s] -- Up-to-date: /home/astra/Ti5_controller/install/T170_ARMS_moveit_config/share/T170_ARMS_moveit_config/launch/warehouse_db.launch.py
[0.055s] -- Up-to-date: /home/astra/Ti5_controller/install/T170_ARMS_moveit_config/share/T170_ARMS_moveit_config/launch/moveit_rviz.launch.py
[0.055s] -- Up-to-date: /home/astra/Ti5_controller/install/T170_ARMS_moveit_config/share/T170_ARMS_moveit_config/launch/setup_assistant.launch.py
[0.055s] -- Up-to-date: /home/astra/Ti5_controller/install/T170_ARMS_moveit_config/share/T170_ARMS_moveit_config/launch/spawn_controllers.launch.py
[0.055s] -- Up-to-date: /home/astra/Ti5_controller/install/T170_ARMS_moveit_config/share/T170_ARMS_moveit_config/launch/move_group.launch.py
[0.055s] -- Up-to-date: /home/astra/Ti5_controller/install/T170_ARMS_moveit_config/share/T170_ARMS_moveit_config/launch/rsp.launch.py
[0.055s] -- Up-to-date: /home/astra/Ti5_controller/install/T170_ARMS_moveit_config/share/T170_ARMS_moveit_config/config
[0.055s] -- Up-to-date: /home/astra/Ti5_controller/install/T170_ARMS_moveit_config/share/T170_ARMS_moveit_config/config/initial_positions.yaml
[0.055s] -- Up-to-date: /home/astra/Ti5_controller/install/T170_ARMS_moveit_config/share/T170_ARMS_moveit_config/config/T170_ARMS.urdf.xacro
[0.055s] -- Up-to-date: /home/astra/Ti5_controller/install/T170_ARMS_moveit_config/share/T170_ARMS_moveit_config/config/T170_ARMS.srdf
[0.055s] -- Up-to-date: /home/astra/Ti5_controller/install/T170_ARMS_moveit_config/share/T170_ARMS_moveit_config/config/joint_limits.yaml
[0.055s] -- Up-to-date: /home/astra/Ti5_controller/install/T170_ARMS_moveit_config/share/T170_ARMS_moveit_config/config/moveit.rviz
[0.056s] -- Up-to-date: /home/astra/Ti5_controller/install/T170_ARMS_moveit_config/share/T170_ARMS_moveit_config/config/kinematics.yaml
[0.056s] -- Up-to-date: /home/astra/Ti5_controller/install/T170_ARMS_moveit_config/share/T170_ARMS_moveit_config/config/moveit_controllers.yaml
[0.056s] -- Up-to-date: /home/astra/Ti5_controller/install/T170_ARMS_moveit_config/share/T170_ARMS_moveit_config/config/T170_ARMS.ros2_control.xacro
[0.056s] -- Up-to-date: /home/astra/Ti5_controller/install/T170_ARMS_moveit_config/share/T170_ARMS_moveit_config/config/pilz_cartesian_limits.yaml
[0.056s] -- Up-to-date: /home/astra/Ti5_controller/install/T170_ARMS_moveit_config/share/T170_ARMS_moveit_config/config/ros2_controllers.yaml
[0.056s] -- Up-to-date: /home/astra/Ti5_controller/install/T170_ARMS_moveit_config/share/T170_ARMS_moveit_config/.setup_assistant
[0.057s] Invoked command in '/home/astra/Ti5_controller/build/T170_ARMS_moveit_config' returned '0': CMAKE_PREFIX_PATH=/home/astra/Ti5_controller/install/arms_description:/home/astra/Ti5_controller/install/bringup:/home/astra/Ti5_controller/install/T170_ARMS_moveit_config:/home/astra/Ti5_controller/install/Ti5_moveit_interface:/home/astra/Ti5_controller/install/Ti5_hardware_interface:/opt/ros/humble /usr/bin/cmake --install /home/astra/Ti5_controller/build/T170_ARMS_moveit_config
