[0.004s] Invoking command in '/home/astra/Ti5_controller/build/T170_ARMS_moveit_config': AMENT_PREFIX_PATH=/home/astra/Ti5_controller/install/arms_description:${AMENT_PREFIX_PATH} CMAKE_PREFIX_PATH=/home/astra/Ti5_controller/install/arms_description:/opt/ros/humble /usr/bin/cmake /home/astra/Ti5_controller/src/T170_ARMS_moveit_config -DCMAKE_INSTALL_PREFIX=/home/astra/Ti5_controller/install/T170_ARMS_moveit_config
[0.037s] -- The C compiler identification is GNU 11.4.0
[0.072s] -- The CXX compiler identification is GNU 11.4.0
[0.076s] -- Detecting C compiler ABI info
[0.120s] -- Detecting C compiler ABI info - done
[0.125s] -- Check for working C compiler: /usr/bin/cc - skipped
[0.125s] -- Detecting C compile features
[0.125s] -- Detecting C compile features - done
[0.127s] -- Detecting CXX compiler ABI info
[0.177s] -- Detecting CXX compiler ABI info - done
[0.182s] -- Check for working CXX compiler: /usr/bin/c++ - skipped
[0.182s] -- Detecting CXX compile features
[0.183s] -- Detecting CXX compile features - done
[0.184s] -- Found ament_cmake: 1.3.11 (/opt/ros/humble/share/ament_cmake/cmake)
[0.280s] -- Found Python3: /usr/bin/python3 (found version "3.10.12") found components: Interpreter 
[0.369s] WARNING: Package name "T170_ARMS_moveit_config" does not follow the naming conventions. It should start with a lower case letter and only contain lower case letters, digits, underscores, and dashes.
[0.376s] -- Configuring done
[0.378s] -- Generating done
[0.378s] -- Build files have been written to: /home/astra/Ti5_controller/build/T170_ARMS_moveit_config
[0.381s] Invoked command in '/home/astra/Ti5_controller/build/T170_ARMS_moveit_config' returned '0': AMENT_PREFIX_PATH=/home/astra/Ti5_controller/install/arms_description:${AMENT_PREFIX_PATH} CMAKE_PREFIX_PATH=/home/astra/Ti5_controller/install/arms_description:/opt/ros/humble /usr/bin/cmake /home/astra/Ti5_controller/src/T170_ARMS_moveit_config -DCMAKE_INSTALL_PREFIX=/home/astra/Ti5_controller/install/T170_ARMS_moveit_config
[0.382s] Invoking command in '/home/astra/Ti5_controller/build/T170_ARMS_moveit_config': AMENT_PREFIX_PATH=/home/astra/Ti5_controller/install/arms_description:${AMENT_PREFIX_PATH} CMAKE_PREFIX_PATH=/home/astra/Ti5_controller/install/arms_description:/opt/ros/humble /usr/bin/cmake --build /home/astra/Ti5_controller/build/T170_ARMS_moveit_config -- -j24 -l24
[0.406s] Invoked command in '/home/astra/Ti5_controller/build/T170_ARMS_moveit_config' returned '0': AMENT_PREFIX_PATH=/home/astra/Ti5_controller/install/arms_description:${AMENT_PREFIX_PATH} CMAKE_PREFIX_PATH=/home/astra/Ti5_controller/install/arms_description:/opt/ros/humble /usr/bin/cmake --build /home/astra/Ti5_controller/build/T170_ARMS_moveit_config -- -j24 -l24
[0.419s] Invoking command in '/home/astra/Ti5_controller/build/T170_ARMS_moveit_config': AMENT_PREFIX_PATH=/home/astra/Ti5_controller/install/arms_description:${AMENT_PREFIX_PATH} CMAKE_PREFIX_PATH=/home/astra/Ti5_controller/install/arms_description:/opt/ros/humble /usr/bin/cmake --install /home/astra/Ti5_controller/build/T170_ARMS_moveit_config
[0.424s] -- Install configuration: ""
[0.425s] -- Installing: /home/astra/Ti5_controller/install/T170_ARMS_moveit_config/share/ament_index/resource_index/package_run_dependencies/T170_ARMS_moveit_config
[0.425s] -- Installing: /home/astra/Ti5_controller/install/T170_ARMS_moveit_config/share/ament_index/resource_index/parent_prefix_path/T170_ARMS_moveit_config
[0.425s] -- Installing: /home/astra/Ti5_controller/install/T170_ARMS_moveit_config/share/T170_ARMS_moveit_config/environment/ament_prefix_path.sh
[0.425s] -- Installing: /home/astra/Ti5_controller/install/T170_ARMS_moveit_config/share/T170_ARMS_moveit_config/environment/ament_prefix_path.dsv
[0.425s] -- Installing: /home/astra/Ti5_controller/install/T170_ARMS_moveit_config/share/T170_ARMS_moveit_config/environment/path.sh
[0.425s] -- Installing: /home/astra/Ti5_controller/install/T170_ARMS_moveit_config/share/T170_ARMS_moveit_config/environment/path.dsv
[0.425s] -- Installing: /home/astra/Ti5_controller/install/T170_ARMS_moveit_config/share/T170_ARMS_moveit_config/local_setup.bash
[0.425s] -- Installing: /home/astra/Ti5_controller/install/T170_ARMS_moveit_config/share/T170_ARMS_moveit_config/local_setup.sh
[0.425s] -- Installing: /home/astra/Ti5_controller/install/T170_ARMS_moveit_config/share/T170_ARMS_moveit_config/local_setup.zsh
[0.425s] -- Installing: /home/astra/Ti5_controller/install/T170_ARMS_moveit_config/share/T170_ARMS_moveit_config/local_setup.dsv
[0.425s] -- Installing: /home/astra/Ti5_controller/install/T170_ARMS_moveit_config/share/T170_ARMS_moveit_config/package.dsv
[0.425s] -- Installing: /home/astra/Ti5_controller/install/T170_ARMS_moveit_config/share/ament_index/resource_index/packages/T170_ARMS_moveit_config
[0.425s] -- Installing: /home/astra/Ti5_controller/install/T170_ARMS_moveit_config/share/T170_ARMS_moveit_config/cmake/T170_ARMS_moveit_configConfig.cmake
[0.426s] -- Installing: /home/astra/Ti5_controller/install/T170_ARMS_moveit_config/share/T170_ARMS_moveit_config/cmake/T170_ARMS_moveit_configConfig-version.cmake
[0.426s] -- Installing: /home/astra/Ti5_controller/install/T170_ARMS_moveit_config/share/T170_ARMS_moveit_config/package.xml
[0.426s] -- Installing: /home/astra/Ti5_controller/install/T170_ARMS_moveit_config/share/T170_ARMS_moveit_config/launch
[0.426s] -- Installing: /home/astra/Ti5_controller/install/T170_ARMS_moveit_config/share/T170_ARMS_moveit_config/launch/static_virtual_joint_tfs.launch.py
[0.426s] -- Installing: /home/astra/Ti5_controller/install/T170_ARMS_moveit_config/share/T170_ARMS_moveit_config/launch/demo.launch.py
[0.426s] -- Installing: /home/astra/Ti5_controller/install/T170_ARMS_moveit_config/share/T170_ARMS_moveit_config/launch/warehouse_db.launch.py
[0.426s] -- Installing: /home/astra/Ti5_controller/install/T170_ARMS_moveit_config/share/T170_ARMS_moveit_config/launch/moveit_rviz.launch.py
[0.426s] -- Installing: /home/astra/Ti5_controller/install/T170_ARMS_moveit_config/share/T170_ARMS_moveit_config/launch/setup_assistant.launch.py
[0.426s] -- Installing: /home/astra/Ti5_controller/install/T170_ARMS_moveit_config/share/T170_ARMS_moveit_config/launch/spawn_controllers.launch.py
[0.426s] -- Installing: /home/astra/Ti5_controller/install/T170_ARMS_moveit_config/share/T170_ARMS_moveit_config/launch/__pycache__
[0.426s] -- Installing: /home/astra/Ti5_controller/install/T170_ARMS_moveit_config/share/T170_ARMS_moveit_config/launch/__pycache__/moveit_rviz.launch.cpython-310.pyc
[0.426s] -- Installing: /home/astra/Ti5_controller/install/T170_ARMS_moveit_config/share/T170_ARMS_moveit_config/launch/__pycache__/move_group.launch.cpython-310.pyc
[0.426s] -- Installing: /home/astra/Ti5_controller/install/T170_ARMS_moveit_config/share/T170_ARMS_moveit_config/launch/__pycache__/rsp.launch.cpython-310.pyc
[0.426s] -- Installing: /home/astra/Ti5_controller/install/T170_ARMS_moveit_config/share/T170_ARMS_moveit_config/launch/move_group.launch.py
[0.427s] -- Installing: /home/astra/Ti5_controller/install/T170_ARMS_moveit_config/share/T170_ARMS_moveit_config/launch/rsp.launch.py
[0.427s] -- Installing: /home/astra/Ti5_controller/install/T170_ARMS_moveit_config/share/T170_ARMS_moveit_config/config
[0.427s] -- Installing: /home/astra/Ti5_controller/install/T170_ARMS_moveit_config/share/T170_ARMS_moveit_config/config/initial_positions.yaml
[0.427s] -- Installing: /home/astra/Ti5_controller/install/T170_ARMS_moveit_config/share/T170_ARMS_moveit_config/config/T170_ARMS.urdf.xacro
[0.427s] -- Installing: /home/astra/Ti5_controller/install/T170_ARMS_moveit_config/share/T170_ARMS_moveit_config/config/T170_ARMS.srdf
[0.427s] -- Installing: /home/astra/Ti5_controller/install/T170_ARMS_moveit_config/share/T170_ARMS_moveit_config/config/joint_limits.yaml
[0.427s] -- Installing: /home/astra/Ti5_controller/install/T170_ARMS_moveit_config/share/T170_ARMS_moveit_config/config/moveit.rviz
[0.427s] -- Installing: /home/astra/Ti5_controller/install/T170_ARMS_moveit_config/share/T170_ARMS_moveit_config/config/kinematics.yaml
[0.427s] -- Installing: /home/astra/Ti5_controller/install/T170_ARMS_moveit_config/share/T170_ARMS_moveit_config/config/moveit_controllers.yaml
[0.428s] -- Installing: /home/astra/Ti5_controller/install/T170_ARMS_moveit_config/share/T170_ARMS_moveit_config/config/T170_ARMS.ros2_control.xacro
[0.428s] -- Installing: /home/astra/Ti5_controller/install/T170_ARMS_moveit_config/share/T170_ARMS_moveit_config/config/pilz_cartesian_limits.yaml
[0.428s] -- Installing: /home/astra/Ti5_controller/install/T170_ARMS_moveit_config/share/T170_ARMS_moveit_config/config/ros2_controllers.yaml
[0.428s] -- Installing: /home/astra/Ti5_controller/install/T170_ARMS_moveit_config/share/T170_ARMS_moveit_config/.setup_assistant
[0.429s] Invoked command in '/home/astra/Ti5_controller/build/T170_ARMS_moveit_config' returned '0': AMENT_PREFIX_PATH=/home/astra/Ti5_controller/install/arms_description:${AMENT_PREFIX_PATH} CMAKE_PREFIX_PATH=/home/astra/Ti5_controller/install/arms_description:/opt/ros/humble /usr/bin/cmake --install /home/astra/Ti5_controller/build/T170_ARMS_moveit_config
