-- Install configuration: ""
-- Up-to-date: /home/astra/Ti5_controller/install/arms_description/share/arms_description/urdf
-- Up-to-date: /home/astra/Ti5_controller/install/arms_description/share/arms_description/urdf/T170_ARMS.urdf
-- Up-to-date: /home/astra/Ti5_controller/install/arms_description/share/arms_description/urdf/T170_ARMS.csv
-- Up-to-date: /home/astra/Ti5_controller/install/arms_description/share/arms_description/meshes
-- Up-to-date: /home/astra/Ti5_controller/install/arms_description/share/arms_description/meshes/L_ELBOW_R_S.STL
-- Up-to-date: /home/astra/Ti5_controller/install/arms_description/share/arms_description/meshes/NECK_R_S.STL
-- Up-to-date: /home/astra/Ti5_controller/install/arms_description/share/arms_description/meshes/NECK_Y_S.STL
-- Up-to-date: /home/astra/Ti5_controller/install/arms_description/share/arms_description/meshes/L_WRIST_R_S.STL
-- Up-to-date: /home/astra/Ti5_controller/install/arms_description/share/arms_description/meshes/L_WRIST_P_S.STL
-- Up-to-date: /home/astra/Ti5_controller/install/arms_description/share/arms_description/meshes/R_SHOULDER_R_S.STL
-- Up-to-date: /home/astra/Ti5_controller/install/arms_description/share/arms_description/meshes/L_SHOULDER_P_S.STL
-- Up-to-date: /home/astra/Ti5_controller/install/arms_description/share/arms_description/meshes/R_SHOULDER_P_S.STL
-- Up-to-date: /home/astra/Ti5_controller/install/arms_description/share/arms_description/meshes/PELVIS_S.STL
-- Up-to-date: /home/astra/Ti5_controller/install/arms_description/share/arms_description/meshes/R_ELBOW_R_S.STL
-- Up-to-date: /home/astra/Ti5_controller/install/arms_description/share/arms_description/meshes/R_WRIST_Y_S.STL
-- Up-to-date: /home/astra/Ti5_controller/install/arms_description/share/arms_description/meshes/L_SHOULDER_Y_S.STL
-- Up-to-date: /home/astra/Ti5_controller/install/arms_description/share/arms_description/meshes/L_SHOULDER_R_S.STL
-- Up-to-date: /home/astra/Ti5_controller/install/arms_description/share/arms_description/meshes/R_WRIST_R_S.STL
-- Up-to-date: /home/astra/Ti5_controller/install/arms_description/share/arms_description/meshes/NECK_P_S.STL
-- Up-to-date: /home/astra/Ti5_controller/install/arms_description/share/arms_description/meshes/R_WRIST_P_S.STL
-- Up-to-date: /home/astra/Ti5_controller/install/arms_description/share/arms_description/meshes/R_SHOULDER_Y_S.STL
-- Up-to-date: /home/astra/Ti5_controller/install/arms_description/share/arms_description/meshes/L_WRIST_Y_S.STL
-- Up-to-date: /home/astra/Ti5_controller/install/arms_description/share/ament_index/resource_index/package_run_dependencies/arms_description
-- Up-to-date: /home/astra/Ti5_controller/install/arms_description/share/ament_index/resource_index/parent_prefix_path/arms_description
-- Up-to-date: /home/astra/Ti5_controller/install/arms_description/share/arms_description/environment/ament_prefix_path.sh
-- Up-to-date: /home/astra/Ti5_controller/install/arms_description/share/arms_description/environment/ament_prefix_path.dsv
-- Up-to-date: /home/astra/Ti5_controller/install/arms_description/share/arms_description/environment/path.sh
-- Up-to-date: /home/astra/Ti5_controller/install/arms_description/share/arms_description/environment/path.dsv
-- Up-to-date: /home/astra/Ti5_controller/install/arms_description/share/arms_description/local_setup.bash
-- Up-to-date: /home/astra/Ti5_controller/install/arms_description/share/arms_description/local_setup.sh
-- Up-to-date: /home/astra/Ti5_controller/install/arms_description/share/arms_description/local_setup.zsh
-- Up-to-date: /home/astra/Ti5_controller/install/arms_description/share/arms_description/local_setup.dsv
-- Installing: /home/astra/Ti5_controller/install/arms_description/share/arms_description/package.dsv
-- Up-to-date: /home/astra/Ti5_controller/install/arms_description/share/ament_index/resource_index/packages/arms_description
-- Up-to-date: /home/astra/Ti5_controller/install/arms_description/share/arms_description/cmake/arms_descriptionConfig.cmake
-- Up-to-date: /home/astra/Ti5_controller/install/arms_description/share/arms_description/cmake/arms_descriptionConfig-version.cmake
-- Up-to-date: /home/astra/Ti5_controller/install/arms_description/share/arms_description/package.xml
