[0.013s] Invoking command in '/home/astra/Ti5_controller/build/bringup': CMAKE_PREFIX_PATH=/home/astra/Ti5_controller/install/T170_ARMS_moveit_config:/home/astra/Ti5_controller/install/arms_description:/home/astra/Ti5_controller/install/Ti5_moveit_interface:/home/astra/Ti5_controller/install/Ti5_hardware_interface:/home/astra/Ti5_controller/install/bringup:/opt/ros/humble /usr/bin/cmake /home/astra/Ti5_controller/src/bringup -DCMAKE_INSTALL_PREFIX=/home/astra/Ti5_controller/install/bringup
[0.074s] -- The C compiler identification is GNU 11.4.0
[0.144s] -- The CXX compiler identification is GNU 11.4.0
[0.154s] -- Detecting C compiler ABI info
[0.235s] -- Detecting C compiler ABI info - done
[0.243s] -- Check for working C compiler: /usr/bin/cc - skipped
[0.243s] -- Detecting C compile features
[0.243s] -- Detecting C compile features - done
[0.245s] -- Detecting CXX compiler ABI info
[0.324s] -- Detecting CXX compiler ABI info - done
[0.331s] -- Check for working CXX compiler: /usr/bin/c++ - skipped
[0.331s] -- Detecting CXX compile features
[0.332s] -- Detecting CXX compile features - done
[0.333s] -- Found ament_cmake: 1.3.11 (/opt/ros/humble/share/ament_cmake/cmake)
[0.463s] -- Found Python3: /usr/bin/python3 (found version "3.10.12") found components: Interpreter 
[0.526s] -- Found ament_lint_auto: 0.12.12 (/opt/ros/humble/share/ament_lint_auto/cmake)
[0.572s] -- Added test 'flake8' to check Python code syntax and style conventions
[0.572s] -- Added test 'lint_cmake' to check CMake code style
[0.572s] -- Added test 'pep257' to check Python code against some of the docstring style conventions in PEP 257
[0.573s] -- Added test 'xmllint' to check XML markup files
[0.574s] -- Configuring done
[0.575s] -- Generating done
[0.575s] -- Build files have been written to: /home/astra/Ti5_controller/build/bringup
[0.579s] Invoked command in '/home/astra/Ti5_controller/build/bringup' returned '0': CMAKE_PREFIX_PATH=/home/astra/Ti5_controller/install/T170_ARMS_moveit_config:/home/astra/Ti5_controller/install/arms_description:/home/astra/Ti5_controller/install/Ti5_moveit_interface:/home/astra/Ti5_controller/install/Ti5_hardware_interface:/home/astra/Ti5_controller/install/bringup:/opt/ros/humble /usr/bin/cmake /home/astra/Ti5_controller/src/bringup -DCMAKE_INSTALL_PREFIX=/home/astra/Ti5_controller/install/bringup
[0.579s] Invoking command in '/home/astra/Ti5_controller/build/bringup': CMAKE_PREFIX_PATH=/home/astra/Ti5_controller/install/T170_ARMS_moveit_config:/home/astra/Ti5_controller/install/arms_description:/home/astra/Ti5_controller/install/Ti5_moveit_interface:/home/astra/Ti5_controller/install/Ti5_hardware_interface:/home/astra/Ti5_controller/install/bringup:/opt/ros/humble /usr/bin/cmake --build /home/astra/Ti5_controller/build/bringup -- -j24 -l24
[0.605s] Invoked command in '/home/astra/Ti5_controller/build/bringup' returned '0': CMAKE_PREFIX_PATH=/home/astra/Ti5_controller/install/T170_ARMS_moveit_config:/home/astra/Ti5_controller/install/arms_description:/home/astra/Ti5_controller/install/Ti5_moveit_interface:/home/astra/Ti5_controller/install/Ti5_hardware_interface:/home/astra/Ti5_controller/install/bringup:/opt/ros/humble /usr/bin/cmake --build /home/astra/Ti5_controller/build/bringup -- -j24 -l24
[0.631s] Invoking command in '/home/astra/Ti5_controller/build/bringup': CMAKE_PREFIX_PATH=/home/astra/Ti5_controller/install/T170_ARMS_moveit_config:/home/astra/Ti5_controller/install/arms_description:/home/astra/Ti5_controller/install/Ti5_moveit_interface:/home/astra/Ti5_controller/install/Ti5_hardware_interface:/home/astra/Ti5_controller/install/bringup:/opt/ros/humble /usr/bin/cmake --install /home/astra/Ti5_controller/build/bringup
[0.640s] -- Install configuration: ""
[0.640s] -- Installing: /home/astra/Ti5_controller/install/bringup/share/bringup/launch
[0.640s] -- Installing: /home/astra/Ti5_controller/install/bringup/share/bringup/launch/Ti5_test.launch.py
[0.640s] -- Installing: /home/astra/Ti5_controller/install/bringup/share/ament_index/resource_index/package_run_dependencies/bringup
[0.640s] -- Installing: /home/astra/Ti5_controller/install/bringup/share/ament_index/resource_index/parent_prefix_path/bringup
[0.641s] -- Installing: /home/astra/Ti5_controller/install/bringup/share/bringup/environment/ament_prefix_path.sh
[0.641s] -- Installing: /home/astra/Ti5_controller/install/bringup/share/bringup/environment/ament_prefix_path.dsv
[0.641s] -- Installing: /home/astra/Ti5_controller/install/bringup/share/bringup/environment/path.sh
[0.641s] -- Installing: /home/astra/Ti5_controller/install/bringup/share/bringup/environment/path.dsv
[0.641s] -- Installing: /home/astra/Ti5_controller/install/bringup/share/bringup/local_setup.bash
[0.641s] -- Installing: /home/astra/Ti5_controller/install/bringup/share/bringup/local_setup.sh
[0.641s] -- Installing: /home/astra/Ti5_controller/install/bringup/share/bringup/local_setup.zsh
[0.641s] -- Installing: /home/astra/Ti5_controller/install/bringup/share/bringup/local_setup.dsv
[0.641s] -- Installing: /home/astra/Ti5_controller/install/bringup/share/bringup/package.dsv
[0.641s] -- Installing: /home/astra/Ti5_controller/install/bringup/share/ament_index/resource_index/packages/bringup
[0.642s] -- Installing: /home/astra/Ti5_controller/install/bringup/share/bringup/cmake/bringupConfig.cmake
[0.642s] -- Installing: /home/astra/Ti5_controller/install/bringup/share/bringup/cmake/bringupConfig-version.cmake
[0.642s] -- Installing: /home/astra/Ti5_controller/install/bringup/share/bringup/package.xml
[0.644s] Invoked command in '/home/astra/Ti5_controller/build/bringup' returned '0': CMAKE_PREFIX_PATH=/home/astra/Ti5_controller/install/T170_ARMS_moveit_config:/home/astra/Ti5_controller/install/arms_description:/home/astra/Ti5_controller/install/Ti5_moveit_interface:/home/astra/Ti5_controller/install/Ti5_hardware_interface:/home/astra/Ti5_controller/install/bringup:/opt/ros/humble /usr/bin/cmake --install /home/astra/Ti5_controller/build/bringup
