[0.017s] Invoking command in '/home/astra/Ti5_controller/build/bringup': CMAKE_PREFIX_PATH=/home/astra/Ti5_controller/install/T170_ARMS_moveit_config:/home/astra/Ti5_controller/install/arms_description:/home/astra/Ti5_controller/install/Ti5_moveit_interface:/home/astra/Ti5_controller/install/Ti5_hardware_interface:/home/astra/Ti5_controller/install/bringup:/opt/ros/humble /usr/bin/cmake /home/astra/Ti5_controller/src/bringup -DCMAKE_INSTALL_PREFIX=/home/astra/Ti5_controller/install/bringup
[0.085s] -- The C compiler identification is GNU 11.4.0
[0.128s] -- The CXX compiler identification is GNU 11.4.0
[0.133s] -- Detecting C compiler ABI info
[0.209s] -- Detecting C compiler ABI info - done
[0.215s] -- Check for working C compiler: /usr/bin/cc - skipped
[0.216s] -- Detecting C compile features
[0.216s] -- Detecting C compile features - done
[0.220s] -- Detecting CXX compiler ABI info
[0.320s] -- Detecting CXX compiler ABI info - done
[0.325s] -- Check for working CXX compiler: /usr/bin/c++ - skipped
[0.325s] -- Detecting CXX compile features
[0.326s] -- Detecting CXX compile features - done
[0.327s] -- Found ament_cmake: 1.3.11 (/opt/ros/humble/share/ament_cmake/cmake)
[0.432s] -- Found Python3: /usr/bin/python3 (found version "3.10.12") found components: Interpreter 
[0.494s] -- Found ament_lint_auto: 0.12.12 (/opt/ros/humble/share/ament_lint_auto/cmake)
[0.557s] -- Added test 'flake8' to check Python code syntax and style conventions
[0.557s] -- Added test 'lint_cmake' to check CMake code style
[0.557s] -- Added test 'pep257' to check Python code against some of the docstring style conventions in PEP 257
[0.558s] -- Added test 'xmllint' to check XML markup files
[0.559s] -- Configuring done
[0.560s] -- Generating done
[0.560s] -- Build files have been written to: /home/astra/Ti5_controller/build/bringup
[0.563s] Invoked command in '/home/astra/Ti5_controller/build/bringup' returned '0': CMAKE_PREFIX_PATH=/home/astra/Ti5_controller/install/T170_ARMS_moveit_config:/home/astra/Ti5_controller/install/arms_description:/home/astra/Ti5_controller/install/Ti5_moveit_interface:/home/astra/Ti5_controller/install/Ti5_hardware_interface:/home/astra/Ti5_controller/install/bringup:/opt/ros/humble /usr/bin/cmake /home/astra/Ti5_controller/src/bringup -DCMAKE_INSTALL_PREFIX=/home/astra/Ti5_controller/install/bringup
[0.564s] Invoking command in '/home/astra/Ti5_controller/build/bringup': CMAKE_PREFIX_PATH=/home/astra/Ti5_controller/install/T170_ARMS_moveit_config:/home/astra/Ti5_controller/install/arms_description:/home/astra/Ti5_controller/install/Ti5_moveit_interface:/home/astra/Ti5_controller/install/Ti5_hardware_interface:/home/astra/Ti5_controller/install/bringup:/opt/ros/humble /usr/bin/cmake --build /home/astra/Ti5_controller/build/bringup -- -j24 -l24
[0.611s] Invoked command in '/home/astra/Ti5_controller/build/bringup' returned '0': CMAKE_PREFIX_PATH=/home/astra/Ti5_controller/install/T170_ARMS_moveit_config:/home/astra/Ti5_controller/install/arms_description:/home/astra/Ti5_controller/install/Ti5_moveit_interface:/home/astra/Ti5_controller/install/Ti5_hardware_interface:/home/astra/Ti5_controller/install/bringup:/opt/ros/humble /usr/bin/cmake --build /home/astra/Ti5_controller/build/bringup -- -j24 -l24
[0.640s] Invoking command in '/home/astra/Ti5_controller/build/bringup': CMAKE_PREFIX_PATH=/home/astra/Ti5_controller/install/T170_ARMS_moveit_config:/home/astra/Ti5_controller/install/arms_description:/home/astra/Ti5_controller/install/Ti5_moveit_interface:/home/astra/Ti5_controller/install/Ti5_hardware_interface:/home/astra/Ti5_controller/install/bringup:/opt/ros/humble /usr/bin/cmake --install /home/astra/Ti5_controller/build/bringup
[0.649s] -- Install configuration: ""
[0.649s] -- Installing: /home/astra/Ti5_controller/install/bringup/share/bringup/launch
[0.649s] -- Installing: /home/astra/Ti5_controller/install/bringup/share/bringup/launch/Ti5_test.launch.py
[0.649s] -- Installing: /home/astra/Ti5_controller/install/bringup/share/ament_index/resource_index/package_run_dependencies/bringup
[0.650s] -- Installing: /home/astra/Ti5_controller/install/bringup/share/ament_index/resource_index/parent_prefix_path/bringup
[0.650s] -- Installing: /home/astra/Ti5_controller/install/bringup/share/bringup/environment/ament_prefix_path.sh
[0.650s] -- Installing: /home/astra/Ti5_controller/install/bringup/share/bringup/environment/ament_prefix_path.dsv
[0.650s] -- Installing: /home/astra/Ti5_controller/install/bringup/share/bringup/environment/path.sh
[0.650s] -- Installing: /home/astra/Ti5_controller/install/bringup/share/bringup/environment/path.dsv
[0.650s] -- Installing: /home/astra/Ti5_controller/install/bringup/share/bringup/local_setup.bash
[0.650s] -- Installing: /home/astra/Ti5_controller/install/bringup/share/bringup/local_setup.sh
[0.651s] -- Installing: /home/astra/Ti5_controller/install/bringup/share/bringup/local_setup.zsh
[0.651s] -- Installing: /home/astra/Ti5_controller/install/bringup/share/bringup/local_setup.dsv
[0.651s] -- Installing: /home/astra/Ti5_controller/install/bringup/share/bringup/package.dsv
[0.651s] -- Installing: /home/astra/Ti5_controller/install/bringup/share/ament_index/resource_index/packages/bringup
[0.651s] -- Installing: /home/astra/Ti5_controller/install/bringup/share/bringup/cmake/bringupConfig.cmake
[0.651s] -- Installing: /home/astra/Ti5_controller/install/bringup/share/bringup/cmake/bringupConfig-version.cmake
[0.651s] -- Installing: /home/astra/Ti5_controller/install/bringup/share/bringup/package.xml
[0.654s] Invoked command in '/home/astra/Ti5_controller/build/bringup' returned '0': CMAKE_PREFIX_PATH=/home/astra/Ti5_controller/install/T170_ARMS_moveit_config:/home/astra/Ti5_controller/install/arms_description:/home/astra/Ti5_controller/install/Ti5_moveit_interface:/home/astra/Ti5_controller/install/Ti5_hardware_interface:/home/astra/Ti5_controller/install/bringup:/opt/ros/humble /usr/bin/cmake --install /home/astra/Ti5_controller/build/bringup
