[0.010s] Invoking command in '/home/astra/Ti5_controller/build/arms_description': CMAKE_PREFIX_PATH=${CMAKE_PREFIX_PATH}:/opt/ros/humble /usr/bin/cmake /home/astra/Ti5_controller/src/arms_description -DCMAKE_INSTALL_PREFIX=/home/astra/Ti5_controller/install/arms_description
[0.082s] -- The C compiler identification is GNU 11.4.0
[0.149s] -- The CXX compiler identification is GNU 11.4.0
[0.153s] -- Detecting C compiler ABI info
[0.203s] -- Detecting C compiler ABI info - done
[0.207s] -- Check for working C compiler: /usr/bin/cc - skipped
[0.208s] -- Detecting C compile features
[0.208s] -- Detecting C compile features - done
[0.210s] -- Detecting CXX compiler ABI info
[0.264s] -- Detecting CXX compiler ABI info - done
[0.269s] -- Check for working CXX compiler: /usr/bin/c++ - skipped
[0.269s] -- Detecting CXX compile features
[0.270s] -- Detecting CXX compile features - done
[0.271s] -- Found ament_cmake: 1.3.11 (/opt/ros/humble/share/ament_cmake/cmake)
[0.369s] -- Found Python3: /usr/bin/python3 (found version "3.10.12") found components: Interpreter 
[0.423s] -- Found ament_lint_auto: 0.12.12 (/opt/ros/humble/share/ament_lint_auto/cmake)
[0.472s] -- Added test 'lint_cmake' to check CMake code style
[0.473s] -- Added test 'xmllint' to check XML markup files
[0.473s] -- Configuring done
[0.475s] -- Generating done
[0.475s] -- Build files have been written to: /home/astra/Ti5_controller/build/arms_description
[0.478s] Invoked command in '/home/astra/Ti5_controller/build/arms_description' returned '0': CMAKE_PREFIX_PATH=${CMAKE_PREFIX_PATH}:/opt/ros/humble /usr/bin/cmake /home/astra/Ti5_controller/src/arms_description -DCMAKE_INSTALL_PREFIX=/home/astra/Ti5_controller/install/arms_description
[0.479s] Invoking command in '/home/astra/Ti5_controller/build/arms_description': CMAKE_PREFIX_PATH=${CMAKE_PREFIX_PATH}:/opt/ros/humble /usr/bin/cmake --build /home/astra/Ti5_controller/build/arms_description -- -j24 -l24
[0.503s] Invoked command in '/home/astra/Ti5_controller/build/arms_description' returned '0': CMAKE_PREFIX_PATH=${CMAKE_PREFIX_PATH}:/opt/ros/humble /usr/bin/cmake --build /home/astra/Ti5_controller/build/arms_description -- -j24 -l24
[0.521s] Invoking command in '/home/astra/Ti5_controller/build/arms_description': CMAKE_PREFIX_PATH=${CMAKE_PREFIX_PATH}:/opt/ros/humble /usr/bin/cmake --install /home/astra/Ti5_controller/build/arms_description
[0.525s] -- Install configuration: ""
[0.525s] -- Installing: /home/astra/Ti5_controller/install/arms_description/share/arms_description/urdf
[0.525s] -- Installing: /home/astra/Ti5_controller/install/arms_description/share/arms_description/urdf/T170_ARMS.urdf
[0.526s] -- Installing: /home/astra/Ti5_controller/install/arms_description/share/arms_description/urdf/T170_ARMS.csv
[0.526s] -- Installing: /home/astra/Ti5_controller/install/arms_description/share/arms_description/meshes
[0.526s] -- Installing: /home/astra/Ti5_controller/install/arms_description/share/arms_description/meshes/L_ELBOW_R_S.STL
[0.528s] -- Installing: /home/astra/Ti5_controller/install/arms_description/share/arms_description/meshes/NECK_R_S.STL
[0.528s] -- Installing: /home/astra/Ti5_controller/install/arms_description/share/arms_description/meshes/NECK_Y_S.STL
[0.535s] -- Installing: /home/astra/Ti5_controller/install/arms_description/share/arms_description/meshes/L_WRIST_R_S.STL
[0.539s] -- Installing: /home/astra/Ti5_controller/install/arms_description/share/arms_description/meshes/L_WRIST_P_S.STL
[0.546s] -- Installing: /home/astra/Ti5_controller/install/arms_description/share/arms_description/meshes/R_SHOULDER_R_S.STL
[0.549s] -- Installing: /home/astra/Ti5_controller/install/arms_description/share/arms_description/meshes/L_SHOULDER_P_S.STL
[0.552s] -- Installing: /home/astra/Ti5_controller/install/arms_description/share/arms_description/meshes/R_SHOULDER_P_S.STL
[0.555s] -- Installing: /home/astra/Ti5_controller/install/arms_description/share/arms_description/meshes/PELVIS_S.STL
[0.561s] -- Installing: /home/astra/Ti5_controller/install/arms_description/share/arms_description/meshes/R_ELBOW_R_S.STL
[0.564s] -- Installing: /home/astra/Ti5_controller/install/arms_description/share/arms_description/meshes/R_WRIST_Y_S.STL
[0.565s] -- Installing: /home/astra/Ti5_controller/install/arms_description/share/arms_description/meshes/L_SHOULDER_Y_S.STL
[0.568s] -- Installing: /home/astra/Ti5_controller/install/arms_description/share/arms_description/meshes/L_SHOULDER_R_S.STL
[0.570s] -- Installing: /home/astra/Ti5_controller/install/arms_description/share/arms_description/meshes/R_WRIST_R_S.STL
[0.590s] -- Installing: /home/astra/Ti5_controller/install/arms_description/share/arms_description/meshes/NECK_P_S.STL
[0.591s] -- Installing: /home/astra/Ti5_controller/install/arms_description/share/arms_description/meshes/R_WRIST_P_S.STL
[0.597s] -- Installing: /home/astra/Ti5_controller/install/arms_description/share/arms_description/meshes/R_SHOULDER_Y_S.STL
[0.600s] -- Installing: /home/astra/Ti5_controller/install/arms_description/share/arms_description/meshes/L_WRIST_Y_S.STL
[0.601s] -- Installing: /home/astra/Ti5_controller/install/arms_description/share/ament_index/resource_index/package_run_dependencies/arms_description
[0.601s] -- Installing: /home/astra/Ti5_controller/install/arms_description/share/ament_index/resource_index/parent_prefix_path/arms_description
[0.601s] -- Installing: /home/astra/Ti5_controller/install/arms_description/share/arms_description/environment/ament_prefix_path.sh
[0.602s] -- Installing: /home/astra/Ti5_controller/install/arms_description/share/arms_description/environment/ament_prefix_path.dsv
[0.602s] -- Installing: /home/astra/Ti5_controller/install/arms_description/share/arms_description/environment/path.sh
[0.602s] -- Installing: /home/astra/Ti5_controller/install/arms_description/share/arms_description/environment/path.dsv
[0.602s] -- Installing: /home/astra/Ti5_controller/install/arms_description/share/arms_description/local_setup.bash
[0.602s] -- Installing: /home/astra/Ti5_controller/install/arms_description/share/arms_description/local_setup.sh
[0.602s] -- Installing: /home/astra/Ti5_controller/install/arms_description/share/arms_description/local_setup.zsh
[0.602s] -- Installing: /home/astra/Ti5_controller/install/arms_description/share/arms_description/local_setup.dsv
[0.602s] -- Installing: /home/astra/Ti5_controller/install/arms_description/share/arms_description/package.dsv
[0.602s] -- Installing: /home/astra/Ti5_controller/install/arms_description/share/ament_index/resource_index/packages/arms_description
[0.602s] -- Installing: /home/astra/Ti5_controller/install/arms_description/share/arms_description/cmake/arms_descriptionConfig.cmake
[0.602s] -- Installing: /home/astra/Ti5_controller/install/arms_description/share/arms_description/cmake/arms_descriptionConfig-version.cmake
[0.602s] -- Installing: /home/astra/Ti5_controller/install/arms_description/share/arms_description/package.xml
[0.603s] Invoked command in '/home/astra/Ti5_controller/build/arms_description' returned '0': CMAKE_PREFIX_PATH=${CMAKE_PREFIX_PATH}:/opt/ros/humble /usr/bin/cmake --install /home/astra/Ti5_controller/build/arms_description
