[0.013s] Invoking command in '/home/astra/Ti5_controller/build/Ti5_hardware_interface': CMAKE_PREFIX_PATH=${CMAKE_PREFIX_PATH}:/opt/ros/humble /usr/bin/cmake --build /home/astra/Ti5_controller/build/Ti5_hardware_interface -- -j24 -l24
[0.042s] [35m[1mConsolidate compiler generated dependencies of target Ti5_hardware_interface[0m
[0.046s] [ 33%] Built target gmock
[0.047s] [ 55%] Built target gmock_main
[0.056s] [ 66%] [32mBuilding CXX object CMakeFiles/Ti5_hardware_interface.dir/src/hardware.cpp.o[0m
[0.062s] [ 88%] Built target test_hardware
[1.631s] In file included from [01m[K/home/astra/Ti5_controller/src/Ti5_hardware_interface/include/Ti5_hardware_interface/hardware.hpp:32[m[K,
[1.631s]                  from [01m[K/home/astra/Ti5_controller/src/Ti5_hardware_interface/src/hardware.cpp:18[m[K:
[1.631s] [01m[K/home/astra/Ti5_controller/src/Ti5_hardware_interface/can_control/include/can_hw.h:12:5:[m[K [01;31m[Kerror: [m[KISO C++ forbids declaration of ‘[01m[KCANMotorInerface[m[K’ with no type [[01;31m[K]8;;https://gcc.gnu.org/onlinedocs/gcc/Warning-Options.html#index-fpermissive-fpermissive]8;;[m[K]
[1.631s]    12 |     [01;31m[KCANMotorInerface[m[K();
[1.631s]       |     [01;31m[K^~~~~~~~~~~~~~~~[m[K
[1.637s] In file included from [01m[K/opt/ros/humble/include/rclcpp/rclcpp/client.hpp:40[m[K,
[1.637s]                  from [01m[K/opt/ros/humble/include/rclcpp/rclcpp/callback_group.hpp:24[m[K,
[1.637s]                  from [01m[K/opt/ros/humble/include/rclcpp/rclcpp/any_executable.hpp:20[m[K,
[1.637s]                  from [01m[K/opt/ros/humble/include/rclcpp/rclcpp/memory_strategy.hpp:25[m[K,
[1.637s]                  from [01m[K/opt/ros/humble/include/rclcpp/rclcpp/memory_strategies.hpp:18[m[K,
[1.637s]                  from [01m[K/opt/ros/humble/include/rclcpp/rclcpp/executor_options.hpp:20[m[K,
[1.637s]                  from [01m[K/opt/ros/humble/include/rclcpp/rclcpp/executor.hpp:37[m[K,
[1.637s]                  from [01m[K/opt/ros/humble/include/rclcpp/rclcpp/executors/multi_threaded_executor.hpp:25[m[K,
[1.637s]                  from [01m[K/opt/ros/humble/include/rclcpp/rclcpp/executors.hpp:21[m[K,
[1.637s]                  from [01m[K/opt/ros/humble/include/rclcpp/rclcpp/rclcpp.hpp:155[m[K,
[1.638s]                  from [01m[K/home/astra/Ti5_controller/src/Ti5_hardware_interface/include/Ti5_hardware_interface/hardware.hpp:30[m[K,
[1.638s]                  from [01m[K/home/astra/Ti5_controller/src/Ti5_hardware_interface/src/hardware.cpp:18[m[K:
[1.638s] [01m[K/home/astra/Ti5_controller/src/Ti5_hardware_interface/src/hardware.cpp:[m[K In member function ‘[01m[Kvirtual hardware_interface::CallbackReturn Ti5_hardware_interface::hardware::on_init(const hardware_interface::HardwareInfo&)[m[K’:
[1.638s] [01m[K/home/astra/Ti5_controller/src/Ti5_hardware_interface/src/hardware.cpp:43:17:[m[K [01;31m[Kerror: [m[K‘[01m[Knode_[m[K’ was not declared in this scope; did you mean ‘[01m[Kmode_t[m[K’?
[1.638s]    43 |     RCLCPP_INFO([01;31m[Knode_[m[K->get_logger(), "Hardware interface initialized successfully");
[1.638s]       |                 [01;31m[K^~~~~[m[K
[1.638s] [01m[K/home/astra/Ti5_controller/src/Ti5_hardware_interface/src/hardware.cpp:43:5:[m[K [01;31m[Kerror: [m[Ktemplate argument 1 is invalid
[1.638s]    43 |     [01;31m[KRCLCPP_INFO[m[K(node_->get_logger(), "Hardware interface initialized successfully");
[1.638s]       |     [01;31m[K^~~~~~~~~~~[m[K
[1.638s] [01m[K/home/astra/Ti5_controller/src/Ti5_hardware_interface/src/hardware.cpp:43:5:[m[K [01;31m[Kerror: [m[Ktemplate argument 1 is invalid
[1.638s]    43 |     [01;31m[KRCLCPP_INFO[m[K(node_->get_logger(), "Hardware interface initialized successfully");
[1.638s]       |     [01;31m[K^~~~~~~~~~~[m[K
[1.638s] [01m[K/home/astra/Ti5_controller/src/Ti5_hardware_interface/src/hardware.cpp:43:5:[m[K [01;31m[Kerror: [m[Ktemplate argument 1 is invalid
[1.638s]    43 |     [01;31m[KRCLCPP_INFO[m[K(node_->get_logger(), "Hardware interface initialized successfully");
[1.638s]       |     [01;31m[K^~~~~~~~~~~[m[K
[1.641s] [01m[K/home/astra/Ti5_controller/src/Ti5_hardware_interface/src/hardware.cpp:[m[K In member function ‘[01m[Kvirtual hardware_interface::CallbackReturn Ti5_hardware_interface::hardware::on_configure(const rclcpp_lifecycle::State&)[m[K’:
[1.641s] [01m[K/home/astra/Ti5_controller/src/Ti5_hardware_interface/src/hardware.cpp:50:5:[m[K [01;31m[Kerror: [m[K‘[01m[Kcan_motor_interface[m[K’ was not declared in this scope; did you mean ‘[01m[Kcan_motor_interface_[m[K’?
[1.641s]    50 |     [01;31m[Kcan_motor_interface[m[K = std::make_shared<CANMotorInterface>();
[1.641s]       |     [01;31m[K^~~~~~~~~~~~~~~~~~~[m[K
[1.641s]       |     [32m[Kcan_motor_interface_[m[K
[1.645s] In file included from [01m[K/opt/ros/humble/include/rclcpp/rclcpp/client.hpp:40[m[K,
[1.645s]                  from [01m[K/opt/ros/humble/include/rclcpp/rclcpp/callback_group.hpp:24[m[K,
[1.645s]                  from [01m[K/opt/ros/humble/include/rclcpp/rclcpp/any_executable.hpp:20[m[K,
[1.645s]                  from [01m[K/opt/ros/humble/include/rclcpp/rclcpp/memory_strategy.hpp:25[m[K,
[1.645s]                  from [01m[K/opt/ros/humble/include/rclcpp/rclcpp/memory_strategies.hpp:18[m[K,
[1.645s]                  from [01m[K/opt/ros/humble/include/rclcpp/rclcpp/executor_options.hpp:20[m[K,
[1.645s]                  from [01m[K/opt/ros/humble/include/rclcpp/rclcpp/executor.hpp:37[m[K,
[1.645s]                  from [01m[K/opt/ros/humble/include/rclcpp/rclcpp/executors/multi_threaded_executor.hpp:25[m[K,
[1.645s]                  from [01m[K/opt/ros/humble/include/rclcpp/rclcpp/executors.hpp:21[m[K,
[1.645s]                  from [01m[K/opt/ros/humble/include/rclcpp/rclcpp/rclcpp.hpp:155[m[K,
[1.645s]                  from [01m[K/home/astra/Ti5_controller/src/Ti5_hardware_interface/include/Ti5_hardware_interface/hardware.hpp:30[m[K,
[1.645s]                  from [01m[K/home/astra/Ti5_controller/src/Ti5_hardware_interface/src/hardware.cpp:18[m[K:
[1.645s] [01m[K/home/astra/Ti5_controller/src/Ti5_hardware_interface/src/hardware.cpp:56:21:[m[K [01;31m[Kerror: [m[K‘[01m[Knode_[m[K’ was not declared in this scope; did you mean ‘[01m[Kmode_t[m[K’?
[1.645s]    56 |         RCLCPP_INFO([01;31m[Knode_[m[K->get_logger(), "CAN initialized successfully");
[1.645s]       |                     [01;31m[K^~~~~[m[K
[1.645s] [01m[K/home/astra/Ti5_controller/src/Ti5_hardware_interface/src/hardware.cpp:56:9:[m[K [01;31m[Kerror: [m[Ktemplate argument 1 is invalid
[1.646s]    56 |         [01;31m[KRCLCPP_INFO[m[K(node_->get_logger(), "CAN initialized successfully");
[1.646s]       |         [01;31m[K^~~~~~~~~~~[m[K
[1.646s] [01m[K/home/astra/Ti5_controller/src/Ti5_hardware_interface/src/hardware.cpp:56:9:[m[K [01;31m[Kerror: [m[Ktemplate argument 1 is invalid
[1.646s]    56 |         [01;31m[KRCLCPP_INFO[m[K(node_->get_logger(), "CAN initialized successfully");
[1.646s]       |         [01;31m[K^~~~~~~~~~~[m[K
[1.646s] [01m[K/home/astra/Ti5_controller/src/Ti5_hardware_interface/src/hardware.cpp:56:9:[m[K [01;31m[Kerror: [m[Ktemplate argument 1 is invalid
[1.646s]    56 |         [01;31m[KRCLCPP_INFO[m[K(node_->get_logger(), "CAN initialized successfully");
[1.646s]       |         [01;31m[K^~~~~~~~~~~[m[K
[1.649s] [01m[K/home/astra/Ti5_controller/src/Ti5_hardware_interface/src/hardware.cpp:62:20:[m[K [01;31m[Kerror: [m[K‘[01m[Knode_[m[K’ was not declared in this scope; did you mean ‘[01m[Kmode_t[m[K’?
[1.649s]    62 |       RCLCPP_ERROR([01;31m[Knode_[m[K->get_logger(), "CAN initialization failed");
[1.649s]       |                    [01;31m[K^~~~~[m[K
[1.649s] [01m[K/home/astra/Ti5_controller/src/Ti5_hardware_interface/src/hardware.cpp:62:7:[m[K [01;31m[Kerror: [m[Ktemplate argument 1 is invalid
[1.649s]    62 |       [01;31m[KRCLCPP_ERROR[m[K(node_->get_logger(), "CAN initialization failed");
[1.649s]       |       [01;31m[K^~~~~~~~~~~~[m[K
[1.649s] [01m[K/home/astra/Ti5_controller/src/Ti5_hardware_interface/src/hardware.cpp:62:7:[m[K [01;31m[Kerror: [m[Ktemplate argument 1 is invalid
[1.649s]    62 |       [01;31m[KRCLCPP_ERROR[m[K(node_->get_logger(), "CAN initialization failed");
[1.649s]       |       [01;31m[K^~~~~~~~~~~~[m[K
[1.649s] [01m[K/home/astra/Ti5_controller/src/Ti5_hardware_interface/src/hardware.cpp:62:7:[m[K [01;31m[Kerror: [m[Ktemplate argument 1 is invalid
[1.649s]    62 |       [01;31m[KRCLCPP_ERROR[m[K(node_->get_logger(), "CAN initialization failed");
[1.649s]       |       [01;31m[K^~~~~~~~~~~~[m[K
[1.657s] [01m[K/home/astra/Ti5_controller/src/Ti5_hardware_interface/src/hardware.cpp:[m[K In member function ‘[01m[Kvirtual hardware_interface::CallbackReturn Ti5_hardware_interface::hardware::on_activate(const rclcpp_lifecycle::State&)[m[K’:
[1.657s] [01m[K/home/astra/Ti5_controller/src/Ti5_hardware_interface/src/hardware.cpp:99:17:[m[K [01;31m[Kerror: [m[K‘[01m[Knode_[m[K’ was not declared in this scope; did you mean ‘[01m[Kmode_t[m[K’?
[1.657s]    99 |     RCLCPP_INFO([01;31m[Knode_[m[K->get_logger(), "Activating hardware interface");
[1.657s]       |                 [01;31m[K^~~~~[m[K
[1.657s] [01m[K/home/astra/Ti5_controller/src/Ti5_hardware_interface/src/hardware.cpp:99:5:[m[K [01;31m[Kerror: [m[Ktemplate argument 1 is invalid
[1.657s]    99 |     [01;31m[KRCLCPP_INFO[m[K(node_->get_logger(), "Activating hardware interface");
[1.657s]       |     [01;31m[K^~~~~~~~~~~[m[K
[1.657s] [01m[K/home/astra/Ti5_controller/src/Ti5_hardware_interface/src/hardware.cpp:99:5:[m[K [01;31m[Kerror: [m[Ktemplate argument 1 is invalid
[1.657s]    99 |     [01;31m[KRCLCPP_INFO[m[K(node_->get_logger(), "Activating hardware interface");
[1.657s]       |     [01;31m[K^~~~~~~~~~~[m[K
[1.657s] [01m[K/home/astra/Ti5_controller/src/Ti5_hardware_interface/src/hardware.cpp:99:5:[m[K [01;31m[Kerror: [m[Ktemplate argument 1 is invalid
[1.657s]    99 |     [01;31m[KRCLCPP_INFO[m[K(node_->get_logger(), "Activating hardware interface");
[1.657s]       |     [01;31m[K^~~~~~~~~~~[m[K
[1.661s] [01m[K/home/astra/Ti5_controller/src/Ti5_hardware_interface/src/hardware.cpp:[m[K In member function ‘[01m[Kvirtual hardware_interface::CallbackReturn Ti5_hardware_interface::hardware::on_deactivate(const rclcpp_lifecycle::State&)[m[K’:
[1.661s] [01m[K/home/astra/Ti5_controller/src/Ti5_hardware_interface/src/hardware.cpp:118:17:[m[K [01;31m[Kerror: [m[K‘[01m[Knode_[m[K’ was not declared in this scope; did you mean ‘[01m[Kmode_t[m[K’?
[1.661s]   118 |     RCLCPP_INFO([01;31m[Knode_[m[K->get_logger(), "Deactivating hardware interface");
[1.661s]       |                 [01;31m[K^~~~~[m[K
[1.661s] [01m[K/home/astra/Ti5_controller/src/Ti5_hardware_interface/src/hardware.cpp:118:5:[m[K [01;31m[Kerror: [m[Ktemplate argument 1 is invalid
[1.661s]   118 |     [01;31m[KRCLCPP_INFO[m[K(node_->get_logger(), "Deactivating hardware interface");
[1.661s]       |     [01;31m[K^~~~~~~~~~~[m[K
[1.661s] [01m[K/home/astra/Ti5_controller/src/Ti5_hardware_interface/src/hardware.cpp:118:5:[m[K [01;31m[Kerror: [m[Ktemplate argument 1 is invalid
[1.661s]   118 |     [01;31m[KRCLCPP_INFO[m[K(node_->get_logger(), "Deactivating hardware interface");
[1.661s]       |     [01;31m[K^~~~~~~~~~~[m[K
[1.661s] [01m[K/home/astra/Ti5_controller/src/Ti5_hardware_interface/src/hardware.cpp:118:5:[m[K [01;31m[Kerror: [m[Ktemplate argument 1 is invalid
[1.661s]   118 |     [01;31m[KRCLCPP_INFO[m[K(node_->get_logger(), "Deactivating hardware interface");
[1.662s]       |     [01;31m[K^~~~~~~~~~~[m[K
[1.665s] [01m[K/home/astra/Ti5_controller/src/Ti5_hardware_interface/src/hardware.cpp:[m[K In member function ‘[01m[Kvirtual hardware_interface::return_type Ti5_hardware_interface::hardware::read(const rclcpp::Time&, const rclcpp::Duration&)[m[K’:
[1.665s] [01m[K/home/astra/Ti5_controller/src/Ti5_hardware_interface/src/hardware.cpp:128:23:[m[K [01;31m[Kerror: [m[K‘[01m[Kcan_motor_interface[m[K’ was not declared in this scope; did you mean ‘[01m[Kcan_motor_interface_[m[K’?
[1.665s]   128 |       pos_state_[i] = [01;31m[Kcan_motor_interface[m[K->sendSimpleCanCommand(i,8);
[1.665s]       |                       [01;31m[K^~~~~~~~~~~~~~~~~~~[m[K
[1.665s]       |                       [32m[Kcan_motor_interface_[m[K
[1.668s] [01m[K/home/astra/Ti5_controller/src/Ti5_hardware_interface/src/hardware.cpp:[m[K In member function ‘[01m[Kvirtual hardware_interface::return_type Ti5_hardware_interface::hardware::write(const rclcpp::Time&, const rclcpp::Duration&)[m[K’:
[1.668s] [01m[K/home/astra/Ti5_controller/src/Ti5_hardware_interface/src/hardware.cpp:145:7:[m[K [01;31m[Kerror: [m[K‘[01m[Kcan_motor_interface[m[K’ was not declared in this scope; did you mean ‘[01m[Kcan_motor_interface_[m[K’?
[1.668s]   145 |       [01;31m[Kcan_motor_interface[m[K->sendCanCommand(i, 30, pos_cmd_[i]);
[1.668s]       |       [01;31m[K^~~~~~~~~~~~~~~~~~~[m[K
[1.668s]       |       [32m[Kcan_motor_interface_[m[K
[1.672s] In file included from [01m[K/opt/ros/humble/include/rclcpp/rclcpp/client.hpp:40[m[K,
[1.672s]                  from [01m[K/opt/ros/humble/include/rclcpp/rclcpp/callback_group.hpp:24[m[K,
[1.672s]                  from [01m[K/opt/ros/humble/include/rclcpp/rclcpp/any_executable.hpp:20[m[K,
[1.672s]                  from [01m[K/opt/ros/humble/include/rclcpp/rclcpp/memory_strategy.hpp:25[m[K,
[1.672s]                  from [01m[K/opt/ros/humble/include/rclcpp/rclcpp/memory_strategies.hpp:18[m[K,
[1.672s]                  from [01m[K/opt/ros/humble/include/rclcpp/rclcpp/executor_options.hpp:20[m[K,
[1.672s]                  from [01m[K/opt/ros/humble/include/rclcpp/rclcpp/executor.hpp:37[m[K,
[1.672s]                  from [01m[K/opt/ros/humble/include/rclcpp/rclcpp/executors/multi_threaded_executor.hpp:25[m[K,
[1.672s]                  from [01m[K/opt/ros/humble/include/rclcpp/rclcpp/executors.hpp:21[m[K,
[1.672s]                  from [01m[K/opt/ros/humble/include/rclcpp/rclcpp/rclcpp.hpp:155[m[K,
[1.672s]                  from [01m[K/home/astra/Ti5_controller/src/Ti5_hardware_interface/include/Ti5_hardware_interface/hardware.hpp:30[m[K,
[1.672s]                  from [01m[K/home/astra/Ti5_controller/src/Ti5_hardware_interface/src/hardware.cpp:18[m[K:
[1.672s] [01m[K/home/astra/Ti5_controller/src/Ti5_hardware_interface/src/hardware.cpp:147:20:[m[K [01;31m[Kerror: [m[K‘[01m[Knode_[m[K’ was not declared in this scope; did you mean ‘[01m[Kmode_t[m[K’?
[1.672s]   147 |       RCLCPP_DEBUG([01;31m[Knode_[m[K->get_logger(), "Writing position command for joint %s: %f",
[1.672s]       |                    [01;31m[K^~~~~[m[K
[1.672s] [01m[K/home/astra/Ti5_controller/src/Ti5_hardware_interface/src/hardware.cpp:147:7:[m[K [01;31m[Kerror: [m[Ktemplate argument 1 is invalid
[1.672s]   147 |       [01;31m[KRCLCPP_DEBUG[m[K(node_->get_logger(), "Writing position command for joint %s: %f",
[1.672s]       |       [01;31m[K^~~~~~~~~~~~[m[K
[1.672s] [01m[K/home/astra/Ti5_controller/src/Ti5_hardware_interface/src/hardware.cpp:147:7:[m[K [01;31m[Kerror: [m[Ktemplate argument 1 is invalid
[1.672s]   147 |       [01;31m[KRCLCPP_DEBUG[m[K(node_->get_logger(), "Writing position command for joint %s: %f",
[1.672s]       |       [01;31m[K^~~~~~~~~~~~[m[K
[1.672s] [01m[K/home/astra/Ti5_controller/src/Ti5_hardware_interface/src/hardware.cpp:147:7:[m[K [01;31m[Kerror: [m[Ktemplate argument 1 is invalid
[1.673s]   147 |       [01;31m[KRCLCPP_DEBUG[m[K(node_->get_logger(), "Writing position command for joint %s: %f",
[1.673s]       |       [01;31m[K^~~~~~~~~~~~[m[K
[1.681s] In file included from [01m[K/opt/ros/humble/include/class_loader/class_loader/class_loader.hpp:56[m[K,
[1.681s]                  from [01m[K/opt/ros/humble/include/pluginlib/pluginlib/class_list_macros.hpp:40[m[K,
[1.682s]                  from [01m[K/home/astra/Ti5_controller/src/Ti5_hardware_interface/src/hardware.cpp:155[m[K:
[1.682s] [01m[K/home/astra/Ti5_controller/src/Ti5_hardware_interface/src/hardware.cpp:[m[K At global scope:
[1.682s] [01m[K/opt/ros/humble/include/pluginlib/pluginlib/class_list_macros.hpp:49:3:[m[K [01;31m[Kerror: [m[Kexpected ‘[01m[K}[m[K’ at end of input
[1.682s]    49 |   [01;31m[KCLASS_LOADER_REGISTER_CLASS[m[K(class_type, base_class_type)
[1.682s]       |   [01;31m[K^~~~~~~~~~~~~~~~~~~~~~~~~~~[m[K
[1.682s] [01m[K/home/astra/Ti5_controller/src/Ti5_hardware_interface/src/hardware.cpp:157:1:[m[K [01;36m[Knote: [m[Kin expansion of macro ‘[01m[KPLUGINLIB_EXPORT_CLASS[m[K’
[1.682s]   157 | [01;36m[KPLUGINLIB_EXPORT_CLASS[m[K(
[1.682s]       | [01;36m[K^~~~~~~~~~~~~~~~~~~~~~[m[K
[1.682s] [01m[K/home/astra/Ti5_controller/src/Ti5_hardware_interface/src/hardware.cpp:23:1:[m[K [01;36m[Knote: [m[Kto match this ‘[01m[K{[m[K’
[1.682s]    23 | [01;36m[K{[m[K
[1.682s]       | [01;36m[K^[m[K
[2.219s] gmake[2]: *** [CMakeFiles/Ti5_hardware_interface.dir/build.make:76：CMakeFiles/Ti5_hardware_interface.dir/src/hardware.cpp.o] 错误 1
[2.219s] gmake[1]: *** [CMakeFiles/Makefile2:176：CMakeFiles/Ti5_hardware_interface.dir/all] 错误 2
[2.220s] gmake: *** [Makefile:146：all] 错误 2
[2.222s] Invoked command in '/home/astra/Ti5_controller/build/Ti5_hardware_interface' returned '2': CMAKE_PREFIX_PATH=${CMAKE_PREFIX_PATH}:/opt/ros/humble /usr/bin/cmake --build /home/astra/Ti5_controller/build/Ti5_hardware_interface -- -j24 -l24
