[0.006s] Invoking command in '/home/astra/Ti5_controller/build/arms_description': CMAKE_PREFIX_PATH=${CMAKE_PREFIX_PATH}:/opt/ros/humble /usr/bin/cmake --build /home/astra/Ti5_controller/build/arms_description -- -j24 -l24
[0.041s] Invoked command in '/home/astra/Ti5_controller/build/arms_description' returned '0': CMAKE_PREFIX_PATH=${CMAKE_PREFIX_PATH}:/opt/ros/humble /usr/bin/cmake --build /home/astra/Ti5_controller/build/arms_description -- -j24 -l24
[0.083s] Invoking command in '/home/astra/Ti5_controller/build/arms_description': CMAKE_PREFIX_PATH=${CMAKE_PREFIX_PATH}:/opt/ros/humble /usr/bin/cmake --install /home/astra/Ti5_controller/build/arms_description
[0.093s] -- Install configuration: ""
[0.093s] -- Up-to-date: /home/astra/Ti5_controller/install/arms_description/share/arms_description/launch
[0.093s] -- Installing: /home/astra/Ti5_controller/install/arms_description/share/arms_description/launch/display.launch.py
[0.093s] -- Up-to-date: /home/astra/Ti5_controller/install/arms_description/share/ament_index/resource_index/package_run_dependencies/arms_description
[0.093s] -- Up-to-date: /home/astra/Ti5_controller/install/arms_description/share/ament_index/resource_index/parent_prefix_path/arms_description
[0.093s] -- Up-to-date: /home/astra/Ti5_controller/install/arms_description/share/arms_description/environment/ament_prefix_path.sh
[0.094s] -- Up-to-date: /home/astra/Ti5_controller/install/arms_description/share/arms_description/environment/ament_prefix_path.dsv
[0.094s] -- Up-to-date: /home/astra/Ti5_controller/install/arms_description/share/arms_description/environment/path.sh
[0.094s] -- Up-to-date: /home/astra/Ti5_controller/install/arms_description/share/arms_description/environment/path.dsv
[0.094s] -- Up-to-date: /home/astra/Ti5_controller/install/arms_description/share/arms_description/local_setup.bash
[0.094s] -- Up-to-date: /home/astra/Ti5_controller/install/arms_description/share/arms_description/local_setup.sh
[0.094s] -- Up-to-date: /home/astra/Ti5_controller/install/arms_description/share/arms_description/local_setup.zsh
[0.094s] -- Up-to-date: /home/astra/Ti5_controller/install/arms_description/share/arms_description/local_setup.dsv
[0.094s] -- Installing: /home/astra/Ti5_controller/install/arms_description/share/arms_description/package.dsv
[0.094s] -- Up-to-date: /home/astra/Ti5_controller/install/arms_description/share/ament_index/resource_index/packages/arms_description
[0.094s] -- Up-to-date: /home/astra/Ti5_controller/install/arms_description/share/arms_description/cmake/arms_descriptionConfig.cmake
[0.094s] -- Up-to-date: /home/astra/Ti5_controller/install/arms_description/share/arms_description/cmake/arms_descriptionConfig-version.cmake
[0.094s] -- Up-to-date: /home/astra/Ti5_controller/install/arms_description/share/arms_description/package.xml
[0.096s] Invoked command in '/home/astra/Ti5_controller/build/arms_description' returned '0': CMAKE_PREFIX_PATH=${CMAKE_PREFIX_PATH}:/opt/ros/humble /usr/bin/cmake --install /home/astra/Ti5_controller/build/arms_description
