[0.011s] Invoking command in '/home/astra/Ti5_controller/build/Ti5_hardware_interface': CMAKE_PREFIX_PATH=${CMAKE_PREFIX_PATH}:/opt/ros/humble /usr/bin/cmake --build /home/astra/Ti5_controller/build/Ti5_hardware_interface -- -j24 -l24
[0.056s] [35m[1mConsolidate compiler generated dependencies of target Ti5_hardware_interface[0m
[0.068s] [ 22%] Built target gmock_main
[0.069s] [ 55%] Built target gmock
[0.082s] [ 66%] [32mBuilding CXX object CMakeFiles/Ti5_hardware_interface.dir/src/hardware.cpp.o[0m
[0.095s] [ 88%] Built target test_hardware
[1.732s] In file included from [01m[K/opt/ros/humble/include/class_loader/class_loader/class_loader.hpp:56[m[K,
[1.732s]                  from [01m[K/opt/ros/humble/include/pluginlib/pluginlib/class_list_macros.hpp:40[m[K,
[1.732s]                  from [01m[K/home/astra/Ti5_controller/src/Ti5_hardware_interface/src/hardware.cpp:155[m[K:
[1.732s] [01m[K/opt/ros/humble/include/pluginlib/pluginlib/class_list_macros.hpp:49:3:[m[K [01;31m[Kerror: [m[Kexpected ‘[01m[K}[m[K’ at end of input
[1.732s]    49 |   [01;31m[KCLASS_LOADER_REGISTER_CLASS[m[K(class_type, base_class_type)
[1.732s]       |   [01;31m[K^~~~~~~~~~~~~~~~~~~~~~~~~~~[m[K
[1.732s] [01m[K/home/astra/Ti5_controller/src/Ti5_hardware_interface/src/hardware.cpp:157:1:[m[K [01;36m[Knote: [m[Kin expansion of macro ‘[01m[KPLUGINLIB_EXPORT_CLASS[m[K’
[1.732s]   157 | [01;36m[KPLUGINLIB_EXPORT_CLASS[m[K(
[1.733s]       | [01;36m[K^~~~~~~~~~~~~~~~~~~~~~[m[K
[1.733s] [01m[K/home/astra/Ti5_controller/src/Ti5_hardware_interface/src/hardware.cpp:23:1:[m[K [01;36m[Knote: [m[Kto match this ‘[01m[K{[m[K’
[1.733s]    23 | [01;36m[K{[m[K
[1.733s]       | [01;36m[K^[m[K
[2.287s] gmake[2]: *** [CMakeFiles/Ti5_hardware_interface.dir/build.make:76：CMakeFiles/Ti5_hardware_interface.dir/src/hardware.cpp.o] 错误 1
[2.287s] gmake[1]: *** [CMakeFiles/Makefile2:176：CMakeFiles/Ti5_hardware_interface.dir/all] 错误 2
[2.287s] gmake: *** [Makefile:146：all] 错误 2
[2.289s] Invoked command in '/home/astra/Ti5_controller/build/Ti5_hardware_interface' returned '2': CMAKE_PREFIX_PATH=${CMAKE_PREFIX_PATH}:/opt/ros/humble /usr/bin/cmake --build /home/astra/Ti5_controller/build/Ti5_hardware_interface -- -j24 -l24
